FILE: ./2517_maximum-tastiness-of-candy-basket/implementations/array-imperative/array-imperative.mlw
MODULE: MaximumTastinessOfCandyBasket_Array_Imperative_Implementation
COMMAND: why3 execute --use MaximumTastinessOfCandyBasket_Array_Imperative_Implementation ./2517_maximum-tastiness-of-candy-basket/implementations/array-imperative/array-imperative.mlw 'run_tests ()'

Warning, file "./2517_maximum-tastiness-of-candy-basket/implementations/array-imperative/array-imperative.mlw", line 49, character 4 to line 55, character 8: termination of this expression cannot be proved, but there is no `diverges' clause in the outer specification
Warning, file "./2517_maximum-tastiness-of-candy-basket/implementations/array-imperative/array-imperative.mlw", line 60, characters 12-59: termination of this expression cannot be proved, but there is no `diverges' clause in the outer specification
Warning, file "./2517_maximum-tastiness-of-candy-basket/implementations/array-imperative/array-imperative.mlw", line 65, characters 12-59: termination of this expression cannot be proved, but there is no `diverges' clause in the outer specification
Warning, file "./2517_maximum-tastiness-of-candy-basket/implementations/array-imperative/array-imperative.mlw", line 70, characters 12-59: termination of this expression cannot be proved, but there is no `diverges' clause in the outer specification
Warning, file "./2517_maximum-tastiness-of-candy-basket/implementations/array-imperative/array-imperative.mlw", line 75, characters 12-59: termination of this expression cannot be proved, but there is no `diverges' clause in the outer specification
Warning, file "./2517_maximum-tastiness-of-candy-basket/implementations/array-imperative/array-imperative.mlw", line 80, characters 12-59: termination of this expression cannot be proved, but there is no `diverges' clause in the outer specification
Warning, file "./2517_maximum-tastiness-of-candy-basket/implementations/array-imperative/array-imperative.mlw", line 85, characters 12-59: termination of this expression cannot be proved, but there is no `diverges' clause in the outer specification
Warning, file "./2517_maximum-tastiness-of-candy-basket/implementations/array-imperative/array-imperative.mlw", line 90, characters 12-59: termination of this expression cannot be proved, but there is no `diverges' clause in the outer specification
Warning, file "./2517_maximum-tastiness-of-candy-basket/implementations/array-imperative/array-imperative.mlw", line 95, characters 12-59: termination of this expression cannot be proved, but there is no `diverges' clause in the outer specification
Warning, file "./2517_maximum-tastiness-of-candy-basket/implementations/array-imperative/array-imperative.mlw", line 100, characters 12-59: termination of this expression cannot be proved, but there is no `diverges' clause in the outer specification
Warning, file "./2517_maximum-tastiness-of-candy-basket/implementations/array-imperative/array-imperative.mlw", line 105, characters 12-59: termination of this expression cannot be proved, but there is no `diverges' clause in the outer specification
Warning, file "./2517_maximum-tastiness-of-candy-basket/implementations/array-imperative/array-imperative.mlw", line 110, characters 12-59: termination of this expression cannot be proved, but there is no `diverges' clause in the outer specification
Warning, file "./2517_maximum-tastiness-of-candy-basket/implementations/array-imperative/array-imperative.mlw", line 115, characters 12-59: termination of this expression cannot be proved, but there is no `diverges' clause in the outer specification
Warning, file "./2517_maximum-tastiness-of-candy-basket/implementations/array-imperative/array-imperative.mlw", line 120, characters 12-59: termination of this expression cannot be proved, but there is no `diverges' clause in the outer specification
Warning, file "./2517_maximum-tastiness-of-candy-basket/implementations/array-imperative/array-imperative.mlw", line 125, characters 12-59: termination of this expression cannot be proved, but there is no `diverges' clause in the outer specification
Warning, file "./2517_maximum-tastiness-of-candy-basket/implementations/array-imperative/array-imperative.mlw", line 130, characters 12-59: termination of this expression cannot be proved, but there is no `diverges' clause in the outer specification
Warning, file "./2517_maximum-tastiness-of-candy-basket/implementations/array-imperative/array-imperative.mlw", line 135, characters 12-59: termination of this expression cannot be proved, but there is no `diverges' clause in the outer specification
Warning, file "./2517_maximum-tastiness-of-candy-basket/implementations/array-imperative/array-imperative.mlw", line 140, characters 12-59: termination of this expression cannot be proved, but there is no `diverges' clause in the outer specification
Warning, file "./2517_maximum-tastiness-of-candy-basket/implementations/array-imperative/array-imperative.mlw", line 145, characters 12-59: termination of this expression cannot be proved, but there is no `diverges' clause in the outer specification
Warning, file "./2517_maximum-tastiness-of-candy-basket/implementations/array-imperative/array-imperative.mlw", line 150, characters 12-60: termination of this expression cannot be proved, but there is no `diverges' clause in the outer specification
Warning, file "./2517_maximum-tastiness-of-candy-basket/implementations/array-imperative/array-imperative.mlw", line 155, characters 12-59: termination of this expression cannot be proved, but there is no `diverges' clause in the outer specification
Warning, file "./2517_maximum-tastiness-of-candy-basket/implementations/array-imperative/array-imperative.mlw", line 178, characters 7-18: termination of this expression cannot be proved, but there is no `diverges' clause in the outer specification
Warning, file "./2517_maximum-tastiness-of-candy-basket/implementations/array-imperative/array-imperative.mlw", line 177, characters 7-18: termination of this expression cannot be proved, but there is no `diverges' clause in the outer specification
Warning, file "./2517_maximum-tastiness-of-candy-basket/implementations/array-imperative/array-imperative.mlw", line 176, characters 7-18: termination of this expression cannot be proved, but there is no `diverges' clause in the outer specification
Warning, file "./2517_maximum-tastiness-of-candy-basket/implementations/array-imperative/array-imperative.mlw", line 175, characters 7-18: termination of this expression cannot be proved, but there is no `diverges' clause in the outer specification
Warning, file "./2517_maximum-tastiness-of-candy-basket/implementations/array-imperative/array-imperative.mlw", line 174, characters 7-18: termination of this expression cannot be proved, but there is no `diverges' clause in the outer specification
Warning, file "./2517_maximum-tastiness-of-candy-basket/implementations/array-imperative/array-imperative.mlw", line 173, characters 7-18: termination of this expression cannot be proved, but there is no `diverges' clause in the outer specification
Warning, file "./2517_maximum-tastiness-of-candy-basket/implementations/array-imperative/array-imperative.mlw", line 172, characters 7-18: termination of this expression cannot be proved, but there is no `diverges' clause in the outer specification
Warning, file "./2517_maximum-tastiness-of-candy-basket/implementations/array-imperative/array-imperative.mlw", line 171, characters 7-18: termination of this expression cannot be proved, but there is no `diverges' clause in the outer specification
Warning, file "./2517_maximum-tastiness-of-candy-basket/implementations/array-imperative/array-imperative.mlw", line 170, characters 7-18: termination of this expression cannot be proved, but there is no `diverges' clause in the outer specification
Warning, file "./2517_maximum-tastiness-of-candy-basket/implementations/array-imperative/array-imperative.mlw", line 169, characters 7-18: termination of this expression cannot be proved, but there is no `diverges' clause in the outer specification
Warning, file "./2517_maximum-tastiness-of-candy-basket/implementations/array-imperative/array-imperative.mlw", line 168, characters 7-18: termination of this expression cannot be proved, but there is no `diverges' clause in the outer specification
Warning, file "./2517_maximum-tastiness-of-candy-basket/implementations/array-imperative/array-imperative.mlw", line 167, characters 7-18: termination of this expression cannot be proved, but there is no `diverges' clause in the outer specification
Warning, file "./2517_maximum-tastiness-of-candy-basket/implementations/array-imperative/array-imperative.mlw", line 166, characters 7-18: termination of this expression cannot be proved, but there is no `diverges' clause in the outer specification
Warning, file "./2517_maximum-tastiness-of-candy-basket/implementations/array-imperative/array-imperative.mlw", line 165, characters 7-18: termination of this expression cannot be proved, but there is no `diverges' clause in the outer specification
Warning, file "./2517_maximum-tastiness-of-candy-basket/implementations/array-imperative/array-imperative.mlw", line 164, characters 7-18: termination of this expression cannot be proved, but there is no `diverges' clause in the outer specification
Warning, file "./2517_maximum-tastiness-of-candy-basket/implementations/array-imperative/array-imperative.mlw", line 163, characters 7-18: termination of this expression cannot be proved, but there is no `diverges' clause in the outer specification
Warning, file "./2517_maximum-tastiness-of-candy-basket/implementations/array-imperative/array-imperative.mlw", line 162, characters 7-18: termination of this expression cannot be proved, but there is no `diverges' clause in the outer specification
Warning, file "./2517_maximum-tastiness-of-candy-basket/implementations/array-imperative/array-imperative.mlw", line 161, characters 7-18: termination of this expression cannot be proved, but there is no `diverges' clause in the outer specification
Warning, file "./2517_maximum-tastiness-of-candy-basket/implementations/array-imperative/array-imperative.mlw", line 160, characters 7-18: termination of this expression cannot be proved, but there is no `diverges' clause in the outer specification
Warning, file "./2517_maximum-tastiness-of-candy-basket/implementations/array-imperative/array-imperative.mlw", line 159, characters 7-18: termination of this expression cannot be proved, but there is no `diverges' clause in the outer specification
result: bool = true
globals: <none>

EXECUTE_EXIT_CODE: 0
