FILE: ./2903_find-indices-with-index-and-value-difference-i/implementations/list-imperative/list-imperative.mlw
MODULE: FindIndicesWithIndexAndValueDifferenceI_List_Imperative_Implementation
COMMAND: why3 execute --use FindIndicesWithIndexAndValueDifferenceI_List_Imperative_Implementation ./2903_find-indices-with-index-and-value-difference-i/implementations/list-imperative/list-imperative.mlw 'run_tests ()'

Warning, file "./2903_find-indices-with-index-and-value-difference-i/implementations/list-imperative/list-imperative.mlw", line 54, character 8 to line 88, character 12: termination of this expression cannot be proved, but there is no `diverges' clause in the outer specification
Warning, file "./2903_find-indices-with-index-and-value-difference-i/implementations/list-imperative/list-imperative.mlw", line 36, character 8 to line 45, character 12: termination of this expression cannot be proved, but there is no `diverges' clause in the outer specification
Warning, file "./2903_find-indices-with-index-and-value-difference-i/implementations/list-imperative/list-imperative.mlw", line 95, characters 17-77: termination of this expression cannot be proved, but there is no `diverges' clause in the outer specification
Warning, file "./2903_find-indices-with-index-and-value-difference-i/implementations/list-imperative/list-imperative.mlw", line 101, characters 17-77: termination of this expression cannot be proved, but there is no `diverges' clause in the outer specification
Warning, file "./2903_find-indices-with-index-and-value-difference-i/implementations/list-imperative/list-imperative.mlw", line 107, characters 17-78: termination of this expression cannot be proved, but there is no `diverges' clause in the outer specification
Warning, file "./2903_find-indices-with-index-and-value-difference-i/implementations/list-imperative/list-imperative.mlw", line 113, characters 17-77: termination of this expression cannot be proved, but there is no `diverges' clause in the outer specification
Warning, file "./2903_find-indices-with-index-and-value-difference-i/implementations/list-imperative/list-imperative.mlw", line 119, characters 17-77: termination of this expression cannot be proved, but there is no `diverges' clause in the outer specification
Warning, file "./2903_find-indices-with-index-and-value-difference-i/implementations/list-imperative/list-imperative.mlw", line 125, characters 17-78: termination of this expression cannot be proved, but there is no `diverges' clause in the outer specification
Warning, file "./2903_find-indices-with-index-and-value-difference-i/implementations/list-imperative/list-imperative.mlw", line 131, characters 17-77: termination of this expression cannot be proved, but there is no `diverges' clause in the outer specification
Warning, file "./2903_find-indices-with-index-and-value-difference-i/implementations/list-imperative/list-imperative.mlw", line 137, characters 17-77: termination of this expression cannot be proved, but there is no `diverges' clause in the outer specification
Warning, file "./2903_find-indices-with-index-and-value-difference-i/implementations/list-imperative/list-imperative.mlw", line 143, characters 17-77: termination of this expression cannot be proved, but there is no `diverges' clause in the outer specification
Warning, file "./2903_find-indices-with-index-and-value-difference-i/implementations/list-imperative/list-imperative.mlw", line 149, characters 17-77: termination of this expression cannot be proved, but there is no `diverges' clause in the outer specification
Warning, file "./2903_find-indices-with-index-and-value-difference-i/implementations/list-imperative/list-imperative.mlw", line 155, characters 17-78: termination of this expression cannot be proved, but there is no `diverges' clause in the outer specification
Warning, file "./2903_find-indices-with-index-and-value-difference-i/implementations/list-imperative/list-imperative.mlw", line 161, characters 17-77: termination of this expression cannot be proved, but there is no `diverges' clause in the outer specification
Warning, file "./2903_find-indices-with-index-and-value-difference-i/implementations/list-imperative/list-imperative.mlw", line 167, characters 17-77: termination of this expression cannot be proved, but there is no `diverges' clause in the outer specification
Warning, file "./2903_find-indices-with-index-and-value-difference-i/implementations/list-imperative/list-imperative.mlw", line 173, characters 17-77: termination of this expression cannot be proved, but there is no `diverges' clause in the outer specification
Warning, file "./2903_find-indices-with-index-and-value-difference-i/implementations/list-imperative/list-imperative.mlw", line 179, characters 17-78: termination of this expression cannot be proved, but there is no `diverges' clause in the outer specification
Warning, file "./2903_find-indices-with-index-and-value-difference-i/implementations/list-imperative/list-imperative.mlw", line 185, characters 17-77: termination of this expression cannot be proved, but there is no `diverges' clause in the outer specification
Warning, file "./2903_find-indices-with-index-and-value-difference-i/implementations/list-imperative/list-imperative.mlw", line 191, characters 17-77: termination of this expression cannot be proved, but there is no `diverges' clause in the outer specification
Warning, file "./2903_find-indices-with-index-and-value-difference-i/implementations/list-imperative/list-imperative.mlw", line 197, characters 17-77: termination of this expression cannot be proved, but there is no `diverges' clause in the outer specification
Warning, file "./2903_find-indices-with-index-and-value-difference-i/implementations/list-imperative/list-imperative.mlw", line 203, characters 17-78: termination of this expression cannot be proved, but there is no `diverges' clause in the outer specification
Warning, file "./2903_find-indices-with-index-and-value-difference-i/implementations/list-imperative/list-imperative.mlw", line 209, characters 17-78: termination of this expression cannot be proved, but there is no `diverges' clause in the outer specification
Warning, file "./2903_find-indices-with-index-and-value-difference-i/implementations/list-imperative/list-imperative.mlw", line 232, characters 7-18: termination of this expression cannot be proved, but there is no `diverges' clause in the outer specification
Warning, file "./2903_find-indices-with-index-and-value-difference-i/implementations/list-imperative/list-imperative.mlw", line 231, characters 7-18: termination of this expression cannot be proved, but there is no `diverges' clause in the outer specification
Warning, file "./2903_find-indices-with-index-and-value-difference-i/implementations/list-imperative/list-imperative.mlw", line 230, characters 7-18: termination of this expression cannot be proved, but there is no `diverges' clause in the outer specification
Warning, file "./2903_find-indices-with-index-and-value-difference-i/implementations/list-imperative/list-imperative.mlw", line 229, characters 7-18: termination of this expression cannot be proved, but there is no `diverges' clause in the outer specification
Warning, file "./2903_find-indices-with-index-and-value-difference-i/implementations/list-imperative/list-imperative.mlw", line 228, characters 7-18: termination of this expression cannot be proved, but there is no `diverges' clause in the outer specification
Warning, file "./2903_find-indices-with-index-and-value-difference-i/implementations/list-imperative/list-imperative.mlw", line 227, characters 7-18: termination of this expression cannot be proved, but there is no `diverges' clause in the outer specification
Warning, file "./2903_find-indices-with-index-and-value-difference-i/implementations/list-imperative/list-imperative.mlw", line 226, characters 7-18: termination of this expression cannot be proved, but there is no `diverges' clause in the outer specification
Warning, file "./2903_find-indices-with-index-and-value-difference-i/implementations/list-imperative/list-imperative.mlw", line 225, characters 7-18: termination of this expression cannot be proved, but there is no `diverges' clause in the outer specification
Warning, file "./2903_find-indices-with-index-and-value-difference-i/implementations/list-imperative/list-imperative.mlw", line 224, characters 7-18: termination of this expression cannot be proved, but there is no `diverges' clause in the outer specification
Warning, file "./2903_find-indices-with-index-and-value-difference-i/implementations/list-imperative/list-imperative.mlw", line 223, characters 7-18: termination of this expression cannot be proved, but there is no `diverges' clause in the outer specification
Warning, file "./2903_find-indices-with-index-and-value-difference-i/implementations/list-imperative/list-imperative.mlw", line 222, characters 7-18: termination of this expression cannot be proved, but there is no `diverges' clause in the outer specification
Warning, file "./2903_find-indices-with-index-and-value-difference-i/implementations/list-imperative/list-imperative.mlw", line 221, characters 7-18: termination of this expression cannot be proved, but there is no `diverges' clause in the outer specification
Warning, file "./2903_find-indices-with-index-and-value-difference-i/implementations/list-imperative/list-imperative.mlw", line 220, characters 7-18: termination of this expression cannot be proved, but there is no `diverges' clause in the outer specification
Warning, file "./2903_find-indices-with-index-and-value-difference-i/implementations/list-imperative/list-imperative.mlw", line 219, characters 7-18: termination of this expression cannot be proved, but there is no `diverges' clause in the outer specification
Warning, file "./2903_find-indices-with-index-and-value-difference-i/implementations/list-imperative/list-imperative.mlw", line 218, characters 7-18: termination of this expression cannot be proved, but there is no `diverges' clause in the outer specification
Warning, file "./2903_find-indices-with-index-and-value-difference-i/implementations/list-imperative/list-imperative.mlw", line 217, characters 7-18: termination of this expression cannot be proved, but there is no `diverges' clause in the outer specification
Warning, file "./2903_find-indices-with-index-and-value-difference-i/implementations/list-imperative/list-imperative.mlw", line 216, characters 7-18: termination of this expression cannot be proved, but there is no `diverges' clause in the outer specification
Warning, file "./2903_find-indices-with-index-and-value-difference-i/implementations/list-imperative/list-imperative.mlw", line 215, characters 7-18: termination of this expression cannot be proved, but there is no `diverges' clause in the outer specification
Warning, file "./2903_find-indices-with-index-and-value-difference-i/implementations/list-imperative/list-imperative.mlw", line 214, characters 7-18: termination of this expression cannot be proved, but there is no `diverges' clause in the outer specification
Warning, file "./2903_find-indices-with-index-and-value-difference-i/implementations/list-imperative/list-imperative.mlw", line 213, characters 7-18: termination of this expression cannot be proved, but there is no `diverges' clause in the outer specification
result: bool = true
globals: <none>

EXECUTE_EXIT_CODE: 0
