FILE: ./3086_minimum-moves-to-pick-k-ones/implementations/list-imperative/list-imperative.mlw
MODULE: MinimumMovesToPickKOnes_List_Imperative_Implementation
COMMAND: why3 execute --use MinimumMovesToPickKOnes_List_Imperative_Implementation ./3086_minimum-moves-to-pick-k-ones/implementations/list-imperative/list-imperative.mlw 'run_tests ()'

Warning, file "./3086_minimum-moves-to-pick-k-ones/implementations/list-imperative/list-imperative.mlw", line 52, character 6 to line 65, character 10: termination of this expression cannot be proved, but there is no `diverges' clause in the outer specification
Warning, file "./3086_minimum-moves-to-pick-k-ones/implementations/list-imperative/list-imperative.mlw", line 41, character 6 to line 48, character 10: termination of this expression cannot be proved, but there is no `diverges' clause in the outer specification
Warning, file "./3086_minimum-moves-to-pick-k-ones/implementations/list-imperative/list-imperative.mlw", line 38, character 4 to line 67, character 8: termination of this expression cannot be proved, but there is no `diverges' clause in the outer specification
Warning, file "./3086_minimum-moves-to-pick-k-ones/implementations/list-imperative/list-imperative.mlw", line 24, character 4 to line 32, character 8: termination of this expression cannot be proved, but there is no `diverges' clause in the outer specification
Warning, file "./3086_minimum-moves-to-pick-k-ones/implementations/list-imperative/list-imperative.mlw", line 72, characters 12-54: termination of this expression cannot be proved, but there is no `diverges' clause in the outer specification
Warning, file "./3086_minimum-moves-to-pick-k-ones/implementations/list-imperative/list-imperative.mlw", line 77, characters 12-54: termination of this expression cannot be proved, but there is no `diverges' clause in the outer specification
Warning, file "./3086_minimum-moves-to-pick-k-ones/implementations/list-imperative/list-imperative.mlw", line 82, characters 12-54: termination of this expression cannot be proved, but there is no `diverges' clause in the outer specification
Warning, file "./3086_minimum-moves-to-pick-k-ones/implementations/list-imperative/list-imperative.mlw", line 87, characters 12-54: termination of this expression cannot be proved, but there is no `diverges' clause in the outer specification
Warning, file "./3086_minimum-moves-to-pick-k-ones/implementations/list-imperative/list-imperative.mlw", line 92, characters 12-54: termination of this expression cannot be proved, but there is no `diverges' clause in the outer specification
Warning, file "./3086_minimum-moves-to-pick-k-ones/implementations/list-imperative/list-imperative.mlw", line 97, characters 12-54: termination of this expression cannot be proved, but there is no `diverges' clause in the outer specification
Warning, file "./3086_minimum-moves-to-pick-k-ones/implementations/list-imperative/list-imperative.mlw", line 102, characters 12-54: termination of this expression cannot be proved, but there is no `diverges' clause in the outer specification
Warning, file "./3086_minimum-moves-to-pick-k-ones/implementations/list-imperative/list-imperative.mlw", line 107, characters 12-54: termination of this expression cannot be proved, but there is no `diverges' clause in the outer specification
Warning, file "./3086_minimum-moves-to-pick-k-ones/implementations/list-imperative/list-imperative.mlw", line 112, characters 12-54: termination of this expression cannot be proved, but there is no `diverges' clause in the outer specification
Warning, file "./3086_minimum-moves-to-pick-k-ones/implementations/list-imperative/list-imperative.mlw", line 117, characters 12-54: termination of this expression cannot be proved, but there is no `diverges' clause in the outer specification
Warning, file "./3086_minimum-moves-to-pick-k-ones/implementations/list-imperative/list-imperative.mlw", line 122, characters 12-54: termination of this expression cannot be proved, but there is no `diverges' clause in the outer specification
Warning, file "./3086_minimum-moves-to-pick-k-ones/implementations/list-imperative/list-imperative.mlw", line 127, characters 12-54: termination of this expression cannot be proved, but there is no `diverges' clause in the outer specification
Warning, file "./3086_minimum-moves-to-pick-k-ones/implementations/list-imperative/list-imperative.mlw", line 132, characters 12-54: termination of this expression cannot be proved, but there is no `diverges' clause in the outer specification
Warning, file "./3086_minimum-moves-to-pick-k-ones/implementations/list-imperative/list-imperative.mlw", line 137, characters 12-54: termination of this expression cannot be proved, but there is no `diverges' clause in the outer specification
Warning, file "./3086_minimum-moves-to-pick-k-ones/implementations/list-imperative/list-imperative.mlw", line 142, characters 12-54: termination of this expression cannot be proved, but there is no `diverges' clause in the outer specification
Warning, file "./3086_minimum-moves-to-pick-k-ones/implementations/list-imperative/list-imperative.mlw", line 147, characters 12-54: termination of this expression cannot be proved, but there is no `diverges' clause in the outer specification
Warning, file "./3086_minimum-moves-to-pick-k-ones/implementations/list-imperative/list-imperative.mlw", line 152, characters 12-54: termination of this expression cannot be proved, but there is no `diverges' clause in the outer specification
Warning, file "./3086_minimum-moves-to-pick-k-ones/implementations/list-imperative/list-imperative.mlw", line 157, characters 12-54: termination of this expression cannot be proved, but there is no `diverges' clause in the outer specification
Warning, file "./3086_minimum-moves-to-pick-k-ones/implementations/list-imperative/list-imperative.mlw", line 162, characters 12-54: termination of this expression cannot be proved, but there is no `diverges' clause in the outer specification
Warning, file "./3086_minimum-moves-to-pick-k-ones/implementations/list-imperative/list-imperative.mlw", line 167, characters 12-54: termination of this expression cannot be proved, but there is no `diverges' clause in the outer specification
Warning, file "./3086_minimum-moves-to-pick-k-ones/implementations/list-imperative/list-imperative.mlw", line 190, characters 7-18: termination of this expression cannot be proved, but there is no `diverges' clause in the outer specification
Warning, file "./3086_minimum-moves-to-pick-k-ones/implementations/list-imperative/list-imperative.mlw", line 189, characters 7-18: termination of this expression cannot be proved, but there is no `diverges' clause in the outer specification
Warning, file "./3086_minimum-moves-to-pick-k-ones/implementations/list-imperative/list-imperative.mlw", line 188, characters 7-18: termination of this expression cannot be proved, but there is no `diverges' clause in the outer specification
Warning, file "./3086_minimum-moves-to-pick-k-ones/implementations/list-imperative/list-imperative.mlw", line 187, characters 7-18: termination of this expression cannot be proved, but there is no `diverges' clause in the outer specification
Warning, file "./3086_minimum-moves-to-pick-k-ones/implementations/list-imperative/list-imperative.mlw", line 186, characters 7-18: termination of this expression cannot be proved, but there is no `diverges' clause in the outer specification
Warning, file "./3086_minimum-moves-to-pick-k-ones/implementations/list-imperative/list-imperative.mlw", line 185, characters 7-18: termination of this expression cannot be proved, but there is no `diverges' clause in the outer specification
Warning, file "./3086_minimum-moves-to-pick-k-ones/implementations/list-imperative/list-imperative.mlw", line 184, characters 7-18: termination of this expression cannot be proved, but there is no `diverges' clause in the outer specification
Warning, file "./3086_minimum-moves-to-pick-k-ones/implementations/list-imperative/list-imperative.mlw", line 183, characters 7-18: termination of this expression cannot be proved, but there is no `diverges' clause in the outer specification
Warning, file "./3086_minimum-moves-to-pick-k-ones/implementations/list-imperative/list-imperative.mlw", line 182, characters 7-18: termination of this expression cannot be proved, but there is no `diverges' clause in the outer specification
Warning, file "./3086_minimum-moves-to-pick-k-ones/implementations/list-imperative/list-imperative.mlw", line 181, characters 7-18: termination of this expression cannot be proved, but there is no `diverges' clause in the outer specification
Warning, file "./3086_minimum-moves-to-pick-k-ones/implementations/list-imperative/list-imperative.mlw", line 180, characters 7-18: termination of this expression cannot be proved, but there is no `diverges' clause in the outer specification
Warning, file "./3086_minimum-moves-to-pick-k-ones/implementations/list-imperative/list-imperative.mlw", line 179, characters 7-18: termination of this expression cannot be proved, but there is no `diverges' clause in the outer specification
Warning, file "./3086_minimum-moves-to-pick-k-ones/implementations/list-imperative/list-imperative.mlw", line 178, characters 7-18: termination of this expression cannot be proved, but there is no `diverges' clause in the outer specification
Warning, file "./3086_minimum-moves-to-pick-k-ones/implementations/list-imperative/list-imperative.mlw", line 177, characters 7-18: termination of this expression cannot be proved, but there is no `diverges' clause in the outer specification
Warning, file "./3086_minimum-moves-to-pick-k-ones/implementations/list-imperative/list-imperative.mlw", line 176, characters 7-18: termination of this expression cannot be proved, but there is no `diverges' clause in the outer specification
Warning, file "./3086_minimum-moves-to-pick-k-ones/implementations/list-imperative/list-imperative.mlw", line 175, characters 7-18: termination of this expression cannot be proved, but there is no `diverges' clause in the outer specification
Warning, file "./3086_minimum-moves-to-pick-k-ones/implementations/list-imperative/list-imperative.mlw", line 174, characters 7-18: termination of this expression cannot be proved, but there is no `diverges' clause in the outer specification
Warning, file "./3086_minimum-moves-to-pick-k-ones/implementations/list-imperative/list-imperative.mlw", line 173, characters 7-18: termination of this expression cannot be proved, but there is no `diverges' clause in the outer specification
Warning, file "./3086_minimum-moves-to-pick-k-ones/implementations/list-imperative/list-imperative.mlw", line 172, characters 7-18: termination of this expression cannot be proved, but there is no `diverges' clause in the outer specification
Warning, file "./3086_minimum-moves-to-pick-k-ones/implementations/list-imperative/list-imperative.mlw", line 171, characters 7-18: termination of this expression cannot be proved, but there is no `diverges' clause in the outer specification
result: bool = true
globals: <none>

EXECUTE_EXIT_CODE: 0
