FILE: ./2098_subsequence-of-size-k-with-the-largest-even-sum/implementations/list-imperative/list-imperative.mlw
MODULE: SubsequenceOfSizeKWithTheLargestEvenSum_List_Imperative
COMMAND: why3 execute --use SubsequenceOfSizeKWithTheLargestEvenSum_List_Imperative ./2098_subsequence-of-size-k-with-the-largest-even-sum/implementations/list-imperative/list-imperative.mlw 'run_tests ()'

Warning, file "./2098_subsequence-of-size-k-with-the-largest-even-sum/implementations/list-imperative/list-imperative.mlw", line 15, characters 44-71: termination of this expression cannot be proved, but there is no `diverges' clause in the outer specification
Warning, file "./2098_subsequence-of-size-k-with-the-largest-even-sum/implementations/list-imperative/list-imperative.mlw", line 83, character 6 to line 98, character 10: termination of this expression cannot be proved, but there is no `diverges' clause in the outer specification
Warning, file "./2098_subsequence-of-size-k-with-the-largest-even-sum/implementations/list-imperative/list-imperative.mlw", line 54, characters 24-56: termination of this expression cannot be proved, but there is no `diverges' clause in the outer specification
Warning, file "./2098_subsequence-of-size-k-with-the-largest-even-sum/implementations/list-imperative/list-imperative.mlw", line 62, characters 30-57: termination of this expression cannot be proved, but there is no `diverges' clause in the outer specification
Warning, file "./2098_subsequence-of-size-k-with-the-largest-even-sum/implementations/list-imperative/list-imperative.mlw", line 49, character 4 to line 74, character 8: termination of this expression cannot be proved, but there is no `diverges' clause in the outer specification
Warning, file "./2098_subsequence-of-size-k-with-the-largest-even-sum/implementations/list-imperative/list-imperative.mlw", line 110, characters 12-71: termination of this expression cannot be proved, but there is no `diverges' clause in the outer specification
Warning, file "./2098_subsequence-of-size-k-with-the-largest-even-sum/implementations/list-imperative/list-imperative.mlw", line 115, characters 12-71: termination of this expression cannot be proved, but there is no `diverges' clause in the outer specification
Warning, file "./2098_subsequence-of-size-k-with-the-largest-even-sum/implementations/list-imperative/list-imperative.mlw", line 120, characters 12-71: termination of this expression cannot be proved, but there is no `diverges' clause in the outer specification
Warning, file "./2098_subsequence-of-size-k-with-the-largest-even-sum/implementations/list-imperative/list-imperative.mlw", line 127, characters 12-71: termination of this expression cannot be proved, but there is no `diverges' clause in the outer specification
Warning, file "./2098_subsequence-of-size-k-with-the-largest-even-sum/implementations/list-imperative/list-imperative.mlw", line 132, characters 12-71: termination of this expression cannot be proved, but there is no `diverges' clause in the outer specification
Warning, file "./2098_subsequence-of-size-k-with-the-largest-even-sum/implementations/list-imperative/list-imperative.mlw", line 139, characters 12-71: termination of this expression cannot be proved, but there is no `diverges' clause in the outer specification
Warning, file "./2098_subsequence-of-size-k-with-the-largest-even-sum/implementations/list-imperative/list-imperative.mlw", line 144, characters 12-71: termination of this expression cannot be proved, but there is no `diverges' clause in the outer specification
Warning, file "./2098_subsequence-of-size-k-with-the-largest-even-sum/implementations/list-imperative/list-imperative.mlw", line 149, characters 12-71: termination of this expression cannot be proved, but there is no `diverges' clause in the outer specification
Warning, file "./2098_subsequence-of-size-k-with-the-largest-even-sum/implementations/list-imperative/list-imperative.mlw", line 156, characters 12-71: termination of this expression cannot be proved, but there is no `diverges' clause in the outer specification
Warning, file "./2098_subsequence-of-size-k-with-the-largest-even-sum/implementations/list-imperative/list-imperative.mlw", line 161, characters 12-71: termination of this expression cannot be proved, but there is no `diverges' clause in the outer specification
Warning, file "./2098_subsequence-of-size-k-with-the-largest-even-sum/implementations/list-imperative/list-imperative.mlw", line 168, characters 12-71: termination of this expression cannot be proved, but there is no `diverges' clause in the outer specification
Warning, file "./2098_subsequence-of-size-k-with-the-largest-even-sum/implementations/list-imperative/list-imperative.mlw", line 173, characters 12-71: termination of this expression cannot be proved, but there is no `diverges' clause in the outer specification
Warning, file "./2098_subsequence-of-size-k-with-the-largest-even-sum/implementations/list-imperative/list-imperative.mlw", line 178, characters 12-71: termination of this expression cannot be proved, but there is no `diverges' clause in the outer specification
Warning, file "./2098_subsequence-of-size-k-with-the-largest-even-sum/implementations/list-imperative/list-imperative.mlw", line 185, characters 12-71: termination of this expression cannot be proved, but there is no `diverges' clause in the outer specification
Warning, file "./2098_subsequence-of-size-k-with-the-largest-even-sum/implementations/list-imperative/list-imperative.mlw", line 190, characters 12-71: termination of this expression cannot be proved, but there is no `diverges' clause in the outer specification
Warning, file "./2098_subsequence-of-size-k-with-the-largest-even-sum/implementations/list-imperative/list-imperative.mlw", line 195, characters 12-71: termination of this expression cannot be proved, but there is no `diverges' clause in the outer specification
Warning, file "./2098_subsequence-of-size-k-with-the-largest-even-sum/implementations/list-imperative/list-imperative.mlw", line 202, characters 12-71: termination of this expression cannot be proved, but there is no `diverges' clause in the outer specification
Warning, file "./2098_subsequence-of-size-k-with-the-largest-even-sum/implementations/list-imperative/list-imperative.mlw", line 211, characters 12-72: termination of this expression cannot be proved, but there is no `diverges' clause in the outer specification
Warning, file "./2098_subsequence-of-size-k-with-the-largest-even-sum/implementations/list-imperative/list-imperative.mlw", line 218, characters 12-71: termination of this expression cannot be proved, but there is no `diverges' clause in the outer specification
Warning, file "./2098_subsequence-of-size-k-with-the-largest-even-sum/implementations/list-imperative/list-imperative.mlw", line 225, characters 12-71: termination of this expression cannot be proved, but there is no `diverges' clause in the outer specification
Warning, file "./2098_subsequence-of-size-k-with-the-largest-even-sum/implementations/list-imperative/list-imperative.mlw", line 248, characters 7-18: termination of this expression cannot be proved, but there is no `diverges' clause in the outer specification
Warning, file "./2098_subsequence-of-size-k-with-the-largest-even-sum/implementations/list-imperative/list-imperative.mlw", line 247, characters 7-18: termination of this expression cannot be proved, but there is no `diverges' clause in the outer specification
Warning, file "./2098_subsequence-of-size-k-with-the-largest-even-sum/implementations/list-imperative/list-imperative.mlw", line 246, characters 7-18: termination of this expression cannot be proved, but there is no `diverges' clause in the outer specification
Warning, file "./2098_subsequence-of-size-k-with-the-largest-even-sum/implementations/list-imperative/list-imperative.mlw", line 245, characters 7-18: termination of this expression cannot be proved, but there is no `diverges' clause in the outer specification
Warning, file "./2098_subsequence-of-size-k-with-the-largest-even-sum/implementations/list-imperative/list-imperative.mlw", line 244, characters 7-18: termination of this expression cannot be proved, but there is no `diverges' clause in the outer specification
Warning, file "./2098_subsequence-of-size-k-with-the-largest-even-sum/implementations/list-imperative/list-imperative.mlw", line 243, characters 7-18: termination of this expression cannot be proved, but there is no `diverges' clause in the outer specification
Warning, file "./2098_subsequence-of-size-k-with-the-largest-even-sum/implementations/list-imperative/list-imperative.mlw", line 242, characters 7-18: termination of this expression cannot be proved, but there is no `diverges' clause in the outer specification
Warning, file "./2098_subsequence-of-size-k-with-the-largest-even-sum/implementations/list-imperative/list-imperative.mlw", line 241, characters 7-18: termination of this expression cannot be proved, but there is no `diverges' clause in the outer specification
Warning, file "./2098_subsequence-of-size-k-with-the-largest-even-sum/implementations/list-imperative/list-imperative.mlw", line 240, characters 7-18: termination of this expression cannot be proved, but there is no `diverges' clause in the outer specification
Warning, file "./2098_subsequence-of-size-k-with-the-largest-even-sum/implementations/list-imperative/list-imperative.mlw", line 239, characters 7-18: termination of this expression cannot be proved, but there is no `diverges' clause in the outer specification
Warning, file "./2098_subsequence-of-size-k-with-the-largest-even-sum/implementations/list-imperative/list-imperative.mlw", line 238, characters 7-18: termination of this expression cannot be proved, but there is no `diverges' clause in the outer specification
Warning, file "./2098_subsequence-of-size-k-with-the-largest-even-sum/implementations/list-imperative/list-imperative.mlw", line 237, characters 7-18: termination of this expression cannot be proved, but there is no `diverges' clause in the outer specification
Warning, file "./2098_subsequence-of-size-k-with-the-largest-even-sum/implementations/list-imperative/list-imperative.mlw", line 236, characters 7-18: termination of this expression cannot be proved, but there is no `diverges' clause in the outer specification
Warning, file "./2098_subsequence-of-size-k-with-the-largest-even-sum/implementations/list-imperative/list-imperative.mlw", line 235, characters 7-18: termination of this expression cannot be proved, but there is no `diverges' clause in the outer specification
Warning, file "./2098_subsequence-of-size-k-with-the-largest-even-sum/implementations/list-imperative/list-imperative.mlw", line 234, characters 7-18: termination of this expression cannot be proved, but there is no `diverges' clause in the outer specification
Warning, file "./2098_subsequence-of-size-k-with-the-largest-even-sum/implementations/list-imperative/list-imperative.mlw", line 233, characters 7-18: termination of this expression cannot be proved, but there is no `diverges' clause in the outer specification
Warning, file "./2098_subsequence-of-size-k-with-the-largest-even-sum/implementations/list-imperative/list-imperative.mlw", line 232, characters 7-18: termination of this expression cannot be proved, but there is no `diverges' clause in the outer specification
Warning, file "./2098_subsequence-of-size-k-with-the-largest-even-sum/implementations/list-imperative/list-imperative.mlw", line 231, characters 7-18: termination of this expression cannot be proved, but there is no `diverges' clause in the outer specification
Warning, file "./2098_subsequence-of-size-k-with-the-largest-even-sum/implementations/list-imperative/list-imperative.mlw", line 230, characters 7-18: termination of this expression cannot be proved, but there is no `diverges' clause in the outer specification
Warning, file "./2098_subsequence-of-size-k-with-the-largest-even-sum/implementations/list-imperative/list-imperative.mlw", line 229, characters 7-18: termination of this expression cannot be proved, but there is no `diverges' clause in the outer specification
result: bool = true
globals: <none>

EXECUTE_EXIT_CODE: 0
