FILE: ./368_largest-divisible-subset/implementations/array-imperative/array-imperative.mlw
MODULE: LargestDivisibleSubset_Array_Imperative
COMMAND: why3 execute --use LargestDivisibleSubset_Array_Imperative ./368_largest-divisible-subset/implementations/array-imperative/array-imperative.mlw 'run_tests ()'

Warning, file "./368_largest-divisible-subset/implementations/array-imperative/array-imperative.mlw", line 69, character 6 to line 73, character 10: termination of this expression cannot be proved, but there is no `diverges' clause in the outer specification
Warning, file "./368_largest-divisible-subset/implementations/array-imperative/array-imperative.mlw", line 79, characters 12-47: termination of this expression cannot be proved, but there is no `diverges' clause in the outer specification
Warning, file "./368_largest-divisible-subset/implementations/array-imperative/array-imperative.mlw", line 85, characters 12-47: termination of this expression cannot be proved, but there is no `diverges' clause in the outer specification
Warning, file "./368_largest-divisible-subset/implementations/array-imperative/array-imperative.mlw", line 91, characters 12-47: termination of this expression cannot be proved, but there is no `diverges' clause in the outer specification
Warning, file "./368_largest-divisible-subset/implementations/array-imperative/array-imperative.mlw", line 97, characters 12-47: termination of this expression cannot be proved, but there is no `diverges' clause in the outer specification
Warning, file "./368_largest-divisible-subset/implementations/array-imperative/array-imperative.mlw", line 103, characters 12-47: termination of this expression cannot be proved, but there is no `diverges' clause in the outer specification
Warning, file "./368_largest-divisible-subset/implementations/array-imperative/array-imperative.mlw", line 109, characters 12-47: termination of this expression cannot be proved, but there is no `diverges' clause in the outer specification
Warning, file "./368_largest-divisible-subset/implementations/array-imperative/array-imperative.mlw", line 115, characters 12-47: termination of this expression cannot be proved, but there is no `diverges' clause in the outer specification
Warning, file "./368_largest-divisible-subset/implementations/array-imperative/array-imperative.mlw", line 121, characters 12-47: termination of this expression cannot be proved, but there is no `diverges' clause in the outer specification
Warning, file "./368_largest-divisible-subset/implementations/array-imperative/array-imperative.mlw", line 127, characters 12-47: termination of this expression cannot be proved, but there is no `diverges' clause in the outer specification
Warning, file "./368_largest-divisible-subset/implementations/array-imperative/array-imperative.mlw", line 133, characters 12-47: termination of this expression cannot be proved, but there is no `diverges' clause in the outer specification
Warning, file "./368_largest-divisible-subset/implementations/array-imperative/array-imperative.mlw", line 139, characters 12-47: termination of this expression cannot be proved, but there is no `diverges' clause in the outer specification
Warning, file "./368_largest-divisible-subset/implementations/array-imperative/array-imperative.mlw", line 145, characters 12-47: termination of this expression cannot be proved, but there is no `diverges' clause in the outer specification
Warning, file "./368_largest-divisible-subset/implementations/array-imperative/array-imperative.mlw", line 151, characters 12-47: termination of this expression cannot be proved, but there is no `diverges' clause in the outer specification
Warning, file "./368_largest-divisible-subset/implementations/array-imperative/array-imperative.mlw", line 157, characters 12-47: termination of this expression cannot be proved, but there is no `diverges' clause in the outer specification
Warning, file "./368_largest-divisible-subset/implementations/array-imperative/array-imperative.mlw", line 163, characters 12-47: termination of this expression cannot be proved, but there is no `diverges' clause in the outer specification
Warning, file "./368_largest-divisible-subset/implementations/array-imperative/array-imperative.mlw", line 169, characters 12-47: termination of this expression cannot be proved, but there is no `diverges' clause in the outer specification
Warning, file "./368_largest-divisible-subset/implementations/array-imperative/array-imperative.mlw", line 175, characters 12-47: termination of this expression cannot be proved, but there is no `diverges' clause in the outer specification
Warning, file "./368_largest-divisible-subset/implementations/array-imperative/array-imperative.mlw", line 181, characters 12-47: termination of this expression cannot be proved, but there is no `diverges' clause in the outer specification
Warning, file "./368_largest-divisible-subset/implementations/array-imperative/array-imperative.mlw", line 187, characters 12-47: termination of this expression cannot be proved, but there is no `diverges' clause in the outer specification
Warning, file "./368_largest-divisible-subset/implementations/array-imperative/array-imperative.mlw", line 193, characters 12-47: termination of this expression cannot be proved, but there is no `diverges' clause in the outer specification
Warning, file "./368_largest-divisible-subset/implementations/array-imperative/array-imperative.mlw", line 216, characters 7-18: termination of this expression cannot be proved, but there is no `diverges' clause in the outer specification
Warning, file "./368_largest-divisible-subset/implementations/array-imperative/array-imperative.mlw", line 215, characters 7-18: termination of this expression cannot be proved, but there is no `diverges' clause in the outer specification
Warning, file "./368_largest-divisible-subset/implementations/array-imperative/array-imperative.mlw", line 214, characters 7-18: termination of this expression cannot be proved, but there is no `diverges' clause in the outer specification
Warning, file "./368_largest-divisible-subset/implementations/array-imperative/array-imperative.mlw", line 213, characters 7-18: termination of this expression cannot be proved, but there is no `diverges' clause in the outer specification
Warning, file "./368_largest-divisible-subset/implementations/array-imperative/array-imperative.mlw", line 212, characters 7-18: termination of this expression cannot be proved, but there is no `diverges' clause in the outer specification
Warning, file "./368_largest-divisible-subset/implementations/array-imperative/array-imperative.mlw", line 211, characters 7-18: termination of this expression cannot be proved, but there is no `diverges' clause in the outer specification
Warning, file "./368_largest-divisible-subset/implementations/array-imperative/array-imperative.mlw", line 210, characters 7-18: termination of this expression cannot be proved, but there is no `diverges' clause in the outer specification
Warning, file "./368_largest-divisible-subset/implementations/array-imperative/array-imperative.mlw", line 209, characters 7-18: termination of this expression cannot be proved, but there is no `diverges' clause in the outer specification
Warning, file "./368_largest-divisible-subset/implementations/array-imperative/array-imperative.mlw", line 208, characters 7-18: termination of this expression cannot be proved, but there is no `diverges' clause in the outer specification
Warning, file "./368_largest-divisible-subset/implementations/array-imperative/array-imperative.mlw", line 207, characters 7-18: termination of this expression cannot be proved, but there is no `diverges' clause in the outer specification
Warning, file "./368_largest-divisible-subset/implementations/array-imperative/array-imperative.mlw", line 206, characters 7-18: termination of this expression cannot be proved, but there is no `diverges' clause in the outer specification
Warning, file "./368_largest-divisible-subset/implementations/array-imperative/array-imperative.mlw", line 205, characters 7-18: termination of this expression cannot be proved, but there is no `diverges' clause in the outer specification
Warning, file "./368_largest-divisible-subset/implementations/array-imperative/array-imperative.mlw", line 204, characters 7-18: termination of this expression cannot be proved, but there is no `diverges' clause in the outer specification
Warning, file "./368_largest-divisible-subset/implementations/array-imperative/array-imperative.mlw", line 203, characters 7-18: termination of this expression cannot be proved, but there is no `diverges' clause in the outer specification
Warning, file "./368_largest-divisible-subset/implementations/array-imperative/array-imperative.mlw", line 202, characters 7-18: termination of this expression cannot be proved, but there is no `diverges' clause in the outer specification
Warning, file "./368_largest-divisible-subset/implementations/array-imperative/array-imperative.mlw", line 201, characters 7-18: termination of this expression cannot be proved, but there is no `diverges' clause in the outer specification
Warning, file "./368_largest-divisible-subset/implementations/array-imperative/array-imperative.mlw", line 200, characters 7-18: termination of this expression cannot be proved, but there is no `diverges' clause in the outer specification
Warning, file "./368_largest-divisible-subset/implementations/array-imperative/array-imperative.mlw", line 199, characters 7-18: termination of this expression cannot be proved, but there is no `diverges' clause in the outer specification
Warning, file "./368_largest-divisible-subset/implementations/array-imperative/array-imperative.mlw", line 198, characters 7-18: termination of this expression cannot be proved, but there is no `diverges' clause in the outer specification
Warning, file "./368_largest-divisible-subset/implementations/array-imperative/array-imperative.mlw", line 197, characters 7-18: termination of this expression cannot be proved, but there is no `diverges' clause in the outer specification
result: bool = true
globals: <none>

EXECUTE_EXIT_CODE: 0
