FILE: ./413_arithmetic-slices/implementations/list-imperative/list-imperative.mlw
MODULE: ArithmeticSlices_List_Imperative_Implementation
COMMAND: why3 execute --use ArithmeticSlices_List_Imperative_Implementation ./413_arithmetic-slices/implementations/list-imperative/list-imperative.mlw 'run_tests ()'

Warning, file "./413_arithmetic-slices/implementations/list-imperative/list-imperative.mlw", line 19, character 12 to line 32, character 16: termination of this expression cannot be proved, but there is no `diverges' clause in the outer specification
Warning, file "./413_arithmetic-slices/implementations/list-imperative/list-imperative.mlw", line 40, characters 12-39: termination of this expression cannot be proved, but there is no `diverges' clause in the outer specification
Warning, file "./413_arithmetic-slices/implementations/list-imperative/list-imperative.mlw", line 45, characters 12-39: termination of this expression cannot be proved, but there is no `diverges' clause in the outer specification
Warning, file "./413_arithmetic-slices/implementations/list-imperative/list-imperative.mlw", line 50, characters 12-39: termination of this expression cannot be proved, but there is no `diverges' clause in the outer specification
Warning, file "./413_arithmetic-slices/implementations/list-imperative/list-imperative.mlw", line 56, characters 12-39: termination of this expression cannot be proved, but there is no `diverges' clause in the outer specification
Warning, file "./413_arithmetic-slices/implementations/list-imperative/list-imperative.mlw", line 61, characters 12-39: termination of this expression cannot be proved, but there is no `diverges' clause in the outer specification
Warning, file "./413_arithmetic-slices/implementations/list-imperative/list-imperative.mlw", line 67, characters 12-39: termination of this expression cannot be proved, but there is no `diverges' clause in the outer specification
Warning, file "./413_arithmetic-slices/implementations/list-imperative/list-imperative.mlw", line 72, characters 12-39: termination of this expression cannot be proved, but there is no `diverges' clause in the outer specification
Warning, file "./413_arithmetic-slices/implementations/list-imperative/list-imperative.mlw", line 77, characters 12-39: termination of this expression cannot be proved, but there is no `diverges' clause in the outer specification
Warning, file "./413_arithmetic-slices/implementations/list-imperative/list-imperative.mlw", line 82, characters 12-39: termination of this expression cannot be proved, but there is no `diverges' clause in the outer specification
Warning, file "./413_arithmetic-slices/implementations/list-imperative/list-imperative.mlw", line 87, characters 12-39: termination of this expression cannot be proved, but there is no `diverges' clause in the outer specification
Warning, file "./413_arithmetic-slices/implementations/list-imperative/list-imperative.mlw", line 93, characters 12-39: termination of this expression cannot be proved, but there is no `diverges' clause in the outer specification
Warning, file "./413_arithmetic-slices/implementations/list-imperative/list-imperative.mlw", line 98, characters 12-39: termination of this expression cannot be proved, but there is no `diverges' clause in the outer specification
Warning, file "./413_arithmetic-slices/implementations/list-imperative/list-imperative.mlw", line 103, characters 12-39: termination of this expression cannot be proved, but there is no `diverges' clause in the outer specification
Warning, file "./413_arithmetic-slices/implementations/list-imperative/list-imperative.mlw", line 108, characters 12-39: termination of this expression cannot be proved, but there is no `diverges' clause in the outer specification
Warning, file "./413_arithmetic-slices/implementations/list-imperative/list-imperative.mlw", line 114, characters 12-39: termination of this expression cannot be proved, but there is no `diverges' clause in the outer specification
Warning, file "./413_arithmetic-slices/implementations/list-imperative/list-imperative.mlw", line 119, characters 12-39: termination of this expression cannot be proved, but there is no `diverges' clause in the outer specification
Warning, file "./413_arithmetic-slices/implementations/list-imperative/list-imperative.mlw", line 124, characters 12-39: termination of this expression cannot be proved, but there is no `diverges' clause in the outer specification
Warning, file "./413_arithmetic-slices/implementations/list-imperative/list-imperative.mlw", line 129, characters 12-39: termination of this expression cannot be proved, but there is no `diverges' clause in the outer specification
Warning, file "./413_arithmetic-slices/implementations/list-imperative/list-imperative.mlw", line 134, characters 12-39: termination of this expression cannot be proved, but there is no `diverges' clause in the outer specification
Warning, file "./413_arithmetic-slices/implementations/list-imperative/list-imperative.mlw", line 139, characters 12-39: termination of this expression cannot be proved, but there is no `diverges' clause in the outer specification
Warning, file "./413_arithmetic-slices/implementations/list-imperative/list-imperative.mlw", line 162, characters 7-18: termination of this expression cannot be proved, but there is no `diverges' clause in the outer specification
Warning, file "./413_arithmetic-slices/implementations/list-imperative/list-imperative.mlw", line 161, characters 7-18: termination of this expression cannot be proved, but there is no `diverges' clause in the outer specification
Warning, file "./413_arithmetic-slices/implementations/list-imperative/list-imperative.mlw", line 160, characters 7-18: termination of this expression cannot be proved, but there is no `diverges' clause in the outer specification
Warning, file "./413_arithmetic-slices/implementations/list-imperative/list-imperative.mlw", line 159, characters 7-18: termination of this expression cannot be proved, but there is no `diverges' clause in the outer specification
Warning, file "./413_arithmetic-slices/implementations/list-imperative/list-imperative.mlw", line 158, characters 7-18: termination of this expression cannot be proved, but there is no `diverges' clause in the outer specification
Warning, file "./413_arithmetic-slices/implementations/list-imperative/list-imperative.mlw", line 157, characters 7-18: termination of this expression cannot be proved, but there is no `diverges' clause in the outer specification
Warning, file "./413_arithmetic-slices/implementations/list-imperative/list-imperative.mlw", line 156, characters 7-18: termination of this expression cannot be proved, but there is no `diverges' clause in the outer specification
Warning, file "./413_arithmetic-slices/implementations/list-imperative/list-imperative.mlw", line 155, characters 7-18: termination of this expression cannot be proved, but there is no `diverges' clause in the outer specification
Warning, file "./413_arithmetic-slices/implementations/list-imperative/list-imperative.mlw", line 154, characters 7-18: termination of this expression cannot be proved, but there is no `diverges' clause in the outer specification
Warning, file "./413_arithmetic-slices/implementations/list-imperative/list-imperative.mlw", line 153, characters 7-18: termination of this expression cannot be proved, but there is no `diverges' clause in the outer specification
Warning, file "./413_arithmetic-slices/implementations/list-imperative/list-imperative.mlw", line 152, characters 7-18: termination of this expression cannot be proved, but there is no `diverges' clause in the outer specification
Warning, file "./413_arithmetic-slices/implementations/list-imperative/list-imperative.mlw", line 151, characters 7-18: termination of this expression cannot be proved, but there is no `diverges' clause in the outer specification
Warning, file "./413_arithmetic-slices/implementations/list-imperative/list-imperative.mlw", line 150, characters 7-18: termination of this expression cannot be proved, but there is no `diverges' clause in the outer specification
Warning, file "./413_arithmetic-slices/implementations/list-imperative/list-imperative.mlw", line 149, characters 7-18: termination of this expression cannot be proved, but there is no `diverges' clause in the outer specification
Warning, file "./413_arithmetic-slices/implementations/list-imperative/list-imperative.mlw", line 148, characters 7-18: termination of this expression cannot be proved, but there is no `diverges' clause in the outer specification
Warning, file "./413_arithmetic-slices/implementations/list-imperative/list-imperative.mlw", line 147, characters 7-18: termination of this expression cannot be proved, but there is no `diverges' clause in the outer specification
Warning, file "./413_arithmetic-slices/implementations/list-imperative/list-imperative.mlw", line 146, characters 7-18: termination of this expression cannot be proved, but there is no `diverges' clause in the outer specification
Warning, file "./413_arithmetic-slices/implementations/list-imperative/list-imperative.mlw", line 145, characters 7-18: termination of this expression cannot be proved, but there is no `diverges' clause in the outer specification
Warning, file "./413_arithmetic-slices/implementations/list-imperative/list-imperative.mlw", line 144, characters 7-18: termination of this expression cannot be proved, but there is no `diverges' clause in the outer specification
Warning, file "./413_arithmetic-slices/implementations/list-imperative/list-imperative.mlw", line 143, characters 7-18: termination of this expression cannot be proved, but there is no `diverges' clause in the outer specification
result: bool = true
globals: <none>

EXECUTE_EXIT_CODE: 0
