FILE: ./1793_maximum-score-of-a-good-subarray/implementations/array-imperative/array-imperative.mlw
MODULE: MaximumScoreOfAGoodSubarray_Array_Imperative
COMMAND: why3 execute --use MaximumScoreOfAGoodSubarray_Array_Imperative ./1793_maximum-score-of-a-good-subarray/implementations/array-imperative/array-imperative.mlw 'run_tests ()'

Warning, file "./1793_maximum-score-of-a-good-subarray/implementations/array-imperative/array-imperative.mlw", line 14, character 4 to line 31, character 8: termination of this expression cannot be proved, but there is no `diverges' clause in the outer specification
Warning, file "./1793_maximum-score-of-a-good-subarray/implementations/array-imperative/array-imperative.mlw", line 36, characters 12-57: termination of this expression cannot be proved, but there is no `diverges' clause in the outer specification
Warning, file "./1793_maximum-score-of-a-good-subarray/implementations/array-imperative/array-imperative.mlw", line 41, characters 12-57: termination of this expression cannot be proved, but there is no `diverges' clause in the outer specification
Warning, file "./1793_maximum-score-of-a-good-subarray/implementations/array-imperative/array-imperative.mlw", line 46, characters 12-57: termination of this expression cannot be proved, but there is no `diverges' clause in the outer specification
Warning, file "./1793_maximum-score-of-a-good-subarray/implementations/array-imperative/array-imperative.mlw", line 51, characters 12-57: termination of this expression cannot be proved, but there is no `diverges' clause in the outer specification
Warning, file "./1793_maximum-score-of-a-good-subarray/implementations/array-imperative/array-imperative.mlw", line 56, characters 12-57: termination of this expression cannot be proved, but there is no `diverges' clause in the outer specification
Warning, file "./1793_maximum-score-of-a-good-subarray/implementations/array-imperative/array-imperative.mlw", line 61, characters 12-57: termination of this expression cannot be proved, but there is no `diverges' clause in the outer specification
Warning, file "./1793_maximum-score-of-a-good-subarray/implementations/array-imperative/array-imperative.mlw", line 66, characters 12-57: termination of this expression cannot be proved, but there is no `diverges' clause in the outer specification
Warning, file "./1793_maximum-score-of-a-good-subarray/implementations/array-imperative/array-imperative.mlw", line 71, characters 12-57: termination of this expression cannot be proved, but there is no `diverges' clause in the outer specification
Warning, file "./1793_maximum-score-of-a-good-subarray/implementations/array-imperative/array-imperative.mlw", line 76, characters 12-57: termination of this expression cannot be proved, but there is no `diverges' clause in the outer specification
Warning, file "./1793_maximum-score-of-a-good-subarray/implementations/array-imperative/array-imperative.mlw", line 81, characters 12-57: termination of this expression cannot be proved, but there is no `diverges' clause in the outer specification
Warning, file "./1793_maximum-score-of-a-good-subarray/implementations/array-imperative/array-imperative.mlw", line 86, characters 12-57: termination of this expression cannot be proved, but there is no `diverges' clause in the outer specification
Warning, file "./1793_maximum-score-of-a-good-subarray/implementations/array-imperative/array-imperative.mlw", line 91, characters 12-57: termination of this expression cannot be proved, but there is no `diverges' clause in the outer specification
Warning, file "./1793_maximum-score-of-a-good-subarray/implementations/array-imperative/array-imperative.mlw", line 96, characters 12-57: termination of this expression cannot be proved, but there is no `diverges' clause in the outer specification
Warning, file "./1793_maximum-score-of-a-good-subarray/implementations/array-imperative/array-imperative.mlw", line 101, characters 12-57: termination of this expression cannot be proved, but there is no `diverges' clause in the outer specification
Warning, file "./1793_maximum-score-of-a-good-subarray/implementations/array-imperative/array-imperative.mlw", line 106, characters 12-57: termination of this expression cannot be proved, but there is no `diverges' clause in the outer specification
Warning, file "./1793_maximum-score-of-a-good-subarray/implementations/array-imperative/array-imperative.mlw", line 111, characters 12-57: termination of this expression cannot be proved, but there is no `diverges' clause in the outer specification
Warning, file "./1793_maximum-score-of-a-good-subarray/implementations/array-imperative/array-imperative.mlw", line 116, characters 12-57: termination of this expression cannot be proved, but there is no `diverges' clause in the outer specification
Warning, file "./1793_maximum-score-of-a-good-subarray/implementations/array-imperative/array-imperative.mlw", line 121, characters 12-57: termination of this expression cannot be proved, but there is no `diverges' clause in the outer specification
Warning, file "./1793_maximum-score-of-a-good-subarray/implementations/array-imperative/array-imperative.mlw", line 126, characters 12-57: termination of this expression cannot be proved, but there is no `diverges' clause in the outer specification
Warning, file "./1793_maximum-score-of-a-good-subarray/implementations/array-imperative/array-imperative.mlw", line 131, characters 12-57: termination of this expression cannot be proved, but there is no `diverges' clause in the outer specification
Warning, file "./1793_maximum-score-of-a-good-subarray/implementations/array-imperative/array-imperative.mlw", line 154, characters 7-18: termination of this expression cannot be proved, but there is no `diverges' clause in the outer specification
Warning, file "./1793_maximum-score-of-a-good-subarray/implementations/array-imperative/array-imperative.mlw", line 153, characters 7-18: termination of this expression cannot be proved, but there is no `diverges' clause in the outer specification
Warning, file "./1793_maximum-score-of-a-good-subarray/implementations/array-imperative/array-imperative.mlw", line 152, characters 7-18: termination of this expression cannot be proved, but there is no `diverges' clause in the outer specification
Warning, file "./1793_maximum-score-of-a-good-subarray/implementations/array-imperative/array-imperative.mlw", line 151, characters 7-18: termination of this expression cannot be proved, but there is no `diverges' clause in the outer specification
Warning, file "./1793_maximum-score-of-a-good-subarray/implementations/array-imperative/array-imperative.mlw", line 150, characters 7-18: termination of this expression cannot be proved, but there is no `diverges' clause in the outer specification
Warning, file "./1793_maximum-score-of-a-good-subarray/implementations/array-imperative/array-imperative.mlw", line 149, characters 7-18: termination of this expression cannot be proved, but there is no `diverges' clause in the outer specification
Warning, file "./1793_maximum-score-of-a-good-subarray/implementations/array-imperative/array-imperative.mlw", line 148, characters 7-18: termination of this expression cannot be proved, but there is no `diverges' clause in the outer specification
Warning, file "./1793_maximum-score-of-a-good-subarray/implementations/array-imperative/array-imperative.mlw", line 147, characters 7-18: termination of this expression cannot be proved, but there is no `diverges' clause in the outer specification
Warning, file "./1793_maximum-score-of-a-good-subarray/implementations/array-imperative/array-imperative.mlw", line 146, characters 7-18: termination of this expression cannot be proved, but there is no `diverges' clause in the outer specification
Warning, file "./1793_maximum-score-of-a-good-subarray/implementations/array-imperative/array-imperative.mlw", line 145, characters 7-18: termination of this expression cannot be proved, but there is no `diverges' clause in the outer specification
Warning, file "./1793_maximum-score-of-a-good-subarray/implementations/array-imperative/array-imperative.mlw", line 144, characters 7-18: termination of this expression cannot be proved, but there is no `diverges' clause in the outer specification
Warning, file "./1793_maximum-score-of-a-good-subarray/implementations/array-imperative/array-imperative.mlw", line 143, characters 7-18: termination of this expression cannot be proved, but there is no `diverges' clause in the outer specification
Warning, file "./1793_maximum-score-of-a-good-subarray/implementations/array-imperative/array-imperative.mlw", line 142, characters 7-18: termination of this expression cannot be proved, but there is no `diverges' clause in the outer specification
Warning, file "./1793_maximum-score-of-a-good-subarray/implementations/array-imperative/array-imperative.mlw", line 141, characters 7-18: termination of this expression cannot be proved, but there is no `diverges' clause in the outer specification
Warning, file "./1793_maximum-score-of-a-good-subarray/implementations/array-imperative/array-imperative.mlw", line 140, characters 7-18: termination of this expression cannot be proved, but there is no `diverges' clause in the outer specification
Warning, file "./1793_maximum-score-of-a-good-subarray/implementations/array-imperative/array-imperative.mlw", line 139, characters 7-18: termination of this expression cannot be proved, but there is no `diverges' clause in the outer specification
Warning, file "./1793_maximum-score-of-a-good-subarray/implementations/array-imperative/array-imperative.mlw", line 138, characters 7-18: termination of this expression cannot be proved, but there is no `diverges' clause in the outer specification
Warning, file "./1793_maximum-score-of-a-good-subarray/implementations/array-imperative/array-imperative.mlw", line 137, characters 7-18: termination of this expression cannot be proved, but there is no `diverges' clause in the outer specification
Warning, file "./1793_maximum-score-of-a-good-subarray/implementations/array-imperative/array-imperative.mlw", line 136, characters 7-18: termination of this expression cannot be proved, but there is no `diverges' clause in the outer specification
Warning, file "./1793_maximum-score-of-a-good-subarray/implementations/array-imperative/array-imperative.mlw", line 135, characters 7-18: termination of this expression cannot be proved, but there is no `diverges' clause in the outer specification
result: bool = true
globals: <none>

EXECUTE_EXIT_CODE: 0
