FILE: ./1300_sum-of-mutated-array-closest-to-target/implementations/list-imperative/list-imperative.mlw
MODULE: SumOfMutatedArrayClosestToTarget_List_Imperative_Implementation
COMMAND: why3 execute --use SumOfMutatedArrayClosestToTarget_List_Imperative_Implementation ./1300_sum-of-mutated-array-closest-to-target/implementations/list-imperative/list-imperative.mlw 'run_tests ()'

Warning, file "./1300_sum-of-mutated-array-closest-to-target/implementations/list-imperative/list-imperative.mlw", line 13, character 4 to line 20, character 8: termination of this expression cannot be proved, but there is no `diverges' clause in the outer specification
Warning, file "./1300_sum-of-mutated-array-closest-to-target/implementations/list-imperative/list-imperative.mlw", line 26, character 4 to line 33, character 8: termination of this expression cannot be proved, but there is no `diverges' clause in the outer specification
Warning, file "./1300_sum-of-mutated-array-closest-to-target/implementations/list-imperative/list-imperative.mlw", line 51, characters 30-60: termination of this expression cannot be proved, but there is no `diverges' clause in the outer specification
Warning, file "./1300_sum-of-mutated-array-closest-to-target/implementations/list-imperative/list-imperative.mlw", line 50, characters 29-58: termination of this expression cannot be proved, but there is no `diverges' clause in the outer specification
Warning, file "./1300_sum-of-mutated-array-closest-to-target/implementations/list-imperative/list-imperative.mlw", line 42, characters 24-52: termination of this expression cannot be proved, but there is no `diverges' clause in the outer specification
Warning, file "./1300_sum-of-mutated-array-closest-to-target/implementations/list-imperative/list-imperative.mlw", line 40, character 4 to line 47, character 8: termination of this expression cannot be proved, but there is no `diverges' clause in the outer specification
Warning, file "./1300_sum-of-mutated-array-closest-to-target/implementations/list-imperative/list-imperative.mlw", line 37, characters 16-37: termination of this expression cannot be proved, but there is no `diverges' clause in the outer specification
Warning, file "./1300_sum-of-mutated-array-closest-to-target/implementations/list-imperative/list-imperative.mlw", line 56, characters 12-62: termination of this expression cannot be proved, but there is no `diverges' clause in the outer specification
Warning, file "./1300_sum-of-mutated-array-closest-to-target/implementations/list-imperative/list-imperative.mlw", line 61, characters 12-62: termination of this expression cannot be proved, but there is no `diverges' clause in the outer specification
Warning, file "./1300_sum-of-mutated-array-closest-to-target/implementations/list-imperative/list-imperative.mlw", line 66, characters 12-63: termination of this expression cannot be proved, but there is no `diverges' clause in the outer specification
Warning, file "./1300_sum-of-mutated-array-closest-to-target/implementations/list-imperative/list-imperative.mlw", line 71, characters 12-62: termination of this expression cannot be proved, but there is no `diverges' clause in the outer specification
Warning, file "./1300_sum-of-mutated-array-closest-to-target/implementations/list-imperative/list-imperative.mlw", line 76, characters 12-62: termination of this expression cannot be proved, but there is no `diverges' clause in the outer specification
Warning, file "./1300_sum-of-mutated-array-closest-to-target/implementations/list-imperative/list-imperative.mlw", line 81, characters 12-65: termination of this expression cannot be proved, but there is no `diverges' clause in the outer specification
Warning, file "./1300_sum-of-mutated-array-closest-to-target/implementations/list-imperative/list-imperative.mlw", line 86, characters 12-66: termination of this expression cannot be proved, but there is no `diverges' clause in the outer specification
Warning, file "./1300_sum-of-mutated-array-closest-to-target/implementations/list-imperative/list-imperative.mlw", line 91, characters 12-62: termination of this expression cannot be proved, but there is no `diverges' clause in the outer specification
Warning, file "./1300_sum-of-mutated-array-closest-to-target/implementations/list-imperative/list-imperative.mlw", line 96, characters 12-65: termination of this expression cannot be proved, but there is no `diverges' clause in the outer specification
Warning, file "./1300_sum-of-mutated-array-closest-to-target/implementations/list-imperative/list-imperative.mlw", line 101, characters 12-66: termination of this expression cannot be proved, but there is no `diverges' clause in the outer specification
Warning, file "./1300_sum-of-mutated-array-closest-to-target/implementations/list-imperative/list-imperative.mlw", line 106, characters 12-66: termination of this expression cannot be proved, but there is no `diverges' clause in the outer specification
Warning, file "./1300_sum-of-mutated-array-closest-to-target/implementations/list-imperative/list-imperative.mlw", line 111, characters 12-62: termination of this expression cannot be proved, but there is no `diverges' clause in the outer specification
Warning, file "./1300_sum-of-mutated-array-closest-to-target/implementations/list-imperative/list-imperative.mlw", line 116, characters 12-62: termination of this expression cannot be proved, but there is no `diverges' clause in the outer specification
Warning, file "./1300_sum-of-mutated-array-closest-to-target/implementations/list-imperative/list-imperative.mlw", line 121, characters 12-61: termination of this expression cannot be proved, but there is no `diverges' clause in the outer specification
Warning, file "./1300_sum-of-mutated-array-closest-to-target/implementations/list-imperative/list-imperative.mlw", line 126, characters 12-62: termination of this expression cannot be proved, but there is no `diverges' clause in the outer specification
Warning, file "./1300_sum-of-mutated-array-closest-to-target/implementations/list-imperative/list-imperative.mlw", line 131, characters 12-66: termination of this expression cannot be proved, but there is no `diverges' clause in the outer specification
Warning, file "./1300_sum-of-mutated-array-closest-to-target/implementations/list-imperative/list-imperative.mlw", line 136, characters 12-62: termination of this expression cannot be proved, but there is no `diverges' clause in the outer specification
Warning, file "./1300_sum-of-mutated-array-closest-to-target/implementations/list-imperative/list-imperative.mlw", line 141, characters 12-61: termination of this expression cannot be proved, but there is no `diverges' clause in the outer specification
Warning, file "./1300_sum-of-mutated-array-closest-to-target/implementations/list-imperative/list-imperative.mlw", line 146, characters 12-66: termination of this expression cannot be proved, but there is no `diverges' clause in the outer specification
Warning, file "./1300_sum-of-mutated-array-closest-to-target/implementations/list-imperative/list-imperative.mlw", line 152, characters 12-65: termination of this expression cannot be proved, but there is no `diverges' clause in the outer specification
Warning, file "./1300_sum-of-mutated-array-closest-to-target/implementations/list-imperative/list-imperative.mlw", line 175, characters 7-18: termination of this expression cannot be proved, but there is no `diverges' clause in the outer specification
Warning, file "./1300_sum-of-mutated-array-closest-to-target/implementations/list-imperative/list-imperative.mlw", line 174, characters 7-18: termination of this expression cannot be proved, but there is no `diverges' clause in the outer specification
Warning, file "./1300_sum-of-mutated-array-closest-to-target/implementations/list-imperative/list-imperative.mlw", line 173, characters 7-18: termination of this expression cannot be proved, but there is no `diverges' clause in the outer specification
Warning, file "./1300_sum-of-mutated-array-closest-to-target/implementations/list-imperative/list-imperative.mlw", line 172, characters 7-18: termination of this expression cannot be proved, but there is no `diverges' clause in the outer specification
Warning, file "./1300_sum-of-mutated-array-closest-to-target/implementations/list-imperative/list-imperative.mlw", line 171, characters 7-18: termination of this expression cannot be proved, but there is no `diverges' clause in the outer specification
Warning, file "./1300_sum-of-mutated-array-closest-to-target/implementations/list-imperative/list-imperative.mlw", line 170, characters 7-18: termination of this expression cannot be proved, but there is no `diverges' clause in the outer specification
Warning, file "./1300_sum-of-mutated-array-closest-to-target/implementations/list-imperative/list-imperative.mlw", line 169, characters 7-18: termination of this expression cannot be proved, but there is no `diverges' clause in the outer specification
Warning, file "./1300_sum-of-mutated-array-closest-to-target/implementations/list-imperative/list-imperative.mlw", line 168, characters 7-18: termination of this expression cannot be proved, but there is no `diverges' clause in the outer specification
Warning, file "./1300_sum-of-mutated-array-closest-to-target/implementations/list-imperative/list-imperative.mlw", line 167, characters 7-18: termination of this expression cannot be proved, but there is no `diverges' clause in the outer specification
Warning, file "./1300_sum-of-mutated-array-closest-to-target/implementations/list-imperative/list-imperative.mlw", line 166, characters 7-18: termination of this expression cannot be proved, but there is no `diverges' clause in the outer specification
Warning, file "./1300_sum-of-mutated-array-closest-to-target/implementations/list-imperative/list-imperative.mlw", line 165, characters 7-18: termination of this expression cannot be proved, but there is no `diverges' clause in the outer specification
Warning, file "./1300_sum-of-mutated-array-closest-to-target/implementations/list-imperative/list-imperative.mlw", line 164, characters 7-18: termination of this expression cannot be proved, but there is no `diverges' clause in the outer specification
Warning, file "./1300_sum-of-mutated-array-closest-to-target/implementations/list-imperative/list-imperative.mlw", line 163, characters 7-18: termination of this expression cannot be proved, but there is no `diverges' clause in the outer specification
Warning, file "./1300_sum-of-mutated-array-closest-to-target/implementations/list-imperative/list-imperative.mlw", line 162, characters 7-18: termination of this expression cannot be proved, but there is no `diverges' clause in the outer specification
Warning, file "./1300_sum-of-mutated-array-closest-to-target/implementations/list-imperative/list-imperative.mlw", line 161, characters 7-18: termination of this expression cannot be proved, but there is no `diverges' clause in the outer specification
Warning, file "./1300_sum-of-mutated-array-closest-to-target/implementations/list-imperative/list-imperative.mlw", line 160, characters 7-18: termination of this expression cannot be proved, but there is no `diverges' clause in the outer specification
Warning, file "./1300_sum-of-mutated-array-closest-to-target/implementations/list-imperative/list-imperative.mlw", line 159, characters 7-18: termination of this expression cannot be proved, but there is no `diverges' clause in the outer specification
Warning, file "./1300_sum-of-mutated-array-closest-to-target/implementations/list-imperative/list-imperative.mlw", line 158, characters 7-18: termination of this expression cannot be proved, but there is no `diverges' clause in the outer specification
Warning, file "./1300_sum-of-mutated-array-closest-to-target/implementations/list-imperative/list-imperative.mlw", line 157, characters 7-18: termination of this expression cannot be proved, but there is no `diverges' clause in the outer specification
Warning, file "./1300_sum-of-mutated-array-closest-to-target/implementations/list-imperative/list-imperative.mlw", line 156, characters 7-18: termination of this expression cannot be proved, but there is no `diverges' clause in the outer specification
result: bool = true
globals: <none>

EXECUTE_EXIT_CODE: 0
