FILE: ./2420_find-all-good-indices/implementations/list-imperative/list-imperative.mlw
MODULE: FindAllGoodIndices_List_Imperative_Implementation
COMMAND: why3 execute --use FindAllGoodIndices_List_Imperative_Implementation ./2420_find-all-good-indices/implementations/list-imperative/list-imperative.mlw 'run_tests ()'

Warning, file "./2420_find-all-good-indices/implementations/list-imperative/list-imperative.mlw", line 12, character 4 to line 19, character 8: termination of this expression cannot be proved, but there is no `diverges' clause in the outer specification
Warning, file "./2420_find-all-good-indices/implementations/list-imperative/list-imperative.mlw", line 25, character 4 to line 32, character 8: termination of this expression cannot be proved, but there is no `diverges' clause in the outer specification
Warning, file "./2420_find-all-good-indices/implementations/list-imperative/list-imperative.mlw", line 38, character 4 to line 45, character 8: termination of this expression cannot be proved, but there is no `diverges' clause in the outer specification
Warning, file "./2420_find-all-good-indices/implementations/list-imperative/list-imperative.mlw", line 53, character 6 to line 61, character 10: termination of this expression cannot be proved, but there is no `diverges' clause in the outer specification
Warning, file "./2420_find-all-good-indices/implementations/list-imperative/list-imperative.mlw", line 72, character 6 to line 80, character 10: termination of this expression cannot be proved, but there is no `diverges' clause in the outer specification
Warning, file "./2420_find-all-good-indices/implementations/list-imperative/list-imperative.mlw", line 100, characters 4-21: termination of this expression cannot be proved, but there is no `diverges' clause in the outer specification
Warning, file "./2420_find-all-good-indices/implementations/list-imperative/list-imperative.mlw", line 94, characters 11-51: termination of this expression cannot be proved, but there is no `diverges' clause in the outer specification
Warning, file "./2420_find-all-good-indices/implementations/list-imperative/list-imperative.mlw", line 93, characters 9-48: termination of this expression cannot be proved, but there is no `diverges' clause in the outer specification
Warning, file "./2420_find-all-good-indices/implementations/list-imperative/list-imperative.mlw", line 92, characters 18-43: termination of this expression cannot be proved, but there is no `diverges' clause in the outer specification
Warning, file "./2420_find-all-good-indices/implementations/list-imperative/list-imperative.mlw", line 91, characters 17-42: termination of this expression cannot be proved, but there is no `diverges' clause in the outer specification
Warning, file "./2420_find-all-good-indices/implementations/list-imperative/list-imperative.mlw", line 90, character 4 to line 99, character 8: termination of this expression cannot be proved, but there is no `diverges' clause in the outer specification
Warning, file "./2420_find-all-good-indices/implementations/list-imperative/list-imperative.mlw", line 87, characters 12-28: termination of this expression cannot be proved, but there is no `diverges' clause in the outer specification
Warning, file "./2420_find-all-good-indices/implementations/list-imperative/list-imperative.mlw", line 106, character 4 to line 118, character 8: termination of this expression cannot be proved, but there is no `diverges' clause in the outer specification
Warning, file "./2420_find-all-good-indices/implementations/list-imperative/list-imperative.mlw", line 129, characters 4-34: termination of this expression cannot be proved, but there is no `diverges' clause in the outer specification
Warning, file "./2420_find-all-good-indices/implementations/list-imperative/list-imperative.mlw", line 128, characters 17-50: termination of this expression cannot be proved, but there is no `diverges' clause in the outer specification
Warning, file "./2420_find-all-good-indices/implementations/list-imperative/list-imperative.mlw", line 135, characters 4-34: termination of this expression cannot be proved, but there is no `diverges' clause in the outer specification
Warning, file "./2420_find-all-good-indices/implementations/list-imperative/list-imperative.mlw", line 134, characters 17-50: termination of this expression cannot be proved, but there is no `diverges' clause in the outer specification
Warning, file "./2420_find-all-good-indices/implementations/list-imperative/list-imperative.mlw", line 141, characters 4-34: termination of this expression cannot be proved, but there is no `diverges' clause in the outer specification
Warning, file "./2420_find-all-good-indices/implementations/list-imperative/list-imperative.mlw", line 140, characters 17-50: termination of this expression cannot be proved, but there is no `diverges' clause in the outer specification
Warning, file "./2420_find-all-good-indices/implementations/list-imperative/list-imperative.mlw", line 147, characters 4-34: termination of this expression cannot be proved, but there is no `diverges' clause in the outer specification
Warning, file "./2420_find-all-good-indices/implementations/list-imperative/list-imperative.mlw", line 146, characters 17-50: termination of this expression cannot be proved, but there is no `diverges' clause in the outer specification
Warning, file "./2420_find-all-good-indices/implementations/list-imperative/list-imperative.mlw", line 153, characters 4-34: termination of this expression cannot be proved, but there is no `diverges' clause in the outer specification
Warning, file "./2420_find-all-good-indices/implementations/list-imperative/list-imperative.mlw", line 152, characters 17-50: termination of this expression cannot be proved, but there is no `diverges' clause in the outer specification
Warning, file "./2420_find-all-good-indices/implementations/list-imperative/list-imperative.mlw", line 159, characters 4-34: termination of this expression cannot be proved, but there is no `diverges' clause in the outer specification
Warning, file "./2420_find-all-good-indices/implementations/list-imperative/list-imperative.mlw", line 158, characters 17-50: termination of this expression cannot be proved, but there is no `diverges' clause in the outer specification
Warning, file "./2420_find-all-good-indices/implementations/list-imperative/list-imperative.mlw", line 165, characters 4-34: termination of this expression cannot be proved, but there is no `diverges' clause in the outer specification
Warning, file "./2420_find-all-good-indices/implementations/list-imperative/list-imperative.mlw", line 164, characters 17-50: termination of this expression cannot be proved, but there is no `diverges' clause in the outer specification
Warning, file "./2420_find-all-good-indices/implementations/list-imperative/list-imperative.mlw", line 171, characters 4-34: termination of this expression cannot be proved, but there is no `diverges' clause in the outer specification
Warning, file "./2420_find-all-good-indices/implementations/list-imperative/list-imperative.mlw", line 170, characters 17-50: termination of this expression cannot be proved, but there is no `diverges' clause in the outer specification
Warning, file "./2420_find-all-good-indices/implementations/list-imperative/list-imperative.mlw", line 177, characters 4-34: termination of this expression cannot be proved, but there is no `diverges' clause in the outer specification
Warning, file "./2420_find-all-good-indices/implementations/list-imperative/list-imperative.mlw", line 176, characters 17-50: termination of this expression cannot be proved, but there is no `diverges' clause in the outer specification
Warning, file "./2420_find-all-good-indices/implementations/list-imperative/list-imperative.mlw", line 183, characters 4-34: termination of this expression cannot be proved, but there is no `diverges' clause in the outer specification
Warning, file "./2420_find-all-good-indices/implementations/list-imperative/list-imperative.mlw", line 182, characters 17-50: termination of this expression cannot be proved, but there is no `diverges' clause in the outer specification
Warning, file "./2420_find-all-good-indices/implementations/list-imperative/list-imperative.mlw", line 189, characters 4-34: termination of this expression cannot be proved, but there is no `diverges' clause in the outer specification
Warning, file "./2420_find-all-good-indices/implementations/list-imperative/list-imperative.mlw", line 188, characters 17-50: termination of this expression cannot be proved, but there is no `diverges' clause in the outer specification
Warning, file "./2420_find-all-good-indices/implementations/list-imperative/list-imperative.mlw", line 195, characters 4-34: termination of this expression cannot be proved, but there is no `diverges' clause in the outer specification
Warning, file "./2420_find-all-good-indices/implementations/list-imperative/list-imperative.mlw", line 194, characters 17-50: termination of this expression cannot be proved, but there is no `diverges' clause in the outer specification
Warning, file "./2420_find-all-good-indices/implementations/list-imperative/list-imperative.mlw", line 201, characters 4-34: termination of this expression cannot be proved, but there is no `diverges' clause in the outer specification
Warning, file "./2420_find-all-good-indices/implementations/list-imperative/list-imperative.mlw", line 200, characters 17-50: termination of this expression cannot be proved, but there is no `diverges' clause in the outer specification
Warning, file "./2420_find-all-good-indices/implementations/list-imperative/list-imperative.mlw", line 207, characters 4-34: termination of this expression cannot be proved, but there is no `diverges' clause in the outer specification
Warning, file "./2420_find-all-good-indices/implementations/list-imperative/list-imperative.mlw", line 206, characters 17-50: termination of this expression cannot be proved, but there is no `diverges' clause in the outer specification
Warning, file "./2420_find-all-good-indices/implementations/list-imperative/list-imperative.mlw", line 213, characters 4-34: termination of this expression cannot be proved, but there is no `diverges' clause in the outer specification
Warning, file "./2420_find-all-good-indices/implementations/list-imperative/list-imperative.mlw", line 212, characters 17-50: termination of this expression cannot be proved, but there is no `diverges' clause in the outer specification
Warning, file "./2420_find-all-good-indices/implementations/list-imperative/list-imperative.mlw", line 219, characters 4-34: termination of this expression cannot be proved, but there is no `diverges' clause in the outer specification
Warning, file "./2420_find-all-good-indices/implementations/list-imperative/list-imperative.mlw", line 218, characters 17-50: termination of this expression cannot be proved, but there is no `diverges' clause in the outer specification
Warning, file "./2420_find-all-good-indices/implementations/list-imperative/list-imperative.mlw", line 225, characters 4-34: termination of this expression cannot be proved, but there is no `diverges' clause in the outer specification
Warning, file "./2420_find-all-good-indices/implementations/list-imperative/list-imperative.mlw", line 224, characters 17-50: termination of this expression cannot be proved, but there is no `diverges' clause in the outer specification
Warning, file "./2420_find-all-good-indices/implementations/list-imperative/list-imperative.mlw", line 231, characters 4-34: termination of this expression cannot be proved, but there is no `diverges' clause in the outer specification
Warning, file "./2420_find-all-good-indices/implementations/list-imperative/list-imperative.mlw", line 230, characters 17-50: termination of this expression cannot be proved, but there is no `diverges' clause in the outer specification
Warning, file "./2420_find-all-good-indices/implementations/list-imperative/list-imperative.mlw", line 237, characters 4-34: termination of this expression cannot be proved, but there is no `diverges' clause in the outer specification
Warning, file "./2420_find-all-good-indices/implementations/list-imperative/list-imperative.mlw", line 236, characters 17-50: termination of this expression cannot be proved, but there is no `diverges' clause in the outer specification
Warning, file "./2420_find-all-good-indices/implementations/list-imperative/list-imperative.mlw", line 243, characters 4-34: termination of this expression cannot be proved, but there is no `diverges' clause in the outer specification
Warning, file "./2420_find-all-good-indices/implementations/list-imperative/list-imperative.mlw", line 242, characters 17-50: termination of this expression cannot be proved, but there is no `diverges' clause in the outer specification
Warning, file "./2420_find-all-good-indices/implementations/list-imperative/list-imperative.mlw", line 265, characters 7-23: termination of this expression cannot be proved, but there is no `diverges' clause in the outer specification
Warning, file "./2420_find-all-good-indices/implementations/list-imperative/list-imperative.mlw", line 264, characters 7-23: termination of this expression cannot be proved, but there is no `diverges' clause in the outer specification
Warning, file "./2420_find-all-good-indices/implementations/list-imperative/list-imperative.mlw", line 263, characters 7-23: termination of this expression cannot be proved, but there is no `diverges' clause in the outer specification
Warning, file "./2420_find-all-good-indices/implementations/list-imperative/list-imperative.mlw", line 262, characters 7-23: termination of this expression cannot be proved, but there is no `diverges' clause in the outer specification
Warning, file "./2420_find-all-good-indices/implementations/list-imperative/list-imperative.mlw", line 261, characters 7-23: termination of this expression cannot be proved, but there is no `diverges' clause in the outer specification
Warning, file "./2420_find-all-good-indices/implementations/list-imperative/list-imperative.mlw", line 260, characters 7-23: termination of this expression cannot be proved, but there is no `diverges' clause in the outer specification
Warning, file "./2420_find-all-good-indices/implementations/list-imperative/list-imperative.mlw", line 259, characters 7-23: termination of this expression cannot be proved, but there is no `diverges' clause in the outer specification
Warning, file "./2420_find-all-good-indices/implementations/list-imperative/list-imperative.mlw", line 258, characters 7-23: termination of this expression cannot be proved, but there is no `diverges' clause in the outer specification
Warning, file "./2420_find-all-good-indices/implementations/list-imperative/list-imperative.mlw", line 257, characters 7-23: termination of this expression cannot be proved, but there is no `diverges' clause in the outer specification
Warning, file "./2420_find-all-good-indices/implementations/list-imperative/list-imperative.mlw", line 256, characters 7-23: termination of this expression cannot be proved, but there is no `diverges' clause in the outer specification
Warning, file "./2420_find-all-good-indices/implementations/list-imperative/list-imperative.mlw", line 255, characters 7-23: termination of this expression cannot be proved, but there is no `diverges' clause in the outer specification
Warning, file "./2420_find-all-good-indices/implementations/list-imperative/list-imperative.mlw", line 254, characters 7-23: termination of this expression cannot be proved, but there is no `diverges' clause in the outer specification
Warning, file "./2420_find-all-good-indices/implementations/list-imperative/list-imperative.mlw", line 253, characters 7-23: termination of this expression cannot be proved, but there is no `diverges' clause in the outer specification
Warning, file "./2420_find-all-good-indices/implementations/list-imperative/list-imperative.mlw", line 252, characters 7-23: termination of this expression cannot be proved, but there is no `diverges' clause in the outer specification
Warning, file "./2420_find-all-good-indices/implementations/list-imperative/list-imperative.mlw", line 251, characters 7-23: termination of this expression cannot be proved, but there is no `diverges' clause in the outer specification
Warning, file "./2420_find-all-good-indices/implementations/list-imperative/list-imperative.mlw", line 250, characters 7-23: termination of this expression cannot be proved, but there is no `diverges' clause in the outer specification
Warning, file "./2420_find-all-good-indices/implementations/list-imperative/list-imperative.mlw", line 249, characters 7-23: termination of this expression cannot be proved, but there is no `diverges' clause in the outer specification
Warning, file "./2420_find-all-good-indices/implementations/list-imperative/list-imperative.mlw", line 248, characters 7-23: termination of this expression cannot be proved, but there is no `diverges' clause in the outer specification
Warning, file "./2420_find-all-good-indices/implementations/list-imperative/list-imperative.mlw", line 247, characters 7-23: termination of this expression cannot be proved, but there is no `diverges' clause in the outer specification
Warning, file "./2420_find-all-good-indices/implementations/list-imperative/list-imperative.mlw", line 246, characters 7-23: termination of this expression cannot be proved, but there is no `diverges' clause in the outer specification
result: bool = true
globals: <none>

EXECUTE_EXIT_CODE: 0
