FILE: ./1425_constrained-subsequence-sum/implementations/list-imperative/list-imperative.mlw
MODULE: ConstrainedSubsequenceSum_List_Imperative
COMMAND: why3 execute --use ConstrainedSubsequenceSum_List_Imperative ./1425_constrained-subsequence-sum/implementations/list-imperative/list-imperative.mlw 'run_tests ()'

Warning, file "./1425_constrained-subsequence-sum/implementations/list-imperative/list-imperative.mlw", line 17, character 4 to line 26, character 8: termination of this expression cannot be proved, but there is no `diverges' clause in the outer specification
Warning, file "./1425_constrained-subsequence-sum/implementations/list-imperative/list-imperative.mlw", line 40, characters 32-64: termination of this expression cannot be proved, but there is no `diverges' clause in the outer specification
Warning, file "./1425_constrained-subsequence-sum/implementations/list-imperative/list-imperative.mlw", line 36, character 8 to line 46, character 12: termination of this expression cannot be proved, but there is no `diverges' clause in the outer specification
Warning, file "./1425_constrained-subsequence-sum/implementations/list-imperative/list-imperative.mlw", line 51, characters 12-51: termination of this expression cannot be proved, but there is no `diverges' clause in the outer specification
Warning, file "./1425_constrained-subsequence-sum/implementations/list-imperative/list-imperative.mlw", line 56, characters 4-24: termination of this expression cannot be proved, but there is no `diverges' clause in the outer specification
Warning, file "./1425_constrained-subsequence-sum/implementations/list-imperative/list-imperative.mlw", line 60, characters 4-24: termination of this expression cannot be proved, but there is no `diverges' clause in the outer specification
Warning, file "./1425_constrained-subsequence-sum/implementations/list-imperative/list-imperative.mlw", line 64, characters 4-24: termination of this expression cannot be proved, but there is no `diverges' clause in the outer specification
Warning, file "./1425_constrained-subsequence-sum/implementations/list-imperative/list-imperative.mlw", line 68, characters 4-24: termination of this expression cannot be proved, but there is no `diverges' clause in the outer specification
Warning, file "./1425_constrained-subsequence-sum/implementations/list-imperative/list-imperative.mlw", line 72, characters 4-26: termination of this expression cannot be proved, but there is no `diverges' clause in the outer specification
Warning, file "./1425_constrained-subsequence-sum/implementations/list-imperative/list-imperative.mlw", line 76, characters 4-24: termination of this expression cannot be proved, but there is no `diverges' clause in the outer specification
Warning, file "./1425_constrained-subsequence-sum/implementations/list-imperative/list-imperative.mlw", line 80, characters 4-26: termination of this expression cannot be proved, but there is no `diverges' clause in the outer specification
Warning, file "./1425_constrained-subsequence-sum/implementations/list-imperative/list-imperative.mlw", line 84, characters 4-24: termination of this expression cannot be proved, but there is no `diverges' clause in the outer specification
Warning, file "./1425_constrained-subsequence-sum/implementations/list-imperative/list-imperative.mlw", line 88, characters 4-24: termination of this expression cannot be proved, but there is no `diverges' clause in the outer specification
Warning, file "./1425_constrained-subsequence-sum/implementations/list-imperative/list-imperative.mlw", line 92, characters 4-23: termination of this expression cannot be proved, but there is no `diverges' clause in the outer specification
Warning, file "./1425_constrained-subsequence-sum/implementations/list-imperative/list-imperative.mlw", line 96, characters 4-24: termination of this expression cannot be proved, but there is no `diverges' clause in the outer specification
Warning, file "./1425_constrained-subsequence-sum/implementations/list-imperative/list-imperative.mlw", line 100, characters 4-24: termination of this expression cannot be proved, but there is no `diverges' clause in the outer specification
Warning, file "./1425_constrained-subsequence-sum/implementations/list-imperative/list-imperative.mlw", line 104, characters 4-25: termination of this expression cannot be proved, but there is no `diverges' clause in the outer specification
Warning, file "./1425_constrained-subsequence-sum/implementations/list-imperative/list-imperative.mlw", line 108, characters 4-25: termination of this expression cannot be proved, but there is no `diverges' clause in the outer specification
Warning, file "./1425_constrained-subsequence-sum/implementations/list-imperative/list-imperative.mlw", line 112, characters 4-26: termination of this expression cannot be proved, but there is no `diverges' clause in the outer specification
Warning, file "./1425_constrained-subsequence-sum/implementations/list-imperative/list-imperative.mlw", line 116, characters 4-27: termination of this expression cannot be proved, but there is no `diverges' clause in the outer specification
Warning, file "./1425_constrained-subsequence-sum/implementations/list-imperative/list-imperative.mlw", line 120, characters 4-25: termination of this expression cannot be proved, but there is no `diverges' clause in the outer specification
Warning, file "./1425_constrained-subsequence-sum/implementations/list-imperative/list-imperative.mlw", line 124, characters 4-25: termination of this expression cannot be proved, but there is no `diverges' clause in the outer specification
Warning, file "./1425_constrained-subsequence-sum/implementations/list-imperative/list-imperative.mlw", line 128, characters 4-25: termination of this expression cannot be proved, but there is no `diverges' clause in the outer specification
Warning, file "./1425_constrained-subsequence-sum/implementations/list-imperative/list-imperative.mlw", line 132, characters 4-26: termination of this expression cannot be proved, but there is no `diverges' clause in the outer specification
Warning, file "./1425_constrained-subsequence-sum/implementations/list-imperative/list-imperative.mlw", line 154, characters 7-18: termination of this expression cannot be proved, but there is no `diverges' clause in the outer specification
Warning, file "./1425_constrained-subsequence-sum/implementations/list-imperative/list-imperative.mlw", line 153, characters 7-18: termination of this expression cannot be proved, but there is no `diverges' clause in the outer specification
Warning, file "./1425_constrained-subsequence-sum/implementations/list-imperative/list-imperative.mlw", line 152, characters 7-18: termination of this expression cannot be proved, but there is no `diverges' clause in the outer specification
Warning, file "./1425_constrained-subsequence-sum/implementations/list-imperative/list-imperative.mlw", line 151, characters 7-18: termination of this expression cannot be proved, but there is no `diverges' clause in the outer specification
Warning, file "./1425_constrained-subsequence-sum/implementations/list-imperative/list-imperative.mlw", line 150, characters 7-18: termination of this expression cannot be proved, but there is no `diverges' clause in the outer specification
Warning, file "./1425_constrained-subsequence-sum/implementations/list-imperative/list-imperative.mlw", line 149, characters 7-18: termination of this expression cannot be proved, but there is no `diverges' clause in the outer specification
Warning, file "./1425_constrained-subsequence-sum/implementations/list-imperative/list-imperative.mlw", line 148, characters 7-18: termination of this expression cannot be proved, but there is no `diverges' clause in the outer specification
Warning, file "./1425_constrained-subsequence-sum/implementations/list-imperative/list-imperative.mlw", line 147, characters 7-18: termination of this expression cannot be proved, but there is no `diverges' clause in the outer specification
Warning, file "./1425_constrained-subsequence-sum/implementations/list-imperative/list-imperative.mlw", line 146, characters 7-18: termination of this expression cannot be proved, but there is no `diverges' clause in the outer specification
Warning, file "./1425_constrained-subsequence-sum/implementations/list-imperative/list-imperative.mlw", line 145, characters 7-18: termination of this expression cannot be proved, but there is no `diverges' clause in the outer specification
Warning, file "./1425_constrained-subsequence-sum/implementations/list-imperative/list-imperative.mlw", line 144, characters 7-18: termination of this expression cannot be proved, but there is no `diverges' clause in the outer specification
Warning, file "./1425_constrained-subsequence-sum/implementations/list-imperative/list-imperative.mlw", line 143, characters 7-18: termination of this expression cannot be proved, but there is no `diverges' clause in the outer specification
Warning, file "./1425_constrained-subsequence-sum/implementations/list-imperative/list-imperative.mlw", line 142, characters 7-18: termination of this expression cannot be proved, but there is no `diverges' clause in the outer specification
Warning, file "./1425_constrained-subsequence-sum/implementations/list-imperative/list-imperative.mlw", line 141, characters 7-18: termination of this expression cannot be proved, but there is no `diverges' clause in the outer specification
Warning, file "./1425_constrained-subsequence-sum/implementations/list-imperative/list-imperative.mlw", line 140, characters 7-18: termination of this expression cannot be proved, but there is no `diverges' clause in the outer specification
Warning, file "./1425_constrained-subsequence-sum/implementations/list-imperative/list-imperative.mlw", line 139, characters 7-18: termination of this expression cannot be proved, but there is no `diverges' clause in the outer specification
Warning, file "./1425_constrained-subsequence-sum/implementations/list-imperative/list-imperative.mlw", line 138, characters 7-18: termination of this expression cannot be proved, but there is no `diverges' clause in the outer specification
Warning, file "./1425_constrained-subsequence-sum/implementations/list-imperative/list-imperative.mlw", line 137, characters 7-18: termination of this expression cannot be proved, but there is no `diverges' clause in the outer specification
Warning, file "./1425_constrained-subsequence-sum/implementations/list-imperative/list-imperative.mlw", line 136, characters 7-18: termination of this expression cannot be proved, but there is no `diverges' clause in the outer specification
Warning, file "./1425_constrained-subsequence-sum/implementations/list-imperative/list-imperative.mlw", line 135, characters 7-18: termination of this expression cannot be proved, but there is no `diverges' clause in the outer specification
result: bool = true
globals: <none>

EXECUTE_EXIT_CODE: 0
