FILE: ./1187_make-array-strictly-increasing/implementations/list-imperative/list-imperative.mlw
MODULE: MakeArrayStrictlyIncreasing_List_Imperative
COMMAND: why3 execute --use MakeArrayStrictlyIncreasing_List_Imperative ./1187_make-array-strictly-increasing/implementations/list-imperative/list-imperative.mlw 'run_tests ()'

Warning, file "./1187_make-array-strictly-increasing/implementations/list-imperative/list-imperative.mlw", line 12, character 4 to line 19, character 8: termination of this expression cannot be proved, but there is no `diverges' clause in the outer specification
Warning, file "./1187_make-array-strictly-increasing/implementations/list-imperative/list-imperative.mlw", line 46, characters 18-37: termination of this expression cannot be proved, but there is no `diverges' clause in the outer specification
Warning, file "./1187_make-array-strictly-increasing/implementations/list-imperative/list-imperative.mlw", line 26, character 4 to line 45, character 8: termination of this expression cannot be proved, but there is no `diverges' clause in the outer specification
Warning, file "./1187_make-array-strictly-increasing/implementations/list-imperative/list-imperative.mlw", line 58, characters 20-52: termination of this expression cannot be proved, but there is no `diverges' clause in the outer specification
Warning, file "./1187_make-array-strictly-increasing/implementations/list-imperative/list-imperative.mlw", line 53, character 4 to line 62, character 8: termination of this expression cannot be proved, but there is no `diverges' clause in the outer specification
Warning, file "./1187_make-array-strictly-increasing/implementations/list-imperative/list-imperative.mlw", line 72, characters 18-41: termination of this expression cannot be proved, but there is no `diverges' clause in the outer specification
Warning, file "./1187_make-array-strictly-increasing/implementations/list-imperative/list-imperative.mlw", line 68, character 4 to line 75, character 8: termination of this expression cannot be proved, but there is no `diverges' clause in the outer specification
Warning, file "./1187_make-array-strictly-increasing/implementations/list-imperative/list-imperative.mlw", line 91, characters 24-67: termination of this expression cannot be proved, but there is no `diverges' clause in the outer specification
Warning, file "./1187_make-array-strictly-increasing/implementations/list-imperative/list-imperative.mlw", line 89, characters 26-52: termination of this expression cannot be proved, but there is no `diverges' clause in the outer specification
Warning, file "./1187_make-array-strictly-increasing/implementations/list-imperative/list-imperative.mlw", line 81, character 4 to line 96, character 8: termination of this expression cannot be proved, but there is no `diverges' clause in the outer specification
Warning, file "./1187_make-array-strictly-increasing/implementations/list-imperative/list-imperative.mlw", line 102, character 4 to line 118, character 8: termination of this expression cannot be proved, but there is no `diverges' clause in the outer specification
Warning, file "./1187_make-array-strictly-increasing/implementations/list-imperative/list-imperative.mlw", line 137, characters 8-24: termination of this expression cannot be proved, but there is no `diverges' clause in the outer specification
Warning, file "./1187_make-array-strictly-increasing/implementations/list-imperative/list-imperative.mlw", line 133, characters 24-50: termination of this expression cannot be proved, but there is no `diverges' clause in the outer specification
Warning, file "./1187_make-array-strictly-increasing/implementations/list-imperative/list-imperative.mlw", line 129, character 8 to line 136, character 12: termination of this expression cannot be proved, but there is no `diverges' clause in the outer specification
Warning, file "./1187_make-array-strictly-increasing/implementations/list-imperative/list-imperative.mlw", line 127, characters 18-55: termination of this expression cannot be proved, but there is no `diverges' clause in the outer specification
Warning, file "./1187_make-array-strictly-increasing/implementations/list-imperative/list-imperative.mlw", line 126, characters 18-43: termination of this expression cannot be proved, but there is no `diverges' clause in the outer specification
Warning, file "./1187_make-array-strictly-increasing/implementations/list-imperative/list-imperative.mlw", line 143, characters 12-57: termination of this expression cannot be proved, but there is no `diverges' clause in the outer specification
Warning, file "./1187_make-array-strictly-increasing/implementations/list-imperative/list-imperative.mlw", line 149, characters 12-57: termination of this expression cannot be proved, but there is no `diverges' clause in the outer specification
Warning, file "./1187_make-array-strictly-increasing/implementations/list-imperative/list-imperative.mlw", line 155, characters 12-57: termination of this expression cannot be proved, but there is no `diverges' clause in the outer specification
Warning, file "./1187_make-array-strictly-increasing/implementations/list-imperative/list-imperative.mlw", line 161, characters 12-57: termination of this expression cannot be proved, but there is no `diverges' clause in the outer specification
Warning, file "./1187_make-array-strictly-increasing/implementations/list-imperative/list-imperative.mlw", line 167, characters 12-57: termination of this expression cannot be proved, but there is no `diverges' clause in the outer specification
Warning, file "./1187_make-array-strictly-increasing/implementations/list-imperative/list-imperative.mlw", line 173, characters 12-57: termination of this expression cannot be proved, but there is no `diverges' clause in the outer specification
Warning, file "./1187_make-array-strictly-increasing/implementations/list-imperative/list-imperative.mlw", line 179, characters 12-57: termination of this expression cannot be proved, but there is no `diverges' clause in the outer specification
Warning, file "./1187_make-array-strictly-increasing/implementations/list-imperative/list-imperative.mlw", line 185, characters 12-57: termination of this expression cannot be proved, but there is no `diverges' clause in the outer specification
Warning, file "./1187_make-array-strictly-increasing/implementations/list-imperative/list-imperative.mlw", line 191, characters 12-57: termination of this expression cannot be proved, but there is no `diverges' clause in the outer specification
Warning, file "./1187_make-array-strictly-increasing/implementations/list-imperative/list-imperative.mlw", line 197, characters 12-57: termination of this expression cannot be proved, but there is no `diverges' clause in the outer specification
Warning, file "./1187_make-array-strictly-increasing/implementations/list-imperative/list-imperative.mlw", line 203, characters 12-57: termination of this expression cannot be proved, but there is no `diverges' clause in the outer specification
Warning, file "./1187_make-array-strictly-increasing/implementations/list-imperative/list-imperative.mlw", line 209, characters 12-57: termination of this expression cannot be proved, but there is no `diverges' clause in the outer specification
Warning, file "./1187_make-array-strictly-increasing/implementations/list-imperative/list-imperative.mlw", line 215, characters 12-57: termination of this expression cannot be proved, but there is no `diverges' clause in the outer specification
Warning, file "./1187_make-array-strictly-increasing/implementations/list-imperative/list-imperative.mlw", line 221, characters 12-57: termination of this expression cannot be proved, but there is no `diverges' clause in the outer specification
Warning, file "./1187_make-array-strictly-increasing/implementations/list-imperative/list-imperative.mlw", line 227, characters 12-57: termination of this expression cannot be proved, but there is no `diverges' clause in the outer specification
Warning, file "./1187_make-array-strictly-increasing/implementations/list-imperative/list-imperative.mlw", line 233, characters 12-57: termination of this expression cannot be proved, but there is no `diverges' clause in the outer specification
Warning, file "./1187_make-array-strictly-increasing/implementations/list-imperative/list-imperative.mlw", line 239, characters 12-57: termination of this expression cannot be proved, but there is no `diverges' clause in the outer specification
Warning, file "./1187_make-array-strictly-increasing/implementations/list-imperative/list-imperative.mlw", line 245, characters 12-57: termination of this expression cannot be proved, but there is no `diverges' clause in the outer specification
Warning, file "./1187_make-array-strictly-increasing/implementations/list-imperative/list-imperative.mlw", line 251, characters 12-57: termination of this expression cannot be proved, but there is no `diverges' clause in the outer specification
Warning, file "./1187_make-array-strictly-increasing/implementations/list-imperative/list-imperative.mlw", line 257, characters 12-57: termination of this expression cannot be proved, but there is no `diverges' clause in the outer specification
Warning, file "./1187_make-array-strictly-increasing/implementations/list-imperative/list-imperative.mlw", line 280, characters 7-23: termination of this expression cannot be proved, but there is no `diverges' clause in the outer specification
Warning, file "./1187_make-array-strictly-increasing/implementations/list-imperative/list-imperative.mlw", line 279, characters 7-23: termination of this expression cannot be proved, but there is no `diverges' clause in the outer specification
Warning, file "./1187_make-array-strictly-increasing/implementations/list-imperative/list-imperative.mlw", line 278, characters 7-23: termination of this expression cannot be proved, but there is no `diverges' clause in the outer specification
Warning, file "./1187_make-array-strictly-increasing/implementations/list-imperative/list-imperative.mlw", line 277, characters 7-23: termination of this expression cannot be proved, but there is no `diverges' clause in the outer specification
Warning, file "./1187_make-array-strictly-increasing/implementations/list-imperative/list-imperative.mlw", line 276, characters 7-23: termination of this expression cannot be proved, but there is no `diverges' clause in the outer specification
Warning, file "./1187_make-array-strictly-increasing/implementations/list-imperative/list-imperative.mlw", line 275, characters 7-23: termination of this expression cannot be proved, but there is no `diverges' clause in the outer specification
Warning, file "./1187_make-array-strictly-increasing/implementations/list-imperative/list-imperative.mlw", line 274, characters 7-23: termination of this expression cannot be proved, but there is no `diverges' clause in the outer specification
Warning, file "./1187_make-array-strictly-increasing/implementations/list-imperative/list-imperative.mlw", line 273, characters 7-23: termination of this expression cannot be proved, but there is no `diverges' clause in the outer specification
Warning, file "./1187_make-array-strictly-increasing/implementations/list-imperative/list-imperative.mlw", line 272, characters 7-23: termination of this expression cannot be proved, but there is no `diverges' clause in the outer specification
Warning, file "./1187_make-array-strictly-increasing/implementations/list-imperative/list-imperative.mlw", line 271, characters 7-23: termination of this expression cannot be proved, but there is no `diverges' clause in the outer specification
Warning, file "./1187_make-array-strictly-increasing/implementations/list-imperative/list-imperative.mlw", line 270, characters 7-23: termination of this expression cannot be proved, but there is no `diverges' clause in the outer specification
Warning, file "./1187_make-array-strictly-increasing/implementations/list-imperative/list-imperative.mlw", line 269, characters 7-23: termination of this expression cannot be proved, but there is no `diverges' clause in the outer specification
Warning, file "./1187_make-array-strictly-increasing/implementations/list-imperative/list-imperative.mlw", line 268, characters 7-23: termination of this expression cannot be proved, but there is no `diverges' clause in the outer specification
Warning, file "./1187_make-array-strictly-increasing/implementations/list-imperative/list-imperative.mlw", line 267, characters 7-23: termination of this expression cannot be proved, but there is no `diverges' clause in the outer specification
Warning, file "./1187_make-array-strictly-increasing/implementations/list-imperative/list-imperative.mlw", line 266, characters 7-23: termination of this expression cannot be proved, but there is no `diverges' clause in the outer specification
Warning, file "./1187_make-array-strictly-increasing/implementations/list-imperative/list-imperative.mlw", line 265, characters 7-23: termination of this expression cannot be proved, but there is no `diverges' clause in the outer specification
Warning, file "./1187_make-array-strictly-increasing/implementations/list-imperative/list-imperative.mlw", line 264, characters 7-23: termination of this expression cannot be proved, but there is no `diverges' clause in the outer specification
Warning, file "./1187_make-array-strictly-increasing/implementations/list-imperative/list-imperative.mlw", line 263, characters 7-23: termination of this expression cannot be proved, but there is no `diverges' clause in the outer specification
Warning, file "./1187_make-array-strictly-increasing/implementations/list-imperative/list-imperative.mlw", line 262, characters 7-23: termination of this expression cannot be proved, but there is no `diverges' clause in the outer specification
Warning, file "./1187_make-array-strictly-increasing/implementations/list-imperative/list-imperative.mlw", line 261, characters 7-23: termination of this expression cannot be proved, but there is no `diverges' clause in the outer specification
result: bool = true
globals: <none>

EXECUTE_EXIT_CODE: 0
