FILE: ./2107_number-of-unique-flavors-after-sharing-k-candies/implementations/list-imperative/list-imperative.mlw
MODULE: NumberOfUniqueFlavorsAfterSharingKCandies_List_Imperative_Implementation
COMMAND: why3 execute --use NumberOfUniqueFlavorsAfterSharingKCandies_List_Imperative_Implementation ./2107_number-of-unique-flavors-after-sharing-k-candies/implementations/list-imperative/list-imperative.mlw 'run_tests ()'

Warning, file "./2107_number-of-unique-flavors-after-sharing-k-candies/implementations/list-imperative/list-imperative.mlw", line 12, character 4 to line 19, character 8: termination of this expression cannot be proved, but there is no `diverges' clause in the outer specification
Warning, file "./2107_number-of-unique-flavors-after-sharing-k-candies/implementations/list-imperative/list-imperative.mlw", line 25, character 6 to line 32, character 10: termination of this expression cannot be proved, but there is no `diverges' clause in the outer specification
Warning, file "./2107_number-of-unique-flavors-after-sharing-k-candies/implementations/list-imperative/list-imperative.mlw", line 41, character 4 to line 48, character 8: termination of this expression cannot be proved, but there is no `diverges' clause in the outer specification
Warning, file "./2107_number-of-unique-flavors-after-sharing-k-candies/implementations/list-imperative/list-imperative.mlw", line 59, characters 29-54: termination of this expression cannot be proved, but there is no `diverges' clause in the outer specification
Warning, file "./2107_number-of-unique-flavors-after-sharing-k-candies/implementations/list-imperative/list-imperative.mlw", line 55, character 4 to line 66, character 8: termination of this expression cannot be proved, but there is no `diverges' clause in the outer specification
Warning, file "./2107_number-of-unique-flavors-after-sharing-k-candies/implementations/list-imperative/list-imperative.mlw", line 85, characters 4-21: termination of this expression cannot be proved, but there is no `diverges' clause in the outer specification
Warning, file "./2107_number-of-unique-flavors-after-sharing-k-candies/implementations/list-imperative/list-imperative.mlw", line 73, character 4 to line 84, character 8: termination of this expression cannot be proved, but there is no `diverges' clause in the outer specification
Warning, file "./2107_number-of-unique-flavors-after-sharing-k-candies/implementations/list-imperative/list-imperative.mlw", line 95, characters 20-37: termination of this expression cannot be proved, but there is no `diverges' clause in the outer specification
Warning, file "./2107_number-of-unique-flavors-after-sharing-k-candies/implementations/list-imperative/list-imperative.mlw", line 94, characters 17-52: termination of this expression cannot be proved, but there is no `diverges' clause in the outer specification
Warning, file "./2107_number-of-unique-flavors-after-sharing-k-candies/implementations/list-imperative/list-imperative.mlw", line 93, character 4 to line 98, character 8: termination of this expression cannot be proved, but there is no `diverges' clause in the outer specification
Warning, file "./2107_number-of-unique-flavors-after-sharing-k-candies/implementations/list-imperative/list-imperative.mlw", line 89, characters 12-31: termination of this expression cannot be proved, but there is no `diverges' clause in the outer specification
Warning, file "./2107_number-of-unique-flavors-after-sharing-k-candies/implementations/list-imperative/list-imperative.mlw", line 103, characters 12-75: termination of this expression cannot be proved, but there is no `diverges' clause in the outer specification
Warning, file "./2107_number-of-unique-flavors-after-sharing-k-candies/implementations/list-imperative/list-imperative.mlw", line 110, characters 12-75: termination of this expression cannot be proved, but there is no `diverges' clause in the outer specification
Warning, file "./2107_number-of-unique-flavors-after-sharing-k-candies/implementations/list-imperative/list-imperative.mlw", line 115, characters 12-75: termination of this expression cannot be proved, but there is no `diverges' clause in the outer specification
Warning, file "./2107_number-of-unique-flavors-after-sharing-k-candies/implementations/list-imperative/list-imperative.mlw", line 120, characters 12-75: termination of this expression cannot be proved, but there is no `diverges' clause in the outer specification
Warning, file "./2107_number-of-unique-flavors-after-sharing-k-candies/implementations/list-imperative/list-imperative.mlw", line 125, characters 12-75: termination of this expression cannot be proved, but there is no `diverges' clause in the outer specification
Warning, file "./2107_number-of-unique-flavors-after-sharing-k-candies/implementations/list-imperative/list-imperative.mlw", line 130, characters 12-75: termination of this expression cannot be proved, but there is no `diverges' clause in the outer specification
Warning, file "./2107_number-of-unique-flavors-after-sharing-k-candies/implementations/list-imperative/list-imperative.mlw", line 135, characters 12-75: termination of this expression cannot be proved, but there is no `diverges' clause in the outer specification
Warning, file "./2107_number-of-unique-flavors-after-sharing-k-candies/implementations/list-imperative/list-imperative.mlw", line 140, characters 12-75: termination of this expression cannot be proved, but there is no `diverges' clause in the outer specification
Warning, file "./2107_number-of-unique-flavors-after-sharing-k-candies/implementations/list-imperative/list-imperative.mlw", line 145, characters 12-75: termination of this expression cannot be proved, but there is no `diverges' clause in the outer specification
Warning, file "./2107_number-of-unique-flavors-after-sharing-k-candies/implementations/list-imperative/list-imperative.mlw", line 150, characters 12-76: termination of this expression cannot be proved, but there is no `diverges' clause in the outer specification
Warning, file "./2107_number-of-unique-flavors-after-sharing-k-candies/implementations/list-imperative/list-imperative.mlw", line 155, characters 12-75: termination of this expression cannot be proved, but there is no `diverges' clause in the outer specification
Warning, file "./2107_number-of-unique-flavors-after-sharing-k-candies/implementations/list-imperative/list-imperative.mlw", line 160, characters 12-75: termination of this expression cannot be proved, but there is no `diverges' clause in the outer specification
Warning, file "./2107_number-of-unique-flavors-after-sharing-k-candies/implementations/list-imperative/list-imperative.mlw", line 165, characters 12-75: termination of this expression cannot be proved, but there is no `diverges' clause in the outer specification
Warning, file "./2107_number-of-unique-flavors-after-sharing-k-candies/implementations/list-imperative/list-imperative.mlw", line 170, characters 12-75: termination of this expression cannot be proved, but there is no `diverges' clause in the outer specification
Warning, file "./2107_number-of-unique-flavors-after-sharing-k-candies/implementations/list-imperative/list-imperative.mlw", line 175, characters 12-75: termination of this expression cannot be proved, but there is no `diverges' clause in the outer specification
Warning, file "./2107_number-of-unique-flavors-after-sharing-k-candies/implementations/list-imperative/list-imperative.mlw", line 180, characters 12-75: termination of this expression cannot be proved, but there is no `diverges' clause in the outer specification
Warning, file "./2107_number-of-unique-flavors-after-sharing-k-candies/implementations/list-imperative/list-imperative.mlw", line 185, characters 12-76: termination of this expression cannot be proved, but there is no `diverges' clause in the outer specification
Warning, file "./2107_number-of-unique-flavors-after-sharing-k-candies/implementations/list-imperative/list-imperative.mlw", line 190, characters 12-75: termination of this expression cannot be proved, but there is no `diverges' clause in the outer specification
Warning, file "./2107_number-of-unique-flavors-after-sharing-k-candies/implementations/list-imperative/list-imperative.mlw", line 197, characters 12-75: termination of this expression cannot be proved, but there is no `diverges' clause in the outer specification
Warning, file "./2107_number-of-unique-flavors-after-sharing-k-candies/implementations/list-imperative/list-imperative.mlw", line 202, characters 12-75: termination of this expression cannot be proved, but there is no `diverges' clause in the outer specification
Warning, file "./2107_number-of-unique-flavors-after-sharing-k-candies/implementations/list-imperative/list-imperative.mlw", line 225, characters 7-18: termination of this expression cannot be proved, but there is no `diverges' clause in the outer specification
Warning, file "./2107_number-of-unique-flavors-after-sharing-k-candies/implementations/list-imperative/list-imperative.mlw", line 224, characters 7-18: termination of this expression cannot be proved, but there is no `diverges' clause in the outer specification
Warning, file "./2107_number-of-unique-flavors-after-sharing-k-candies/implementations/list-imperative/list-imperative.mlw", line 223, characters 7-18: termination of this expression cannot be proved, but there is no `diverges' clause in the outer specification
Warning, file "./2107_number-of-unique-flavors-after-sharing-k-candies/implementations/list-imperative/list-imperative.mlw", line 222, characters 7-18: termination of this expression cannot be proved, but there is no `diverges' clause in the outer specification
Warning, file "./2107_number-of-unique-flavors-after-sharing-k-candies/implementations/list-imperative/list-imperative.mlw", line 221, characters 7-18: termination of this expression cannot be proved, but there is no `diverges' clause in the outer specification
Warning, file "./2107_number-of-unique-flavors-after-sharing-k-candies/implementations/list-imperative/list-imperative.mlw", line 220, characters 7-18: termination of this expression cannot be proved, but there is no `diverges' clause in the outer specification
Warning, file "./2107_number-of-unique-flavors-after-sharing-k-candies/implementations/list-imperative/list-imperative.mlw", line 219, characters 7-18: termination of this expression cannot be proved, but there is no `diverges' clause in the outer specification
Warning, file "./2107_number-of-unique-flavors-after-sharing-k-candies/implementations/list-imperative/list-imperative.mlw", line 218, characters 7-18: termination of this expression cannot be proved, but there is no `diverges' clause in the outer specification
Warning, file "./2107_number-of-unique-flavors-after-sharing-k-candies/implementations/list-imperative/list-imperative.mlw", line 217, characters 7-18: termination of this expression cannot be proved, but there is no `diverges' clause in the outer specification
Warning, file "./2107_number-of-unique-flavors-after-sharing-k-candies/implementations/list-imperative/list-imperative.mlw", line 216, characters 7-18: termination of this expression cannot be proved, but there is no `diverges' clause in the outer specification
Warning, file "./2107_number-of-unique-flavors-after-sharing-k-candies/implementations/list-imperative/list-imperative.mlw", line 215, characters 7-18: termination of this expression cannot be proved, but there is no `diverges' clause in the outer specification
Warning, file "./2107_number-of-unique-flavors-after-sharing-k-candies/implementations/list-imperative/list-imperative.mlw", line 214, characters 7-18: termination of this expression cannot be proved, but there is no `diverges' clause in the outer specification
Warning, file "./2107_number-of-unique-flavors-after-sharing-k-candies/implementations/list-imperative/list-imperative.mlw", line 213, characters 7-18: termination of this expression cannot be proved, but there is no `diverges' clause in the outer specification
Warning, file "./2107_number-of-unique-flavors-after-sharing-k-candies/implementations/list-imperative/list-imperative.mlw", line 212, characters 7-18: termination of this expression cannot be proved, but there is no `diverges' clause in the outer specification
Warning, file "./2107_number-of-unique-flavors-after-sharing-k-candies/implementations/list-imperative/list-imperative.mlw", line 211, characters 7-18: termination of this expression cannot be proved, but there is no `diverges' clause in the outer specification
Warning, file "./2107_number-of-unique-flavors-after-sharing-k-candies/implementations/list-imperative/list-imperative.mlw", line 210, characters 7-18: termination of this expression cannot be proved, but there is no `diverges' clause in the outer specification
Warning, file "./2107_number-of-unique-flavors-after-sharing-k-candies/implementations/list-imperative/list-imperative.mlw", line 209, characters 7-18: termination of this expression cannot be proved, but there is no `diverges' clause in the outer specification
Warning, file "./2107_number-of-unique-flavors-after-sharing-k-candies/implementations/list-imperative/list-imperative.mlw", line 208, characters 7-18: termination of this expression cannot be proved, but there is no `diverges' clause in the outer specification
Warning, file "./2107_number-of-unique-flavors-after-sharing-k-candies/implementations/list-imperative/list-imperative.mlw", line 207, characters 7-18: termination of this expression cannot be proved, but there is no `diverges' clause in the outer specification
Warning, file "./2107_number-of-unique-flavors-after-sharing-k-candies/implementations/list-imperative/list-imperative.mlw", line 206, characters 7-18: termination of this expression cannot be proved, but there is no `diverges' clause in the outer specification
result: bool = true
globals: <none>

EXECUTE_EXIT_CODE: 0
