FILE: ./300_longest-increasing-subsequence/implementations/list-imperative/list-imperative.mlw
MODULE: LongestIncreasingSubsequence_List_Imperative
COMMAND: why3 execute --use LongestIncreasingSubsequence_List_Imperative ./300_longest-increasing-subsequence/implementations/list-imperative/list-imperative.mlw 'run_tests ()'

Warning, file "./300_longest-increasing-subsequence/implementations/list-imperative/list-imperative.mlw", line 19, character 10 to line 32, character 14: termination of this expression cannot be proved, but there is no `diverges' clause in the outer specification
Warning, file "./300_longest-increasing-subsequence/implementations/list-imperative/list-imperative.mlw", line 12, character 4 to line 38, character 8: termination of this expression cannot be proved, but there is no `diverges' clause in the outer specification
Warning, file "./300_longest-increasing-subsequence/implementations/list-imperative/list-imperative.mlw", line 43, characters 12-52: termination of this expression cannot be proved, but there is no `diverges' clause in the outer specification
Warning, file "./300_longest-increasing-subsequence/implementations/list-imperative/list-imperative.mlw", line 48, characters 12-52: termination of this expression cannot be proved, but there is no `diverges' clause in the outer specification
Warning, file "./300_longest-increasing-subsequence/implementations/list-imperative/list-imperative.mlw", line 53, characters 12-52: termination of this expression cannot be proved, but there is no `diverges' clause in the outer specification
Warning, file "./300_longest-increasing-subsequence/implementations/list-imperative/list-imperative.mlw", line 58, characters 12-52: termination of this expression cannot be proved, but there is no `diverges' clause in the outer specification
Warning, file "./300_longest-increasing-subsequence/implementations/list-imperative/list-imperative.mlw", line 63, characters 12-52: termination of this expression cannot be proved, but there is no `diverges' clause in the outer specification
Warning, file "./300_longest-increasing-subsequence/implementations/list-imperative/list-imperative.mlw", line 68, characters 12-52: termination of this expression cannot be proved, but there is no `diverges' clause in the outer specification
Warning, file "./300_longest-increasing-subsequence/implementations/list-imperative/list-imperative.mlw", line 73, characters 12-52: termination of this expression cannot be proved, but there is no `diverges' clause in the outer specification
Warning, file "./300_longest-increasing-subsequence/implementations/list-imperative/list-imperative.mlw", line 78, characters 12-52: termination of this expression cannot be proved, but there is no `diverges' clause in the outer specification
Warning, file "./300_longest-increasing-subsequence/implementations/list-imperative/list-imperative.mlw", line 83, characters 12-52: termination of this expression cannot be proved, but there is no `diverges' clause in the outer specification
Warning, file "./300_longest-increasing-subsequence/implementations/list-imperative/list-imperative.mlw", line 88, characters 12-52: termination of this expression cannot be proved, but there is no `diverges' clause in the outer specification
Warning, file "./300_longest-increasing-subsequence/implementations/list-imperative/list-imperative.mlw", line 93, characters 12-52: termination of this expression cannot be proved, but there is no `diverges' clause in the outer specification
Warning, file "./300_longest-increasing-subsequence/implementations/list-imperative/list-imperative.mlw", line 98, characters 12-52: termination of this expression cannot be proved, but there is no `diverges' clause in the outer specification
Warning, file "./300_longest-increasing-subsequence/implementations/list-imperative/list-imperative.mlw", line 103, characters 12-52: termination of this expression cannot be proved, but there is no `diverges' clause in the outer specification
Warning, file "./300_longest-increasing-subsequence/implementations/list-imperative/list-imperative.mlw", line 108, characters 12-52: termination of this expression cannot be proved, but there is no `diverges' clause in the outer specification
Warning, file "./300_longest-increasing-subsequence/implementations/list-imperative/list-imperative.mlw", line 113, characters 12-52: termination of this expression cannot be proved, but there is no `diverges' clause in the outer specification
Warning, file "./300_longest-increasing-subsequence/implementations/list-imperative/list-imperative.mlw", line 118, characters 12-52: termination of this expression cannot be proved, but there is no `diverges' clause in the outer specification
Warning, file "./300_longest-increasing-subsequence/implementations/list-imperative/list-imperative.mlw", line 123, characters 12-52: termination of this expression cannot be proved, but there is no `diverges' clause in the outer specification
Warning, file "./300_longest-increasing-subsequence/implementations/list-imperative/list-imperative.mlw", line 128, characters 12-52: termination of this expression cannot be proved, but there is no `diverges' clause in the outer specification
Warning, file "./300_longest-increasing-subsequence/implementations/list-imperative/list-imperative.mlw", line 133, characters 12-52: termination of this expression cannot be proved, but there is no `diverges' clause in the outer specification
Warning, file "./300_longest-increasing-subsequence/implementations/list-imperative/list-imperative.mlw", line 138, characters 12-52: termination of this expression cannot be proved, but there is no `diverges' clause in the outer specification
Warning, file "./300_longest-increasing-subsequence/implementations/list-imperative/list-imperative.mlw", line 161, characters 7-18: termination of this expression cannot be proved, but there is no `diverges' clause in the outer specification
Warning, file "./300_longest-increasing-subsequence/implementations/list-imperative/list-imperative.mlw", line 160, characters 7-18: termination of this expression cannot be proved, but there is no `diverges' clause in the outer specification
Warning, file "./300_longest-increasing-subsequence/implementations/list-imperative/list-imperative.mlw", line 159, characters 7-18: termination of this expression cannot be proved, but there is no `diverges' clause in the outer specification
Warning, file "./300_longest-increasing-subsequence/implementations/list-imperative/list-imperative.mlw", line 158, characters 7-18: termination of this expression cannot be proved, but there is no `diverges' clause in the outer specification
Warning, file "./300_longest-increasing-subsequence/implementations/list-imperative/list-imperative.mlw", line 157, characters 7-18: termination of this expression cannot be proved, but there is no `diverges' clause in the outer specification
Warning, file "./300_longest-increasing-subsequence/implementations/list-imperative/list-imperative.mlw", line 156, characters 7-18: termination of this expression cannot be proved, but there is no `diverges' clause in the outer specification
Warning, file "./300_longest-increasing-subsequence/implementations/list-imperative/list-imperative.mlw", line 155, characters 7-18: termination of this expression cannot be proved, but there is no `diverges' clause in the outer specification
Warning, file "./300_longest-increasing-subsequence/implementations/list-imperative/list-imperative.mlw", line 154, characters 7-18: termination of this expression cannot be proved, but there is no `diverges' clause in the outer specification
Warning, file "./300_longest-increasing-subsequence/implementations/list-imperative/list-imperative.mlw", line 153, characters 7-18: termination of this expression cannot be proved, but there is no `diverges' clause in the outer specification
Warning, file "./300_longest-increasing-subsequence/implementations/list-imperative/list-imperative.mlw", line 152, characters 7-18: termination of this expression cannot be proved, but there is no `diverges' clause in the outer specification
Warning, file "./300_longest-increasing-subsequence/implementations/list-imperative/list-imperative.mlw", line 151, characters 7-18: termination of this expression cannot be proved, but there is no `diverges' clause in the outer specification
Warning, file "./300_longest-increasing-subsequence/implementations/list-imperative/list-imperative.mlw", line 150, characters 7-18: termination of this expression cannot be proved, but there is no `diverges' clause in the outer specification
Warning, file "./300_longest-increasing-subsequence/implementations/list-imperative/list-imperative.mlw", line 149, characters 7-18: termination of this expression cannot be proved, but there is no `diverges' clause in the outer specification
Warning, file "./300_longest-increasing-subsequence/implementations/list-imperative/list-imperative.mlw", line 148, characters 7-18: termination of this expression cannot be proved, but there is no `diverges' clause in the outer specification
Warning, file "./300_longest-increasing-subsequence/implementations/list-imperative/list-imperative.mlw", line 147, characters 7-18: termination of this expression cannot be proved, but there is no `diverges' clause in the outer specification
Warning, file "./300_longest-increasing-subsequence/implementations/list-imperative/list-imperative.mlw", line 146, characters 7-18: termination of this expression cannot be proved, but there is no `diverges' clause in the outer specification
Warning, file "./300_longest-increasing-subsequence/implementations/list-imperative/list-imperative.mlw", line 145, characters 7-18: termination of this expression cannot be proved, but there is no `diverges' clause in the outer specification
Warning, file "./300_longest-increasing-subsequence/implementations/list-imperative/list-imperative.mlw", line 144, characters 7-18: termination of this expression cannot be proved, but there is no `diverges' clause in the outer specification
Warning, file "./300_longest-increasing-subsequence/implementations/list-imperative/list-imperative.mlw", line 143, characters 7-18: termination of this expression cannot be proved, but there is no `diverges' clause in the outer specification
Warning, file "./300_longest-increasing-subsequence/implementations/list-imperative/list-imperative.mlw", line 142, characters 7-18: termination of this expression cannot be proved, but there is no `diverges' clause in the outer specification
result: bool = true
globals: <none>

EXECUTE_EXIT_CODE: 0
