FILE: ./2335_minimum-amount-of-time-to-fill-cups/implementations/list-imperative/list-imperative.mlw
MODULE: MinimumAmountOfTimeToFillCups_List_Imperative
COMMAND: why3 execute --use MinimumAmountOfTimeToFillCups_List_Imperative ./2335_minimum-amount-of-time-to-fill-cups/implementations/list-imperative/list-imperative.mlw 'run_tests ()'

Warning, file "./2335_minimum-amount-of-time-to-fill-cups/implementations/list-imperative/list-imperative.mlw", line 12, character 4 to line 20, character 8: termination of this expression cannot be proved, but there is no `diverges' clause in the outer specification
Warning, file "./2335_minimum-amount-of-time-to-fill-cups/implementations/list-imperative/list-imperative.mlw", line 26, characters 12-54: termination of this expression cannot be proved, but there is no `diverges' clause in the outer specification
Warning, file "./2335_minimum-amount-of-time-to-fill-cups/implementations/list-imperative/list-imperative.mlw", line 31, characters 12-54: termination of this expression cannot be proved, but there is no `diverges' clause in the outer specification
Warning, file "./2335_minimum-amount-of-time-to-fill-cups/implementations/list-imperative/list-imperative.mlw", line 36, characters 12-54: termination of this expression cannot be proved, but there is no `diverges' clause in the outer specification
Warning, file "./2335_minimum-amount-of-time-to-fill-cups/implementations/list-imperative/list-imperative.mlw", line 41, characters 12-54: termination of this expression cannot be proved, but there is no `diverges' clause in the outer specification
Warning, file "./2335_minimum-amount-of-time-to-fill-cups/implementations/list-imperative/list-imperative.mlw", line 46, characters 12-54: termination of this expression cannot be proved, but there is no `diverges' clause in the outer specification
Warning, file "./2335_minimum-amount-of-time-to-fill-cups/implementations/list-imperative/list-imperative.mlw", line 51, characters 12-54: termination of this expression cannot be proved, but there is no `diverges' clause in the outer specification
Warning, file "./2335_minimum-amount-of-time-to-fill-cups/implementations/list-imperative/list-imperative.mlw", line 56, characters 12-54: termination of this expression cannot be proved, but there is no `diverges' clause in the outer specification
Warning, file "./2335_minimum-amount-of-time-to-fill-cups/implementations/list-imperative/list-imperative.mlw", line 61, characters 12-54: termination of this expression cannot be proved, but there is no `diverges' clause in the outer specification
Warning, file "./2335_minimum-amount-of-time-to-fill-cups/implementations/list-imperative/list-imperative.mlw", line 66, characters 12-54: termination of this expression cannot be proved, but there is no `diverges' clause in the outer specification
Warning, file "./2335_minimum-amount-of-time-to-fill-cups/implementations/list-imperative/list-imperative.mlw", line 71, characters 12-54: termination of this expression cannot be proved, but there is no `diverges' clause in the outer specification
Warning, file "./2335_minimum-amount-of-time-to-fill-cups/implementations/list-imperative/list-imperative.mlw", line 76, characters 12-54: termination of this expression cannot be proved, but there is no `diverges' clause in the outer specification
Warning, file "./2335_minimum-amount-of-time-to-fill-cups/implementations/list-imperative/list-imperative.mlw", line 81, characters 12-54: termination of this expression cannot be proved, but there is no `diverges' clause in the outer specification
Warning, file "./2335_minimum-amount-of-time-to-fill-cups/implementations/list-imperative/list-imperative.mlw", line 86, characters 12-54: termination of this expression cannot be proved, but there is no `diverges' clause in the outer specification
Warning, file "./2335_minimum-amount-of-time-to-fill-cups/implementations/list-imperative/list-imperative.mlw", line 91, characters 12-54: termination of this expression cannot be proved, but there is no `diverges' clause in the outer specification
Warning, file "./2335_minimum-amount-of-time-to-fill-cups/implementations/list-imperative/list-imperative.mlw", line 96, characters 12-54: termination of this expression cannot be proved, but there is no `diverges' clause in the outer specification
Warning, file "./2335_minimum-amount-of-time-to-fill-cups/implementations/list-imperative/list-imperative.mlw", line 101, characters 12-54: termination of this expression cannot be proved, but there is no `diverges' clause in the outer specification
Warning, file "./2335_minimum-amount-of-time-to-fill-cups/implementations/list-imperative/list-imperative.mlw", line 106, characters 12-54: termination of this expression cannot be proved, but there is no `diverges' clause in the outer specification
Warning, file "./2335_minimum-amount-of-time-to-fill-cups/implementations/list-imperative/list-imperative.mlw", line 111, characters 12-54: termination of this expression cannot be proved, but there is no `diverges' clause in the outer specification
Warning, file "./2335_minimum-amount-of-time-to-fill-cups/implementations/list-imperative/list-imperative.mlw", line 116, characters 12-54: termination of this expression cannot be proved, but there is no `diverges' clause in the outer specification
Warning, file "./2335_minimum-amount-of-time-to-fill-cups/implementations/list-imperative/list-imperative.mlw", line 121, characters 12-54: termination of this expression cannot be proved, but there is no `diverges' clause in the outer specification
Warning, file "./2335_minimum-amount-of-time-to-fill-cups/implementations/list-imperative/list-imperative.mlw", line 144, characters 7-18: termination of this expression cannot be proved, but there is no `diverges' clause in the outer specification
Warning, file "./2335_minimum-amount-of-time-to-fill-cups/implementations/list-imperative/list-imperative.mlw", line 143, characters 7-18: termination of this expression cannot be proved, but there is no `diverges' clause in the outer specification
Warning, file "./2335_minimum-amount-of-time-to-fill-cups/implementations/list-imperative/list-imperative.mlw", line 142, characters 7-18: termination of this expression cannot be proved, but there is no `diverges' clause in the outer specification
Warning, file "./2335_minimum-amount-of-time-to-fill-cups/implementations/list-imperative/list-imperative.mlw", line 141, characters 7-18: termination of this expression cannot be proved, but there is no `diverges' clause in the outer specification
Warning, file "./2335_minimum-amount-of-time-to-fill-cups/implementations/list-imperative/list-imperative.mlw", line 140, characters 7-18: termination of this expression cannot be proved, but there is no `diverges' clause in the outer specification
Warning, file "./2335_minimum-amount-of-time-to-fill-cups/implementations/list-imperative/list-imperative.mlw", line 139, characters 7-18: termination of this expression cannot be proved, but there is no `diverges' clause in the outer specification
Warning, file "./2335_minimum-amount-of-time-to-fill-cups/implementations/list-imperative/list-imperative.mlw", line 138, characters 7-18: termination of this expression cannot be proved, but there is no `diverges' clause in the outer specification
Warning, file "./2335_minimum-amount-of-time-to-fill-cups/implementations/list-imperative/list-imperative.mlw", line 137, characters 7-18: termination of this expression cannot be proved, but there is no `diverges' clause in the outer specification
Warning, file "./2335_minimum-amount-of-time-to-fill-cups/implementations/list-imperative/list-imperative.mlw", line 136, characters 7-18: termination of this expression cannot be proved, but there is no `diverges' clause in the outer specification
Warning, file "./2335_minimum-amount-of-time-to-fill-cups/implementations/list-imperative/list-imperative.mlw", line 135, characters 7-18: termination of this expression cannot be proved, but there is no `diverges' clause in the outer specification
Warning, file "./2335_minimum-amount-of-time-to-fill-cups/implementations/list-imperative/list-imperative.mlw", line 134, characters 7-18: termination of this expression cannot be proved, but there is no `diverges' clause in the outer specification
Warning, file "./2335_minimum-amount-of-time-to-fill-cups/implementations/list-imperative/list-imperative.mlw", line 133, characters 7-18: termination of this expression cannot be proved, but there is no `diverges' clause in the outer specification
Warning, file "./2335_minimum-amount-of-time-to-fill-cups/implementations/list-imperative/list-imperative.mlw", line 132, characters 7-18: termination of this expression cannot be proved, but there is no `diverges' clause in the outer specification
Warning, file "./2335_minimum-amount-of-time-to-fill-cups/implementations/list-imperative/list-imperative.mlw", line 131, characters 7-18: termination of this expression cannot be proved, but there is no `diverges' clause in the outer specification
Warning, file "./2335_minimum-amount-of-time-to-fill-cups/implementations/list-imperative/list-imperative.mlw", line 130, characters 7-18: termination of this expression cannot be proved, but there is no `diverges' clause in the outer specification
Warning, file "./2335_minimum-amount-of-time-to-fill-cups/implementations/list-imperative/list-imperative.mlw", line 129, characters 7-18: termination of this expression cannot be proved, but there is no `diverges' clause in the outer specification
Warning, file "./2335_minimum-amount-of-time-to-fill-cups/implementations/list-imperative/list-imperative.mlw", line 128, characters 7-18: termination of this expression cannot be proved, but there is no `diverges' clause in the outer specification
Warning, file "./2335_minimum-amount-of-time-to-fill-cups/implementations/list-imperative/list-imperative.mlw", line 127, characters 7-18: termination of this expression cannot be proved, but there is no `diverges' clause in the outer specification
Warning, file "./2335_minimum-amount-of-time-to-fill-cups/implementations/list-imperative/list-imperative.mlw", line 126, characters 7-18: termination of this expression cannot be proved, but there is no `diverges' clause in the outer specification
Warning, file "./2335_minimum-amount-of-time-to-fill-cups/implementations/list-imperative/list-imperative.mlw", line 125, characters 7-18: termination of this expression cannot be proved, but there is no `diverges' clause in the outer specification
result: bool = true
globals: <none>

EXECUTE_EXIT_CODE: 0
