FILE: ./1855_maximum-distance-between-a-pair-of-values/implementations/array-imperative/array-imperative.mlw
MODULE: MaximumDistanceBetweenAPairOfValues_Array_Imperative
COMMAND: why3 execute --use MaximumDistanceBetweenAPairOfValues_Array_Imperative ./1855_maximum-distance-between-a-pair-of-values/implementations/array-imperative/array-imperative.mlw 'run_tests ()'

Warning, file "./1855_maximum-distance-between-a-pair-of-values/implementations/array-imperative/array-imperative.mlw", line 13, character 4 to line 21, character 8: termination of this expression cannot be proved, but there is no `diverges' clause in the outer specification
Warning, file "./1855_maximum-distance-between-a-pair-of-values/implementations/array-imperative/array-imperative.mlw", line 27, characters 12-71: termination of this expression cannot be proved, but there is no `diverges' clause in the outer specification
Warning, file "./1855_maximum-distance-between-a-pair-of-values/implementations/array-imperative/array-imperative.mlw", line 33, characters 12-71: termination of this expression cannot be proved, but there is no `diverges' clause in the outer specification
Warning, file "./1855_maximum-distance-between-a-pair-of-values/implementations/array-imperative/array-imperative.mlw", line 39, characters 12-71: termination of this expression cannot be proved, but there is no `diverges' clause in the outer specification
Warning, file "./1855_maximum-distance-between-a-pair-of-values/implementations/array-imperative/array-imperative.mlw", line 45, characters 12-71: termination of this expression cannot be proved, but there is no `diverges' clause in the outer specification
Warning, file "./1855_maximum-distance-between-a-pair-of-values/implementations/array-imperative/array-imperative.mlw", line 51, characters 12-71: termination of this expression cannot be proved, but there is no `diverges' clause in the outer specification
Warning, file "./1855_maximum-distance-between-a-pair-of-values/implementations/array-imperative/array-imperative.mlw", line 57, characters 12-71: termination of this expression cannot be proved, but there is no `diverges' clause in the outer specification
Warning, file "./1855_maximum-distance-between-a-pair-of-values/implementations/array-imperative/array-imperative.mlw", line 63, characters 12-71: termination of this expression cannot be proved, but there is no `diverges' clause in the outer specification
Warning, file "./1855_maximum-distance-between-a-pair-of-values/implementations/array-imperative/array-imperative.mlw", line 69, characters 12-71: termination of this expression cannot be proved, but there is no `diverges' clause in the outer specification
Warning, file "./1855_maximum-distance-between-a-pair-of-values/implementations/array-imperative/array-imperative.mlw", line 75, characters 12-71: termination of this expression cannot be proved, but there is no `diverges' clause in the outer specification
Warning, file "./1855_maximum-distance-between-a-pair-of-values/implementations/array-imperative/array-imperative.mlw", line 81, characters 12-71: termination of this expression cannot be proved, but there is no `diverges' clause in the outer specification
Warning, file "./1855_maximum-distance-between-a-pair-of-values/implementations/array-imperative/array-imperative.mlw", line 87, characters 12-71: termination of this expression cannot be proved, but there is no `diverges' clause in the outer specification
Warning, file "./1855_maximum-distance-between-a-pair-of-values/implementations/array-imperative/array-imperative.mlw", line 93, characters 12-71: termination of this expression cannot be proved, but there is no `diverges' clause in the outer specification
Warning, file "./1855_maximum-distance-between-a-pair-of-values/implementations/array-imperative/array-imperative.mlw", line 99, characters 12-71: termination of this expression cannot be proved, but there is no `diverges' clause in the outer specification
Warning, file "./1855_maximum-distance-between-a-pair-of-values/implementations/array-imperative/array-imperative.mlw", line 105, characters 12-71: termination of this expression cannot be proved, but there is no `diverges' clause in the outer specification
Warning, file "./1855_maximum-distance-between-a-pair-of-values/implementations/array-imperative/array-imperative.mlw", line 111, characters 12-71: termination of this expression cannot be proved, but there is no `diverges' clause in the outer specification
Warning, file "./1855_maximum-distance-between-a-pair-of-values/implementations/array-imperative/array-imperative.mlw", line 117, characters 12-71: termination of this expression cannot be proved, but there is no `diverges' clause in the outer specification
Warning, file "./1855_maximum-distance-between-a-pair-of-values/implementations/array-imperative/array-imperative.mlw", line 123, characters 12-71: termination of this expression cannot be proved, but there is no `diverges' clause in the outer specification
Warning, file "./1855_maximum-distance-between-a-pair-of-values/implementations/array-imperative/array-imperative.mlw", line 129, characters 12-71: termination of this expression cannot be proved, but there is no `diverges' clause in the outer specification
Warning, file "./1855_maximum-distance-between-a-pair-of-values/implementations/array-imperative/array-imperative.mlw", line 135, characters 12-71: termination of this expression cannot be proved, but there is no `diverges' clause in the outer specification
Warning, file "./1855_maximum-distance-between-a-pair-of-values/implementations/array-imperative/array-imperative.mlw", line 141, characters 12-71: termination of this expression cannot be proved, but there is no `diverges' clause in the outer specification
Warning, file "./1855_maximum-distance-between-a-pair-of-values/implementations/array-imperative/array-imperative.mlw", line 164, characters 7-18: termination of this expression cannot be proved, but there is no `diverges' clause in the outer specification
Warning, file "./1855_maximum-distance-between-a-pair-of-values/implementations/array-imperative/array-imperative.mlw", line 163, characters 7-18: termination of this expression cannot be proved, but there is no `diverges' clause in the outer specification
Warning, file "./1855_maximum-distance-between-a-pair-of-values/implementations/array-imperative/array-imperative.mlw", line 162, characters 7-18: termination of this expression cannot be proved, but there is no `diverges' clause in the outer specification
Warning, file "./1855_maximum-distance-between-a-pair-of-values/implementations/array-imperative/array-imperative.mlw", line 161, characters 7-18: termination of this expression cannot be proved, but there is no `diverges' clause in the outer specification
Warning, file "./1855_maximum-distance-between-a-pair-of-values/implementations/array-imperative/array-imperative.mlw", line 160, characters 7-18: termination of this expression cannot be proved, but there is no `diverges' clause in the outer specification
Warning, file "./1855_maximum-distance-between-a-pair-of-values/implementations/array-imperative/array-imperative.mlw", line 159, characters 7-18: termination of this expression cannot be proved, but there is no `diverges' clause in the outer specification
Warning, file "./1855_maximum-distance-between-a-pair-of-values/implementations/array-imperative/array-imperative.mlw", line 158, characters 7-18: termination of this expression cannot be proved, but there is no `diverges' clause in the outer specification
Warning, file "./1855_maximum-distance-between-a-pair-of-values/implementations/array-imperative/array-imperative.mlw", line 157, characters 7-18: termination of this expression cannot be proved, but there is no `diverges' clause in the outer specification
Warning, file "./1855_maximum-distance-between-a-pair-of-values/implementations/array-imperative/array-imperative.mlw", line 156, characters 7-18: termination of this expression cannot be proved, but there is no `diverges' clause in the outer specification
Warning, file "./1855_maximum-distance-between-a-pair-of-values/implementations/array-imperative/array-imperative.mlw", line 155, characters 7-18: termination of this expression cannot be proved, but there is no `diverges' clause in the outer specification
Warning, file "./1855_maximum-distance-between-a-pair-of-values/implementations/array-imperative/array-imperative.mlw", line 154, characters 7-18: termination of this expression cannot be proved, but there is no `diverges' clause in the outer specification
Warning, file "./1855_maximum-distance-between-a-pair-of-values/implementations/array-imperative/array-imperative.mlw", line 153, characters 7-18: termination of this expression cannot be proved, but there is no `diverges' clause in the outer specification
Warning, file "./1855_maximum-distance-between-a-pair-of-values/implementations/array-imperative/array-imperative.mlw", line 152, characters 7-18: termination of this expression cannot be proved, but there is no `diverges' clause in the outer specification
Warning, file "./1855_maximum-distance-between-a-pair-of-values/implementations/array-imperative/array-imperative.mlw", line 151, characters 7-18: termination of this expression cannot be proved, but there is no `diverges' clause in the outer specification
Warning, file "./1855_maximum-distance-between-a-pair-of-values/implementations/array-imperative/array-imperative.mlw", line 150, characters 7-18: termination of this expression cannot be proved, but there is no `diverges' clause in the outer specification
Warning, file "./1855_maximum-distance-between-a-pair-of-values/implementations/array-imperative/array-imperative.mlw", line 149, characters 7-18: termination of this expression cannot be proved, but there is no `diverges' clause in the outer specification
Warning, file "./1855_maximum-distance-between-a-pair-of-values/implementations/array-imperative/array-imperative.mlw", line 148, characters 7-18: termination of this expression cannot be proved, but there is no `diverges' clause in the outer specification
Warning, file "./1855_maximum-distance-between-a-pair-of-values/implementations/array-imperative/array-imperative.mlw", line 147, characters 7-18: termination of this expression cannot be proved, but there is no `diverges' clause in the outer specification
Warning, file "./1855_maximum-distance-between-a-pair-of-values/implementations/array-imperative/array-imperative.mlw", line 146, characters 7-18: termination of this expression cannot be proved, but there is no `diverges' clause in the outer specification
Warning, file "./1855_maximum-distance-between-a-pair-of-values/implementations/array-imperative/array-imperative.mlw", line 145, characters 7-18: termination of this expression cannot be proved, but there is no `diverges' clause in the outer specification
result: bool = true
globals: <none>

EXECUTE_EXIT_CODE: 0
