FILE: ./2616_minimize-the-maximum-difference-of-pairs/implementations/list-imperative/list-imperative.mlw
MODULE: MinimizeTheMaximumDifferenceOfPairs_List_Imperative_Implementation
COMMAND: why3 execute --use MinimizeTheMaximumDifferenceOfPairs_List_Imperative_Implementation ./2616_minimize-the-maximum-difference-of-pairs/implementations/list-imperative/list-imperative.mlw 'run_tests ()'

Warning, file "./2616_minimize-the-maximum-difference-of-pairs/implementations/list-imperative/list-imperative.mlw", line 11, character 4 to line 18, character 8: termination of this expression cannot be proved, but there is no `diverges' clause in the outer specification
Warning, file "./2616_minimize-the-maximum-difference-of-pairs/implementations/list-imperative/list-imperative.mlw", line 32, characters 4-42: termination of this expression cannot be proved, but there is no `diverges' clause in the outer specification
Warning, file "./2616_minimize-the-maximum-difference-of-pairs/implementations/list-imperative/list-imperative.mlw", line 24, character 4 to line 31, character 8: termination of this expression cannot be proved, but there is no `diverges' clause in the outer specification
Warning, file "./2616_minimize-the-maximum-difference-of-pairs/implementations/list-imperative/list-imperative.mlw", line 41, characters 20-43: termination of this expression cannot be proved, but there is no `diverges' clause in the outer specification
Warning, file "./2616_minimize-the-maximum-difference-of-pairs/implementations/list-imperative/list-imperative.mlw", line 37, character 4 to line 44, character 8: termination of this expression cannot be proved, but there is no `diverges' clause in the outer specification
Warning, file "./2616_minimize-the-maximum-difference-of-pairs/implementations/list-imperative/list-imperative.mlw", line 53, character 8 to line 60, character 12: termination of this expression cannot be proved, but there is no `diverges' clause in the outer specification
Warning, file "./2616_minimize-the-maximum-difference-of-pairs/implementations/list-imperative/list-imperative.mlw", line 67, character 4 to line 77, character 8: termination of this expression cannot be proved, but there is no `diverges' clause in the outer specification
Warning, file "./2616_minimize-the-maximum-difference-of-pairs/implementations/list-imperative/list-imperative.mlw", line 92, characters 15-53: termination of this expression cannot be proved, but there is no `diverges' clause in the outer specification
Warning, file "./2616_minimize-the-maximum-difference-of-pairs/implementations/list-imperative/list-imperative.mlw", line 90, character 10 to line 96, character 14: termination of this expression cannot be proved, but there is no `diverges' clause in the outer specification
Warning, file "./2616_minimize-the-maximum-difference-of-pairs/implementations/list-imperative/list-imperative.mlw", line 89, characters 26-52: termination of this expression cannot be proved, but there is no `diverges' clause in the outer specification
Warning, file "./2616_minimize-the-maximum-difference-of-pairs/implementations/list-imperative/list-imperative.mlw", line 84, characters 24-38: termination of this expression cannot be proved, but there is no `diverges' clause in the outer specification
Warning, file "./2616_minimize-the-maximum-difference-of-pairs/implementations/list-imperative/list-imperative.mlw", line 102, characters 17-69: termination of this expression cannot be proved, but there is no `diverges' clause in the outer specification
Warning, file "./2616_minimize-the-maximum-difference-of-pairs/implementations/list-imperative/list-imperative.mlw", line 107, characters 17-69: termination of this expression cannot be proved, but there is no `diverges' clause in the outer specification
Warning, file "./2616_minimize-the-maximum-difference-of-pairs/implementations/list-imperative/list-imperative.mlw", line 112, characters 17-69: termination of this expression cannot be proved, but there is no `diverges' clause in the outer specification
Warning, file "./2616_minimize-the-maximum-difference-of-pairs/implementations/list-imperative/list-imperative.mlw", line 117, characters 17-69: termination of this expression cannot be proved, but there is no `diverges' clause in the outer specification
Warning, file "./2616_minimize-the-maximum-difference-of-pairs/implementations/list-imperative/list-imperative.mlw", line 122, characters 17-69: termination of this expression cannot be proved, but there is no `diverges' clause in the outer specification
Warning, file "./2616_minimize-the-maximum-difference-of-pairs/implementations/list-imperative/list-imperative.mlw", line 127, characters 17-69: termination of this expression cannot be proved, but there is no `diverges' clause in the outer specification
Warning, file "./2616_minimize-the-maximum-difference-of-pairs/implementations/list-imperative/list-imperative.mlw", line 132, characters 17-69: termination of this expression cannot be proved, but there is no `diverges' clause in the outer specification
Warning, file "./2616_minimize-the-maximum-difference-of-pairs/implementations/list-imperative/list-imperative.mlw", line 137, characters 17-69: termination of this expression cannot be proved, but there is no `diverges' clause in the outer specification
Warning, file "./2616_minimize-the-maximum-difference-of-pairs/implementations/list-imperative/list-imperative.mlw", line 142, characters 17-69: termination of this expression cannot be proved, but there is no `diverges' clause in the outer specification
Warning, file "./2616_minimize-the-maximum-difference-of-pairs/implementations/list-imperative/list-imperative.mlw", line 147, characters 17-69: termination of this expression cannot be proved, but there is no `diverges' clause in the outer specification
Warning, file "./2616_minimize-the-maximum-difference-of-pairs/implementations/list-imperative/list-imperative.mlw", line 152, characters 17-69: termination of this expression cannot be proved, but there is no `diverges' clause in the outer specification
Warning, file "./2616_minimize-the-maximum-difference-of-pairs/implementations/list-imperative/list-imperative.mlw", line 157, characters 17-69: termination of this expression cannot be proved, but there is no `diverges' clause in the outer specification
Warning, file "./2616_minimize-the-maximum-difference-of-pairs/implementations/list-imperative/list-imperative.mlw", line 162, characters 17-69: termination of this expression cannot be proved, but there is no `diverges' clause in the outer specification
Warning, file "./2616_minimize-the-maximum-difference-of-pairs/implementations/list-imperative/list-imperative.mlw", line 167, characters 17-69: termination of this expression cannot be proved, but there is no `diverges' clause in the outer specification
Warning, file "./2616_minimize-the-maximum-difference-of-pairs/implementations/list-imperative/list-imperative.mlw", line 172, characters 17-69: termination of this expression cannot be proved, but there is no `diverges' clause in the outer specification
Warning, file "./2616_minimize-the-maximum-difference-of-pairs/implementations/list-imperative/list-imperative.mlw", line 177, characters 17-70: termination of this expression cannot be proved, but there is no `diverges' clause in the outer specification
Warning, file "./2616_minimize-the-maximum-difference-of-pairs/implementations/list-imperative/list-imperative.mlw", line 182, characters 17-69: termination of this expression cannot be proved, but there is no `diverges' clause in the outer specification
Warning, file "./2616_minimize-the-maximum-difference-of-pairs/implementations/list-imperative/list-imperative.mlw", line 187, characters 17-69: termination of this expression cannot be proved, but there is no `diverges' clause in the outer specification
Warning, file "./2616_minimize-the-maximum-difference-of-pairs/implementations/list-imperative/list-imperative.mlw", line 192, characters 17-69: termination of this expression cannot be proved, but there is no `diverges' clause in the outer specification
Warning, file "./2616_minimize-the-maximum-difference-of-pairs/implementations/list-imperative/list-imperative.mlw", line 197, characters 17-69: termination of this expression cannot be proved, but there is no `diverges' clause in the outer specification
Warning, file "./2616_minimize-the-maximum-difference-of-pairs/implementations/list-imperative/list-imperative.mlw", line 220, characters 7-18: termination of this expression cannot be proved, but there is no `diverges' clause in the outer specification
Warning, file "./2616_minimize-the-maximum-difference-of-pairs/implementations/list-imperative/list-imperative.mlw", line 219, characters 7-18: termination of this expression cannot be proved, but there is no `diverges' clause in the outer specification
Warning, file "./2616_minimize-the-maximum-difference-of-pairs/implementations/list-imperative/list-imperative.mlw", line 218, characters 7-18: termination of this expression cannot be proved, but there is no `diverges' clause in the outer specification
Warning, file "./2616_minimize-the-maximum-difference-of-pairs/implementations/list-imperative/list-imperative.mlw", line 217, characters 7-18: termination of this expression cannot be proved, but there is no `diverges' clause in the outer specification
Warning, file "./2616_minimize-the-maximum-difference-of-pairs/implementations/list-imperative/list-imperative.mlw", line 216, characters 7-18: termination of this expression cannot be proved, but there is no `diverges' clause in the outer specification
Warning, file "./2616_minimize-the-maximum-difference-of-pairs/implementations/list-imperative/list-imperative.mlw", line 215, characters 7-18: termination of this expression cannot be proved, but there is no `diverges' clause in the outer specification
Warning, file "./2616_minimize-the-maximum-difference-of-pairs/implementations/list-imperative/list-imperative.mlw", line 214, characters 7-18: termination of this expression cannot be proved, but there is no `diverges' clause in the outer specification
Warning, file "./2616_minimize-the-maximum-difference-of-pairs/implementations/list-imperative/list-imperative.mlw", line 213, characters 7-18: termination of this expression cannot be proved, but there is no `diverges' clause in the outer specification
Warning, file "./2616_minimize-the-maximum-difference-of-pairs/implementations/list-imperative/list-imperative.mlw", line 212, characters 7-18: termination of this expression cannot be proved, but there is no `diverges' clause in the outer specification
Warning, file "./2616_minimize-the-maximum-difference-of-pairs/implementations/list-imperative/list-imperative.mlw", line 211, characters 7-18: termination of this expression cannot be proved, but there is no `diverges' clause in the outer specification
Warning, file "./2616_minimize-the-maximum-difference-of-pairs/implementations/list-imperative/list-imperative.mlw", line 210, characters 7-18: termination of this expression cannot be proved, but there is no `diverges' clause in the outer specification
Warning, file "./2616_minimize-the-maximum-difference-of-pairs/implementations/list-imperative/list-imperative.mlw", line 209, characters 7-18: termination of this expression cannot be proved, but there is no `diverges' clause in the outer specification
Warning, file "./2616_minimize-the-maximum-difference-of-pairs/implementations/list-imperative/list-imperative.mlw", line 208, characters 7-18: termination of this expression cannot be proved, but there is no `diverges' clause in the outer specification
Warning, file "./2616_minimize-the-maximum-difference-of-pairs/implementations/list-imperative/list-imperative.mlw", line 207, characters 7-18: termination of this expression cannot be proved, but there is no `diverges' clause in the outer specification
Warning, file "./2616_minimize-the-maximum-difference-of-pairs/implementations/list-imperative/list-imperative.mlw", line 206, characters 7-18: termination of this expression cannot be proved, but there is no `diverges' clause in the outer specification
Warning, file "./2616_minimize-the-maximum-difference-of-pairs/implementations/list-imperative/list-imperative.mlw", line 205, characters 7-18: termination of this expression cannot be proved, but there is no `diverges' clause in the outer specification
Warning, file "./2616_minimize-the-maximum-difference-of-pairs/implementations/list-imperative/list-imperative.mlw", line 204, characters 7-18: termination of this expression cannot be proved, but there is no `diverges' clause in the outer specification
Warning, file "./2616_minimize-the-maximum-difference-of-pairs/implementations/list-imperative/list-imperative.mlw", line 203, characters 7-18: termination of this expression cannot be proved, but there is no `diverges' clause in the outer specification
Warning, file "./2616_minimize-the-maximum-difference-of-pairs/implementations/list-imperative/list-imperative.mlw", line 202, characters 7-18: termination of this expression cannot be proved, but there is no `diverges' clause in the outer specification
Warning, file "./2616_minimize-the-maximum-difference-of-pairs/implementations/list-imperative/list-imperative.mlw", line 201, characters 7-18: termination of this expression cannot be proved, but there is no `diverges' clause in the outer specification
result: bool = true
globals: <none>

EXECUTE_EXIT_CODE: 0
