FILE: ./1248_count-number-of-nice-subarrays/implementations/list-imperative/list-imperative.mlw
MODULE: CountNumberOfNiceSubarrays_List_Imperative
COMMAND: why3 execute --use CountNumberOfNiceSubarrays_List_Imperative ./1248_count-number-of-nice-subarrays/implementations/list-imperative/list-imperative.mlw 'run_tests ()'

Warning, file "./1248_count-number-of-nice-subarrays/implementations/list-imperative/list-imperative.mlw", line 23, character 6 to line 31, character 10: termination of this expression cannot be proved, but there is no `diverges' clause in the outer specification
Warning, file "./1248_count-number-of-nice-subarrays/implementations/list-imperative/list-imperative.mlw", line 20, character 4 to line 36, character 8: termination of this expression cannot be proved, but there is no `diverges' clause in the outer specification
Warning, file "./1248_count-number-of-nice-subarrays/implementations/list-imperative/list-imperative.mlw", line 41, characters 12-54: termination of this expression cannot be proved, but there is no `diverges' clause in the outer specification
Warning, file "./1248_count-number-of-nice-subarrays/implementations/list-imperative/list-imperative.mlw", line 48, characters 12-54: termination of this expression cannot be proved, but there is no `diverges' clause in the outer specification
Warning, file "./1248_count-number-of-nice-subarrays/implementations/list-imperative/list-imperative.mlw", line 53, characters 12-54: termination of this expression cannot be proved, but there is no `diverges' clause in the outer specification
Warning, file "./1248_count-number-of-nice-subarrays/implementations/list-imperative/list-imperative.mlw", line 58, characters 12-54: termination of this expression cannot be proved, but there is no `diverges' clause in the outer specification
Warning, file "./1248_count-number-of-nice-subarrays/implementations/list-imperative/list-imperative.mlw", line 65, characters 12-54: termination of this expression cannot be proved, but there is no `diverges' clause in the outer specification
Warning, file "./1248_count-number-of-nice-subarrays/implementations/list-imperative/list-imperative.mlw", line 70, characters 12-54: termination of this expression cannot be proved, but there is no `diverges' clause in the outer specification
Warning, file "./1248_count-number-of-nice-subarrays/implementations/list-imperative/list-imperative.mlw", line 75, characters 12-54: termination of this expression cannot be proved, but there is no `diverges' clause in the outer specification
Warning, file "./1248_count-number-of-nice-subarrays/implementations/list-imperative/list-imperative.mlw", line 80, characters 12-54: termination of this expression cannot be proved, but there is no `diverges' clause in the outer specification
Warning, file "./1248_count-number-of-nice-subarrays/implementations/list-imperative/list-imperative.mlw", line 87, characters 12-54: termination of this expression cannot be proved, but there is no `diverges' clause in the outer specification
Warning, file "./1248_count-number-of-nice-subarrays/implementations/list-imperative/list-imperative.mlw", line 92, characters 12-54: termination of this expression cannot be proved, but there is no `diverges' clause in the outer specification
Warning, file "./1248_count-number-of-nice-subarrays/implementations/list-imperative/list-imperative.mlw", line 97, characters 12-54: termination of this expression cannot be proved, but there is no `diverges' clause in the outer specification
Warning, file "./1248_count-number-of-nice-subarrays/implementations/list-imperative/list-imperative.mlw", line 102, characters 12-54: termination of this expression cannot be proved, but there is no `diverges' clause in the outer specification
Warning, file "./1248_count-number-of-nice-subarrays/implementations/list-imperative/list-imperative.mlw", line 138, characters 12-54: termination of this expression cannot be proved, but there is no `diverges' clause in the outer specification
Warning, file "./1248_count-number-of-nice-subarrays/implementations/list-imperative/list-imperative.mlw", line 173, characters 12-55: termination of this expression cannot be proved, but there is no `diverges' clause in the outer specification
Warning, file "./1248_count-number-of-nice-subarrays/implementations/list-imperative/list-imperative.mlw", line 193, characters 12-54: termination of this expression cannot be proved, but there is no `diverges' clause in the outer specification
Warning, file "./1248_count-number-of-nice-subarrays/implementations/list-imperative/list-imperative.mlw", line 245, characters 12-55: termination of this expression cannot be proved, but there is no `diverges' clause in the outer specification
Warning, file "./1248_count-number-of-nice-subarrays/implementations/list-imperative/list-imperative.mlw", line 270, characters 12-54: termination of this expression cannot be proved, but there is no `diverges' clause in the outer specification
Warning, file "./1248_count-number-of-nice-subarrays/implementations/list-imperative/list-imperative.mlw", line 292, characters 12-54: termination of this expression cannot be proved, but there is no `diverges' clause in the outer specification
Warning, file "./1248_count-number-of-nice-subarrays/implementations/list-imperative/list-imperative.mlw", line 314, characters 12-54: termination of this expression cannot be proved, but there is no `diverges' clause in the outer specification
Warning, file "./1248_count-number-of-nice-subarrays/implementations/list-imperative/list-imperative.mlw", line 338, characters 12-54: termination of this expression cannot be proved, but there is no `diverges' clause in the outer specification
Warning, file "./1248_count-number-of-nice-subarrays/implementations/list-imperative/list-imperative.mlw", line 361, characters 7-18: termination of this expression cannot be proved, but there is no `diverges' clause in the outer specification
Warning, file "./1248_count-number-of-nice-subarrays/implementations/list-imperative/list-imperative.mlw", line 360, characters 7-18: termination of this expression cannot be proved, but there is no `diverges' clause in the outer specification
Warning, file "./1248_count-number-of-nice-subarrays/implementations/list-imperative/list-imperative.mlw", line 359, characters 7-18: termination of this expression cannot be proved, but there is no `diverges' clause in the outer specification
Warning, file "./1248_count-number-of-nice-subarrays/implementations/list-imperative/list-imperative.mlw", line 358, characters 7-18: termination of this expression cannot be proved, but there is no `diverges' clause in the outer specification
Warning, file "./1248_count-number-of-nice-subarrays/implementations/list-imperative/list-imperative.mlw", line 357, characters 7-18: termination of this expression cannot be proved, but there is no `diverges' clause in the outer specification
Warning, file "./1248_count-number-of-nice-subarrays/implementations/list-imperative/list-imperative.mlw", line 356, characters 7-18: termination of this expression cannot be proved, but there is no `diverges' clause in the outer specification
Warning, file "./1248_count-number-of-nice-subarrays/implementations/list-imperative/list-imperative.mlw", line 355, characters 7-18: termination of this expression cannot be proved, but there is no `diverges' clause in the outer specification
Warning, file "./1248_count-number-of-nice-subarrays/implementations/list-imperative/list-imperative.mlw", line 354, characters 7-18: termination of this expression cannot be proved, but there is no `diverges' clause in the outer specification
Warning, file "./1248_count-number-of-nice-subarrays/implementations/list-imperative/list-imperative.mlw", line 353, characters 7-18: termination of this expression cannot be proved, but there is no `diverges' clause in the outer specification
Warning, file "./1248_count-number-of-nice-subarrays/implementations/list-imperative/list-imperative.mlw", line 352, characters 7-18: termination of this expression cannot be proved, but there is no `diverges' clause in the outer specification
Warning, file "./1248_count-number-of-nice-subarrays/implementations/list-imperative/list-imperative.mlw", line 351, characters 7-18: termination of this expression cannot be proved, but there is no `diverges' clause in the outer specification
Warning, file "./1248_count-number-of-nice-subarrays/implementations/list-imperative/list-imperative.mlw", line 350, characters 7-18: termination of this expression cannot be proved, but there is no `diverges' clause in the outer specification
Warning, file "./1248_count-number-of-nice-subarrays/implementations/list-imperative/list-imperative.mlw", line 349, characters 7-18: termination of this expression cannot be proved, but there is no `diverges' clause in the outer specification
Warning, file "./1248_count-number-of-nice-subarrays/implementations/list-imperative/list-imperative.mlw", line 348, characters 7-18: termination of this expression cannot be proved, but there is no `diverges' clause in the outer specification
Warning, file "./1248_count-number-of-nice-subarrays/implementations/list-imperative/list-imperative.mlw", line 347, characters 7-18: termination of this expression cannot be proved, but there is no `diverges' clause in the outer specification
Warning, file "./1248_count-number-of-nice-subarrays/implementations/list-imperative/list-imperative.mlw", line 346, characters 7-18: termination of this expression cannot be proved, but there is no `diverges' clause in the outer specification
Warning, file "./1248_count-number-of-nice-subarrays/implementations/list-imperative/list-imperative.mlw", line 345, characters 7-18: termination of this expression cannot be proved, but there is no `diverges' clause in the outer specification
Warning, file "./1248_count-number-of-nice-subarrays/implementations/list-imperative/list-imperative.mlw", line 344, characters 7-18: termination of this expression cannot be proved, but there is no `diverges' clause in the outer specification
Warning, file "./1248_count-number-of-nice-subarrays/implementations/list-imperative/list-imperative.mlw", line 343, characters 7-18: termination of this expression cannot be proved, but there is no `diverges' clause in the outer specification
Warning, file "./1248_count-number-of-nice-subarrays/implementations/list-imperative/list-imperative.mlw", line 342, characters 7-18: termination of this expression cannot be proved, but there is no `diverges' clause in the outer specification
result: bool = true
globals: <none>

EXECUTE_EXIT_CODE: 0
