FILE: ./1846_maximum-element-after-decreasing-and-rearranging/implementations/list-imperative/list-imperative.mlw
MODULE: MaximumElementAfterDecreasingAndRearranging_List_Imperative
COMMAND: why3 execute --use MaximumElementAfterDecreasingAndRearranging_List_Imperative ./1846_maximum-element-after-decreasing-and-rearranging/implementations/list-imperative/list-imperative.mlw 'run_tests ()'

Warning, file "./1846_maximum-element-after-decreasing-and-rearranging/implementations/list-imperative/list-imperative.mlw", line 10, character 4 to line 17, character 8: termination of this expression cannot be proved, but there is no `diverges' clause in the outer specification
Warning, file "./1846_maximum-element-after-decreasing-and-rearranging/implementations/list-imperative/list-imperative.mlw", line 23, character 4 to line 30, character 8: termination of this expression cannot be proved, but there is no `diverges' clause in the outer specification
Warning, file "./1846_maximum-element-after-decreasing-and-rearranging/implementations/list-imperative/list-imperative.mlw", line 38, characters 9-34: termination of this expression cannot be proved, but there is no `diverges' clause in the outer specification
Warning, file "./1846_maximum-element-after-decreasing-and-rearranging/implementations/list-imperative/list-imperative.mlw", line 36, character 4 to line 40, character 8: termination of this expression cannot be proved, but there is no `diverges' clause in the outer specification
Warning, file "./1846_maximum-element-after-decreasing-and-rearranging/implementations/list-imperative/list-imperative.mlw", line 48, characters 9-42: termination of this expression cannot be proved, but there is no `diverges' clause in the outer specification
Warning, file "./1846_maximum-element-after-decreasing-and-rearranging/implementations/list-imperative/list-imperative.mlw", line 47, character 4 to line 50, character 8: termination of this expression cannot be proved, but there is no `diverges' clause in the outer specification
Warning, file "./1846_maximum-element-after-decreasing-and-rearranging/implementations/list-imperative/list-imperative.mlw", line 44, characters 12-27: termination of this expression cannot be proved, but there is no `diverges' clause in the outer specification
Warning, file "./1846_maximum-element-after-decreasing-and-rearranging/implementations/list-imperative/list-imperative.mlw", line 55, characters 12-69: termination of this expression cannot be proved, but there is no `diverges' clause in the outer specification
Warning, file "./1846_maximum-element-after-decreasing-and-rearranging/implementations/list-imperative/list-imperative.mlw", line 60, characters 12-69: termination of this expression cannot be proved, but there is no `diverges' clause in the outer specification
Warning, file "./1846_maximum-element-after-decreasing-and-rearranging/implementations/list-imperative/list-imperative.mlw", line 65, characters 12-69: termination of this expression cannot be proved, but there is no `diverges' clause in the outer specification
Warning, file "./1846_maximum-element-after-decreasing-and-rearranging/implementations/list-imperative/list-imperative.mlw", line 70, characters 12-69: termination of this expression cannot be proved, but there is no `diverges' clause in the outer specification
Warning, file "./1846_maximum-element-after-decreasing-and-rearranging/implementations/list-imperative/list-imperative.mlw", line 75, characters 12-69: termination of this expression cannot be proved, but there is no `diverges' clause in the outer specification
Warning, file "./1846_maximum-element-after-decreasing-and-rearranging/implementations/list-imperative/list-imperative.mlw", line 80, characters 12-69: termination of this expression cannot be proved, but there is no `diverges' clause in the outer specification
Warning, file "./1846_maximum-element-after-decreasing-and-rearranging/implementations/list-imperative/list-imperative.mlw", line 85, characters 12-69: termination of this expression cannot be proved, but there is no `diverges' clause in the outer specification
Warning, file "./1846_maximum-element-after-decreasing-and-rearranging/implementations/list-imperative/list-imperative.mlw", line 90, characters 12-69: termination of this expression cannot be proved, but there is no `diverges' clause in the outer specification
Warning, file "./1846_maximum-element-after-decreasing-and-rearranging/implementations/list-imperative/list-imperative.mlw", line 95, characters 12-69: termination of this expression cannot be proved, but there is no `diverges' clause in the outer specification
Warning, file "./1846_maximum-element-after-decreasing-and-rearranging/implementations/list-imperative/list-imperative.mlw", line 100, characters 12-69: termination of this expression cannot be proved, but there is no `diverges' clause in the outer specification
Warning, file "./1846_maximum-element-after-decreasing-and-rearranging/implementations/list-imperative/list-imperative.mlw", line 105, characters 12-69: termination of this expression cannot be proved, but there is no `diverges' clause in the outer specification
Warning, file "./1846_maximum-element-after-decreasing-and-rearranging/implementations/list-imperative/list-imperative.mlw", line 110, characters 12-69: termination of this expression cannot be proved, but there is no `diverges' clause in the outer specification
Warning, file "./1846_maximum-element-after-decreasing-and-rearranging/implementations/list-imperative/list-imperative.mlw", line 115, characters 12-69: termination of this expression cannot be proved, but there is no `diverges' clause in the outer specification
Warning, file "./1846_maximum-element-after-decreasing-and-rearranging/implementations/list-imperative/list-imperative.mlw", line 120, characters 12-69: termination of this expression cannot be proved, but there is no `diverges' clause in the outer specification
Warning, file "./1846_maximum-element-after-decreasing-and-rearranging/implementations/list-imperative/list-imperative.mlw", line 125, characters 12-69: termination of this expression cannot be proved, but there is no `diverges' clause in the outer specification
Warning, file "./1846_maximum-element-after-decreasing-and-rearranging/implementations/list-imperative/list-imperative.mlw", line 130, characters 12-69: termination of this expression cannot be proved, but there is no `diverges' clause in the outer specification
Warning, file "./1846_maximum-element-after-decreasing-and-rearranging/implementations/list-imperative/list-imperative.mlw", line 135, characters 12-69: termination of this expression cannot be proved, but there is no `diverges' clause in the outer specification
Warning, file "./1846_maximum-element-after-decreasing-and-rearranging/implementations/list-imperative/list-imperative.mlw", line 140, characters 12-69: termination of this expression cannot be proved, but there is no `diverges' clause in the outer specification
Warning, file "./1846_maximum-element-after-decreasing-and-rearranging/implementations/list-imperative/list-imperative.mlw", line 145, characters 12-69: termination of this expression cannot be proved, but there is no `diverges' clause in the outer specification
Warning, file "./1846_maximum-element-after-decreasing-and-rearranging/implementations/list-imperative/list-imperative.mlw", line 150, characters 12-69: termination of this expression cannot be proved, but there is no `diverges' clause in the outer specification
Warning, file "./1846_maximum-element-after-decreasing-and-rearranging/implementations/list-imperative/list-imperative.mlw", line 173, characters 7-18: termination of this expression cannot be proved, but there is no `diverges' clause in the outer specification
Warning, file "./1846_maximum-element-after-decreasing-and-rearranging/implementations/list-imperative/list-imperative.mlw", line 172, characters 7-18: termination of this expression cannot be proved, but there is no `diverges' clause in the outer specification
Warning, file "./1846_maximum-element-after-decreasing-and-rearranging/implementations/list-imperative/list-imperative.mlw", line 171, characters 7-18: termination of this expression cannot be proved, but there is no `diverges' clause in the outer specification
Warning, file "./1846_maximum-element-after-decreasing-and-rearranging/implementations/list-imperative/list-imperative.mlw", line 170, characters 7-18: termination of this expression cannot be proved, but there is no `diverges' clause in the outer specification
Warning, file "./1846_maximum-element-after-decreasing-and-rearranging/implementations/list-imperative/list-imperative.mlw", line 169, characters 7-18: termination of this expression cannot be proved, but there is no `diverges' clause in the outer specification
Warning, file "./1846_maximum-element-after-decreasing-and-rearranging/implementations/list-imperative/list-imperative.mlw", line 168, characters 7-18: termination of this expression cannot be proved, but there is no `diverges' clause in the outer specification
Warning, file "./1846_maximum-element-after-decreasing-and-rearranging/implementations/list-imperative/list-imperative.mlw", line 167, characters 7-18: termination of this expression cannot be proved, but there is no `diverges' clause in the outer specification
Warning, file "./1846_maximum-element-after-decreasing-and-rearranging/implementations/list-imperative/list-imperative.mlw", line 166, characters 7-18: termination of this expression cannot be proved, but there is no `diverges' clause in the outer specification
Warning, file "./1846_maximum-element-after-decreasing-and-rearranging/implementations/list-imperative/list-imperative.mlw", line 165, characters 7-18: termination of this expression cannot be proved, but there is no `diverges' clause in the outer specification
Warning, file "./1846_maximum-element-after-decreasing-and-rearranging/implementations/list-imperative/list-imperative.mlw", line 164, characters 7-18: termination of this expression cannot be proved, but there is no `diverges' clause in the outer specification
Warning, file "./1846_maximum-element-after-decreasing-and-rearranging/implementations/list-imperative/list-imperative.mlw", line 163, characters 7-18: termination of this expression cannot be proved, but there is no `diverges' clause in the outer specification
Warning, file "./1846_maximum-element-after-decreasing-and-rearranging/implementations/list-imperative/list-imperative.mlw", line 162, characters 7-18: termination of this expression cannot be proved, but there is no `diverges' clause in the outer specification
Warning, file "./1846_maximum-element-after-decreasing-and-rearranging/implementations/list-imperative/list-imperative.mlw", line 161, characters 7-18: termination of this expression cannot be proved, but there is no `diverges' clause in the outer specification
Warning, file "./1846_maximum-element-after-decreasing-and-rearranging/implementations/list-imperative/list-imperative.mlw", line 160, characters 7-18: termination of this expression cannot be proved, but there is no `diverges' clause in the outer specification
Warning, file "./1846_maximum-element-after-decreasing-and-rearranging/implementations/list-imperative/list-imperative.mlw", line 159, characters 7-18: termination of this expression cannot be proved, but there is no `diverges' clause in the outer specification
Warning, file "./1846_maximum-element-after-decreasing-and-rearranging/implementations/list-imperative/list-imperative.mlw", line 158, characters 7-18: termination of this expression cannot be proved, but there is no `diverges' clause in the outer specification
Warning, file "./1846_maximum-element-after-decreasing-and-rearranging/implementations/list-imperative/list-imperative.mlw", line 157, characters 7-18: termination of this expression cannot be proved, but there is no `diverges' clause in the outer specification
Warning, file "./1846_maximum-element-after-decreasing-and-rearranging/implementations/list-imperative/list-imperative.mlw", line 156, characters 7-18: termination of this expression cannot be proved, but there is no `diverges' clause in the outer specification
Warning, file "./1846_maximum-element-after-decreasing-and-rearranging/implementations/list-imperative/list-imperative.mlw", line 155, characters 7-18: termination of this expression cannot be proved, but there is no `diverges' clause in the outer specification
Warning, file "./1846_maximum-element-after-decreasing-and-rearranging/implementations/list-imperative/list-imperative.mlw", line 154, characters 7-18: termination of this expression cannot be proved, but there is no `diverges' clause in the outer specification
result: bool = true
globals: <none>

EXECUTE_EXIT_CODE: 0
