FILE: ./2195_append-k-integers-with-minimal-sum/implementations/list-imperative/list-imperative.mlw
MODULE: AppendKIntegersWithMinimalSum_List_Imperative
COMMAND: why3 execute --use AppendKIntegersWithMinimalSum_List_Imperative ./2195_append-k-integers-with-minimal-sum/implementations/list-imperative/list-imperative.mlw 'run_tests ()'

Warning, file "./2195_append-k-integers-with-minimal-sum/implementations/list-imperative/list-imperative.mlw", line 23, character 4 to line 30, character 8: termination of this expression cannot be proved, but there is no `diverges' clause in the outer specification
Warning, file "./2195_append-k-integers-with-minimal-sum/implementations/list-imperative/list-imperative.mlw", line 47, character 4 to line 67, character 8: termination of this expression cannot be proved, but there is no `diverges' clause in the outer specification
Warning, file "./2195_append-k-integers-with-minimal-sum/implementations/list-imperative/list-imperative.mlw", line 42, characters 19-47: termination of this expression cannot be proved, but there is no `diverges' clause in the outer specification
Warning, file "./2195_append-k-integers-with-minimal-sum/implementations/list-imperative/list-imperative.mlw", line 74, characters 12-58: termination of this expression cannot be proved, but there is no `diverges' clause in the outer specification
Warning, file "./2195_append-k-integers-with-minimal-sum/implementations/list-imperative/list-imperative.mlw", line 79, characters 12-58: termination of this expression cannot be proved, but there is no `diverges' clause in the outer specification
Warning, file "./2195_append-k-integers-with-minimal-sum/implementations/list-imperative/list-imperative.mlw", line 84, characters 12-63: termination of this expression cannot be proved, but there is no `diverges' clause in the outer specification
Warning, file "./2195_append-k-integers-with-minimal-sum/implementations/list-imperative/list-imperative.mlw", line 89, characters 12-58: termination of this expression cannot be proved, but there is no `diverges' clause in the outer specification
Warning, file "./2195_append-k-integers-with-minimal-sum/implementations/list-imperative/list-imperative.mlw", line 94, characters 12-59: termination of this expression cannot be proved, but there is no `diverges' clause in the outer specification
Warning, file "./2195_append-k-integers-with-minimal-sum/implementations/list-imperative/list-imperative.mlw", line 99, characters 12-58: termination of this expression cannot be proved, but there is no `diverges' clause in the outer specification
Warning, file "./2195_append-k-integers-with-minimal-sum/implementations/list-imperative/list-imperative.mlw", line 104, characters 12-58: termination of this expression cannot be proved, but there is no `diverges' clause in the outer specification
Warning, file "./2195_append-k-integers-with-minimal-sum/implementations/list-imperative/list-imperative.mlw", line 109, characters 12-58: termination of this expression cannot be proved, but there is no `diverges' clause in the outer specification
Warning, file "./2195_append-k-integers-with-minimal-sum/implementations/list-imperative/list-imperative.mlw", line 114, characters 12-58: termination of this expression cannot be proved, but there is no `diverges' clause in the outer specification
Warning, file "./2195_append-k-integers-with-minimal-sum/implementations/list-imperative/list-imperative.mlw", line 119, characters 12-58: termination of this expression cannot be proved, but there is no `diverges' clause in the outer specification
Warning, file "./2195_append-k-integers-with-minimal-sum/implementations/list-imperative/list-imperative.mlw", line 124, characters 12-66: termination of this expression cannot be proved, but there is no `diverges' clause in the outer specification
Warning, file "./2195_append-k-integers-with-minimal-sum/implementations/list-imperative/list-imperative.mlw", line 129, characters 12-58: termination of this expression cannot be proved, but there is no `diverges' clause in the outer specification
Warning, file "./2195_append-k-integers-with-minimal-sum/implementations/list-imperative/list-imperative.mlw", line 134, characters 12-59: termination of this expression cannot be proved, but there is no `diverges' clause in the outer specification
Warning, file "./2195_append-k-integers-with-minimal-sum/implementations/list-imperative/list-imperative.mlw", line 139, characters 12-59: termination of this expression cannot be proved, but there is no `diverges' clause in the outer specification
Warning, file "./2195_append-k-integers-with-minimal-sum/implementations/list-imperative/list-imperative.mlw", line 150, characters 12-59: termination of this expression cannot be proved, but there is no `diverges' clause in the outer specification
Warning, file "./2195_append-k-integers-with-minimal-sum/implementations/list-imperative/list-imperative.mlw", line 160, characters 12-59: termination of this expression cannot be proved, but there is no `diverges' clause in the outer specification
Warning, file "./2195_append-k-integers-with-minimal-sum/implementations/list-imperative/list-imperative.mlw", line 167, characters 12-58: termination of this expression cannot be proved, but there is no `diverges' clause in the outer specification
Warning, file "./2195_append-k-integers-with-minimal-sum/implementations/list-imperative/list-imperative.mlw", line 177, characters 12-59: termination of this expression cannot be proved, but there is no `diverges' clause in the outer specification
Warning, file "./2195_append-k-integers-with-minimal-sum/implementations/list-imperative/list-imperative.mlw", line 207, characters 12-59: termination of this expression cannot be proved, but there is no `diverges' clause in the outer specification
Warning, file "./2195_append-k-integers-with-minimal-sum/implementations/list-imperative/list-imperative.mlw", line 217, characters 12-58: termination of this expression cannot be proved, but there is no `diverges' clause in the outer specification
Warning, file "./2195_append-k-integers-with-minimal-sum/implementations/list-imperative/list-imperative.mlw", line 240, characters 7-18: termination of this expression cannot be proved, but there is no `diverges' clause in the outer specification
Warning, file "./2195_append-k-integers-with-minimal-sum/implementations/list-imperative/list-imperative.mlw", line 239, characters 7-18: termination of this expression cannot be proved, but there is no `diverges' clause in the outer specification
Warning, file "./2195_append-k-integers-with-minimal-sum/implementations/list-imperative/list-imperative.mlw", line 238, characters 7-18: termination of this expression cannot be proved, but there is no `diverges' clause in the outer specification
Warning, file "./2195_append-k-integers-with-minimal-sum/implementations/list-imperative/list-imperative.mlw", line 237, characters 7-18: termination of this expression cannot be proved, but there is no `diverges' clause in the outer specification
Warning, file "./2195_append-k-integers-with-minimal-sum/implementations/list-imperative/list-imperative.mlw", line 236, characters 7-18: termination of this expression cannot be proved, but there is no `diverges' clause in the outer specification
Warning, file "./2195_append-k-integers-with-minimal-sum/implementations/list-imperative/list-imperative.mlw", line 235, characters 7-18: termination of this expression cannot be proved, but there is no `diverges' clause in the outer specification
Warning, file "./2195_append-k-integers-with-minimal-sum/implementations/list-imperative/list-imperative.mlw", line 234, characters 7-18: termination of this expression cannot be proved, but there is no `diverges' clause in the outer specification
Warning, file "./2195_append-k-integers-with-minimal-sum/implementations/list-imperative/list-imperative.mlw", line 233, characters 7-18: termination of this expression cannot be proved, but there is no `diverges' clause in the outer specification
Warning, file "./2195_append-k-integers-with-minimal-sum/implementations/list-imperative/list-imperative.mlw", line 232, characters 7-18: termination of this expression cannot be proved, but there is no `diverges' clause in the outer specification
Warning, file "./2195_append-k-integers-with-minimal-sum/implementations/list-imperative/list-imperative.mlw", line 231, characters 7-18: termination of this expression cannot be proved, but there is no `diverges' clause in the outer specification
Warning, file "./2195_append-k-integers-with-minimal-sum/implementations/list-imperative/list-imperative.mlw", line 230, characters 7-18: termination of this expression cannot be proved, but there is no `diverges' clause in the outer specification
Warning, file "./2195_append-k-integers-with-minimal-sum/implementations/list-imperative/list-imperative.mlw", line 229, characters 7-18: termination of this expression cannot be proved, but there is no `diverges' clause in the outer specification
Warning, file "./2195_append-k-integers-with-minimal-sum/implementations/list-imperative/list-imperative.mlw", line 228, characters 7-18: termination of this expression cannot be proved, but there is no `diverges' clause in the outer specification
Warning, file "./2195_append-k-integers-with-minimal-sum/implementations/list-imperative/list-imperative.mlw", line 227, characters 7-18: termination of this expression cannot be proved, but there is no `diverges' clause in the outer specification
Warning, file "./2195_append-k-integers-with-minimal-sum/implementations/list-imperative/list-imperative.mlw", line 226, characters 7-18: termination of this expression cannot be proved, but there is no `diverges' clause in the outer specification
Warning, file "./2195_append-k-integers-with-minimal-sum/implementations/list-imperative/list-imperative.mlw", line 225, characters 7-18: termination of this expression cannot be proved, but there is no `diverges' clause in the outer specification
Warning, file "./2195_append-k-integers-with-minimal-sum/implementations/list-imperative/list-imperative.mlw", line 224, characters 7-18: termination of this expression cannot be proved, but there is no `diverges' clause in the outer specification
Warning, file "./2195_append-k-integers-with-minimal-sum/implementations/list-imperative/list-imperative.mlw", line 223, characters 7-18: termination of this expression cannot be proved, but there is no `diverges' clause in the outer specification
Warning, file "./2195_append-k-integers-with-minimal-sum/implementations/list-imperative/list-imperative.mlw", line 222, characters 7-18: termination of this expression cannot be proved, but there is no `diverges' clause in the outer specification
Warning, file "./2195_append-k-integers-with-minimal-sum/implementations/list-imperative/list-imperative.mlw", line 221, characters 7-18: termination of this expression cannot be proved, but there is no `diverges' clause in the outer specification
result: bool = true
globals: <none>

EXECUTE_EXIT_CODE: 0
