FILE: ./1788_maximize-the-beauty-of-the-garden/implementations/list-imperative/list-imperative.mlw
MODULE: MaximizeTheBeautyOfTheGarden_List_Imperative
COMMAND: why3 execute --use MaximizeTheBeautyOfTheGarden_List_Imperative ./1788_maximize-the-beauty-of-the-garden/implementations/list-imperative/list-imperative.mlw 'run_tests ()'

Warning, file "./1788_maximize-the-beauty-of-the-garden/implementations/list-imperative/list-imperative.mlw", line 17, character 10 to line 33, character 14: termination of this expression cannot be proved, but there is no `diverges' clause in the outer specification
Warning, file "./1788_maximize-the-beauty-of-the-garden/implementations/list-imperative/list-imperative.mlw", line 11, character 4 to line 36, character 8: termination of this expression cannot be proved, but there is no `diverges' clause in the outer specification
Warning, file "./1788_maximize-the-beauty-of-the-garden/implementations/list-imperative/list-imperative.mlw", line 41, characters 17-63: termination of this expression cannot be proved, but there is no `diverges' clause in the outer specification
Warning, file "./1788_maximize-the-beauty-of-the-garden/implementations/list-imperative/list-imperative.mlw", line 46, characters 17-63: termination of this expression cannot be proved, but there is no `diverges' clause in the outer specification
Warning, file "./1788_maximize-the-beauty-of-the-garden/implementations/list-imperative/list-imperative.mlw", line 51, characters 17-63: termination of this expression cannot be proved, but there is no `diverges' clause in the outer specification
Warning, file "./1788_maximize-the-beauty-of-the-garden/implementations/list-imperative/list-imperative.mlw", line 56, characters 17-63: termination of this expression cannot be proved, but there is no `diverges' clause in the outer specification
Warning, file "./1788_maximize-the-beauty-of-the-garden/implementations/list-imperative/list-imperative.mlw", line 61, characters 17-63: termination of this expression cannot be proved, but there is no `diverges' clause in the outer specification
Warning, file "./1788_maximize-the-beauty-of-the-garden/implementations/list-imperative/list-imperative.mlw", line 66, characters 17-63: termination of this expression cannot be proved, but there is no `diverges' clause in the outer specification
Warning, file "./1788_maximize-the-beauty-of-the-garden/implementations/list-imperative/list-imperative.mlw", line 71, characters 17-63: termination of this expression cannot be proved, but there is no `diverges' clause in the outer specification
Warning, file "./1788_maximize-the-beauty-of-the-garden/implementations/list-imperative/list-imperative.mlw", line 76, characters 17-63: termination of this expression cannot be proved, but there is no `diverges' clause in the outer specification
Warning, file "./1788_maximize-the-beauty-of-the-garden/implementations/list-imperative/list-imperative.mlw", line 81, characters 17-63: termination of this expression cannot be proved, but there is no `diverges' clause in the outer specification
Warning, file "./1788_maximize-the-beauty-of-the-garden/implementations/list-imperative/list-imperative.mlw", line 86, characters 17-63: termination of this expression cannot be proved, but there is no `diverges' clause in the outer specification
Warning, file "./1788_maximize-the-beauty-of-the-garden/implementations/list-imperative/list-imperative.mlw", line 91, characters 17-63: termination of this expression cannot be proved, but there is no `diverges' clause in the outer specification
Warning, file "./1788_maximize-the-beauty-of-the-garden/implementations/list-imperative/list-imperative.mlw", line 96, characters 17-63: termination of this expression cannot be proved, but there is no `diverges' clause in the outer specification
Warning, file "./1788_maximize-the-beauty-of-the-garden/implementations/list-imperative/list-imperative.mlw", line 101, characters 17-63: termination of this expression cannot be proved, but there is no `diverges' clause in the outer specification
Warning, file "./1788_maximize-the-beauty-of-the-garden/implementations/list-imperative/list-imperative.mlw", line 106, characters 17-63: termination of this expression cannot be proved, but there is no `diverges' clause in the outer specification
Warning, file "./1788_maximize-the-beauty-of-the-garden/implementations/list-imperative/list-imperative.mlw", line 111, characters 17-63: termination of this expression cannot be proved, but there is no `diverges' clause in the outer specification
Warning, file "./1788_maximize-the-beauty-of-the-garden/implementations/list-imperative/list-imperative.mlw", line 116, characters 17-63: termination of this expression cannot be proved, but there is no `diverges' clause in the outer specification
Warning, file "./1788_maximize-the-beauty-of-the-garden/implementations/list-imperative/list-imperative.mlw", line 121, characters 17-63: termination of this expression cannot be proved, but there is no `diverges' clause in the outer specification
Warning, file "./1788_maximize-the-beauty-of-the-garden/implementations/list-imperative/list-imperative.mlw", line 126, characters 17-63: termination of this expression cannot be proved, but there is no `diverges' clause in the outer specification
Warning, file "./1788_maximize-the-beauty-of-the-garden/implementations/list-imperative/list-imperative.mlw", line 131, characters 17-63: termination of this expression cannot be proved, but there is no `diverges' clause in the outer specification
Warning, file "./1788_maximize-the-beauty-of-the-garden/implementations/list-imperative/list-imperative.mlw", line 136, characters 17-63: termination of this expression cannot be proved, but there is no `diverges' clause in the outer specification
Warning, file "./1788_maximize-the-beauty-of-the-garden/implementations/list-imperative/list-imperative.mlw", line 159, characters 7-18: termination of this expression cannot be proved, but there is no `diverges' clause in the outer specification
Warning, file "./1788_maximize-the-beauty-of-the-garden/implementations/list-imperative/list-imperative.mlw", line 158, characters 7-18: termination of this expression cannot be proved, but there is no `diverges' clause in the outer specification
Warning, file "./1788_maximize-the-beauty-of-the-garden/implementations/list-imperative/list-imperative.mlw", line 157, characters 7-18: termination of this expression cannot be proved, but there is no `diverges' clause in the outer specification
Warning, file "./1788_maximize-the-beauty-of-the-garden/implementations/list-imperative/list-imperative.mlw", line 156, characters 7-18: termination of this expression cannot be proved, but there is no `diverges' clause in the outer specification
Warning, file "./1788_maximize-the-beauty-of-the-garden/implementations/list-imperative/list-imperative.mlw", line 155, characters 7-18: termination of this expression cannot be proved, but there is no `diverges' clause in the outer specification
Warning, file "./1788_maximize-the-beauty-of-the-garden/implementations/list-imperative/list-imperative.mlw", line 154, characters 7-18: termination of this expression cannot be proved, but there is no `diverges' clause in the outer specification
Warning, file "./1788_maximize-the-beauty-of-the-garden/implementations/list-imperative/list-imperative.mlw", line 153, characters 7-18: termination of this expression cannot be proved, but there is no `diverges' clause in the outer specification
Warning, file "./1788_maximize-the-beauty-of-the-garden/implementations/list-imperative/list-imperative.mlw", line 152, characters 7-18: termination of this expression cannot be proved, but there is no `diverges' clause in the outer specification
Warning, file "./1788_maximize-the-beauty-of-the-garden/implementations/list-imperative/list-imperative.mlw", line 151, characters 7-18: termination of this expression cannot be proved, but there is no `diverges' clause in the outer specification
Warning, file "./1788_maximize-the-beauty-of-the-garden/implementations/list-imperative/list-imperative.mlw", line 150, characters 7-18: termination of this expression cannot be proved, but there is no `diverges' clause in the outer specification
Warning, file "./1788_maximize-the-beauty-of-the-garden/implementations/list-imperative/list-imperative.mlw", line 149, characters 7-18: termination of this expression cannot be proved, but there is no `diverges' clause in the outer specification
Warning, file "./1788_maximize-the-beauty-of-the-garden/implementations/list-imperative/list-imperative.mlw", line 148, characters 7-18: termination of this expression cannot be proved, but there is no `diverges' clause in the outer specification
Warning, file "./1788_maximize-the-beauty-of-the-garden/implementations/list-imperative/list-imperative.mlw", line 147, characters 7-18: termination of this expression cannot be proved, but there is no `diverges' clause in the outer specification
Warning, file "./1788_maximize-the-beauty-of-the-garden/implementations/list-imperative/list-imperative.mlw", line 146, characters 7-18: termination of this expression cannot be proved, but there is no `diverges' clause in the outer specification
Warning, file "./1788_maximize-the-beauty-of-the-garden/implementations/list-imperative/list-imperative.mlw", line 145, characters 7-18: termination of this expression cannot be proved, but there is no `diverges' clause in the outer specification
Warning, file "./1788_maximize-the-beauty-of-the-garden/implementations/list-imperative/list-imperative.mlw", line 144, characters 7-18: termination of this expression cannot be proved, but there is no `diverges' clause in the outer specification
Warning, file "./1788_maximize-the-beauty-of-the-garden/implementations/list-imperative/list-imperative.mlw", line 143, characters 7-18: termination of this expression cannot be proved, but there is no `diverges' clause in the outer specification
Warning, file "./1788_maximize-the-beauty-of-the-garden/implementations/list-imperative/list-imperative.mlw", line 142, characters 7-18: termination of this expression cannot be proved, but there is no `diverges' clause in the outer specification
Warning, file "./1788_maximize-the-beauty-of-the-garden/implementations/list-imperative/list-imperative.mlw", line 141, characters 7-18: termination of this expression cannot be proved, but there is no `diverges' clause in the outer specification
Warning, file "./1788_maximize-the-beauty-of-the-garden/implementations/list-imperative/list-imperative.mlw", line 140, characters 7-18: termination of this expression cannot be proved, but there is no `diverges' clause in the outer specification
result: bool = true
globals: <none>

EXECUTE_EXIT_CODE: 0
