FILE: ./2154_keep-multiplying-found-values-by-two/implementations/list-imperative/list-imperative.mlw
MODULE: KeepMultiplyingFoundValuesByTwo_List_Imperative
COMMAND: why3 execute --use KeepMultiplyingFoundValuesByTwo_List_Imperative ./2154_keep-multiplying-found-values-by-two/implementations/list-imperative/list-imperative.mlw 'run_tests ()'

Warning, file "./2154_keep-multiplying-found-values-by-two/implementations/list-imperative/list-imperative.mlw", line 12, character 6 to line 19, character 10: termination of this expression cannot be proved, but there is no `diverges' clause in the outer specification
Warning, file "./2154_keep-multiplying-found-values-by-two/implementations/list-imperative/list-imperative.mlw", line 27, characters 10-35: termination of this expression cannot be proved, but there is no `diverges' clause in the outer specification
Warning, file "./2154_keep-multiplying-found-values-by-two/implementations/list-imperative/list-imperative.mlw", line 27, character 4 to line 29, character 8: termination of this expression cannot be proved, but there is no `diverges' clause in the outer specification
Warning, file "./2154_keep-multiplying-found-values-by-two/implementations/list-imperative/list-imperative.mlw", line 34, characters 12-60: termination of this expression cannot be proved, but there is no `diverges' clause in the outer specification
Warning, file "./2154_keep-multiplying-found-values-by-two/implementations/list-imperative/list-imperative.mlw", line 39, characters 12-60: termination of this expression cannot be proved, but there is no `diverges' clause in the outer specification
Warning, file "./2154_keep-multiplying-found-values-by-two/implementations/list-imperative/list-imperative.mlw", line 44, characters 12-60: termination of this expression cannot be proved, but there is no `diverges' clause in the outer specification
Warning, file "./2154_keep-multiplying-found-values-by-two/implementations/list-imperative/list-imperative.mlw", line 49, characters 12-60: termination of this expression cannot be proved, but there is no `diverges' clause in the outer specification
Warning, file "./2154_keep-multiplying-found-values-by-two/implementations/list-imperative/list-imperative.mlw", line 54, characters 12-60: termination of this expression cannot be proved, but there is no `diverges' clause in the outer specification
Warning, file "./2154_keep-multiplying-found-values-by-two/implementations/list-imperative/list-imperative.mlw", line 59, characters 12-60: termination of this expression cannot be proved, but there is no `diverges' clause in the outer specification
Warning, file "./2154_keep-multiplying-found-values-by-two/implementations/list-imperative/list-imperative.mlw", line 64, characters 12-63: termination of this expression cannot be proved, but there is no `diverges' clause in the outer specification
Warning, file "./2154_keep-multiplying-found-values-by-two/implementations/list-imperative/list-imperative.mlw", line 69, characters 12-60: termination of this expression cannot be proved, but there is no `diverges' clause in the outer specification
Warning, file "./2154_keep-multiplying-found-values-by-two/implementations/list-imperative/list-imperative.mlw", line 74, characters 12-61: termination of this expression cannot be proved, but there is no `diverges' clause in the outer specification
Warning, file "./2154_keep-multiplying-found-values-by-two/implementations/list-imperative/list-imperative.mlw", line 79, characters 12-60: termination of this expression cannot be proved, but there is no `diverges' clause in the outer specification
Warning, file "./2154_keep-multiplying-found-values-by-two/implementations/list-imperative/list-imperative.mlw", line 84, characters 12-60: termination of this expression cannot be proved, but there is no `diverges' clause in the outer specification
Warning, file "./2154_keep-multiplying-found-values-by-two/implementations/list-imperative/list-imperative.mlw", line 89, characters 12-60: termination of this expression cannot be proved, but there is no `diverges' clause in the outer specification
Warning, file "./2154_keep-multiplying-found-values-by-two/implementations/list-imperative/list-imperative.mlw", line 94, characters 12-60: termination of this expression cannot be proved, but there is no `diverges' clause in the outer specification
Warning, file "./2154_keep-multiplying-found-values-by-two/implementations/list-imperative/list-imperative.mlw", line 99, characters 12-60: termination of this expression cannot be proved, but there is no `diverges' clause in the outer specification
Warning, file "./2154_keep-multiplying-found-values-by-two/implementations/list-imperative/list-imperative.mlw", line 104, characters 12-60: termination of this expression cannot be proved, but there is no `diverges' clause in the outer specification
Warning, file "./2154_keep-multiplying-found-values-by-two/implementations/list-imperative/list-imperative.mlw", line 109, characters 12-60: termination of this expression cannot be proved, but there is no `diverges' clause in the outer specification
Warning, file "./2154_keep-multiplying-found-values-by-two/implementations/list-imperative/list-imperative.mlw", line 114, characters 12-62: termination of this expression cannot be proved, but there is no `diverges' clause in the outer specification
Warning, file "./2154_keep-multiplying-found-values-by-two/implementations/list-imperative/list-imperative.mlw", line 119, characters 12-61: termination of this expression cannot be proved, but there is no `diverges' clause in the outer specification
Warning, file "./2154_keep-multiplying-found-values-by-two/implementations/list-imperative/list-imperative.mlw", line 124, characters 12-60: termination of this expression cannot be proved, but there is no `diverges' clause in the outer specification
Warning, file "./2154_keep-multiplying-found-values-by-two/implementations/list-imperative/list-imperative.mlw", line 129, characters 12-60: termination of this expression cannot be proved, but there is no `diverges' clause in the outer specification
Warning, file "./2154_keep-multiplying-found-values-by-two/implementations/list-imperative/list-imperative.mlw", line 152, characters 7-18: termination of this expression cannot be proved, but there is no `diverges' clause in the outer specification
Warning, file "./2154_keep-multiplying-found-values-by-two/implementations/list-imperative/list-imperative.mlw", line 151, characters 7-18: termination of this expression cannot be proved, but there is no `diverges' clause in the outer specification
Warning, file "./2154_keep-multiplying-found-values-by-two/implementations/list-imperative/list-imperative.mlw", line 150, characters 7-18: termination of this expression cannot be proved, but there is no `diverges' clause in the outer specification
Warning, file "./2154_keep-multiplying-found-values-by-two/implementations/list-imperative/list-imperative.mlw", line 149, characters 7-18: termination of this expression cannot be proved, but there is no `diverges' clause in the outer specification
Warning, file "./2154_keep-multiplying-found-values-by-two/implementations/list-imperative/list-imperative.mlw", line 148, characters 7-18: termination of this expression cannot be proved, but there is no `diverges' clause in the outer specification
Warning, file "./2154_keep-multiplying-found-values-by-two/implementations/list-imperative/list-imperative.mlw", line 147, characters 7-18: termination of this expression cannot be proved, but there is no `diverges' clause in the outer specification
Warning, file "./2154_keep-multiplying-found-values-by-two/implementations/list-imperative/list-imperative.mlw", line 146, characters 7-18: termination of this expression cannot be proved, but there is no `diverges' clause in the outer specification
Warning, file "./2154_keep-multiplying-found-values-by-two/implementations/list-imperative/list-imperative.mlw", line 145, characters 7-18: termination of this expression cannot be proved, but there is no `diverges' clause in the outer specification
Warning, file "./2154_keep-multiplying-found-values-by-two/implementations/list-imperative/list-imperative.mlw", line 144, characters 7-18: termination of this expression cannot be proved, but there is no `diverges' clause in the outer specification
Warning, file "./2154_keep-multiplying-found-values-by-two/implementations/list-imperative/list-imperative.mlw", line 143, characters 7-18: termination of this expression cannot be proved, but there is no `diverges' clause in the outer specification
Warning, file "./2154_keep-multiplying-found-values-by-two/implementations/list-imperative/list-imperative.mlw", line 142, characters 7-18: termination of this expression cannot be proved, but there is no `diverges' clause in the outer specification
Warning, file "./2154_keep-multiplying-found-values-by-two/implementations/list-imperative/list-imperative.mlw", line 141, characters 7-18: termination of this expression cannot be proved, but there is no `diverges' clause in the outer specification
Warning, file "./2154_keep-multiplying-found-values-by-two/implementations/list-imperative/list-imperative.mlw", line 140, characters 7-18: termination of this expression cannot be proved, but there is no `diverges' clause in the outer specification
Warning, file "./2154_keep-multiplying-found-values-by-two/implementations/list-imperative/list-imperative.mlw", line 139, characters 7-18: termination of this expression cannot be proved, but there is no `diverges' clause in the outer specification
Warning, file "./2154_keep-multiplying-found-values-by-two/implementations/list-imperative/list-imperative.mlw", line 138, characters 7-18: termination of this expression cannot be proved, but there is no `diverges' clause in the outer specification
Warning, file "./2154_keep-multiplying-found-values-by-two/implementations/list-imperative/list-imperative.mlw", line 137, characters 7-18: termination of this expression cannot be proved, but there is no `diverges' clause in the outer specification
Warning, file "./2154_keep-multiplying-found-values-by-two/implementations/list-imperative/list-imperative.mlw", line 136, characters 7-18: termination of this expression cannot be proved, but there is no `diverges' clause in the outer specification
Warning, file "./2154_keep-multiplying-found-values-by-two/implementations/list-imperative/list-imperative.mlw", line 135, characters 7-18: termination of this expression cannot be proved, but there is no `diverges' clause in the outer specification
Warning, file "./2154_keep-multiplying-found-values-by-two/implementations/list-imperative/list-imperative.mlw", line 134, characters 7-18: termination of this expression cannot be proved, but there is no `diverges' clause in the outer specification
Warning, file "./2154_keep-multiplying-found-values-by-two/implementations/list-imperative/list-imperative.mlw", line 133, characters 7-18: termination of this expression cannot be proved, but there is no `diverges' clause in the outer specification
result: bool = true
globals: <none>

EXECUTE_EXIT_CODE: 0
