FILE: ./1385_find-the-distance-value-between-two-arrays/implementations/array-imperative/array-imperative.mlw
MODULE: FindTheDistanceValueBetweenTwoArrays_Array_Imperative
COMMAND: why3 execute --use FindTheDistanceValueBetweenTwoArrays_Array_Imperative ./1385_find-the-distance-value-between-two-arrays/implementations/array-imperative/array-imperative.mlw 'run_tests ()'

Warning, file "./1385_find-the-distance-value-between-two-arrays/implementations/array-imperative/array-imperative.mlw", line 12, character 4 to line 16, character 8: termination of this expression cannot be proved, but there is no `diverges' clause in the outer specification
Warning, file "./1385_find-the-distance-value-between-two-arrays/implementations/array-imperative/array-imperative.mlw", line 24, characters 9-40: termination of this expression cannot be proved, but there is no `diverges' clause in the outer specification
Warning, file "./1385_find-the-distance-value-between-two-arrays/implementations/array-imperative/array-imperative.mlw", line 23, character 4 to line 27, character 8: termination of this expression cannot be proved, but there is no `diverges' clause in the outer specification
Warning, file "./1385_find-the-distance-value-between-two-arrays/implementations/array-imperative/array-imperative.mlw", line 33, characters 12-72: termination of this expression cannot be proved, but there is no `diverges' clause in the outer specification
Warning, file "./1385_find-the-distance-value-between-two-arrays/implementations/array-imperative/array-imperative.mlw", line 39, characters 12-74: termination of this expression cannot be proved, but there is no `diverges' clause in the outer specification
Warning, file "./1385_find-the-distance-value-between-two-arrays/implementations/array-imperative/array-imperative.mlw", line 45, characters 12-72: termination of this expression cannot be proved, but there is no `diverges' clause in the outer specification
Warning, file "./1385_find-the-distance-value-between-two-arrays/implementations/array-imperative/array-imperative.mlw", line 51, characters 12-72: termination of this expression cannot be proved, but there is no `diverges' clause in the outer specification
Warning, file "./1385_find-the-distance-value-between-two-arrays/implementations/array-imperative/array-imperative.mlw", line 57, characters 12-72: termination of this expression cannot be proved, but there is no `diverges' clause in the outer specification
Warning, file "./1385_find-the-distance-value-between-two-arrays/implementations/array-imperative/array-imperative.mlw", line 63, characters 12-72: termination of this expression cannot be proved, but there is no `diverges' clause in the outer specification
Warning, file "./1385_find-the-distance-value-between-two-arrays/implementations/array-imperative/array-imperative.mlw", line 69, characters 12-75: termination of this expression cannot be proved, but there is no `diverges' clause in the outer specification
Warning, file "./1385_find-the-distance-value-between-two-arrays/implementations/array-imperative/array-imperative.mlw", line 75, characters 12-72: termination of this expression cannot be proved, but there is no `diverges' clause in the outer specification
Warning, file "./1385_find-the-distance-value-between-two-arrays/implementations/array-imperative/array-imperative.mlw", line 81, characters 12-72: termination of this expression cannot be proved, but there is no `diverges' clause in the outer specification
Warning, file "./1385_find-the-distance-value-between-two-arrays/implementations/array-imperative/array-imperative.mlw", line 87, characters 12-72: termination of this expression cannot be proved, but there is no `diverges' clause in the outer specification
Warning, file "./1385_find-the-distance-value-between-two-arrays/implementations/array-imperative/array-imperative.mlw", line 93, characters 12-72: termination of this expression cannot be proved, but there is no `diverges' clause in the outer specification
Warning, file "./1385_find-the-distance-value-between-two-arrays/implementations/array-imperative/array-imperative.mlw", line 99, characters 12-73: termination of this expression cannot be proved, but there is no `diverges' clause in the outer specification
Warning, file "./1385_find-the-distance-value-between-two-arrays/implementations/array-imperative/array-imperative.mlw", line 105, characters 12-74: termination of this expression cannot be proved, but there is no `diverges' clause in the outer specification
Warning, file "./1385_find-the-distance-value-between-two-arrays/implementations/array-imperative/array-imperative.mlw", line 111, characters 12-73: termination of this expression cannot be proved, but there is no `diverges' clause in the outer specification
Warning, file "./1385_find-the-distance-value-between-two-arrays/implementations/array-imperative/array-imperative.mlw", line 117, characters 12-72: termination of this expression cannot be proved, but there is no `diverges' clause in the outer specification
Warning, file "./1385_find-the-distance-value-between-two-arrays/implementations/array-imperative/array-imperative.mlw", line 123, characters 12-72: termination of this expression cannot be proved, but there is no `diverges' clause in the outer specification
Warning, file "./1385_find-the-distance-value-between-two-arrays/implementations/array-imperative/array-imperative.mlw", line 129, characters 12-73: termination of this expression cannot be proved, but there is no `diverges' clause in the outer specification
Warning, file "./1385_find-the-distance-value-between-two-arrays/implementations/array-imperative/array-imperative.mlw", line 135, characters 12-72: termination of this expression cannot be proved, but there is no `diverges' clause in the outer specification
Warning, file "./1385_find-the-distance-value-between-two-arrays/implementations/array-imperative/array-imperative.mlw", line 141, characters 12-74: termination of this expression cannot be proved, but there is no `diverges' clause in the outer specification
Warning, file "./1385_find-the-distance-value-between-two-arrays/implementations/array-imperative/array-imperative.mlw", line 147, characters 12-73: termination of this expression cannot be proved, but there is no `diverges' clause in the outer specification
Warning, file "./1385_find-the-distance-value-between-two-arrays/implementations/array-imperative/array-imperative.mlw", line 170, characters 7-18: termination of this expression cannot be proved, but there is no `diverges' clause in the outer specification
Warning, file "./1385_find-the-distance-value-between-two-arrays/implementations/array-imperative/array-imperative.mlw", line 169, characters 7-18: termination of this expression cannot be proved, but there is no `diverges' clause in the outer specification
Warning, file "./1385_find-the-distance-value-between-two-arrays/implementations/array-imperative/array-imperative.mlw", line 168, characters 7-18: termination of this expression cannot be proved, but there is no `diverges' clause in the outer specification
Warning, file "./1385_find-the-distance-value-between-two-arrays/implementations/array-imperative/array-imperative.mlw", line 167, characters 7-18: termination of this expression cannot be proved, but there is no `diverges' clause in the outer specification
Warning, file "./1385_find-the-distance-value-between-two-arrays/implementations/array-imperative/array-imperative.mlw", line 166, characters 7-18: termination of this expression cannot be proved, but there is no `diverges' clause in the outer specification
Warning, file "./1385_find-the-distance-value-between-two-arrays/implementations/array-imperative/array-imperative.mlw", line 165, characters 7-18: termination of this expression cannot be proved, but there is no `diverges' clause in the outer specification
Warning, file "./1385_find-the-distance-value-between-two-arrays/implementations/array-imperative/array-imperative.mlw", line 164, characters 7-18: termination of this expression cannot be proved, but there is no `diverges' clause in the outer specification
Warning, file "./1385_find-the-distance-value-between-two-arrays/implementations/array-imperative/array-imperative.mlw", line 163, characters 7-18: termination of this expression cannot be proved, but there is no `diverges' clause in the outer specification
Warning, file "./1385_find-the-distance-value-between-two-arrays/implementations/array-imperative/array-imperative.mlw", line 162, characters 7-18: termination of this expression cannot be proved, but there is no `diverges' clause in the outer specification
Warning, file "./1385_find-the-distance-value-between-two-arrays/implementations/array-imperative/array-imperative.mlw", line 161, characters 7-18: termination of this expression cannot be proved, but there is no `diverges' clause in the outer specification
Warning, file "./1385_find-the-distance-value-between-two-arrays/implementations/array-imperative/array-imperative.mlw", line 160, characters 7-18: termination of this expression cannot be proved, but there is no `diverges' clause in the outer specification
Warning, file "./1385_find-the-distance-value-between-two-arrays/implementations/array-imperative/array-imperative.mlw", line 159, characters 7-18: termination of this expression cannot be proved, but there is no `diverges' clause in the outer specification
Warning, file "./1385_find-the-distance-value-between-two-arrays/implementations/array-imperative/array-imperative.mlw", line 158, characters 7-18: termination of this expression cannot be proved, but there is no `diverges' clause in the outer specification
Warning, file "./1385_find-the-distance-value-between-two-arrays/implementations/array-imperative/array-imperative.mlw", line 157, characters 7-18: termination of this expression cannot be proved, but there is no `diverges' clause in the outer specification
Warning, file "./1385_find-the-distance-value-between-two-arrays/implementations/array-imperative/array-imperative.mlw", line 156, characters 7-18: termination of this expression cannot be proved, but there is no `diverges' clause in the outer specification
Warning, file "./1385_find-the-distance-value-between-two-arrays/implementations/array-imperative/array-imperative.mlw", line 155, characters 7-18: termination of this expression cannot be proved, but there is no `diverges' clause in the outer specification
Warning, file "./1385_find-the-distance-value-between-two-arrays/implementations/array-imperative/array-imperative.mlw", line 154, characters 7-18: termination of this expression cannot be proved, but there is no `diverges' clause in the outer specification
Warning, file "./1385_find-the-distance-value-between-two-arrays/implementations/array-imperative/array-imperative.mlw", line 153, characters 7-18: termination of this expression cannot be proved, but there is no `diverges' clause in the outer specification
Warning, file "./1385_find-the-distance-value-between-two-arrays/implementations/array-imperative/array-imperative.mlw", line 152, characters 7-18: termination of this expression cannot be proved, but there is no `diverges' clause in the outer specification
Warning, file "./1385_find-the-distance-value-between-two-arrays/implementations/array-imperative/array-imperative.mlw", line 151, characters 7-18: termination of this expression cannot be proved, but there is no `diverges' clause in the outer specification
result: bool = true
globals: <none>

EXECUTE_EXIT_CODE: 0
