FILE: ./2170_minimum-operations-to-make-the-array-alternating/implementations/list-imperative/list-imperative.mlw
MODULE: MinimumOperationsToMakeTheArrayAlternating_List_Imperative_Implementation
COMMAND: why3 execute --use MinimumOperationsToMakeTheArrayAlternating_List_Imperative_Implementation ./2170_minimum-operations-to-make-the-array-alternating/implementations/list-imperative/list-imperative.mlw 'run_tests ()'

Warning, file "./2170_minimum-operations-to-make-the-array-alternating/implementations/list-imperative/list-imperative.mlw", line 11, character 4 to line 18, character 8: termination of this expression cannot be proved, but there is no `diverges' clause in the outer specification
Warning, file "./2170_minimum-operations-to-make-the-array-alternating/implementations/list-imperative/list-imperative.mlw", line 28, characters 26-50: termination of this expression cannot be proved, but there is no `diverges' clause in the outer specification
Warning, file "./2170_minimum-operations-to-make-the-array-alternating/implementations/list-imperative/list-imperative.mlw", line 24, character 4 to line 33, character 8: termination of this expression cannot be proved, but there is no `diverges' clause in the outer specification
Warning, file "./2170_minimum-operations-to-make-the-array-alternating/implementations/list-imperative/list-imperative.mlw", line 39, character 4 to line 46, character 8: termination of this expression cannot be proved, but there is no `diverges' clause in the outer specification
Warning, file "./2170_minimum-operations-to-make-the-array-alternating/implementations/list-imperative/list-imperative.mlw", line 50, characters 20-42: termination of this expression cannot be proved, but there is no `diverges' clause in the outer specification
Warning, file "./2170_minimum-operations-to-make-the-array-alternating/implementations/list-imperative/list-imperative.mlw", line 57, character 4 to line 68, character 8: termination of this expression cannot be proved, but there is no `diverges' clause in the outer specification
Warning, file "./2170_minimum-operations-to-make-the-array-alternating/implementations/list-imperative/list-imperative.mlw", line 85, characters 29-74: termination of this expression cannot be proved, but there is no `diverges' clause in the outer specification
Warning, file "./2170_minimum-operations-to-make-the-array-alternating/implementations/list-imperative/list-imperative.mlw", line 80, character 10 to line 90, character 14: termination of this expression cannot be proved, but there is no `diverges' clause in the outer specification
Warning, file "./2170_minimum-operations-to-make-the-array-alternating/implementations/list-imperative/list-imperative.mlw", line 75, character 4 to line 93, character 8: termination of this expression cannot be proved, but there is no `diverges' clause in the outer specification
Warning, file "./2170_minimum-operations-to-make-the-array-alternating/implementations/list-imperative/list-imperative.mlw", line 72, characters 26-57: termination of this expression cannot be proved, but there is no `diverges' clause in the outer specification
Warning, file "./2170_minimum-operations-to-make-the-array-alternating/implementations/list-imperative/list-imperative.mlw", line 72, characters 58-86: termination of this expression cannot be proved, but there is no `diverges' clause in the outer specification
Warning, file "./2170_minimum-operations-to-make-the-array-alternating/implementations/list-imperative/list-imperative.mlw", line 98, characters 17-75: termination of this expression cannot be proved, but there is no `diverges' clause in the outer specification
Warning, file "./2170_minimum-operations-to-make-the-array-alternating/implementations/list-imperative/list-imperative.mlw", line 114, characters 17-75: termination of this expression cannot be proved, but there is no `diverges' clause in the outer specification
Warning, file "./2170_minimum-operations-to-make-the-array-alternating/implementations/list-imperative/list-imperative.mlw", line 119, characters 17-75: termination of this expression cannot be proved, but there is no `diverges' clause in the outer specification
Warning, file "./2170_minimum-operations-to-make-the-array-alternating/implementations/list-imperative/list-imperative.mlw", line 134, characters 17-75: termination of this expression cannot be proved, but there is no `diverges' clause in the outer specification
Warning, file "./2170_minimum-operations-to-make-the-array-alternating/implementations/list-imperative/list-imperative.mlw", line 139, characters 17-75: termination of this expression cannot be proved, but there is no `diverges' clause in the outer specification
Warning, file "./2170_minimum-operations-to-make-the-array-alternating/implementations/list-imperative/list-imperative.mlw", line 153, characters 17-75: termination of this expression cannot be proved, but there is no `diverges' clause in the outer specification
Warning, file "./2170_minimum-operations-to-make-the-array-alternating/implementations/list-imperative/list-imperative.mlw", line 158, characters 17-75: termination of this expression cannot be proved, but there is no `diverges' clause in the outer specification
Warning, file "./2170_minimum-operations-to-make-the-array-alternating/implementations/list-imperative/list-imperative.mlw", line 163, characters 17-75: termination of this expression cannot be proved, but there is no `diverges' clause in the outer specification
Warning, file "./2170_minimum-operations-to-make-the-array-alternating/implementations/list-imperative/list-imperative.mlw", line 168, characters 17-75: termination of this expression cannot be proved, but there is no `diverges' clause in the outer specification
Warning, file "./2170_minimum-operations-to-make-the-array-alternating/implementations/list-imperative/list-imperative.mlw", line 173, characters 17-75: termination of this expression cannot be proved, but there is no `diverges' clause in the outer specification
Warning, file "./2170_minimum-operations-to-make-the-array-alternating/implementations/list-imperative/list-imperative.mlw", line 178, characters 17-75: termination of this expression cannot be proved, but there is no `diverges' clause in the outer specification
Warning, file "./2170_minimum-operations-to-make-the-array-alternating/implementations/list-imperative/list-imperative.mlw", line 190, characters 17-75: termination of this expression cannot be proved, but there is no `diverges' clause in the outer specification
Warning, file "./2170_minimum-operations-to-make-the-array-alternating/implementations/list-imperative/list-imperative.mlw", line 195, characters 17-75: termination of this expression cannot be proved, but there is no `diverges' clause in the outer specification
Warning, file "./2170_minimum-operations-to-make-the-array-alternating/implementations/list-imperative/list-imperative.mlw", line 200, characters 17-75: termination of this expression cannot be proved, but there is no `diverges' clause in the outer specification
Warning, file "./2170_minimum-operations-to-make-the-array-alternating/implementations/list-imperative/list-imperative.mlw", line 214, characters 17-75: termination of this expression cannot be proved, but there is no `diverges' clause in the outer specification
Warning, file "./2170_minimum-operations-to-make-the-array-alternating/implementations/list-imperative/list-imperative.mlw", line 219, characters 17-75: termination of this expression cannot be proved, but there is no `diverges' clause in the outer specification
Warning, file "./2170_minimum-operations-to-make-the-array-alternating/implementations/list-imperative/list-imperative.mlw", line 224, characters 17-75: termination of this expression cannot be proved, but there is no `diverges' clause in the outer specification
Warning, file "./2170_minimum-operations-to-make-the-array-alternating/implementations/list-imperative/list-imperative.mlw", line 229, characters 17-75: termination of this expression cannot be proved, but there is no `diverges' clause in the outer specification
Warning, file "./2170_minimum-operations-to-make-the-array-alternating/implementations/list-imperative/list-imperative.mlw", line 234, characters 17-75: termination of this expression cannot be proved, but there is no `diverges' clause in the outer specification
Warning, file "./2170_minimum-operations-to-make-the-array-alternating/implementations/list-imperative/list-imperative.mlw", line 239, characters 17-75: termination of this expression cannot be proved, but there is no `diverges' clause in the outer specification
Warning, file "./2170_minimum-operations-to-make-the-array-alternating/implementations/list-imperative/list-imperative.mlw", line 262, characters 7-18: termination of this expression cannot be proved, but there is no `diverges' clause in the outer specification
Warning, file "./2170_minimum-operations-to-make-the-array-alternating/implementations/list-imperative/list-imperative.mlw", line 261, characters 7-18: termination of this expression cannot be proved, but there is no `diverges' clause in the outer specification
Warning, file "./2170_minimum-operations-to-make-the-array-alternating/implementations/list-imperative/list-imperative.mlw", line 260, characters 7-18: termination of this expression cannot be proved, but there is no `diverges' clause in the outer specification
Warning, file "./2170_minimum-operations-to-make-the-array-alternating/implementations/list-imperative/list-imperative.mlw", line 259, characters 7-18: termination of this expression cannot be proved, but there is no `diverges' clause in the outer specification
Warning, file "./2170_minimum-operations-to-make-the-array-alternating/implementations/list-imperative/list-imperative.mlw", line 258, characters 7-18: termination of this expression cannot be proved, but there is no `diverges' clause in the outer specification
Warning, file "./2170_minimum-operations-to-make-the-array-alternating/implementations/list-imperative/list-imperative.mlw", line 257, characters 7-18: termination of this expression cannot be proved, but there is no `diverges' clause in the outer specification
Warning, file "./2170_minimum-operations-to-make-the-array-alternating/implementations/list-imperative/list-imperative.mlw", line 256, characters 7-18: termination of this expression cannot be proved, but there is no `diverges' clause in the outer specification
Warning, file "./2170_minimum-operations-to-make-the-array-alternating/implementations/list-imperative/list-imperative.mlw", line 255, characters 7-18: termination of this expression cannot be proved, but there is no `diverges' clause in the outer specification
Warning, file "./2170_minimum-operations-to-make-the-array-alternating/implementations/list-imperative/list-imperative.mlw", line 254, characters 7-18: termination of this expression cannot be proved, but there is no `diverges' clause in the outer specification
Warning, file "./2170_minimum-operations-to-make-the-array-alternating/implementations/list-imperative/list-imperative.mlw", line 253, characters 7-18: termination of this expression cannot be proved, but there is no `diverges' clause in the outer specification
Warning, file "./2170_minimum-operations-to-make-the-array-alternating/implementations/list-imperative/list-imperative.mlw", line 252, characters 7-18: termination of this expression cannot be proved, but there is no `diverges' clause in the outer specification
Warning, file "./2170_minimum-operations-to-make-the-array-alternating/implementations/list-imperative/list-imperative.mlw", line 251, characters 7-18: termination of this expression cannot be proved, but there is no `diverges' clause in the outer specification
Warning, file "./2170_minimum-operations-to-make-the-array-alternating/implementations/list-imperative/list-imperative.mlw", line 250, characters 7-18: termination of this expression cannot be proved, but there is no `diverges' clause in the outer specification
Warning, file "./2170_minimum-operations-to-make-the-array-alternating/implementations/list-imperative/list-imperative.mlw", line 249, characters 7-18: termination of this expression cannot be proved, but there is no `diverges' clause in the outer specification
Warning, file "./2170_minimum-operations-to-make-the-array-alternating/implementations/list-imperative/list-imperative.mlw", line 248, characters 7-18: termination of this expression cannot be proved, but there is no `diverges' clause in the outer specification
Warning, file "./2170_minimum-operations-to-make-the-array-alternating/implementations/list-imperative/list-imperative.mlw", line 247, characters 7-18: termination of this expression cannot be proved, but there is no `diverges' clause in the outer specification
Warning, file "./2170_minimum-operations-to-make-the-array-alternating/implementations/list-imperative/list-imperative.mlw", line 246, characters 7-18: termination of this expression cannot be proved, but there is no `diverges' clause in the outer specification
Warning, file "./2170_minimum-operations-to-make-the-array-alternating/implementations/list-imperative/list-imperative.mlw", line 245, characters 7-18: termination of this expression cannot be proved, but there is no `diverges' clause in the outer specification
Warning, file "./2170_minimum-operations-to-make-the-array-alternating/implementations/list-imperative/list-imperative.mlw", line 244, characters 7-18: termination of this expression cannot be proved, but there is no `diverges' clause in the outer specification
Warning, file "./2170_minimum-operations-to-make-the-array-alternating/implementations/list-imperative/list-imperative.mlw", line 243, characters 7-18: termination of this expression cannot be proved, but there is no `diverges' clause in the outer specification
result: bool = true
globals: <none>

EXECUTE_EXIT_CODE: 0
