FILE: ./1862_sum-of-floored-pairs/implementations/list-imperative/list-imperative.mlw
MODULE: SumOfFlooredPairs_List_Imperative
COMMAND: why3 execute --use SumOfFlooredPairs_List_Imperative ./1862_sum-of-floored-pairs/implementations/list-imperative/list-imperative.mlw 'run_tests ()'

Warning, file "./1862_sum-of-floored-pairs/implementations/list-imperative/list-imperative.mlw", line 34, character 10 to line 41, character 14: termination of this expression cannot be proved, but there is no `diverges' clause in the outer specification
Warning, file "./1862_sum-of-floored-pairs/implementations/list-imperative/list-imperative.mlw", line 29, character 4 to line 44, character 8: termination of this expression cannot be proved, but there is no `diverges' clause in the outer specification
Warning, file "./1862_sum-of-floored-pairs/implementations/list-imperative/list-imperative.mlw", line 49, characters 12-42: termination of this expression cannot be proved, but there is no `diverges' clause in the outer specification
Warning, file "./1862_sum-of-floored-pairs/implementations/list-imperative/list-imperative.mlw", line 54, characters 12-42: termination of this expression cannot be proved, but there is no `diverges' clause in the outer specification
Warning, file "./1862_sum-of-floored-pairs/implementations/list-imperative/list-imperative.mlw", line 59, characters 12-42: termination of this expression cannot be proved, but there is no `diverges' clause in the outer specification
Warning, file "./1862_sum-of-floored-pairs/implementations/list-imperative/list-imperative.mlw", line 64, characters 12-42: termination of this expression cannot be proved, but there is no `diverges' clause in the outer specification
Warning, file "./1862_sum-of-floored-pairs/implementations/list-imperative/list-imperative.mlw", line 69, characters 12-42: termination of this expression cannot be proved, but there is no `diverges' clause in the outer specification
Warning, file "./1862_sum-of-floored-pairs/implementations/list-imperative/list-imperative.mlw", line 74, characters 12-42: termination of this expression cannot be proved, but there is no `diverges' clause in the outer specification
Warning, file "./1862_sum-of-floored-pairs/implementations/list-imperative/list-imperative.mlw", line 79, characters 12-42: termination of this expression cannot be proved, but there is no `diverges' clause in the outer specification
Warning, file "./1862_sum-of-floored-pairs/implementations/list-imperative/list-imperative.mlw", line 84, characters 12-42: termination of this expression cannot be proved, but there is no `diverges' clause in the outer specification
Warning, file "./1862_sum-of-floored-pairs/implementations/list-imperative/list-imperative.mlw", line 89, characters 12-42: termination of this expression cannot be proved, but there is no `diverges' clause in the outer specification
Warning, file "./1862_sum-of-floored-pairs/implementations/list-imperative/list-imperative.mlw", line 94, characters 12-42: termination of this expression cannot be proved, but there is no `diverges' clause in the outer specification
Warning, file "./1862_sum-of-floored-pairs/implementations/list-imperative/list-imperative.mlw", line 99, characters 12-42: termination of this expression cannot be proved, but there is no `diverges' clause in the outer specification
Warning, file "./1862_sum-of-floored-pairs/implementations/list-imperative/list-imperative.mlw", line 104, characters 12-42: termination of this expression cannot be proved, but there is no `diverges' clause in the outer specification
Warning, file "./1862_sum-of-floored-pairs/implementations/list-imperative/list-imperative.mlw", line 109, characters 12-42: termination of this expression cannot be proved, but there is no `diverges' clause in the outer specification
Warning, file "./1862_sum-of-floored-pairs/implementations/list-imperative/list-imperative.mlw", line 114, characters 12-42: termination of this expression cannot be proved, but there is no `diverges' clause in the outer specification
Warning, file "./1862_sum-of-floored-pairs/implementations/list-imperative/list-imperative.mlw", line 119, characters 12-42: termination of this expression cannot be proved, but there is no `diverges' clause in the outer specification
Warning, file "./1862_sum-of-floored-pairs/implementations/list-imperative/list-imperative.mlw", line 124, characters 12-42: termination of this expression cannot be proved, but there is no `diverges' clause in the outer specification
Warning, file "./1862_sum-of-floored-pairs/implementations/list-imperative/list-imperative.mlw", line 129, characters 12-42: termination of this expression cannot be proved, but there is no `diverges' clause in the outer specification
Warning, file "./1862_sum-of-floored-pairs/implementations/list-imperative/list-imperative.mlw", line 134, characters 12-42: termination of this expression cannot be proved, but there is no `diverges' clause in the outer specification
Warning, file "./1862_sum-of-floored-pairs/implementations/list-imperative/list-imperative.mlw", line 139, characters 12-42: termination of this expression cannot be proved, but there is no `diverges' clause in the outer specification
Warning, file "./1862_sum-of-floored-pairs/implementations/list-imperative/list-imperative.mlw", line 144, characters 12-42: termination of this expression cannot be proved, but there is no `diverges' clause in the outer specification
Warning, file "./1862_sum-of-floored-pairs/implementations/list-imperative/list-imperative.mlw", line 167, characters 7-18: termination of this expression cannot be proved, but there is no `diverges' clause in the outer specification
Warning, file "./1862_sum-of-floored-pairs/implementations/list-imperative/list-imperative.mlw", line 166, characters 7-18: termination of this expression cannot be proved, but there is no `diverges' clause in the outer specification
Warning, file "./1862_sum-of-floored-pairs/implementations/list-imperative/list-imperative.mlw", line 165, characters 7-18: termination of this expression cannot be proved, but there is no `diverges' clause in the outer specification
Warning, file "./1862_sum-of-floored-pairs/implementations/list-imperative/list-imperative.mlw", line 164, characters 7-18: termination of this expression cannot be proved, but there is no `diverges' clause in the outer specification
Warning, file "./1862_sum-of-floored-pairs/implementations/list-imperative/list-imperative.mlw", line 163, characters 7-18: termination of this expression cannot be proved, but there is no `diverges' clause in the outer specification
Warning, file "./1862_sum-of-floored-pairs/implementations/list-imperative/list-imperative.mlw", line 162, characters 7-18: termination of this expression cannot be proved, but there is no `diverges' clause in the outer specification
Warning, file "./1862_sum-of-floored-pairs/implementations/list-imperative/list-imperative.mlw", line 161, characters 7-18: termination of this expression cannot be proved, but there is no `diverges' clause in the outer specification
Warning, file "./1862_sum-of-floored-pairs/implementations/list-imperative/list-imperative.mlw", line 160, characters 7-18: termination of this expression cannot be proved, but there is no `diverges' clause in the outer specification
Warning, file "./1862_sum-of-floored-pairs/implementations/list-imperative/list-imperative.mlw", line 159, characters 7-18: termination of this expression cannot be proved, but there is no `diverges' clause in the outer specification
Warning, file "./1862_sum-of-floored-pairs/implementations/list-imperative/list-imperative.mlw", line 158, characters 7-18: termination of this expression cannot be proved, but there is no `diverges' clause in the outer specification
Warning, file "./1862_sum-of-floored-pairs/implementations/list-imperative/list-imperative.mlw", line 157, characters 7-18: termination of this expression cannot be proved, but there is no `diverges' clause in the outer specification
Warning, file "./1862_sum-of-floored-pairs/implementations/list-imperative/list-imperative.mlw", line 156, characters 7-18: termination of this expression cannot be proved, but there is no `diverges' clause in the outer specification
Warning, file "./1862_sum-of-floored-pairs/implementations/list-imperative/list-imperative.mlw", line 155, characters 7-18: termination of this expression cannot be proved, but there is no `diverges' clause in the outer specification
Warning, file "./1862_sum-of-floored-pairs/implementations/list-imperative/list-imperative.mlw", line 154, characters 7-18: termination of this expression cannot be proved, but there is no `diverges' clause in the outer specification
Warning, file "./1862_sum-of-floored-pairs/implementations/list-imperative/list-imperative.mlw", line 153, characters 7-18: termination of this expression cannot be proved, but there is no `diverges' clause in the outer specification
Warning, file "./1862_sum-of-floored-pairs/implementations/list-imperative/list-imperative.mlw", line 152, characters 7-18: termination of this expression cannot be proved, but there is no `diverges' clause in the outer specification
Warning, file "./1862_sum-of-floored-pairs/implementations/list-imperative/list-imperative.mlw", line 151, characters 7-18: termination of this expression cannot be proved, but there is no `diverges' clause in the outer specification
Warning, file "./1862_sum-of-floored-pairs/implementations/list-imperative/list-imperative.mlw", line 150, characters 7-18: termination of this expression cannot be proved, but there is no `diverges' clause in the outer specification
Warning, file "./1862_sum-of-floored-pairs/implementations/list-imperative/list-imperative.mlw", line 149, characters 7-18: termination of this expression cannot be proved, but there is no `diverges' clause in the outer specification
Warning, file "./1862_sum-of-floored-pairs/implementations/list-imperative/list-imperative.mlw", line 148, characters 7-18: termination of this expression cannot be proved, but there is no `diverges' clause in the outer specification
result: bool = true
globals: result_modulus -> 1000000007

EXECUTE_EXIT_CODE: 0
