FILE: ./2615_sum-of-distances/implementations/list-imperative/list-imperative.mlw
MODULE: SumOfDistances_List_Imperative_Implementation
COMMAND: why3 execute --use SumOfDistances_List_Imperative_Implementation ./2615_sum-of-distances/implementations/list-imperative/list-imperative.mlw 'run_tests ()'

Warning, file "./2615_sum-of-distances/implementations/list-imperative/list-imperative.mlw", line 13, character 4 to line 20, character 8: termination of this expression cannot be proved, but there is no `diverges' clause in the outer specification
Warning, file "./2615_sum-of-distances/implementations/list-imperative/list-imperative.mlw", line 50, characters 4-28: termination of this expression cannot be proved, but there is no `diverges' clause in the outer specification
Warning, file "./2615_sum-of-distances/implementations/list-imperative/list-imperative.mlw", line 34, character 10 to line 44, character 14: termination of this expression cannot be proved, but there is no `diverges' clause in the outer specification
Warning, file "./2615_sum-of-distances/implementations/list-imperative/list-imperative.mlw", line 27, character 4 to line 49, character 8: termination of this expression cannot be proved, but there is no `diverges' clause in the outer specification
Warning, file "./2615_sum-of-distances/implementations/list-imperative/list-imperative.mlw", line 56, character 6 to line 64, character 10: termination of this expression cannot be proved, but there is no `diverges' clause in the outer specification
Warning, file "./2615_sum-of-distances/implementations/list-imperative/list-imperative.mlw", line 75, characters 4-25: termination of this expression cannot be proved, but there is no `diverges' clause in the outer specification
Warning, file "./2615_sum-of-distances/implementations/list-imperative/list-imperative.mlw", line 74, characters 12-38: termination of this expression cannot be proved, but there is no `diverges' clause in the outer specification
Warning, file "./2615_sum-of-distances/implementations/list-imperative/list-imperative.mlw", line 80, characters 4-28: termination of this expression cannot be proved, but there is no `diverges' clause in the outer specification
Warning, file "./2615_sum-of-distances/implementations/list-imperative/list-imperative.mlw", line 89, characters 4-28: termination of this expression cannot be proved, but there is no `diverges' clause in the outer specification
Warning, file "./2615_sum-of-distances/implementations/list-imperative/list-imperative.mlw", line 94, characters 4-28: termination of this expression cannot be proved, but there is no `diverges' clause in the outer specification
Warning, file "./2615_sum-of-distances/implementations/list-imperative/list-imperative.mlw", line 99, characters 4-28: termination of this expression cannot be proved, but there is no `diverges' clause in the outer specification
Warning, file "./2615_sum-of-distances/implementations/list-imperative/list-imperative.mlw", line 104, characters 4-28: termination of this expression cannot be proved, but there is no `diverges' clause in the outer specification
Warning, file "./2615_sum-of-distances/implementations/list-imperative/list-imperative.mlw", line 111, characters 4-28: termination of this expression cannot be proved, but there is no `diverges' clause in the outer specification
Warning, file "./2615_sum-of-distances/implementations/list-imperative/list-imperative.mlw", line 120, characters 4-28: termination of this expression cannot be proved, but there is no `diverges' clause in the outer specification
Warning, file "./2615_sum-of-distances/implementations/list-imperative/list-imperative.mlw", line 125, characters 4-28: termination of this expression cannot be proved, but there is no `diverges' clause in the outer specification
Warning, file "./2615_sum-of-distances/implementations/list-imperative/list-imperative.mlw", line 132, characters 4-28: termination of this expression cannot be proved, but there is no `diverges' clause in the outer specification
Warning, file "./2615_sum-of-distances/implementations/list-imperative/list-imperative.mlw", line 141, characters 4-28: termination of this expression cannot be proved, but there is no `diverges' clause in the outer specification
Warning, file "./2615_sum-of-distances/implementations/list-imperative/list-imperative.mlw", line 150, characters 4-28: termination of this expression cannot be proved, but there is no `diverges' clause in the outer specification
Warning, file "./2615_sum-of-distances/implementations/list-imperative/list-imperative.mlw", line 155, characters 4-28: termination of this expression cannot be proved, but there is no `diverges' clause in the outer specification
Warning, file "./2615_sum-of-distances/implementations/list-imperative/list-imperative.mlw", line 160, characters 4-28: termination of this expression cannot be proved, but there is no `diverges' clause in the outer specification
Warning, file "./2615_sum-of-distances/implementations/list-imperative/list-imperative.mlw", line 169, characters 4-28: termination of this expression cannot be proved, but there is no `diverges' clause in the outer specification
Warning, file "./2615_sum-of-distances/implementations/list-imperative/list-imperative.mlw", line 174, characters 4-28: termination of this expression cannot be proved, but there is no `diverges' clause in the outer specification
Warning, file "./2615_sum-of-distances/implementations/list-imperative/list-imperative.mlw", line 179, characters 4-28: termination of this expression cannot be proved, but there is no `diverges' clause in the outer specification
Warning, file "./2615_sum-of-distances/implementations/list-imperative/list-imperative.mlw", line 184, characters 4-28: termination of this expression cannot be proved, but there is no `diverges' clause in the outer specification
Warning, file "./2615_sum-of-distances/implementations/list-imperative/list-imperative.mlw", line 193, characters 4-28: termination of this expression cannot be proved, but there is no `diverges' clause in the outer specification
Warning, file "./2615_sum-of-distances/implementations/list-imperative/list-imperative.mlw", line 198, characters 4-28: termination of this expression cannot be proved, but there is no `diverges' clause in the outer specification
Warning, file "./2615_sum-of-distances/implementations/list-imperative/list-imperative.mlw", line 203, characters 4-28: termination of this expression cannot be proved, but there is no `diverges' clause in the outer specification
Warning, file "./2615_sum-of-distances/implementations/list-imperative/list-imperative.mlw", line 225, characters 7-18: termination of this expression cannot be proved, but there is no `diverges' clause in the outer specification
Warning, file "./2615_sum-of-distances/implementations/list-imperative/list-imperative.mlw", line 224, characters 7-18: termination of this expression cannot be proved, but there is no `diverges' clause in the outer specification
Warning, file "./2615_sum-of-distances/implementations/list-imperative/list-imperative.mlw", line 223, characters 7-18: termination of this expression cannot be proved, but there is no `diverges' clause in the outer specification
Warning, file "./2615_sum-of-distances/implementations/list-imperative/list-imperative.mlw", line 222, characters 7-18: termination of this expression cannot be proved, but there is no `diverges' clause in the outer specification
Warning, file "./2615_sum-of-distances/implementations/list-imperative/list-imperative.mlw", line 221, characters 7-18: termination of this expression cannot be proved, but there is no `diverges' clause in the outer specification
Warning, file "./2615_sum-of-distances/implementations/list-imperative/list-imperative.mlw", line 220, characters 7-18: termination of this expression cannot be proved, but there is no `diverges' clause in the outer specification
Warning, file "./2615_sum-of-distances/implementations/list-imperative/list-imperative.mlw", line 219, characters 7-18: termination of this expression cannot be proved, but there is no `diverges' clause in the outer specification
Warning, file "./2615_sum-of-distances/implementations/list-imperative/list-imperative.mlw", line 218, characters 7-18: termination of this expression cannot be proved, but there is no `diverges' clause in the outer specification
Warning, file "./2615_sum-of-distances/implementations/list-imperative/list-imperative.mlw", line 217, characters 7-18: termination of this expression cannot be proved, but there is no `diverges' clause in the outer specification
Warning, file "./2615_sum-of-distances/implementations/list-imperative/list-imperative.mlw", line 216, characters 7-18: termination of this expression cannot be proved, but there is no `diverges' clause in the outer specification
Warning, file "./2615_sum-of-distances/implementations/list-imperative/list-imperative.mlw", line 215, characters 7-18: termination of this expression cannot be proved, but there is no `diverges' clause in the outer specification
Warning, file "./2615_sum-of-distances/implementations/list-imperative/list-imperative.mlw", line 214, characters 7-18: termination of this expression cannot be proved, but there is no `diverges' clause in the outer specification
Warning, file "./2615_sum-of-distances/implementations/list-imperative/list-imperative.mlw", line 213, characters 7-18: termination of this expression cannot be proved, but there is no `diverges' clause in the outer specification
Warning, file "./2615_sum-of-distances/implementations/list-imperative/list-imperative.mlw", line 212, characters 7-18: termination of this expression cannot be proved, but there is no `diverges' clause in the outer specification
Warning, file "./2615_sum-of-distances/implementations/list-imperative/list-imperative.mlw", line 211, characters 7-18: termination of this expression cannot be proved, but there is no `diverges' clause in the outer specification
Warning, file "./2615_sum-of-distances/implementations/list-imperative/list-imperative.mlw", line 210, characters 7-18: termination of this expression cannot be proved, but there is no `diverges' clause in the outer specification
Warning, file "./2615_sum-of-distances/implementations/list-imperative/list-imperative.mlw", line 209, characters 7-18: termination of this expression cannot be proved, but there is no `diverges' clause in the outer specification
Warning, file "./2615_sum-of-distances/implementations/list-imperative/list-imperative.mlw", line 208, characters 7-18: termination of this expression cannot be proved, but there is no `diverges' clause in the outer specification
Warning, file "./2615_sum-of-distances/implementations/list-imperative/list-imperative.mlw", line 207, characters 7-18: termination of this expression cannot be proved, but there is no `diverges' clause in the outer specification
Warning, file "./2615_sum-of-distances/implementations/list-imperative/list-imperative.mlw", line 206, characters 7-18: termination of this expression cannot be proved, but there is no `diverges' clause in the outer specification
result: bool = true
globals: <none>

EXECUTE_EXIT_CODE: 0
