FILE: ./1775_equal-sum-arrays-with-minimum-number-of-operations/implementations/array-imperative/array-imperative.mlw
MODULE: EqualSumArraysWithMinimumNumberOfOperations_Array_Imperative_Implementation
COMMAND: why3 execute --use EqualSumArraysWithMinimumNumberOfOperations_Array_Imperative_Implementation ./1775_equal-sum-arrays-with-minimum-number-of-operations/implementations/array-imperative/array-imperative.mlw 'run_tests ()'

Warning, file "./1775_equal-sum-arrays-with-minimum-number-of-operations/implementations/array-imperative/array-imperative.mlw", line 64, character 4 to line 86, character 8: termination of this expression cannot be proved, but there is no `diverges' clause in the outer specification
Warning, file "./1775_equal-sum-arrays-with-minimum-number-of-operations/implementations/array-imperative/array-imperative.mlw", line 90, characters 17-85: termination of this expression cannot be proved, but there is no `diverges' clause in the outer specification
Warning, file "./1775_equal-sum-arrays-with-minimum-number-of-operations/implementations/array-imperative/array-imperative.mlw", line 96, characters 4-34: termination of this expression cannot be proved, but there is no `diverges' clause in the outer specification
Warning, file "./1775_equal-sum-arrays-with-minimum-number-of-operations/implementations/array-imperative/array-imperative.mlw", line 101, characters 4-34: termination of this expression cannot be proved, but there is no `diverges' clause in the outer specification
Warning, file "./1775_equal-sum-arrays-with-minimum-number-of-operations/implementations/array-imperative/array-imperative.mlw", line 106, characters 4-34: termination of this expression cannot be proved, but there is no `diverges' clause in the outer specification
Warning, file "./1775_equal-sum-arrays-with-minimum-number-of-operations/implementations/array-imperative/array-imperative.mlw", line 111, characters 4-34: termination of this expression cannot be proved, but there is no `diverges' clause in the outer specification
Warning, file "./1775_equal-sum-arrays-with-minimum-number-of-operations/implementations/array-imperative/array-imperative.mlw", line 116, characters 4-34: termination of this expression cannot be proved, but there is no `diverges' clause in the outer specification
Warning, file "./1775_equal-sum-arrays-with-minimum-number-of-operations/implementations/array-imperative/array-imperative.mlw", line 121, characters 4-34: termination of this expression cannot be proved, but there is no `diverges' clause in the outer specification
Warning, file "./1775_equal-sum-arrays-with-minimum-number-of-operations/implementations/array-imperative/array-imperative.mlw", line 126, characters 4-34: termination of this expression cannot be proved, but there is no `diverges' clause in the outer specification
Warning, file "./1775_equal-sum-arrays-with-minimum-number-of-operations/implementations/array-imperative/array-imperative.mlw", line 131, characters 4-34: termination of this expression cannot be proved, but there is no `diverges' clause in the outer specification
Warning, file "./1775_equal-sum-arrays-with-minimum-number-of-operations/implementations/array-imperative/array-imperative.mlw", line 136, characters 4-34: termination of this expression cannot be proved, but there is no `diverges' clause in the outer specification
Warning, file "./1775_equal-sum-arrays-with-minimum-number-of-operations/implementations/array-imperative/array-imperative.mlw", line 141, characters 4-34: termination of this expression cannot be proved, but there is no `diverges' clause in the outer specification
Warning, file "./1775_equal-sum-arrays-with-minimum-number-of-operations/implementations/array-imperative/array-imperative.mlw", line 146, characters 4-34: termination of this expression cannot be proved, but there is no `diverges' clause in the outer specification
Warning, file "./1775_equal-sum-arrays-with-minimum-number-of-operations/implementations/array-imperative/array-imperative.mlw", line 151, characters 4-37: termination of this expression cannot be proved, but there is no `diverges' clause in the outer specification
Warning, file "./1775_equal-sum-arrays-with-minimum-number-of-operations/implementations/array-imperative/array-imperative.mlw", line 156, characters 4-34: termination of this expression cannot be proved, but there is no `diverges' clause in the outer specification
Warning, file "./1775_equal-sum-arrays-with-minimum-number-of-operations/implementations/array-imperative/array-imperative.mlw", line 161, characters 4-34: termination of this expression cannot be proved, but there is no `diverges' clause in the outer specification
Warning, file "./1775_equal-sum-arrays-with-minimum-number-of-operations/implementations/array-imperative/array-imperative.mlw", line 166, characters 4-34: termination of this expression cannot be proved, but there is no `diverges' clause in the outer specification
Warning, file "./1775_equal-sum-arrays-with-minimum-number-of-operations/implementations/array-imperative/array-imperative.mlw", line 171, characters 4-34: termination of this expression cannot be proved, but there is no `diverges' clause in the outer specification
Warning, file "./1775_equal-sum-arrays-with-minimum-number-of-operations/implementations/array-imperative/array-imperative.mlw", line 176, characters 4-34: termination of this expression cannot be proved, but there is no `diverges' clause in the outer specification
Warning, file "./1775_equal-sum-arrays-with-minimum-number-of-operations/implementations/array-imperative/array-imperative.mlw", line 181, characters 4-34: termination of this expression cannot be proved, but there is no `diverges' clause in the outer specification
Warning, file "./1775_equal-sum-arrays-with-minimum-number-of-operations/implementations/array-imperative/array-imperative.mlw", line 186, characters 4-34: termination of this expression cannot be proved, but there is no `diverges' clause in the outer specification
Warning, file "./1775_equal-sum-arrays-with-minimum-number-of-operations/implementations/array-imperative/array-imperative.mlw", line 191, characters 4-34: termination of this expression cannot be proved, but there is no `diverges' clause in the outer specification
Warning, file "./1775_equal-sum-arrays-with-minimum-number-of-operations/implementations/array-imperative/array-imperative.mlw", line 213, characters 7-18: termination of this expression cannot be proved, but there is no `diverges' clause in the outer specification
Warning, file "./1775_equal-sum-arrays-with-minimum-number-of-operations/implementations/array-imperative/array-imperative.mlw", line 212, characters 7-18: termination of this expression cannot be proved, but there is no `diverges' clause in the outer specification
Warning, file "./1775_equal-sum-arrays-with-minimum-number-of-operations/implementations/array-imperative/array-imperative.mlw", line 211, characters 7-18: termination of this expression cannot be proved, but there is no `diverges' clause in the outer specification
Warning, file "./1775_equal-sum-arrays-with-minimum-number-of-operations/implementations/array-imperative/array-imperative.mlw", line 210, characters 7-18: termination of this expression cannot be proved, but there is no `diverges' clause in the outer specification
Warning, file "./1775_equal-sum-arrays-with-minimum-number-of-operations/implementations/array-imperative/array-imperative.mlw", line 209, characters 7-18: termination of this expression cannot be proved, but there is no `diverges' clause in the outer specification
Warning, file "./1775_equal-sum-arrays-with-minimum-number-of-operations/implementations/array-imperative/array-imperative.mlw", line 208, characters 7-18: termination of this expression cannot be proved, but there is no `diverges' clause in the outer specification
Warning, file "./1775_equal-sum-arrays-with-minimum-number-of-operations/implementations/array-imperative/array-imperative.mlw", line 207, characters 7-18: termination of this expression cannot be proved, but there is no `diverges' clause in the outer specification
Warning, file "./1775_equal-sum-arrays-with-minimum-number-of-operations/implementations/array-imperative/array-imperative.mlw", line 206, characters 7-18: termination of this expression cannot be proved, but there is no `diverges' clause in the outer specification
Warning, file "./1775_equal-sum-arrays-with-minimum-number-of-operations/implementations/array-imperative/array-imperative.mlw", line 205, characters 7-18: termination of this expression cannot be proved, but there is no `diverges' clause in the outer specification
Warning, file "./1775_equal-sum-arrays-with-minimum-number-of-operations/implementations/array-imperative/array-imperative.mlw", line 204, characters 7-18: termination of this expression cannot be proved, but there is no `diverges' clause in the outer specification
Warning, file "./1775_equal-sum-arrays-with-minimum-number-of-operations/implementations/array-imperative/array-imperative.mlw", line 203, characters 7-18: termination of this expression cannot be proved, but there is no `diverges' clause in the outer specification
Warning, file "./1775_equal-sum-arrays-with-minimum-number-of-operations/implementations/array-imperative/array-imperative.mlw", line 202, characters 7-18: termination of this expression cannot be proved, but there is no `diverges' clause in the outer specification
Warning, file "./1775_equal-sum-arrays-with-minimum-number-of-operations/implementations/array-imperative/array-imperative.mlw", line 201, characters 7-18: termination of this expression cannot be proved, but there is no `diverges' clause in the outer specification
Warning, file "./1775_equal-sum-arrays-with-minimum-number-of-operations/implementations/array-imperative/array-imperative.mlw", line 200, characters 7-18: termination of this expression cannot be proved, but there is no `diverges' clause in the outer specification
Warning, file "./1775_equal-sum-arrays-with-minimum-number-of-operations/implementations/array-imperative/array-imperative.mlw", line 199, characters 7-18: termination of this expression cannot be proved, but there is no `diverges' clause in the outer specification
Warning, file "./1775_equal-sum-arrays-with-minimum-number-of-operations/implementations/array-imperative/array-imperative.mlw", line 198, characters 7-18: termination of this expression cannot be proved, but there is no `diverges' clause in the outer specification
Warning, file "./1775_equal-sum-arrays-with-minimum-number-of-operations/implementations/array-imperative/array-imperative.mlw", line 197, characters 7-18: termination of this expression cannot be proved, but there is no `diverges' clause in the outer specification
Warning, file "./1775_equal-sum-arrays-with-minimum-number-of-operations/implementations/array-imperative/array-imperative.mlw", line 196, characters 7-18: termination of this expression cannot be proved, but there is no `diverges' clause in the outer specification
Warning, file "./1775_equal-sum-arrays-with-minimum-number-of-operations/implementations/array-imperative/array-imperative.mlw", line 195, characters 7-18: termination of this expression cannot be proved, but there is no `diverges' clause in the outer specification
Warning, file "./1775_equal-sum-arrays-with-minimum-number-of-operations/implementations/array-imperative/array-imperative.mlw", line 194, characters 7-18: termination of this expression cannot be proved, but there is no `diverges' clause in the outer specification
result: bool = true
globals: <none>

EXECUTE_EXIT_CODE: 0
