FILE: ./42_trapping-rain-water/implementations/array-imperative/array-imperative.mlw
MODULE: TrappingRainWater_Array_Imperative
COMMAND: why3 execute --use TrappingRainWater_Array_Imperative ./42_trapping-rain-water/implementations/array-imperative/array-imperative.mlw 'run_tests ()'

Warning, file "./42_trapping-rain-water/implementations/array-imperative/array-imperative.mlw", line 22, character 4 to line 36, character 8: termination of this expression cannot be proved, but there is no `diverges' clause in the outer specification
Warning, file "./42_trapping-rain-water/implementations/array-imperative/array-imperative.mlw", line 40, characters 12-44: termination of this expression cannot be proved, but there is no `diverges' clause in the outer specification
Warning, file "./42_trapping-rain-water/implementations/array-imperative/array-imperative.mlw", line 45, characters 4-24: termination of this expression cannot be proved, but there is no `diverges' clause in the outer specification
Warning, file "./42_trapping-rain-water/implementations/array-imperative/array-imperative.mlw", line 49, characters 4-24: termination of this expression cannot be proved, but there is no `diverges' clause in the outer specification
Warning, file "./42_trapping-rain-water/implementations/array-imperative/array-imperative.mlw", line 53, characters 4-23: termination of this expression cannot be proved, but there is no `diverges' clause in the outer specification
Warning, file "./42_trapping-rain-water/implementations/array-imperative/array-imperative.mlw", line 57, characters 4-23: termination of this expression cannot be proved, but there is no `diverges' clause in the outer specification
Warning, file "./42_trapping-rain-water/implementations/array-imperative/array-imperative.mlw", line 61, characters 4-23: termination of this expression cannot be proved, but there is no `diverges' clause in the outer specification
Warning, file "./42_trapping-rain-water/implementations/array-imperative/array-imperative.mlw", line 65, characters 4-23: termination of this expression cannot be proved, but there is no `diverges' clause in the outer specification
Warning, file "./42_trapping-rain-water/implementations/array-imperative/array-imperative.mlw", line 69, characters 4-23: termination of this expression cannot be proved, but there is no `diverges' clause in the outer specification
Warning, file "./42_trapping-rain-water/implementations/array-imperative/array-imperative.mlw", line 73, characters 4-24: termination of this expression cannot be proved, but there is no `diverges' clause in the outer specification
Warning, file "./42_trapping-rain-water/implementations/array-imperative/array-imperative.mlw", line 77, characters 4-24: termination of this expression cannot be proved, but there is no `diverges' clause in the outer specification
Warning, file "./42_trapping-rain-water/implementations/array-imperative/array-imperative.mlw", line 81, characters 4-23: termination of this expression cannot be proved, but there is no `diverges' clause in the outer specification
Warning, file "./42_trapping-rain-water/implementations/array-imperative/array-imperative.mlw", line 85, characters 4-23: termination of this expression cannot be proved, but there is no `diverges' clause in the outer specification
Warning, file "./42_trapping-rain-water/implementations/array-imperative/array-imperative.mlw", line 89, characters 4-23: termination of this expression cannot be proved, but there is no `diverges' clause in the outer specification
Warning, file "./42_trapping-rain-water/implementations/array-imperative/array-imperative.mlw", line 93, characters 4-23: termination of this expression cannot be proved, but there is no `diverges' clause in the outer specification
Warning, file "./42_trapping-rain-water/implementations/array-imperative/array-imperative.mlw", line 97, characters 4-24: termination of this expression cannot be proved, but there is no `diverges' clause in the outer specification
Warning, file "./42_trapping-rain-water/implementations/array-imperative/array-imperative.mlw", line 101, characters 4-23: termination of this expression cannot be proved, but there is no `diverges' clause in the outer specification
Warning, file "./42_trapping-rain-water/implementations/array-imperative/array-imperative.mlw", line 105, characters 4-24: termination of this expression cannot be proved, but there is no `diverges' clause in the outer specification
Warning, file "./42_trapping-rain-water/implementations/array-imperative/array-imperative.mlw", line 109, characters 4-24: termination of this expression cannot be proved, but there is no `diverges' clause in the outer specification
Warning, file "./42_trapping-rain-water/implementations/array-imperative/array-imperative.mlw", line 113, characters 4-24: termination of this expression cannot be proved, but there is no `diverges' clause in the outer specification
Warning, file "./42_trapping-rain-water/implementations/array-imperative/array-imperative.mlw", line 117, characters 4-23: termination of this expression cannot be proved, but there is no `diverges' clause in the outer specification
Warning, file "./42_trapping-rain-water/implementations/array-imperative/array-imperative.mlw", line 121, characters 4-23: termination of this expression cannot be proved, but there is no `diverges' clause in the outer specification
Warning, file "./42_trapping-rain-water/implementations/array-imperative/array-imperative.mlw", line 143, characters 7-18: termination of this expression cannot be proved, but there is no `diverges' clause in the outer specification
Warning, file "./42_trapping-rain-water/implementations/array-imperative/array-imperative.mlw", line 142, characters 7-18: termination of this expression cannot be proved, but there is no `diverges' clause in the outer specification
Warning, file "./42_trapping-rain-water/implementations/array-imperative/array-imperative.mlw", line 141, characters 7-18: termination of this expression cannot be proved, but there is no `diverges' clause in the outer specification
Warning, file "./42_trapping-rain-water/implementations/array-imperative/array-imperative.mlw", line 140, characters 7-18: termination of this expression cannot be proved, but there is no `diverges' clause in the outer specification
Warning, file "./42_trapping-rain-water/implementations/array-imperative/array-imperative.mlw", line 139, characters 7-18: termination of this expression cannot be proved, but there is no `diverges' clause in the outer specification
Warning, file "./42_trapping-rain-water/implementations/array-imperative/array-imperative.mlw", line 138, characters 7-18: termination of this expression cannot be proved, but there is no `diverges' clause in the outer specification
Warning, file "./42_trapping-rain-water/implementations/array-imperative/array-imperative.mlw", line 137, characters 7-18: termination of this expression cannot be proved, but there is no `diverges' clause in the outer specification
Warning, file "./42_trapping-rain-water/implementations/array-imperative/array-imperative.mlw", line 136, characters 7-18: termination of this expression cannot be proved, but there is no `diverges' clause in the outer specification
Warning, file "./42_trapping-rain-water/implementations/array-imperative/array-imperative.mlw", line 135, characters 7-18: termination of this expression cannot be proved, but there is no `diverges' clause in the outer specification
Warning, file "./42_trapping-rain-water/implementations/array-imperative/array-imperative.mlw", line 134, characters 7-18: termination of this expression cannot be proved, but there is no `diverges' clause in the outer specification
Warning, file "./42_trapping-rain-water/implementations/array-imperative/array-imperative.mlw", line 133, characters 7-18: termination of this expression cannot be proved, but there is no `diverges' clause in the outer specification
Warning, file "./42_trapping-rain-water/implementations/array-imperative/array-imperative.mlw", line 132, characters 7-18: termination of this expression cannot be proved, but there is no `diverges' clause in the outer specification
Warning, file "./42_trapping-rain-water/implementations/array-imperative/array-imperative.mlw", line 131, characters 7-18: termination of this expression cannot be proved, but there is no `diverges' clause in the outer specification
Warning, file "./42_trapping-rain-water/implementations/array-imperative/array-imperative.mlw", line 130, characters 7-18: termination of this expression cannot be proved, but there is no `diverges' clause in the outer specification
Warning, file "./42_trapping-rain-water/implementations/array-imperative/array-imperative.mlw", line 129, characters 7-18: termination of this expression cannot be proved, but there is no `diverges' clause in the outer specification
Warning, file "./42_trapping-rain-water/implementations/array-imperative/array-imperative.mlw", line 128, characters 7-18: termination of this expression cannot be proved, but there is no `diverges' clause in the outer specification
Warning, file "./42_trapping-rain-water/implementations/array-imperative/array-imperative.mlw", line 127, characters 7-18: termination of this expression cannot be proved, but there is no `diverges' clause in the outer specification
Warning, file "./42_trapping-rain-water/implementations/array-imperative/array-imperative.mlw", line 126, characters 7-18: termination of this expression cannot be proved, but there is no `diverges' clause in the outer specification
Warning, file "./42_trapping-rain-water/implementations/array-imperative/array-imperative.mlw", line 125, characters 7-18: termination of this expression cannot be proved, but there is no `diverges' clause in the outer specification
Warning, file "./42_trapping-rain-water/implementations/array-imperative/array-imperative.mlw", line 124, characters 7-18: termination of this expression cannot be proved, but there is no `diverges' clause in the outer specification
result: bool = true
globals: <none>

EXECUTE_EXIT_CODE: 0
