FILE: ./1385_find-the-distance-value-between-two-arrays/implementations/list-imperative/list-imperative.mlw
MODULE: FindTheDistanceValueBetweenTwoArrays_List_Imperative_Implementation
COMMAND: why3 execute --use FindTheDistanceValueBetweenTwoArrays_List_Imperative_Implementation ./1385_find-the-distance-value-between-two-arrays/implementations/list-imperative/list-imperative.mlw 'run_tests ()'

Warning, file "./1385_find-the-distance-value-between-two-arrays/implementations/list-imperative/list-imperative.mlw", line 13, character 6 to line 20, character 10: termination of this expression cannot be proved, but there is no `diverges' clause in the outer specification
Warning, file "./1385_find-the-distance-value-between-two-arrays/implementations/list-imperative/list-imperative.mlw", line 34, characters 13-39: termination of this expression cannot be proved, but there is no `diverges' clause in the outer specification
Warning, file "./1385_find-the-distance-value-between-two-arrays/implementations/list-imperative/list-imperative.mlw", line 30, character 4 to line 37, character 8: termination of this expression cannot be proved, but there is no `diverges' clause in the outer specification
Warning, file "./1385_find-the-distance-value-between-two-arrays/implementations/list-imperative/list-imperative.mlw", line 43, characters 12-71: termination of this expression cannot be proved, but there is no `diverges' clause in the outer specification
Warning, file "./1385_find-the-distance-value-between-two-arrays/implementations/list-imperative/list-imperative.mlw", line 49, characters 12-73: termination of this expression cannot be proved, but there is no `diverges' clause in the outer specification
Warning, file "./1385_find-the-distance-value-between-two-arrays/implementations/list-imperative/list-imperative.mlw", line 55, characters 12-71: termination of this expression cannot be proved, but there is no `diverges' clause in the outer specification
Warning, file "./1385_find-the-distance-value-between-two-arrays/implementations/list-imperative/list-imperative.mlw", line 61, characters 12-71: termination of this expression cannot be proved, but there is no `diverges' clause in the outer specification
Warning, file "./1385_find-the-distance-value-between-two-arrays/implementations/list-imperative/list-imperative.mlw", line 67, characters 12-71: termination of this expression cannot be proved, but there is no `diverges' clause in the outer specification
Warning, file "./1385_find-the-distance-value-between-two-arrays/implementations/list-imperative/list-imperative.mlw", line 73, characters 12-71: termination of this expression cannot be proved, but there is no `diverges' clause in the outer specification
Warning, file "./1385_find-the-distance-value-between-two-arrays/implementations/list-imperative/list-imperative.mlw", line 79, characters 12-74: termination of this expression cannot be proved, but there is no `diverges' clause in the outer specification
Warning, file "./1385_find-the-distance-value-between-two-arrays/implementations/list-imperative/list-imperative.mlw", line 85, characters 12-71: termination of this expression cannot be proved, but there is no `diverges' clause in the outer specification
Warning, file "./1385_find-the-distance-value-between-two-arrays/implementations/list-imperative/list-imperative.mlw", line 91, characters 12-71: termination of this expression cannot be proved, but there is no `diverges' clause in the outer specification
Warning, file "./1385_find-the-distance-value-between-two-arrays/implementations/list-imperative/list-imperative.mlw", line 97, characters 12-71: termination of this expression cannot be proved, but there is no `diverges' clause in the outer specification
Warning, file "./1385_find-the-distance-value-between-two-arrays/implementations/list-imperative/list-imperative.mlw", line 103, characters 12-71: termination of this expression cannot be proved, but there is no `diverges' clause in the outer specification
Warning, file "./1385_find-the-distance-value-between-two-arrays/implementations/list-imperative/list-imperative.mlw", line 114, characters 12-72: termination of this expression cannot be proved, but there is no `diverges' clause in the outer specification
Warning, file "./1385_find-the-distance-value-between-two-arrays/implementations/list-imperative/list-imperative.mlw", line 120, characters 12-73: termination of this expression cannot be proved, but there is no `diverges' clause in the outer specification
Warning, file "./1385_find-the-distance-value-between-two-arrays/implementations/list-imperative/list-imperative.mlw", line 126, characters 12-72: termination of this expression cannot be proved, but there is no `diverges' clause in the outer specification
Warning, file "./1385_find-the-distance-value-between-two-arrays/implementations/list-imperative/list-imperative.mlw", line 132, characters 12-71: termination of this expression cannot be proved, but there is no `diverges' clause in the outer specification
Warning, file "./1385_find-the-distance-value-between-two-arrays/implementations/list-imperative/list-imperative.mlw", line 138, characters 12-71: termination of this expression cannot be proved, but there is no `diverges' clause in the outer specification
Warning, file "./1385_find-the-distance-value-between-two-arrays/implementations/list-imperative/list-imperative.mlw", line 144, characters 12-72: termination of this expression cannot be proved, but there is no `diverges' clause in the outer specification
Warning, file "./1385_find-the-distance-value-between-two-arrays/implementations/list-imperative/list-imperative.mlw", line 150, characters 12-71: termination of this expression cannot be proved, but there is no `diverges' clause in the outer specification
Warning, file "./1385_find-the-distance-value-between-two-arrays/implementations/list-imperative/list-imperative.mlw", line 156, characters 12-73: termination of this expression cannot be proved, but there is no `diverges' clause in the outer specification
Warning, file "./1385_find-the-distance-value-between-two-arrays/implementations/list-imperative/list-imperative.mlw", line 162, characters 12-72: termination of this expression cannot be proved, but there is no `diverges' clause in the outer specification
Warning, file "./1385_find-the-distance-value-between-two-arrays/implementations/list-imperative/list-imperative.mlw", line 185, characters 7-18: termination of this expression cannot be proved, but there is no `diverges' clause in the outer specification
Warning, file "./1385_find-the-distance-value-between-two-arrays/implementations/list-imperative/list-imperative.mlw", line 184, characters 7-18: termination of this expression cannot be proved, but there is no `diverges' clause in the outer specification
Warning, file "./1385_find-the-distance-value-between-two-arrays/implementations/list-imperative/list-imperative.mlw", line 183, characters 7-18: termination of this expression cannot be proved, but there is no `diverges' clause in the outer specification
Warning, file "./1385_find-the-distance-value-between-two-arrays/implementations/list-imperative/list-imperative.mlw", line 182, characters 7-18: termination of this expression cannot be proved, but there is no `diverges' clause in the outer specification
Warning, file "./1385_find-the-distance-value-between-two-arrays/implementations/list-imperative/list-imperative.mlw", line 181, characters 7-18: termination of this expression cannot be proved, but there is no `diverges' clause in the outer specification
Warning, file "./1385_find-the-distance-value-between-two-arrays/implementations/list-imperative/list-imperative.mlw", line 180, characters 7-18: termination of this expression cannot be proved, but there is no `diverges' clause in the outer specification
Warning, file "./1385_find-the-distance-value-between-two-arrays/implementations/list-imperative/list-imperative.mlw", line 179, characters 7-18: termination of this expression cannot be proved, but there is no `diverges' clause in the outer specification
Warning, file "./1385_find-the-distance-value-between-two-arrays/implementations/list-imperative/list-imperative.mlw", line 178, characters 7-18: termination of this expression cannot be proved, but there is no `diverges' clause in the outer specification
Warning, file "./1385_find-the-distance-value-between-two-arrays/implementations/list-imperative/list-imperative.mlw", line 177, characters 7-18: termination of this expression cannot be proved, but there is no `diverges' clause in the outer specification
Warning, file "./1385_find-the-distance-value-between-two-arrays/implementations/list-imperative/list-imperative.mlw", line 176, characters 7-18: termination of this expression cannot be proved, but there is no `diverges' clause in the outer specification
Warning, file "./1385_find-the-distance-value-between-two-arrays/implementations/list-imperative/list-imperative.mlw", line 175, characters 7-18: termination of this expression cannot be proved, but there is no `diverges' clause in the outer specification
Warning, file "./1385_find-the-distance-value-between-two-arrays/implementations/list-imperative/list-imperative.mlw", line 174, characters 7-18: termination of this expression cannot be proved, but there is no `diverges' clause in the outer specification
Warning, file "./1385_find-the-distance-value-between-two-arrays/implementations/list-imperative/list-imperative.mlw", line 173, characters 7-18: termination of this expression cannot be proved, but there is no `diverges' clause in the outer specification
Warning, file "./1385_find-the-distance-value-between-two-arrays/implementations/list-imperative/list-imperative.mlw", line 172, characters 7-18: termination of this expression cannot be proved, but there is no `diverges' clause in the outer specification
Warning, file "./1385_find-the-distance-value-between-two-arrays/implementations/list-imperative/list-imperative.mlw", line 171, characters 7-18: termination of this expression cannot be proved, but there is no `diverges' clause in the outer specification
Warning, file "./1385_find-the-distance-value-between-two-arrays/implementations/list-imperative/list-imperative.mlw", line 170, characters 7-18: termination of this expression cannot be proved, but there is no `diverges' clause in the outer specification
Warning, file "./1385_find-the-distance-value-between-two-arrays/implementations/list-imperative/list-imperative.mlw", line 169, characters 7-18: termination of this expression cannot be proved, but there is no `diverges' clause in the outer specification
Warning, file "./1385_find-the-distance-value-between-two-arrays/implementations/list-imperative/list-imperative.mlw", line 168, characters 7-18: termination of this expression cannot be proved, but there is no `diverges' clause in the outer specification
Warning, file "./1385_find-the-distance-value-between-two-arrays/implementations/list-imperative/list-imperative.mlw", line 167, characters 7-18: termination of this expression cannot be proved, but there is no `diverges' clause in the outer specification
Warning, file "./1385_find-the-distance-value-between-two-arrays/implementations/list-imperative/list-imperative.mlw", line 166, characters 7-18: termination of this expression cannot be proved, but there is no `diverges' clause in the outer specification
result: bool = true
globals: <none>

EXECUTE_EXIT_CODE: 0
