FILE: ./910_smallest-range-ii/implementations/list-imperative/list-imperative.mlw
MODULE: SmallestRangeIi_List_Imperative
COMMAND: why3 execute --use SmallestRangeIi_List_Imperative ./910_smallest-range-ii/implementations/list-imperative/list-imperative.mlw 'run_tests ()'

Warning, file "./910_smallest-range-ii/implementations/list-imperative/list-imperative.mlw", line 29, character 4 to line 36, character 8: termination of this expression cannot be proved, but there is no `diverges' clause in the outer specification
Warning, file "./910_smallest-range-ii/implementations/list-imperative/list-imperative.mlw", line 16, character 4 to line 26, character 8: termination of this expression cannot be proved, but there is no `diverges' clause in the outer specification
Warning, file "./910_smallest-range-ii/implementations/list-imperative/list-imperative.mlw", line 46, characters 20-43: termination of this expression cannot be proved, but there is no `diverges' clause in the outer specification
Warning, file "./910_smallest-range-ii/implementations/list-imperative/list-imperative.mlw", line 42, character 4 to line 49, character 8: termination of this expression cannot be proved, but there is no `diverges' clause in the outer specification
Warning, file "./910_smallest-range-ii/implementations/list-imperative/list-imperative.mlw", line 55, character 4 to line 62, character 8: termination of this expression cannot be proved, but there is no `diverges' clause in the outer specification
Warning, file "./910_smallest-range-ii/implementations/list-imperative/list-imperative.mlw", line 73, character 8 to line 84, character 12: termination of this expression cannot be proved, but there is no `diverges' clause in the outer specification
Warning, file "./910_smallest-range-ii/implementations/list-imperative/list-imperative.mlw", line 69, characters 19-53: termination of this expression cannot be proved, but there is no `diverges' clause in the outer specification
Warning, file "./910_smallest-range-ii/implementations/list-imperative/list-imperative.mlw", line 66, characters 10-24: termination of this expression cannot be proved, but there is no `diverges' clause in the outer specification
Warning, file "./910_smallest-range-ii/implementations/list-imperative/list-imperative.mlw", line 90, characters 12-41: termination of this expression cannot be proved, but there is no `diverges' clause in the outer specification
Warning, file "./910_smallest-range-ii/implementations/list-imperative/list-imperative.mlw", line 95, characters 12-41: termination of this expression cannot be proved, but there is no `diverges' clause in the outer specification
Warning, file "./910_smallest-range-ii/implementations/list-imperative/list-imperative.mlw", line 100, characters 12-41: termination of this expression cannot be proved, but there is no `diverges' clause in the outer specification
Warning, file "./910_smallest-range-ii/implementations/list-imperative/list-imperative.mlw", line 105, characters 12-41: termination of this expression cannot be proved, but there is no `diverges' clause in the outer specification
Warning, file "./910_smallest-range-ii/implementations/list-imperative/list-imperative.mlw", line 110, characters 12-41: termination of this expression cannot be proved, but there is no `diverges' clause in the outer specification
Warning, file "./910_smallest-range-ii/implementations/list-imperative/list-imperative.mlw", line 115, characters 12-41: termination of this expression cannot be proved, but there is no `diverges' clause in the outer specification
Warning, file "./910_smallest-range-ii/implementations/list-imperative/list-imperative.mlw", line 120, characters 12-41: termination of this expression cannot be proved, but there is no `diverges' clause in the outer specification
Warning, file "./910_smallest-range-ii/implementations/list-imperative/list-imperative.mlw", line 125, characters 12-41: termination of this expression cannot be proved, but there is no `diverges' clause in the outer specification
Warning, file "./910_smallest-range-ii/implementations/list-imperative/list-imperative.mlw", line 130, characters 12-41: termination of this expression cannot be proved, but there is no `diverges' clause in the outer specification
Warning, file "./910_smallest-range-ii/implementations/list-imperative/list-imperative.mlw", line 135, characters 12-41: termination of this expression cannot be proved, but there is no `diverges' clause in the outer specification
Warning, file "./910_smallest-range-ii/implementations/list-imperative/list-imperative.mlw", line 140, characters 12-42: termination of this expression cannot be proved, but there is no `diverges' clause in the outer specification
Warning, file "./910_smallest-range-ii/implementations/list-imperative/list-imperative.mlw", line 145, characters 12-42: termination of this expression cannot be proved, but there is no `diverges' clause in the outer specification
Warning, file "./910_smallest-range-ii/implementations/list-imperative/list-imperative.mlw", line 150, characters 12-41: termination of this expression cannot be proved, but there is no `diverges' clause in the outer specification
Warning, file "./910_smallest-range-ii/implementations/list-imperative/list-imperative.mlw", line 155, characters 12-44: termination of this expression cannot be proved, but there is no `diverges' clause in the outer specification
Warning, file "./910_smallest-range-ii/implementations/list-imperative/list-imperative.mlw", line 160, characters 12-41: termination of this expression cannot be proved, but there is no `diverges' clause in the outer specification
Warning, file "./910_smallest-range-ii/implementations/list-imperative/list-imperative.mlw", line 165, characters 12-42: termination of this expression cannot be proved, but there is no `diverges' clause in the outer specification
Warning, file "./910_smallest-range-ii/implementations/list-imperative/list-imperative.mlw", line 170, characters 12-42: termination of this expression cannot be proved, but there is no `diverges' clause in the outer specification
Warning, file "./910_smallest-range-ii/implementations/list-imperative/list-imperative.mlw", line 175, characters 12-43: termination of this expression cannot be proved, but there is no `diverges' clause in the outer specification
Warning, file "./910_smallest-range-ii/implementations/list-imperative/list-imperative.mlw", line 180, characters 12-42: termination of this expression cannot be proved, but there is no `diverges' clause in the outer specification
Warning, file "./910_smallest-range-ii/implementations/list-imperative/list-imperative.mlw", line 185, characters 12-41: termination of this expression cannot be proved, but there is no `diverges' clause in the outer specification
Warning, file "./910_smallest-range-ii/implementations/list-imperative/list-imperative.mlw", line 208, characters 7-23: termination of this expression cannot be proved, but there is no `diverges' clause in the outer specification
Warning, file "./910_smallest-range-ii/implementations/list-imperative/list-imperative.mlw", line 207, characters 7-23: termination of this expression cannot be proved, but there is no `diverges' clause in the outer specification
Warning, file "./910_smallest-range-ii/implementations/list-imperative/list-imperative.mlw", line 206, characters 7-23: termination of this expression cannot be proved, but there is no `diverges' clause in the outer specification
Warning, file "./910_smallest-range-ii/implementations/list-imperative/list-imperative.mlw", line 205, characters 7-23: termination of this expression cannot be proved, but there is no `diverges' clause in the outer specification
Warning, file "./910_smallest-range-ii/implementations/list-imperative/list-imperative.mlw", line 204, characters 7-23: termination of this expression cannot be proved, but there is no `diverges' clause in the outer specification
Warning, file "./910_smallest-range-ii/implementations/list-imperative/list-imperative.mlw", line 203, characters 7-23: termination of this expression cannot be proved, but there is no `diverges' clause in the outer specification
Warning, file "./910_smallest-range-ii/implementations/list-imperative/list-imperative.mlw", line 202, characters 7-23: termination of this expression cannot be proved, but there is no `diverges' clause in the outer specification
Warning, file "./910_smallest-range-ii/implementations/list-imperative/list-imperative.mlw", line 201, characters 7-23: termination of this expression cannot be proved, but there is no `diverges' clause in the outer specification
Warning, file "./910_smallest-range-ii/implementations/list-imperative/list-imperative.mlw", line 200, characters 7-23: termination of this expression cannot be proved, but there is no `diverges' clause in the outer specification
Warning, file "./910_smallest-range-ii/implementations/list-imperative/list-imperative.mlw", line 199, characters 7-23: termination of this expression cannot be proved, but there is no `diverges' clause in the outer specification
Warning, file "./910_smallest-range-ii/implementations/list-imperative/list-imperative.mlw", line 198, characters 7-23: termination of this expression cannot be proved, but there is no `diverges' clause in the outer specification
Warning, file "./910_smallest-range-ii/implementations/list-imperative/list-imperative.mlw", line 197, characters 7-23: termination of this expression cannot be proved, but there is no `diverges' clause in the outer specification
Warning, file "./910_smallest-range-ii/implementations/list-imperative/list-imperative.mlw", line 196, characters 7-23: termination of this expression cannot be proved, but there is no `diverges' clause in the outer specification
Warning, file "./910_smallest-range-ii/implementations/list-imperative/list-imperative.mlw", line 195, characters 7-23: termination of this expression cannot be proved, but there is no `diverges' clause in the outer specification
Warning, file "./910_smallest-range-ii/implementations/list-imperative/list-imperative.mlw", line 194, characters 7-23: termination of this expression cannot be proved, but there is no `diverges' clause in the outer specification
Warning, file "./910_smallest-range-ii/implementations/list-imperative/list-imperative.mlw", line 193, characters 7-23: termination of this expression cannot be proved, but there is no `diverges' clause in the outer specification
Warning, file "./910_smallest-range-ii/implementations/list-imperative/list-imperative.mlw", line 192, characters 7-23: termination of this expression cannot be proved, but there is no `diverges' clause in the outer specification
Warning, file "./910_smallest-range-ii/implementations/list-imperative/list-imperative.mlw", line 191, characters 7-23: termination of this expression cannot be proved, but there is no `diverges' clause in the outer specification
Warning, file "./910_smallest-range-ii/implementations/list-imperative/list-imperative.mlw", line 190, characters 7-23: termination of this expression cannot be proved, but there is no `diverges' clause in the outer specification
Warning, file "./910_smallest-range-ii/implementations/list-imperative/list-imperative.mlw", line 189, characters 7-23: termination of this expression cannot be proved, but there is no `diverges' clause in the outer specification
result: bool = true
globals: <none>

EXECUTE_EXIT_CODE: 0
