FILE: ./2460_apply-operations-to-an-array/implementations/list-imperative/list-imperative.mlw
MODULE: ApplyOperationsToAnArray_List_Imperative_Implementation
COMMAND: why3 execute --use ApplyOperationsToAnArray_List_Imperative_Implementation ./2460_apply-operations-to-an-array/implementations/list-imperative/list-imperative.mlw 'run_tests ()'

Warning, file "./2460_apply-operations-to-an-array/implementations/list-imperative/list-imperative.mlw", line 12, character 4 to line 19, character 8: termination of this expression cannot be proved, but there is no `diverges' clause in the outer specification
Warning, file "./2460_apply-operations-to-an-array/implementations/list-imperative/list-imperative.mlw", line 25, character 4 to line 28, character 8: termination of this expression cannot be proved, but there is no `diverges' clause in the outer specification
Warning, file "./2460_apply-operations-to-an-array/implementations/list-imperative/list-imperative.mlw", line 50, characters 4-21: termination of this expression cannot be proved, but there is no `diverges' clause in the outer specification
Warning, file "./2460_apply-operations-to-an-array/implementations/list-imperative/list-imperative.mlw", line 34, character 4 to line 49, character 8: termination of this expression cannot be proved, but there is no `diverges' clause in the outer specification
Warning, file "./2460_apply-operations-to-an-array/implementations/list-imperative/list-imperative.mlw", line 69, character 4 to line 76, character 8: termination of this expression cannot be proved, but there is no `diverges' clause in the outer specification
Warning, file "./2460_apply-operations-to-an-array/implementations/list-imperative/list-imperative.mlw", line 67, characters 21-45: termination of this expression cannot be proved, but there is no `diverges' clause in the outer specification
Warning, file "./2460_apply-operations-to-an-array/implementations/list-imperative/list-imperative.mlw", line 56, character 4 to line 66, character 8: termination of this expression cannot be proved, but there is no `diverges' clause in the outer specification
Warning, file "./2460_apply-operations-to-an-array/implementations/list-imperative/list-imperative.mlw", line 81, characters 4-32: termination of this expression cannot be proved, but there is no `diverges' clause in the outer specification
Warning, file "./2460_apply-operations-to-an-array/implementations/list-imperative/list-imperative.mlw", line 80, characters 20-39: termination of this expression cannot be proved, but there is no `diverges' clause in the outer specification
Warning, file "./2460_apply-operations-to-an-array/implementations/list-imperative/list-imperative.mlw", line 87, character 6 to line 98, character 10: termination of this expression cannot be proved, but there is no `diverges' clause in the outer specification
Warning, file "./2460_apply-operations-to-an-array/implementations/list-imperative/list-imperative.mlw", line 111, characters 4-22: termination of this expression cannot be proved, but there is no `diverges' clause in the outer specification
Warning, file "./2460_apply-operations-to-an-array/implementations/list-imperative/list-imperative.mlw", line 110, characters 12-50: termination of this expression cannot be proved, but there is no `diverges' clause in the outer specification
Warning, file "./2460_apply-operations-to-an-array/implementations/list-imperative/list-imperative.mlw", line 117, characters 4-22: termination of this expression cannot be proved, but there is no `diverges' clause in the outer specification
Warning, file "./2460_apply-operations-to-an-array/implementations/list-imperative/list-imperative.mlw", line 116, characters 12-50: termination of this expression cannot be proved, but there is no `diverges' clause in the outer specification
Warning, file "./2460_apply-operations-to-an-array/implementations/list-imperative/list-imperative.mlw", line 123, characters 4-22: termination of this expression cannot be proved, but there is no `diverges' clause in the outer specification
Warning, file "./2460_apply-operations-to-an-array/implementations/list-imperative/list-imperative.mlw", line 122, characters 12-50: termination of this expression cannot be proved, but there is no `diverges' clause in the outer specification
Warning, file "./2460_apply-operations-to-an-array/implementations/list-imperative/list-imperative.mlw", line 129, characters 4-22: termination of this expression cannot be proved, but there is no `diverges' clause in the outer specification
Warning, file "./2460_apply-operations-to-an-array/implementations/list-imperative/list-imperative.mlw", line 128, characters 12-50: termination of this expression cannot be proved, but there is no `diverges' clause in the outer specification
Warning, file "./2460_apply-operations-to-an-array/implementations/list-imperative/list-imperative.mlw", line 135, characters 4-22: termination of this expression cannot be proved, but there is no `diverges' clause in the outer specification
Warning, file "./2460_apply-operations-to-an-array/implementations/list-imperative/list-imperative.mlw", line 134, characters 12-50: termination of this expression cannot be proved, but there is no `diverges' clause in the outer specification
Warning, file "./2460_apply-operations-to-an-array/implementations/list-imperative/list-imperative.mlw", line 141, characters 4-22: termination of this expression cannot be proved, but there is no `diverges' clause in the outer specification
Warning, file "./2460_apply-operations-to-an-array/implementations/list-imperative/list-imperative.mlw", line 140, characters 12-50: termination of this expression cannot be proved, but there is no `diverges' clause in the outer specification
Warning, file "./2460_apply-operations-to-an-array/implementations/list-imperative/list-imperative.mlw", line 147, characters 4-22: termination of this expression cannot be proved, but there is no `diverges' clause in the outer specification
Warning, file "./2460_apply-operations-to-an-array/implementations/list-imperative/list-imperative.mlw", line 146, characters 12-50: termination of this expression cannot be proved, but there is no `diverges' clause in the outer specification
Warning, file "./2460_apply-operations-to-an-array/implementations/list-imperative/list-imperative.mlw", line 153, characters 4-22: termination of this expression cannot be proved, but there is no `diverges' clause in the outer specification
Warning, file "./2460_apply-operations-to-an-array/implementations/list-imperative/list-imperative.mlw", line 152, characters 12-50: termination of this expression cannot be proved, but there is no `diverges' clause in the outer specification
Warning, file "./2460_apply-operations-to-an-array/implementations/list-imperative/list-imperative.mlw", line 159, characters 4-22: termination of this expression cannot be proved, but there is no `diverges' clause in the outer specification
Warning, file "./2460_apply-operations-to-an-array/implementations/list-imperative/list-imperative.mlw", line 158, characters 12-50: termination of this expression cannot be proved, but there is no `diverges' clause in the outer specification
Warning, file "./2460_apply-operations-to-an-array/implementations/list-imperative/list-imperative.mlw", line 165, characters 4-22: termination of this expression cannot be proved, but there is no `diverges' clause in the outer specification
Warning, file "./2460_apply-operations-to-an-array/implementations/list-imperative/list-imperative.mlw", line 164, characters 12-50: termination of this expression cannot be proved, but there is no `diverges' clause in the outer specification
Warning, file "./2460_apply-operations-to-an-array/implementations/list-imperative/list-imperative.mlw", line 171, characters 4-22: termination of this expression cannot be proved, but there is no `diverges' clause in the outer specification
Warning, file "./2460_apply-operations-to-an-array/implementations/list-imperative/list-imperative.mlw", line 170, characters 12-50: termination of this expression cannot be proved, but there is no `diverges' clause in the outer specification
Warning, file "./2460_apply-operations-to-an-array/implementations/list-imperative/list-imperative.mlw", line 177, characters 4-22: termination of this expression cannot be proved, but there is no `diverges' clause in the outer specification
Warning, file "./2460_apply-operations-to-an-array/implementations/list-imperative/list-imperative.mlw", line 176, characters 12-50: termination of this expression cannot be proved, but there is no `diverges' clause in the outer specification
Warning, file "./2460_apply-operations-to-an-array/implementations/list-imperative/list-imperative.mlw", line 183, characters 4-22: termination of this expression cannot be proved, but there is no `diverges' clause in the outer specification
Warning, file "./2460_apply-operations-to-an-array/implementations/list-imperative/list-imperative.mlw", line 182, characters 12-50: termination of this expression cannot be proved, but there is no `diverges' clause in the outer specification
Warning, file "./2460_apply-operations-to-an-array/implementations/list-imperative/list-imperative.mlw", line 189, characters 4-22: termination of this expression cannot be proved, but there is no `diverges' clause in the outer specification
Warning, file "./2460_apply-operations-to-an-array/implementations/list-imperative/list-imperative.mlw", line 188, characters 12-50: termination of this expression cannot be proved, but there is no `diverges' clause in the outer specification
Warning, file "./2460_apply-operations-to-an-array/implementations/list-imperative/list-imperative.mlw", line 195, characters 4-22: termination of this expression cannot be proved, but there is no `diverges' clause in the outer specification
Warning, file "./2460_apply-operations-to-an-array/implementations/list-imperative/list-imperative.mlw", line 194, characters 12-50: termination of this expression cannot be proved, but there is no `diverges' clause in the outer specification
Warning, file "./2460_apply-operations-to-an-array/implementations/list-imperative/list-imperative.mlw", line 201, characters 4-22: termination of this expression cannot be proved, but there is no `diverges' clause in the outer specification
Warning, file "./2460_apply-operations-to-an-array/implementations/list-imperative/list-imperative.mlw", line 200, characters 12-50: termination of this expression cannot be proved, but there is no `diverges' clause in the outer specification
Warning, file "./2460_apply-operations-to-an-array/implementations/list-imperative/list-imperative.mlw", line 207, characters 4-22: termination of this expression cannot be proved, but there is no `diverges' clause in the outer specification
Warning, file "./2460_apply-operations-to-an-array/implementations/list-imperative/list-imperative.mlw", line 206, characters 12-50: termination of this expression cannot be proved, but there is no `diverges' clause in the outer specification
Warning, file "./2460_apply-operations-to-an-array/implementations/list-imperative/list-imperative.mlw", line 213, characters 4-22: termination of this expression cannot be proved, but there is no `diverges' clause in the outer specification
Warning, file "./2460_apply-operations-to-an-array/implementations/list-imperative/list-imperative.mlw", line 212, characters 12-50: termination of this expression cannot be proved, but there is no `diverges' clause in the outer specification
Warning, file "./2460_apply-operations-to-an-array/implementations/list-imperative/list-imperative.mlw", line 219, characters 4-22: termination of this expression cannot be proved, but there is no `diverges' clause in the outer specification
Warning, file "./2460_apply-operations-to-an-array/implementations/list-imperative/list-imperative.mlw", line 218, characters 12-50: termination of this expression cannot be proved, but there is no `diverges' clause in the outer specification
Warning, file "./2460_apply-operations-to-an-array/implementations/list-imperative/list-imperative.mlw", line 225, characters 4-22: termination of this expression cannot be proved, but there is no `diverges' clause in the outer specification
Warning, file "./2460_apply-operations-to-an-array/implementations/list-imperative/list-imperative.mlw", line 224, characters 12-50: termination of this expression cannot be proved, but there is no `diverges' clause in the outer specification
Warning, file "./2460_apply-operations-to-an-array/implementations/list-imperative/list-imperative.mlw", line 247, characters 7-18: termination of this expression cannot be proved, but there is no `diverges' clause in the outer specification
Warning, file "./2460_apply-operations-to-an-array/implementations/list-imperative/list-imperative.mlw", line 246, characters 7-18: termination of this expression cannot be proved, but there is no `diverges' clause in the outer specification
Warning, file "./2460_apply-operations-to-an-array/implementations/list-imperative/list-imperative.mlw", line 245, characters 7-18: termination of this expression cannot be proved, but there is no `diverges' clause in the outer specification
Warning, file "./2460_apply-operations-to-an-array/implementations/list-imperative/list-imperative.mlw", line 244, characters 7-18: termination of this expression cannot be proved, but there is no `diverges' clause in the outer specification
Warning, file "./2460_apply-operations-to-an-array/implementations/list-imperative/list-imperative.mlw", line 243, characters 7-18: termination of this expression cannot be proved, but there is no `diverges' clause in the outer specification
Warning, file "./2460_apply-operations-to-an-array/implementations/list-imperative/list-imperative.mlw", line 242, characters 7-18: termination of this expression cannot be proved, but there is no `diverges' clause in the outer specification
Warning, file "./2460_apply-operations-to-an-array/implementations/list-imperative/list-imperative.mlw", line 241, characters 7-18: termination of this expression cannot be proved, but there is no `diverges' clause in the outer specification
Warning, file "./2460_apply-operations-to-an-array/implementations/list-imperative/list-imperative.mlw", line 240, characters 7-18: termination of this expression cannot be proved, but there is no `diverges' clause in the outer specification
Warning, file "./2460_apply-operations-to-an-array/implementations/list-imperative/list-imperative.mlw", line 239, characters 7-18: termination of this expression cannot be proved, but there is no `diverges' clause in the outer specification
Warning, file "./2460_apply-operations-to-an-array/implementations/list-imperative/list-imperative.mlw", line 238, characters 7-18: termination of this expression cannot be proved, but there is no `diverges' clause in the outer specification
Warning, file "./2460_apply-operations-to-an-array/implementations/list-imperative/list-imperative.mlw", line 237, characters 7-18: termination of this expression cannot be proved, but there is no `diverges' clause in the outer specification
Warning, file "./2460_apply-operations-to-an-array/implementations/list-imperative/list-imperative.mlw", line 236, characters 7-18: termination of this expression cannot be proved, but there is no `diverges' clause in the outer specification
Warning, file "./2460_apply-operations-to-an-array/implementations/list-imperative/list-imperative.mlw", line 235, characters 7-18: termination of this expression cannot be proved, but there is no `diverges' clause in the outer specification
Warning, file "./2460_apply-operations-to-an-array/implementations/list-imperative/list-imperative.mlw", line 234, characters 7-18: termination of this expression cannot be proved, but there is no `diverges' clause in the outer specification
Warning, file "./2460_apply-operations-to-an-array/implementations/list-imperative/list-imperative.mlw", line 233, characters 7-18: termination of this expression cannot be proved, but there is no `diverges' clause in the outer specification
Warning, file "./2460_apply-operations-to-an-array/implementations/list-imperative/list-imperative.mlw", line 232, characters 7-18: termination of this expression cannot be proved, but there is no `diverges' clause in the outer specification
Warning, file "./2460_apply-operations-to-an-array/implementations/list-imperative/list-imperative.mlw", line 231, characters 7-18: termination of this expression cannot be proved, but there is no `diverges' clause in the outer specification
Warning, file "./2460_apply-operations-to-an-array/implementations/list-imperative/list-imperative.mlw", line 230, characters 7-18: termination of this expression cannot be proved, but there is no `diverges' clause in the outer specification
Warning, file "./2460_apply-operations-to-an-array/implementations/list-imperative/list-imperative.mlw", line 229, characters 7-18: termination of this expression cannot be proved, but there is no `diverges' clause in the outer specification
Warning, file "./2460_apply-operations-to-an-array/implementations/list-imperative/list-imperative.mlw", line 228, characters 7-18: termination of this expression cannot be proved, but there is no `diverges' clause in the outer specification
result: bool = true
globals: <none>

EXECUTE_EXIT_CODE: 0
