FILE: ./2616_minimize-the-maximum-difference-of-pairs/implementations/array-imperative/array-imperative.mlw
MODULE: MinimizeTheMaximumDifferenceOfPairs_Array_Imperative_Implementation
COMMAND: why3 execute --use MinimizeTheMaximumDifferenceOfPairs_Array_Imperative_Implementation ./2616_minimize-the-maximum-difference-of-pairs/implementations/array-imperative/array-imperative.mlw 'run_tests ()'

Warning, file "./2616_minimize-the-maximum-difference-of-pairs/implementations/array-imperative/array-imperative.mlw", line 26, character 10 to line 32, character 14: termination of this expression cannot be proved, but there is no `diverges' clause in the outer specification
Warning, file "./2616_minimize-the-maximum-difference-of-pairs/implementations/array-imperative/array-imperative.mlw", line 22, character 6 to line 37, character 10: termination of this expression cannot be proved, but there is no `diverges' clause in the outer specification
Warning, file "./2616_minimize-the-maximum-difference-of-pairs/implementations/array-imperative/array-imperative.mlw", line 41, characters 4-25: termination of this expression cannot be proved, but there is no `diverges' clause in the outer specification
Warning, file "./2616_minimize-the-maximum-difference-of-pairs/implementations/array-imperative/array-imperative.mlw", line 48, character 4 to line 54, character 8: termination of this expression cannot be proved, but there is no `diverges' clause in the outer specification
Warning, file "./2616_minimize-the-maximum-difference-of-pairs/implementations/array-imperative/array-imperative.mlw", line 67, characters 11-49: termination of this expression cannot be proved, but there is no `diverges' clause in the outer specification
Warning, file "./2616_minimize-the-maximum-difference-of-pairs/implementations/array-imperative/array-imperative.mlw", line 65, character 6 to line 71, character 10: termination of this expression cannot be proved, but there is no `diverges' clause in the outer specification
Warning, file "./2616_minimize-the-maximum-difference-of-pairs/implementations/array-imperative/array-imperative.mlw", line 61, characters 24-39: termination of this expression cannot be proved, but there is no `diverges' clause in the outer specification
Warning, file "./2616_minimize-the-maximum-difference-of-pairs/implementations/array-imperative/array-imperative.mlw", line 77, characters 17-70: termination of this expression cannot be proved, but there is no `diverges' clause in the outer specification
Warning, file "./2616_minimize-the-maximum-difference-of-pairs/implementations/array-imperative/array-imperative.mlw", line 82, characters 17-70: termination of this expression cannot be proved, but there is no `diverges' clause in the outer specification
Warning, file "./2616_minimize-the-maximum-difference-of-pairs/implementations/array-imperative/array-imperative.mlw", line 87, characters 17-70: termination of this expression cannot be proved, but there is no `diverges' clause in the outer specification
Warning, file "./2616_minimize-the-maximum-difference-of-pairs/implementations/array-imperative/array-imperative.mlw", line 92, characters 17-70: termination of this expression cannot be proved, but there is no `diverges' clause in the outer specification
Warning, file "./2616_minimize-the-maximum-difference-of-pairs/implementations/array-imperative/array-imperative.mlw", line 97, characters 17-70: termination of this expression cannot be proved, but there is no `diverges' clause in the outer specification
Warning, file "./2616_minimize-the-maximum-difference-of-pairs/implementations/array-imperative/array-imperative.mlw", line 102, characters 17-70: termination of this expression cannot be proved, but there is no `diverges' clause in the outer specification
Warning, file "./2616_minimize-the-maximum-difference-of-pairs/implementations/array-imperative/array-imperative.mlw", line 107, characters 17-70: termination of this expression cannot be proved, but there is no `diverges' clause in the outer specification
Warning, file "./2616_minimize-the-maximum-difference-of-pairs/implementations/array-imperative/array-imperative.mlw", line 112, characters 17-70: termination of this expression cannot be proved, but there is no `diverges' clause in the outer specification
Warning, file "./2616_minimize-the-maximum-difference-of-pairs/implementations/array-imperative/array-imperative.mlw", line 117, characters 17-70: termination of this expression cannot be proved, but there is no `diverges' clause in the outer specification
Warning, file "./2616_minimize-the-maximum-difference-of-pairs/implementations/array-imperative/array-imperative.mlw", line 122, characters 17-70: termination of this expression cannot be proved, but there is no `diverges' clause in the outer specification
Warning, file "./2616_minimize-the-maximum-difference-of-pairs/implementations/array-imperative/array-imperative.mlw", line 127, characters 17-70: termination of this expression cannot be proved, but there is no `diverges' clause in the outer specification
Warning, file "./2616_minimize-the-maximum-difference-of-pairs/implementations/array-imperative/array-imperative.mlw", line 132, characters 17-70: termination of this expression cannot be proved, but there is no `diverges' clause in the outer specification
Warning, file "./2616_minimize-the-maximum-difference-of-pairs/implementations/array-imperative/array-imperative.mlw", line 137, characters 17-70: termination of this expression cannot be proved, but there is no `diverges' clause in the outer specification
Warning, file "./2616_minimize-the-maximum-difference-of-pairs/implementations/array-imperative/array-imperative.mlw", line 142, characters 17-70: termination of this expression cannot be proved, but there is no `diverges' clause in the outer specification
Warning, file "./2616_minimize-the-maximum-difference-of-pairs/implementations/array-imperative/array-imperative.mlw", line 147, characters 17-70: termination of this expression cannot be proved, but there is no `diverges' clause in the outer specification
Warning, file "./2616_minimize-the-maximum-difference-of-pairs/implementations/array-imperative/array-imperative.mlw", line 152, characters 17-71: termination of this expression cannot be proved, but there is no `diverges' clause in the outer specification
Warning, file "./2616_minimize-the-maximum-difference-of-pairs/implementations/array-imperative/array-imperative.mlw", line 157, characters 17-70: termination of this expression cannot be proved, but there is no `diverges' clause in the outer specification
Warning, file "./2616_minimize-the-maximum-difference-of-pairs/implementations/array-imperative/array-imperative.mlw", line 162, characters 17-70: termination of this expression cannot be proved, but there is no `diverges' clause in the outer specification
Warning, file "./2616_minimize-the-maximum-difference-of-pairs/implementations/array-imperative/array-imperative.mlw", line 167, characters 17-70: termination of this expression cannot be proved, but there is no `diverges' clause in the outer specification
Warning, file "./2616_minimize-the-maximum-difference-of-pairs/implementations/array-imperative/array-imperative.mlw", line 172, characters 17-70: termination of this expression cannot be proved, but there is no `diverges' clause in the outer specification
Warning, file "./2616_minimize-the-maximum-difference-of-pairs/implementations/array-imperative/array-imperative.mlw", line 195, characters 7-18: termination of this expression cannot be proved, but there is no `diverges' clause in the outer specification
Warning, file "./2616_minimize-the-maximum-difference-of-pairs/implementations/array-imperative/array-imperative.mlw", line 194, characters 7-18: termination of this expression cannot be proved, but there is no `diverges' clause in the outer specification
Warning, file "./2616_minimize-the-maximum-difference-of-pairs/implementations/array-imperative/array-imperative.mlw", line 193, characters 7-18: termination of this expression cannot be proved, but there is no `diverges' clause in the outer specification
Warning, file "./2616_minimize-the-maximum-difference-of-pairs/implementations/array-imperative/array-imperative.mlw", line 192, characters 7-18: termination of this expression cannot be proved, but there is no `diverges' clause in the outer specification
Warning, file "./2616_minimize-the-maximum-difference-of-pairs/implementations/array-imperative/array-imperative.mlw", line 191, characters 7-18: termination of this expression cannot be proved, but there is no `diverges' clause in the outer specification
Warning, file "./2616_minimize-the-maximum-difference-of-pairs/implementations/array-imperative/array-imperative.mlw", line 190, characters 7-18: termination of this expression cannot be proved, but there is no `diverges' clause in the outer specification
Warning, file "./2616_minimize-the-maximum-difference-of-pairs/implementations/array-imperative/array-imperative.mlw", line 189, characters 7-18: termination of this expression cannot be proved, but there is no `diverges' clause in the outer specification
Warning, file "./2616_minimize-the-maximum-difference-of-pairs/implementations/array-imperative/array-imperative.mlw", line 188, characters 7-18: termination of this expression cannot be proved, but there is no `diverges' clause in the outer specification
Warning, file "./2616_minimize-the-maximum-difference-of-pairs/implementations/array-imperative/array-imperative.mlw", line 187, characters 7-18: termination of this expression cannot be proved, but there is no `diverges' clause in the outer specification
Warning, file "./2616_minimize-the-maximum-difference-of-pairs/implementations/array-imperative/array-imperative.mlw", line 186, characters 7-18: termination of this expression cannot be proved, but there is no `diverges' clause in the outer specification
Warning, file "./2616_minimize-the-maximum-difference-of-pairs/implementations/array-imperative/array-imperative.mlw", line 185, characters 7-18: termination of this expression cannot be proved, but there is no `diverges' clause in the outer specification
Warning, file "./2616_minimize-the-maximum-difference-of-pairs/implementations/array-imperative/array-imperative.mlw", line 184, characters 7-18: termination of this expression cannot be proved, but there is no `diverges' clause in the outer specification
Warning, file "./2616_minimize-the-maximum-difference-of-pairs/implementations/array-imperative/array-imperative.mlw", line 183, characters 7-18: termination of this expression cannot be proved, but there is no `diverges' clause in the outer specification
Warning, file "./2616_minimize-the-maximum-difference-of-pairs/implementations/array-imperative/array-imperative.mlw", line 182, characters 7-18: termination of this expression cannot be proved, but there is no `diverges' clause in the outer specification
Warning, file "./2616_minimize-the-maximum-difference-of-pairs/implementations/array-imperative/array-imperative.mlw", line 181, characters 7-18: termination of this expression cannot be proved, but there is no `diverges' clause in the outer specification
Warning, file "./2616_minimize-the-maximum-difference-of-pairs/implementations/array-imperative/array-imperative.mlw", line 180, characters 7-18: termination of this expression cannot be proved, but there is no `diverges' clause in the outer specification
Warning, file "./2616_minimize-the-maximum-difference-of-pairs/implementations/array-imperative/array-imperative.mlw", line 179, characters 7-18: termination of this expression cannot be proved, but there is no `diverges' clause in the outer specification
Warning, file "./2616_minimize-the-maximum-difference-of-pairs/implementations/array-imperative/array-imperative.mlw", line 178, characters 7-18: termination of this expression cannot be proved, but there is no `diverges' clause in the outer specification
Warning, file "./2616_minimize-the-maximum-difference-of-pairs/implementations/array-imperative/array-imperative.mlw", line 177, characters 7-18: termination of this expression cannot be proved, but there is no `diverges' clause in the outer specification
Warning, file "./2616_minimize-the-maximum-difference-of-pairs/implementations/array-imperative/array-imperative.mlw", line 176, characters 7-18: termination of this expression cannot be proved, but there is no `diverges' clause in the outer specification
result: bool = true
globals: <none>

EXECUTE_EXIT_CODE: 0
