FILE: ./1509_minimum-difference-between-largest-and-smallest-value-in-three-moves/implementations/list-imperative/list-imperative.mlw
MODULE: MinimumDifferenceBetweenLargestAndSmallestValueInThreeMoves_List_Imperative
COMMAND: why3 execute --use MinimumDifferenceBetweenLargestAndSmallestValueInThreeMoves_List_Imperative ./1509_minimum-difference-between-largest-and-smallest-value-in-three-moves/implementations/list-imperative/list-imperative.mlw 'run_tests ()'

Warning, file "./1509_minimum-difference-between-largest-and-smallest-value-in-three-moves/implementations/list-imperative/list-imperative.mlw", line 27, character 8 to line 62, character 12: termination of this expression cannot be proved, but there is no `diverges' clause in the outer specification
Warning, file "./1509_minimum-difference-between-largest-and-smallest-value-in-three-moves/implementations/list-imperative/list-imperative.mlw", line 72, characters 12-90: termination of this expression cannot be proved, but there is no `diverges' clause in the outer specification
Warning, file "./1509_minimum-difference-between-largest-and-smallest-value-in-three-moves/implementations/list-imperative/list-imperative.mlw", line 77, characters 4-21: termination of this expression cannot be proved, but there is no `diverges' clause in the outer specification
Warning, file "./1509_minimum-difference-between-largest-and-smallest-value-in-three-moves/implementations/list-imperative/list-imperative.mlw", line 81, characters 4-21: termination of this expression cannot be proved, but there is no `diverges' clause in the outer specification
Warning, file "./1509_minimum-difference-between-largest-and-smallest-value-in-three-moves/implementations/list-imperative/list-imperative.mlw", line 85, characters 4-21: termination of this expression cannot be proved, but there is no `diverges' clause in the outer specification
Warning, file "./1509_minimum-difference-between-largest-and-smallest-value-in-three-moves/implementations/list-imperative/list-imperative.mlw", line 89, characters 4-21: termination of this expression cannot be proved, but there is no `diverges' clause in the outer specification
Warning, file "./1509_minimum-difference-between-largest-and-smallest-value-in-three-moves/implementations/list-imperative/list-imperative.mlw", line 93, characters 4-21: termination of this expression cannot be proved, but there is no `diverges' clause in the outer specification
Warning, file "./1509_minimum-difference-between-largest-and-smallest-value-in-three-moves/implementations/list-imperative/list-imperative.mlw", line 97, characters 4-21: termination of this expression cannot be proved, but there is no `diverges' clause in the outer specification
Warning, file "./1509_minimum-difference-between-largest-and-smallest-value-in-three-moves/implementations/list-imperative/list-imperative.mlw", line 101, characters 4-21: termination of this expression cannot be proved, but there is no `diverges' clause in the outer specification
Warning, file "./1509_minimum-difference-between-largest-and-smallest-value-in-three-moves/implementations/list-imperative/list-imperative.mlw", line 105, characters 4-21: termination of this expression cannot be proved, but there is no `diverges' clause in the outer specification
Warning, file "./1509_minimum-difference-between-largest-and-smallest-value-in-three-moves/implementations/list-imperative/list-imperative.mlw", line 109, characters 4-21: termination of this expression cannot be proved, but there is no `diverges' clause in the outer specification
Warning, file "./1509_minimum-difference-between-largest-and-smallest-value-in-three-moves/implementations/list-imperative/list-imperative.mlw", line 113, characters 4-21: termination of this expression cannot be proved, but there is no `diverges' clause in the outer specification
Warning, file "./1509_minimum-difference-between-largest-and-smallest-value-in-three-moves/implementations/list-imperative/list-imperative.mlw", line 117, characters 4-22: termination of this expression cannot be proved, but there is no `diverges' clause in the outer specification
Warning, file "./1509_minimum-difference-between-largest-and-smallest-value-in-three-moves/implementations/list-imperative/list-imperative.mlw", line 121, characters 4-21: termination of this expression cannot be proved, but there is no `diverges' clause in the outer specification
Warning, file "./1509_minimum-difference-between-largest-and-smallest-value-in-three-moves/implementations/list-imperative/list-imperative.mlw", line 125, characters 4-21: termination of this expression cannot be proved, but there is no `diverges' clause in the outer specification
Warning, file "./1509_minimum-difference-between-largest-and-smallest-value-in-three-moves/implementations/list-imperative/list-imperative.mlw", line 129, characters 4-21: termination of this expression cannot be proved, but there is no `diverges' clause in the outer specification
Warning, file "./1509_minimum-difference-between-largest-and-smallest-value-in-three-moves/implementations/list-imperative/list-imperative.mlw", line 133, characters 4-21: termination of this expression cannot be proved, but there is no `diverges' clause in the outer specification
Warning, file "./1509_minimum-difference-between-largest-and-smallest-value-in-three-moves/implementations/list-imperative/list-imperative.mlw", line 137, characters 4-22: termination of this expression cannot be proved, but there is no `diverges' clause in the outer specification
Warning, file "./1509_minimum-difference-between-largest-and-smallest-value-in-three-moves/implementations/list-imperative/list-imperative.mlw", line 141, characters 4-21: termination of this expression cannot be proved, but there is no `diverges' clause in the outer specification
Warning, file "./1509_minimum-difference-between-largest-and-smallest-value-in-three-moves/implementations/list-imperative/list-imperative.mlw", line 145, characters 4-24: termination of this expression cannot be proved, but there is no `diverges' clause in the outer specification
Warning, file "./1509_minimum-difference-between-largest-and-smallest-value-in-three-moves/implementations/list-imperative/list-imperative.mlw", line 149, characters 4-22: termination of this expression cannot be proved, but there is no `diverges' clause in the outer specification
Warning, file "./1509_minimum-difference-between-largest-and-smallest-value-in-three-moves/implementations/list-imperative/list-imperative.mlw", line 153, characters 4-26: termination of this expression cannot be proved, but there is no `diverges' clause in the outer specification
Warning, file "./1509_minimum-difference-between-largest-and-smallest-value-in-three-moves/implementations/list-imperative/list-imperative.mlw", line 175, characters 7-18: termination of this expression cannot be proved, but there is no `diverges' clause in the outer specification
Warning, file "./1509_minimum-difference-between-largest-and-smallest-value-in-three-moves/implementations/list-imperative/list-imperative.mlw", line 174, characters 7-18: termination of this expression cannot be proved, but there is no `diverges' clause in the outer specification
Warning, file "./1509_minimum-difference-between-largest-and-smallest-value-in-three-moves/implementations/list-imperative/list-imperative.mlw", line 173, characters 7-18: termination of this expression cannot be proved, but there is no `diverges' clause in the outer specification
Warning, file "./1509_minimum-difference-between-largest-and-smallest-value-in-three-moves/implementations/list-imperative/list-imperative.mlw", line 172, characters 7-18: termination of this expression cannot be proved, but there is no `diverges' clause in the outer specification
Warning, file "./1509_minimum-difference-between-largest-and-smallest-value-in-three-moves/implementations/list-imperative/list-imperative.mlw", line 171, characters 7-18: termination of this expression cannot be proved, but there is no `diverges' clause in the outer specification
Warning, file "./1509_minimum-difference-between-largest-and-smallest-value-in-three-moves/implementations/list-imperative/list-imperative.mlw", line 170, characters 7-18: termination of this expression cannot be proved, but there is no `diverges' clause in the outer specification
Warning, file "./1509_minimum-difference-between-largest-and-smallest-value-in-three-moves/implementations/list-imperative/list-imperative.mlw", line 169, characters 7-18: termination of this expression cannot be proved, but there is no `diverges' clause in the outer specification
Warning, file "./1509_minimum-difference-between-largest-and-smallest-value-in-three-moves/implementations/list-imperative/list-imperative.mlw", line 168, characters 7-18: termination of this expression cannot be proved, but there is no `diverges' clause in the outer specification
Warning, file "./1509_minimum-difference-between-largest-and-smallest-value-in-three-moves/implementations/list-imperative/list-imperative.mlw", line 167, characters 7-18: termination of this expression cannot be proved, but there is no `diverges' clause in the outer specification
Warning, file "./1509_minimum-difference-between-largest-and-smallest-value-in-three-moves/implementations/list-imperative/list-imperative.mlw", line 166, characters 7-18: termination of this expression cannot be proved, but there is no `diverges' clause in the outer specification
Warning, file "./1509_minimum-difference-between-largest-and-smallest-value-in-three-moves/implementations/list-imperative/list-imperative.mlw", line 165, characters 7-18: termination of this expression cannot be proved, but there is no `diverges' clause in the outer specification
Warning, file "./1509_minimum-difference-between-largest-and-smallest-value-in-three-moves/implementations/list-imperative/list-imperative.mlw", line 164, characters 7-18: termination of this expression cannot be proved, but there is no `diverges' clause in the outer specification
Warning, file "./1509_minimum-difference-between-largest-and-smallest-value-in-three-moves/implementations/list-imperative/list-imperative.mlw", line 163, characters 7-18: termination of this expression cannot be proved, but there is no `diverges' clause in the outer specification
Warning, file "./1509_minimum-difference-between-largest-and-smallest-value-in-three-moves/implementations/list-imperative/list-imperative.mlw", line 162, characters 7-18: termination of this expression cannot be proved, but there is no `diverges' clause in the outer specification
Warning, file "./1509_minimum-difference-between-largest-and-smallest-value-in-three-moves/implementations/list-imperative/list-imperative.mlw", line 161, characters 7-18: termination of this expression cannot be proved, but there is no `diverges' clause in the outer specification
Warning, file "./1509_minimum-difference-between-largest-and-smallest-value-in-three-moves/implementations/list-imperative/list-imperative.mlw", line 160, characters 7-18: termination of this expression cannot be proved, but there is no `diverges' clause in the outer specification
Warning, file "./1509_minimum-difference-between-largest-and-smallest-value-in-three-moves/implementations/list-imperative/list-imperative.mlw", line 159, characters 7-18: termination of this expression cannot be proved, but there is no `diverges' clause in the outer specification
Warning, file "./1509_minimum-difference-between-largest-and-smallest-value-in-three-moves/implementations/list-imperative/list-imperative.mlw", line 158, characters 7-18: termination of this expression cannot be proved, but there is no `diverges' clause in the outer specification
Warning, file "./1509_minimum-difference-between-largest-and-smallest-value-in-three-moves/implementations/list-imperative/list-imperative.mlw", line 157, characters 7-18: termination of this expression cannot be proved, but there is no `diverges' clause in the outer specification
Warning, file "./1509_minimum-difference-between-largest-and-smallest-value-in-three-moves/implementations/list-imperative/list-imperative.mlw", line 156, characters 7-18: termination of this expression cannot be proved, but there is no `diverges' clause in the outer specification
result: bool = true
globals: <none>

EXECUTE_EXIT_CODE: 0
