FILE: ./1775_equal-sum-arrays-with-minimum-number-of-operations/implementations/list-imperative/list-imperative.mlw
MODULE: EqualSumArraysWithMinimumNumberOfOperations_List_Imperative
COMMAND: why3 execute --use EqualSumArraysWithMinimumNumberOfOperations_List_Imperative ./1775_equal-sum-arrays-with-minimum-number-of-operations/implementations/list-imperative/list-imperative.mlw 'run_tests ()'

Warning, file "./1775_equal-sum-arrays-with-minimum-number-of-operations/implementations/list-imperative/list-imperative.mlw", line 10, character 4 to line 17, character 8: termination of this expression cannot be proved, but there is no `diverges' clause in the outer specification
Warning, file "./1775_equal-sum-arrays-with-minimum-number-of-operations/implementations/list-imperative/list-imperative.mlw", line 93, character 4 to line 115, character 8: termination of this expression cannot be proved, but there is no `diverges' clause in the outer specification
Warning, file "./1775_equal-sum-arrays-with-minimum-number-of-operations/implementations/list-imperative/list-imperative.mlw", line 47, character 6 to line 59, character 10: termination of this expression cannot be proved, but there is no `diverges' clause in the outer specification
Warning, file "./1775_equal-sum-arrays-with-minimum-number-of-operations/implementations/list-imperative/list-imperative.mlw", line 33, character 6 to line 45, character 10: termination of this expression cannot be proved, but there is no `diverges' clause in the outer specification
Warning, file "./1775_equal-sum-arrays-with-minimum-number-of-operations/implementations/list-imperative/list-imperative.mlw", line 76, character 6 to line 88, character 10: termination of this expression cannot be proved, but there is no `diverges' clause in the outer specification
Warning, file "./1775_equal-sum-arrays-with-minimum-number-of-operations/implementations/list-imperative/list-imperative.mlw", line 62, character 6 to line 74, character 10: termination of this expression cannot be proved, but there is no `diverges' clause in the outer specification
Warning, file "./1775_equal-sum-arrays-with-minimum-number-of-operations/implementations/list-imperative/list-imperative.mlw", line 23, characters 15-29: termination of this expression cannot be proved, but there is no `diverges' clause in the outer specification
Warning, file "./1775_equal-sum-arrays-with-minimum-number-of-operations/implementations/list-imperative/list-imperative.mlw", line 22, characters 15-29: termination of this expression cannot be proved, but there is no `diverges' clause in the outer specification
Warning, file "./1775_equal-sum-arrays-with-minimum-number-of-operations/implementations/list-imperative/list-imperative.mlw", line 119, characters 17-84: termination of this expression cannot be proved, but there is no `diverges' clause in the outer specification
Warning, file "./1775_equal-sum-arrays-with-minimum-number-of-operations/implementations/list-imperative/list-imperative.mlw", line 125, characters 4-34: termination of this expression cannot be proved, but there is no `diverges' clause in the outer specification
Warning, file "./1775_equal-sum-arrays-with-minimum-number-of-operations/implementations/list-imperative/list-imperative.mlw", line 130, characters 4-34: termination of this expression cannot be proved, but there is no `diverges' clause in the outer specification
Warning, file "./1775_equal-sum-arrays-with-minimum-number-of-operations/implementations/list-imperative/list-imperative.mlw", line 135, characters 4-34: termination of this expression cannot be proved, but there is no `diverges' clause in the outer specification
Warning, file "./1775_equal-sum-arrays-with-minimum-number-of-operations/implementations/list-imperative/list-imperative.mlw", line 140, characters 4-34: termination of this expression cannot be proved, but there is no `diverges' clause in the outer specification
Warning, file "./1775_equal-sum-arrays-with-minimum-number-of-operations/implementations/list-imperative/list-imperative.mlw", line 145, characters 4-34: termination of this expression cannot be proved, but there is no `diverges' clause in the outer specification
Warning, file "./1775_equal-sum-arrays-with-minimum-number-of-operations/implementations/list-imperative/list-imperative.mlw", line 150, characters 4-34: termination of this expression cannot be proved, but there is no `diverges' clause in the outer specification
Warning, file "./1775_equal-sum-arrays-with-minimum-number-of-operations/implementations/list-imperative/list-imperative.mlw", line 155, characters 4-34: termination of this expression cannot be proved, but there is no `diverges' clause in the outer specification
Warning, file "./1775_equal-sum-arrays-with-minimum-number-of-operations/implementations/list-imperative/list-imperative.mlw", line 160, characters 4-34: termination of this expression cannot be proved, but there is no `diverges' clause in the outer specification
Warning, file "./1775_equal-sum-arrays-with-minimum-number-of-operations/implementations/list-imperative/list-imperative.mlw", line 165, characters 4-34: termination of this expression cannot be proved, but there is no `diverges' clause in the outer specification
Warning, file "./1775_equal-sum-arrays-with-minimum-number-of-operations/implementations/list-imperative/list-imperative.mlw", line 170, characters 4-34: termination of this expression cannot be proved, but there is no `diverges' clause in the outer specification
Warning, file "./1775_equal-sum-arrays-with-minimum-number-of-operations/implementations/list-imperative/list-imperative.mlw", line 175, characters 4-34: termination of this expression cannot be proved, but there is no `diverges' clause in the outer specification
Warning, file "./1775_equal-sum-arrays-with-minimum-number-of-operations/implementations/list-imperative/list-imperative.mlw", line 180, characters 4-37: termination of this expression cannot be proved, but there is no `diverges' clause in the outer specification
Warning, file "./1775_equal-sum-arrays-with-minimum-number-of-operations/implementations/list-imperative/list-imperative.mlw", line 185, characters 4-34: termination of this expression cannot be proved, but there is no `diverges' clause in the outer specification
Warning, file "./1775_equal-sum-arrays-with-minimum-number-of-operations/implementations/list-imperative/list-imperative.mlw", line 190, characters 4-34: termination of this expression cannot be proved, but there is no `diverges' clause in the outer specification
Warning, file "./1775_equal-sum-arrays-with-minimum-number-of-operations/implementations/list-imperative/list-imperative.mlw", line 195, characters 4-34: termination of this expression cannot be proved, but there is no `diverges' clause in the outer specification
Warning, file "./1775_equal-sum-arrays-with-minimum-number-of-operations/implementations/list-imperative/list-imperative.mlw", line 200, characters 4-34: termination of this expression cannot be proved, but there is no `diverges' clause in the outer specification
Warning, file "./1775_equal-sum-arrays-with-minimum-number-of-operations/implementations/list-imperative/list-imperative.mlw", line 205, characters 4-34: termination of this expression cannot be proved, but there is no `diverges' clause in the outer specification
Warning, file "./1775_equal-sum-arrays-with-minimum-number-of-operations/implementations/list-imperative/list-imperative.mlw", line 210, characters 4-34: termination of this expression cannot be proved, but there is no `diverges' clause in the outer specification
Warning, file "./1775_equal-sum-arrays-with-minimum-number-of-operations/implementations/list-imperative/list-imperative.mlw", line 215, characters 4-34: termination of this expression cannot be proved, but there is no `diverges' clause in the outer specification
Warning, file "./1775_equal-sum-arrays-with-minimum-number-of-operations/implementations/list-imperative/list-imperative.mlw", line 220, characters 4-34: termination of this expression cannot be proved, but there is no `diverges' clause in the outer specification
Warning, file "./1775_equal-sum-arrays-with-minimum-number-of-operations/implementations/list-imperative/list-imperative.mlw", line 242, characters 7-18: termination of this expression cannot be proved, but there is no `diverges' clause in the outer specification
Warning, file "./1775_equal-sum-arrays-with-minimum-number-of-operations/implementations/list-imperative/list-imperative.mlw", line 241, characters 7-18: termination of this expression cannot be proved, but there is no `diverges' clause in the outer specification
Warning, file "./1775_equal-sum-arrays-with-minimum-number-of-operations/implementations/list-imperative/list-imperative.mlw", line 240, characters 7-18: termination of this expression cannot be proved, but there is no `diverges' clause in the outer specification
Warning, file "./1775_equal-sum-arrays-with-minimum-number-of-operations/implementations/list-imperative/list-imperative.mlw", line 239, characters 7-18: termination of this expression cannot be proved, but there is no `diverges' clause in the outer specification
Warning, file "./1775_equal-sum-arrays-with-minimum-number-of-operations/implementations/list-imperative/list-imperative.mlw", line 238, characters 7-18: termination of this expression cannot be proved, but there is no `diverges' clause in the outer specification
Warning, file "./1775_equal-sum-arrays-with-minimum-number-of-operations/implementations/list-imperative/list-imperative.mlw", line 237, characters 7-18: termination of this expression cannot be proved, but there is no `diverges' clause in the outer specification
Warning, file "./1775_equal-sum-arrays-with-minimum-number-of-operations/implementations/list-imperative/list-imperative.mlw", line 236, characters 7-18: termination of this expression cannot be proved, but there is no `diverges' clause in the outer specification
Warning, file "./1775_equal-sum-arrays-with-minimum-number-of-operations/implementations/list-imperative/list-imperative.mlw", line 235, characters 7-18: termination of this expression cannot be proved, but there is no `diverges' clause in the outer specification
Warning, file "./1775_equal-sum-arrays-with-minimum-number-of-operations/implementations/list-imperative/list-imperative.mlw", line 234, characters 7-18: termination of this expression cannot be proved, but there is no `diverges' clause in the outer specification
Warning, file "./1775_equal-sum-arrays-with-minimum-number-of-operations/implementations/list-imperative/list-imperative.mlw", line 233, characters 7-18: termination of this expression cannot be proved, but there is no `diverges' clause in the outer specification
Warning, file "./1775_equal-sum-arrays-with-minimum-number-of-operations/implementations/list-imperative/list-imperative.mlw", line 232, characters 7-18: termination of this expression cannot be proved, but there is no `diverges' clause in the outer specification
Warning, file "./1775_equal-sum-arrays-with-minimum-number-of-operations/implementations/list-imperative/list-imperative.mlw", line 231, characters 7-18: termination of this expression cannot be proved, but there is no `diverges' clause in the outer specification
Warning, file "./1775_equal-sum-arrays-with-minimum-number-of-operations/implementations/list-imperative/list-imperative.mlw", line 230, characters 7-18: termination of this expression cannot be proved, but there is no `diverges' clause in the outer specification
Warning, file "./1775_equal-sum-arrays-with-minimum-number-of-operations/implementations/list-imperative/list-imperative.mlw", line 229, characters 7-18: termination of this expression cannot be proved, but there is no `diverges' clause in the outer specification
Warning, file "./1775_equal-sum-arrays-with-minimum-number-of-operations/implementations/list-imperative/list-imperative.mlw", line 228, characters 7-18: termination of this expression cannot be proved, but there is no `diverges' clause in the outer specification
Warning, file "./1775_equal-sum-arrays-with-minimum-number-of-operations/implementations/list-imperative/list-imperative.mlw", line 227, characters 7-18: termination of this expression cannot be proved, but there is no `diverges' clause in the outer specification
Warning, file "./1775_equal-sum-arrays-with-minimum-number-of-operations/implementations/list-imperative/list-imperative.mlw", line 226, characters 7-18: termination of this expression cannot be proved, but there is no `diverges' clause in the outer specification
Warning, file "./1775_equal-sum-arrays-with-minimum-number-of-operations/implementations/list-imperative/list-imperative.mlw", line 225, characters 7-18: termination of this expression cannot be proved, but there is no `diverges' clause in the outer specification
Warning, file "./1775_equal-sum-arrays-with-minimum-number-of-operations/implementations/list-imperative/list-imperative.mlw", line 224, characters 7-18: termination of this expression cannot be proved, but there is no `diverges' clause in the outer specification
Warning, file "./1775_equal-sum-arrays-with-minimum-number-of-operations/implementations/list-imperative/list-imperative.mlw", line 223, characters 7-18: termination of this expression cannot be proved, but there is no `diverges' clause in the outer specification
result: bool = true
globals: <none>

EXECUTE_EXIT_CODE: 0
