FILE: ./1894_find-the-student-that-will-replace-the-chalk/implementations/list-imperative/list-imperative.mlw
MODULE: FindTheStudentThatWillReplaceTheChalk_List_Imperative_Implementation
COMMAND: why3 execute --use FindTheStudentThatWillReplaceTheChalk_List_Imperative_Implementation ./1894_find-the-student-that-will-replace-the-chalk/implementations/list-imperative/list-imperative.mlw 'run_tests ()'

Warning, file "./1894_find-the-student-that-will-replace-the-chalk/implementations/list-imperative/list-imperative.mlw", line 19, character 4 to line 26, character 8: termination of this expression cannot be proved, but there is no `diverges' clause in the outer specification
Warning, file "./1894_find-the-student-that-will-replace-the-chalk/implementations/list-imperative/list-imperative.mlw", line 38, character 4 to line 46, character 8: termination of this expression cannot be proved, but there is no `diverges' clause in the outer specification
Warning, file "./1894_find-the-student-that-will-replace-the-chalk/implementations/list-imperative/list-imperative.mlw", line 34, characters 16-33: termination of this expression cannot be proved, but there is no `diverges' clause in the outer specification
Warning, file "./1894_find-the-student-that-will-replace-the-chalk/implementations/list-imperative/list-imperative.mlw", line 51, characters 12-70: termination of this expression cannot be proved, but there is no `diverges' clause in the outer specification
Warning, file "./1894_find-the-student-that-will-replace-the-chalk/implementations/list-imperative/list-imperative.mlw", line 56, characters 12-78: termination of this expression cannot be proved, but there is no `diverges' clause in the outer specification
Warning, file "./1894_find-the-student-that-will-replace-the-chalk/implementations/list-imperative/list-imperative.mlw", line 61, characters 12-77: termination of this expression cannot be proved, but there is no `diverges' clause in the outer specification
Warning, file "./1894_find-the-student-that-will-replace-the-chalk/implementations/list-imperative/list-imperative.mlw", line 66, characters 12-71: termination of this expression cannot be proved, but there is no `diverges' clause in the outer specification
Warning, file "./1894_find-the-student-that-will-replace-the-chalk/implementations/list-imperative/list-imperative.mlw", line 71, characters 12-78: termination of this expression cannot be proved, but there is no `diverges' clause in the outer specification
Warning, file "./1894_find-the-student-that-will-replace-the-chalk/implementations/list-imperative/list-imperative.mlw", line 76, characters 12-78: termination of this expression cannot be proved, but there is no `diverges' clause in the outer specification
Warning, file "./1894_find-the-student-that-will-replace-the-chalk/implementations/list-imperative/list-imperative.mlw", line 81, characters 12-70: termination of this expression cannot be proved, but there is no `diverges' clause in the outer specification
Warning, file "./1894_find-the-student-that-will-replace-the-chalk/implementations/list-imperative/list-imperative.mlw", line 86, characters 12-70: termination of this expression cannot be proved, but there is no `diverges' clause in the outer specification
Warning, file "./1894_find-the-student-that-will-replace-the-chalk/implementations/list-imperative/list-imperative.mlw", line 91, characters 12-78: termination of this expression cannot be proved, but there is no `diverges' clause in the outer specification
Warning, file "./1894_find-the-student-that-will-replace-the-chalk/implementations/list-imperative/list-imperative.mlw", line 96, characters 12-78: termination of this expression cannot be proved, but there is no `diverges' clause in the outer specification
Warning, file "./1894_find-the-student-that-will-replace-the-chalk/implementations/list-imperative/list-imperative.mlw", line 101, characters 12-78: termination of this expression cannot be proved, but there is no `diverges' clause in the outer specification
Warning, file "./1894_find-the-student-that-will-replace-the-chalk/implementations/list-imperative/list-imperative.mlw", line 106, characters 12-78: termination of this expression cannot be proved, but there is no `diverges' clause in the outer specification
Warning, file "./1894_find-the-student-that-will-replace-the-chalk/implementations/list-imperative/list-imperative.mlw", line 111, characters 12-77: termination of this expression cannot be proved, but there is no `diverges' clause in the outer specification
Warning, file "./1894_find-the-student-that-will-replace-the-chalk/implementations/list-imperative/list-imperative.mlw", line 116, characters 12-77: termination of this expression cannot be proved, but there is no `diverges' clause in the outer specification
Warning, file "./1894_find-the-student-that-will-replace-the-chalk/implementations/list-imperative/list-imperative.mlw", line 121, characters 12-77: termination of this expression cannot be proved, but there is no `diverges' clause in the outer specification
Warning, file "./1894_find-the-student-that-will-replace-the-chalk/implementations/list-imperative/list-imperative.mlw", line 126, characters 12-77: termination of this expression cannot be proved, but there is no `diverges' clause in the outer specification
Warning, file "./1894_find-the-student-that-will-replace-the-chalk/implementations/list-imperative/list-imperative.mlw", line 131, characters 12-77: termination of this expression cannot be proved, but there is no `diverges' clause in the outer specification
Warning, file "./1894_find-the-student-that-will-replace-the-chalk/implementations/list-imperative/list-imperative.mlw", line 136, characters 12-78: termination of this expression cannot be proved, but there is no `diverges' clause in the outer specification
Warning, file "./1894_find-the-student-that-will-replace-the-chalk/implementations/list-imperative/list-imperative.mlw", line 141, characters 12-78: termination of this expression cannot be proved, but there is no `diverges' clause in the outer specification
Warning, file "./1894_find-the-student-that-will-replace-the-chalk/implementations/list-imperative/list-imperative.mlw", line 146, characters 12-77: termination of this expression cannot be proved, but there is no `diverges' clause in the outer specification
Warning, file "./1894_find-the-student-that-will-replace-the-chalk/implementations/list-imperative/list-imperative.mlw", line 169, characters 7-23: termination of this expression cannot be proved, but there is no `diverges' clause in the outer specification
Warning, file "./1894_find-the-student-that-will-replace-the-chalk/implementations/list-imperative/list-imperative.mlw", line 168, characters 7-23: termination of this expression cannot be proved, but there is no `diverges' clause in the outer specification
Warning, file "./1894_find-the-student-that-will-replace-the-chalk/implementations/list-imperative/list-imperative.mlw", line 167, characters 7-23: termination of this expression cannot be proved, but there is no `diverges' clause in the outer specification
Warning, file "./1894_find-the-student-that-will-replace-the-chalk/implementations/list-imperative/list-imperative.mlw", line 166, characters 7-23: termination of this expression cannot be proved, but there is no `diverges' clause in the outer specification
Warning, file "./1894_find-the-student-that-will-replace-the-chalk/implementations/list-imperative/list-imperative.mlw", line 165, characters 7-23: termination of this expression cannot be proved, but there is no `diverges' clause in the outer specification
Warning, file "./1894_find-the-student-that-will-replace-the-chalk/implementations/list-imperative/list-imperative.mlw", line 164, characters 7-23: termination of this expression cannot be proved, but there is no `diverges' clause in the outer specification
Warning, file "./1894_find-the-student-that-will-replace-the-chalk/implementations/list-imperative/list-imperative.mlw", line 163, characters 7-23: termination of this expression cannot be proved, but there is no `diverges' clause in the outer specification
Warning, file "./1894_find-the-student-that-will-replace-the-chalk/implementations/list-imperative/list-imperative.mlw", line 162, characters 7-23: termination of this expression cannot be proved, but there is no `diverges' clause in the outer specification
Warning, file "./1894_find-the-student-that-will-replace-the-chalk/implementations/list-imperative/list-imperative.mlw", line 161, characters 7-23: termination of this expression cannot be proved, but there is no `diverges' clause in the outer specification
Warning, file "./1894_find-the-student-that-will-replace-the-chalk/implementations/list-imperative/list-imperative.mlw", line 160, characters 7-23: termination of this expression cannot be proved, but there is no `diverges' clause in the outer specification
Warning, file "./1894_find-the-student-that-will-replace-the-chalk/implementations/list-imperative/list-imperative.mlw", line 159, characters 7-23: termination of this expression cannot be proved, but there is no `diverges' clause in the outer specification
Warning, file "./1894_find-the-student-that-will-replace-the-chalk/implementations/list-imperative/list-imperative.mlw", line 158, characters 7-23: termination of this expression cannot be proved, but there is no `diverges' clause in the outer specification
Warning, file "./1894_find-the-student-that-will-replace-the-chalk/implementations/list-imperative/list-imperative.mlw", line 157, characters 7-23: termination of this expression cannot be proved, but there is no `diverges' clause in the outer specification
Warning, file "./1894_find-the-student-that-will-replace-the-chalk/implementations/list-imperative/list-imperative.mlw", line 156, characters 7-23: termination of this expression cannot be proved, but there is no `diverges' clause in the outer specification
Warning, file "./1894_find-the-student-that-will-replace-the-chalk/implementations/list-imperative/list-imperative.mlw", line 155, characters 7-23: termination of this expression cannot be proved, but there is no `diverges' clause in the outer specification
Warning, file "./1894_find-the-student-that-will-replace-the-chalk/implementations/list-imperative/list-imperative.mlw", line 154, characters 7-23: termination of this expression cannot be proved, but there is no `diverges' clause in the outer specification
Warning, file "./1894_find-the-student-that-will-replace-the-chalk/implementations/list-imperative/list-imperative.mlw", line 153, characters 7-23: termination of this expression cannot be proved, but there is no `diverges' clause in the outer specification
Warning, file "./1894_find-the-student-that-will-replace-the-chalk/implementations/list-imperative/list-imperative.mlw", line 152, characters 7-23: termination of this expression cannot be proved, but there is no `diverges' clause in the outer specification
Warning, file "./1894_find-the-student-that-will-replace-the-chalk/implementations/list-imperative/list-imperative.mlw", line 151, characters 7-23: termination of this expression cannot be proved, but there is no `diverges' clause in the outer specification
Warning, file "./1894_find-the-student-that-will-replace-the-chalk/implementations/list-imperative/list-imperative.mlw", line 150, characters 7-23: termination of this expression cannot be proved, but there is no `diverges' clause in the outer specification
result: bool = true
globals: <none>

EXECUTE_EXIT_CODE: 0
