FILE: ./1537_get-the-maximum-score/implementations/array-imperative/array-imperative.mlw
MODULE: GetTheMaximumScore_Array_Imperative
COMMAND: why3 execute --use GetTheMaximumScore_Array_Imperative ./1537_get-the-maximum-score/implementations/array-imperative/array-imperative.mlw 'run_tests ()'

Warning, file "./1537_get-the-maximum-score/implementations/array-imperative/array-imperative.mlw", line 35, character 4 to line 38, character 8: termination of this expression cannot be proved, but there is no `diverges' clause in the outer specification
Warning, file "./1537_get-the-maximum-score/implementations/array-imperative/array-imperative.mlw", line 31, character 4 to line 34, character 8: termination of this expression cannot be proved, but there is no `diverges' clause in the outer specification
Warning, file "./1537_get-the-maximum-score/implementations/array-imperative/array-imperative.mlw", line 16, character 4 to line 30, character 8: termination of this expression cannot be proved, but there is no `diverges' clause in the outer specification
Warning, file "./1537_get-the-maximum-score/implementations/array-imperative/array-imperative.mlw", line 44, characters 12-51: termination of this expression cannot be proved, but there is no `diverges' clause in the outer specification
Warning, file "./1537_get-the-maximum-score/implementations/array-imperative/array-imperative.mlw", line 50, characters 12-51: termination of this expression cannot be proved, but there is no `diverges' clause in the outer specification
Warning, file "./1537_get-the-maximum-score/implementations/array-imperative/array-imperative.mlw", line 56, characters 12-51: termination of this expression cannot be proved, but there is no `diverges' clause in the outer specification
Warning, file "./1537_get-the-maximum-score/implementations/array-imperative/array-imperative.mlw", line 62, characters 12-51: termination of this expression cannot be proved, but there is no `diverges' clause in the outer specification
Warning, file "./1537_get-the-maximum-score/implementations/array-imperative/array-imperative.mlw", line 68, characters 12-51: termination of this expression cannot be proved, but there is no `diverges' clause in the outer specification
Warning, file "./1537_get-the-maximum-score/implementations/array-imperative/array-imperative.mlw", line 74, characters 12-51: termination of this expression cannot be proved, but there is no `diverges' clause in the outer specification
Warning, file "./1537_get-the-maximum-score/implementations/array-imperative/array-imperative.mlw", line 80, characters 12-51: termination of this expression cannot be proved, but there is no `diverges' clause in the outer specification
Warning, file "./1537_get-the-maximum-score/implementations/array-imperative/array-imperative.mlw", line 86, characters 12-51: termination of this expression cannot be proved, but there is no `diverges' clause in the outer specification
Warning, file "./1537_get-the-maximum-score/implementations/array-imperative/array-imperative.mlw", line 92, characters 12-51: termination of this expression cannot be proved, but there is no `diverges' clause in the outer specification
Warning, file "./1537_get-the-maximum-score/implementations/array-imperative/array-imperative.mlw", line 98, characters 12-51: termination of this expression cannot be proved, but there is no `diverges' clause in the outer specification
Warning, file "./1537_get-the-maximum-score/implementations/array-imperative/array-imperative.mlw", line 104, characters 12-51: termination of this expression cannot be proved, but there is no `diverges' clause in the outer specification
Warning, file "./1537_get-the-maximum-score/implementations/array-imperative/array-imperative.mlw", line 110, characters 12-51: termination of this expression cannot be proved, but there is no `diverges' clause in the outer specification
Warning, file "./1537_get-the-maximum-score/implementations/array-imperative/array-imperative.mlw", line 116, characters 12-51: termination of this expression cannot be proved, but there is no `diverges' clause in the outer specification
Warning, file "./1537_get-the-maximum-score/implementations/array-imperative/array-imperative.mlw", line 122, characters 12-51: termination of this expression cannot be proved, but there is no `diverges' clause in the outer specification
Warning, file "./1537_get-the-maximum-score/implementations/array-imperative/array-imperative.mlw", line 128, characters 12-51: termination of this expression cannot be proved, but there is no `diverges' clause in the outer specification
Warning, file "./1537_get-the-maximum-score/implementations/array-imperative/array-imperative.mlw", line 134, characters 12-51: termination of this expression cannot be proved, but there is no `diverges' clause in the outer specification
Warning, file "./1537_get-the-maximum-score/implementations/array-imperative/array-imperative.mlw", line 140, characters 12-51: termination of this expression cannot be proved, but there is no `diverges' clause in the outer specification
Warning, file "./1537_get-the-maximum-score/implementations/array-imperative/array-imperative.mlw", line 146, characters 12-51: termination of this expression cannot be proved, but there is no `diverges' clause in the outer specification
Warning, file "./1537_get-the-maximum-score/implementations/array-imperative/array-imperative.mlw", line 152, characters 12-51: termination of this expression cannot be proved, but there is no `diverges' clause in the outer specification
Warning, file "./1537_get-the-maximum-score/implementations/array-imperative/array-imperative.mlw", line 158, characters 12-51: termination of this expression cannot be proved, but there is no `diverges' clause in the outer specification
Warning, file "./1537_get-the-maximum-score/implementations/array-imperative/array-imperative.mlw", line 181, characters 7-18: termination of this expression cannot be proved, but there is no `diverges' clause in the outer specification
Warning, file "./1537_get-the-maximum-score/implementations/array-imperative/array-imperative.mlw", line 180, characters 7-18: termination of this expression cannot be proved, but there is no `diverges' clause in the outer specification
Warning, file "./1537_get-the-maximum-score/implementations/array-imperative/array-imperative.mlw", line 179, characters 7-18: termination of this expression cannot be proved, but there is no `diverges' clause in the outer specification
Warning, file "./1537_get-the-maximum-score/implementations/array-imperative/array-imperative.mlw", line 178, characters 7-18: termination of this expression cannot be proved, but there is no `diverges' clause in the outer specification
Warning, file "./1537_get-the-maximum-score/implementations/array-imperative/array-imperative.mlw", line 177, characters 7-18: termination of this expression cannot be proved, but there is no `diverges' clause in the outer specification
Warning, file "./1537_get-the-maximum-score/implementations/array-imperative/array-imperative.mlw", line 176, characters 7-18: termination of this expression cannot be proved, but there is no `diverges' clause in the outer specification
Warning, file "./1537_get-the-maximum-score/implementations/array-imperative/array-imperative.mlw", line 175, characters 7-18: termination of this expression cannot be proved, but there is no `diverges' clause in the outer specification
Warning, file "./1537_get-the-maximum-score/implementations/array-imperative/array-imperative.mlw", line 174, characters 7-18: termination of this expression cannot be proved, but there is no `diverges' clause in the outer specification
Warning, file "./1537_get-the-maximum-score/implementations/array-imperative/array-imperative.mlw", line 173, characters 7-18: termination of this expression cannot be proved, but there is no `diverges' clause in the outer specification
Warning, file "./1537_get-the-maximum-score/implementations/array-imperative/array-imperative.mlw", line 172, characters 7-18: termination of this expression cannot be proved, but there is no `diverges' clause in the outer specification
Warning, file "./1537_get-the-maximum-score/implementations/array-imperative/array-imperative.mlw", line 171, characters 7-18: termination of this expression cannot be proved, but there is no `diverges' clause in the outer specification
Warning, file "./1537_get-the-maximum-score/implementations/array-imperative/array-imperative.mlw", line 170, characters 7-18: termination of this expression cannot be proved, but there is no `diverges' clause in the outer specification
Warning, file "./1537_get-the-maximum-score/implementations/array-imperative/array-imperative.mlw", line 169, characters 7-18: termination of this expression cannot be proved, but there is no `diverges' clause in the outer specification
Warning, file "./1537_get-the-maximum-score/implementations/array-imperative/array-imperative.mlw", line 168, characters 7-18: termination of this expression cannot be proved, but there is no `diverges' clause in the outer specification
Warning, file "./1537_get-the-maximum-score/implementations/array-imperative/array-imperative.mlw", line 167, characters 7-18: termination of this expression cannot be proved, but there is no `diverges' clause in the outer specification
Warning, file "./1537_get-the-maximum-score/implementations/array-imperative/array-imperative.mlw", line 166, characters 7-18: termination of this expression cannot be proved, but there is no `diverges' clause in the outer specification
Warning, file "./1537_get-the-maximum-score/implementations/array-imperative/array-imperative.mlw", line 165, characters 7-18: termination of this expression cannot be proved, but there is no `diverges' clause in the outer specification
Warning, file "./1537_get-the-maximum-score/implementations/array-imperative/array-imperative.mlw", line 164, characters 7-18: termination of this expression cannot be proved, but there is no `diverges' clause in the outer specification
Warning, file "./1537_get-the-maximum-score/implementations/array-imperative/array-imperative.mlw", line 163, characters 7-18: termination of this expression cannot be proved, but there is no `diverges' clause in the outer specification
Warning, file "./1537_get-the-maximum-score/implementations/array-imperative/array-imperative.mlw", line 162, characters 7-18: termination of this expression cannot be proved, but there is no `diverges' clause in the outer specification
result: bool = true
globals: <none>

EXECUTE_EXIT_CODE: 0
