FILE: ./2098_subsequence-of-size-k-with-the-largest-even-sum/implementations/array-imperative/array-imperative.mlw
MODULE: SubsequenceOfSizeKWithTheLargestEvenSum_Array_Imperative_Implementation
COMMAND: why3 execute --use SubsequenceOfSizeKWithTheLargestEvenSum_Array_Imperative_Implementation ./2098_subsequence-of-size-k-with-the-largest-even-sum/implementations/array-imperative/array-imperative.mlw 'run_tests ()'

Warning, file "./2098_subsequence-of-size-k-with-the-largest-even-sum/implementations/array-imperative/array-imperative.mlw", line 19, character 6 to line 45, character 10: termination of this expression cannot be proved, but there is no `diverges' clause in the outer specification
Warning, file "./2098_subsequence-of-size-k-with-the-largest-even-sum/implementations/array-imperative/array-imperative.mlw", line 15, character 4 to line 46, character 8: termination of this expression cannot be proved, but there is no `diverges' clause in the outer specification
Warning, file "./2098_subsequence-of-size-k-with-the-largest-even-sum/implementations/array-imperative/array-imperative.mlw", line 51, characters 12-72: termination of this expression cannot be proved, but there is no `diverges' clause in the outer specification
Warning, file "./2098_subsequence-of-size-k-with-the-largest-even-sum/implementations/array-imperative/array-imperative.mlw", line 56, characters 12-72: termination of this expression cannot be proved, but there is no `diverges' clause in the outer specification
Warning, file "./2098_subsequence-of-size-k-with-the-largest-even-sum/implementations/array-imperative/array-imperative.mlw", line 61, characters 12-72: termination of this expression cannot be proved, but there is no `diverges' clause in the outer specification
Warning, file "./2098_subsequence-of-size-k-with-the-largest-even-sum/implementations/array-imperative/array-imperative.mlw", line 66, characters 12-72: termination of this expression cannot be proved, but there is no `diverges' clause in the outer specification
Warning, file "./2098_subsequence-of-size-k-with-the-largest-even-sum/implementations/array-imperative/array-imperative.mlw", line 71, characters 12-72: termination of this expression cannot be proved, but there is no `diverges' clause in the outer specification
Warning, file "./2098_subsequence-of-size-k-with-the-largest-even-sum/implementations/array-imperative/array-imperative.mlw", line 76, characters 12-72: termination of this expression cannot be proved, but there is no `diverges' clause in the outer specification
Warning, file "./2098_subsequence-of-size-k-with-the-largest-even-sum/implementations/array-imperative/array-imperative.mlw", line 81, characters 12-72: termination of this expression cannot be proved, but there is no `diverges' clause in the outer specification
Warning, file "./2098_subsequence-of-size-k-with-the-largest-even-sum/implementations/array-imperative/array-imperative.mlw", line 86, characters 12-72: termination of this expression cannot be proved, but there is no `diverges' clause in the outer specification
Warning, file "./2098_subsequence-of-size-k-with-the-largest-even-sum/implementations/array-imperative/array-imperative.mlw", line 91, characters 12-72: termination of this expression cannot be proved, but there is no `diverges' clause in the outer specification
Warning, file "./2098_subsequence-of-size-k-with-the-largest-even-sum/implementations/array-imperative/array-imperative.mlw", line 96, characters 12-72: termination of this expression cannot be proved, but there is no `diverges' clause in the outer specification
Warning, file "./2098_subsequence-of-size-k-with-the-largest-even-sum/implementations/array-imperative/array-imperative.mlw", line 101, characters 12-72: termination of this expression cannot be proved, but there is no `diverges' clause in the outer specification
Warning, file "./2098_subsequence-of-size-k-with-the-largest-even-sum/implementations/array-imperative/array-imperative.mlw", line 106, characters 12-72: termination of this expression cannot be proved, but there is no `diverges' clause in the outer specification
Warning, file "./2098_subsequence-of-size-k-with-the-largest-even-sum/implementations/array-imperative/array-imperative.mlw", line 111, characters 12-72: termination of this expression cannot be proved, but there is no `diverges' clause in the outer specification
Warning, file "./2098_subsequence-of-size-k-with-the-largest-even-sum/implementations/array-imperative/array-imperative.mlw", line 116, characters 12-72: termination of this expression cannot be proved, but there is no `diverges' clause in the outer specification
Warning, file "./2098_subsequence-of-size-k-with-the-largest-even-sum/implementations/array-imperative/array-imperative.mlw", line 121, characters 12-72: termination of this expression cannot be proved, but there is no `diverges' clause in the outer specification
Warning, file "./2098_subsequence-of-size-k-with-the-largest-even-sum/implementations/array-imperative/array-imperative.mlw", line 126, characters 12-72: termination of this expression cannot be proved, but there is no `diverges' clause in the outer specification
Warning, file "./2098_subsequence-of-size-k-with-the-largest-even-sum/implementations/array-imperative/array-imperative.mlw", line 131, characters 12-72: termination of this expression cannot be proved, but there is no `diverges' clause in the outer specification
Warning, file "./2098_subsequence-of-size-k-with-the-largest-even-sum/implementations/array-imperative/array-imperative.mlw", line 137, characters 12-73: termination of this expression cannot be proved, but there is no `diverges' clause in the outer specification
Warning, file "./2098_subsequence-of-size-k-with-the-largest-even-sum/implementations/array-imperative/array-imperative.mlw", line 143, characters 12-72: termination of this expression cannot be proved, but there is no `diverges' clause in the outer specification
Warning, file "./2098_subsequence-of-size-k-with-the-largest-even-sum/implementations/array-imperative/array-imperative.mlw", line 149, characters 12-73: termination of this expression cannot be proved, but there is no `diverges' clause in the outer specification
Warning, file "./2098_subsequence-of-size-k-with-the-largest-even-sum/implementations/array-imperative/array-imperative.mlw", line 172, characters 7-18: termination of this expression cannot be proved, but there is no `diverges' clause in the outer specification
Warning, file "./2098_subsequence-of-size-k-with-the-largest-even-sum/implementations/array-imperative/array-imperative.mlw", line 171, characters 7-18: termination of this expression cannot be proved, but there is no `diverges' clause in the outer specification
Warning, file "./2098_subsequence-of-size-k-with-the-largest-even-sum/implementations/array-imperative/array-imperative.mlw", line 170, characters 7-18: termination of this expression cannot be proved, but there is no `diverges' clause in the outer specification
Warning, file "./2098_subsequence-of-size-k-with-the-largest-even-sum/implementations/array-imperative/array-imperative.mlw", line 169, characters 7-18: termination of this expression cannot be proved, but there is no `diverges' clause in the outer specification
Warning, file "./2098_subsequence-of-size-k-with-the-largest-even-sum/implementations/array-imperative/array-imperative.mlw", line 168, characters 7-18: termination of this expression cannot be proved, but there is no `diverges' clause in the outer specification
Warning, file "./2098_subsequence-of-size-k-with-the-largest-even-sum/implementations/array-imperative/array-imperative.mlw", line 167, characters 7-18: termination of this expression cannot be proved, but there is no `diverges' clause in the outer specification
Warning, file "./2098_subsequence-of-size-k-with-the-largest-even-sum/implementations/array-imperative/array-imperative.mlw", line 166, characters 7-18: termination of this expression cannot be proved, but there is no `diverges' clause in the outer specification
Warning, file "./2098_subsequence-of-size-k-with-the-largest-even-sum/implementations/array-imperative/array-imperative.mlw", line 165, characters 7-18: termination of this expression cannot be proved, but there is no `diverges' clause in the outer specification
Warning, file "./2098_subsequence-of-size-k-with-the-largest-even-sum/implementations/array-imperative/array-imperative.mlw", line 164, characters 7-18: termination of this expression cannot be proved, but there is no `diverges' clause in the outer specification
Warning, file "./2098_subsequence-of-size-k-with-the-largest-even-sum/implementations/array-imperative/array-imperative.mlw", line 163, characters 7-18: termination of this expression cannot be proved, but there is no `diverges' clause in the outer specification
Warning, file "./2098_subsequence-of-size-k-with-the-largest-even-sum/implementations/array-imperative/array-imperative.mlw", line 162, characters 7-18: termination of this expression cannot be proved, but there is no `diverges' clause in the outer specification
Warning, file "./2098_subsequence-of-size-k-with-the-largest-even-sum/implementations/array-imperative/array-imperative.mlw", line 161, characters 7-18: termination of this expression cannot be proved, but there is no `diverges' clause in the outer specification
Warning, file "./2098_subsequence-of-size-k-with-the-largest-even-sum/implementations/array-imperative/array-imperative.mlw", line 160, characters 7-18: termination of this expression cannot be proved, but there is no `diverges' clause in the outer specification
Warning, file "./2098_subsequence-of-size-k-with-the-largest-even-sum/implementations/array-imperative/array-imperative.mlw", line 159, characters 7-18: termination of this expression cannot be proved, but there is no `diverges' clause in the outer specification
Warning, file "./2098_subsequence-of-size-k-with-the-largest-even-sum/implementations/array-imperative/array-imperative.mlw", line 158, characters 7-18: termination of this expression cannot be proved, but there is no `diverges' clause in the outer specification
Warning, file "./2098_subsequence-of-size-k-with-the-largest-even-sum/implementations/array-imperative/array-imperative.mlw", line 157, characters 7-18: termination of this expression cannot be proved, but there is no `diverges' clause in the outer specification
Warning, file "./2098_subsequence-of-size-k-with-the-largest-even-sum/implementations/array-imperative/array-imperative.mlw", line 156, characters 7-18: termination of this expression cannot be proved, but there is no `diverges' clause in the outer specification
Warning, file "./2098_subsequence-of-size-k-with-the-largest-even-sum/implementations/array-imperative/array-imperative.mlw", line 155, characters 7-18: termination of this expression cannot be proved, but there is no `diverges' clause in the outer specification
Warning, file "./2098_subsequence-of-size-k-with-the-largest-even-sum/implementations/array-imperative/array-imperative.mlw", line 154, characters 7-18: termination of this expression cannot be proved, but there is no `diverges' clause in the outer specification
Warning, file "./2098_subsequence-of-size-k-with-the-largest-even-sum/implementations/array-imperative/array-imperative.mlw", line 153, characters 7-18: termination of this expression cannot be proved, but there is no `diverges' clause in the outer specification
result: bool = true
globals: <none>

EXECUTE_EXIT_CODE: 0
