FILE: ./2031_count-subarrays-with-more-ones-than-zeros/implementations/list-imperative/list-imperative.mlw
MODULE: CountSubarraysWithMoreOnesThanZeros_List_Imperative_Implementation
COMMAND: why3 execute --use CountSubarraysWithMoreOnesThanZeros_List_Imperative_Implementation ./2031_count-subarrays-with-more-ones-than-zeros/implementations/list-imperative/list-imperative.mlw 'run_tests ()'

Warning, file "./2031_count-subarrays-with-more-ones-than-zeros/implementations/list-imperative/list-imperative.mlw", line 17, character 4 to line 25, character 8: termination of this expression cannot be proved, but there is no `diverges' clause in the outer specification
Warning, file "./2031_count-subarrays-with-more-ones-than-zeros/implementations/list-imperative/list-imperative.mlw", line 35, characters 28-55: termination of this expression cannot be proved, but there is no `diverges' clause in the outer specification
Warning, file "./2031_count-subarrays-with-more-ones-than-zeros/implementations/list-imperative/list-imperative.mlw", line 31, character 4 to line 38, character 8: termination of this expression cannot be proved, but there is no `diverges' clause in the outer specification
Warning, file "./2031_count-subarrays-with-more-ones-than-zeros/implementations/list-imperative/list-imperative.mlw", line 43, characters 12-63: termination of this expression cannot be proved, but there is no `diverges' clause in the outer specification
Warning, file "./2031_count-subarrays-with-more-ones-than-zeros/implementations/list-imperative/list-imperative.mlw", line 48, characters 12-63: termination of this expression cannot be proved, but there is no `diverges' clause in the outer specification
Warning, file "./2031_count-subarrays-with-more-ones-than-zeros/implementations/list-imperative/list-imperative.mlw", line 53, characters 12-63: termination of this expression cannot be proved, but there is no `diverges' clause in the outer specification
Warning, file "./2031_count-subarrays-with-more-ones-than-zeros/implementations/list-imperative/list-imperative.mlw", line 58, characters 12-63: termination of this expression cannot be proved, but there is no `diverges' clause in the outer specification
Warning, file "./2031_count-subarrays-with-more-ones-than-zeros/implementations/list-imperative/list-imperative.mlw", line 63, characters 12-63: termination of this expression cannot be proved, but there is no `diverges' clause in the outer specification
Warning, file "./2031_count-subarrays-with-more-ones-than-zeros/implementations/list-imperative/list-imperative.mlw", line 68, characters 12-63: termination of this expression cannot be proved, but there is no `diverges' clause in the outer specification
Warning, file "./2031_count-subarrays-with-more-ones-than-zeros/implementations/list-imperative/list-imperative.mlw", line 73, characters 12-63: termination of this expression cannot be proved, but there is no `diverges' clause in the outer specification
Warning, file "./2031_count-subarrays-with-more-ones-than-zeros/implementations/list-imperative/list-imperative.mlw", line 78, characters 12-63: termination of this expression cannot be proved, but there is no `diverges' clause in the outer specification
Warning, file "./2031_count-subarrays-with-more-ones-than-zeros/implementations/list-imperative/list-imperative.mlw", line 83, characters 12-63: termination of this expression cannot be proved, but there is no `diverges' clause in the outer specification
Warning, file "./2031_count-subarrays-with-more-ones-than-zeros/implementations/list-imperative/list-imperative.mlw", line 88, characters 12-63: termination of this expression cannot be proved, but there is no `diverges' clause in the outer specification
Warning, file "./2031_count-subarrays-with-more-ones-than-zeros/implementations/list-imperative/list-imperative.mlw", line 93, characters 12-63: termination of this expression cannot be proved, but there is no `diverges' clause in the outer specification
Warning, file "./2031_count-subarrays-with-more-ones-than-zeros/implementations/list-imperative/list-imperative.mlw", line 98, characters 12-63: termination of this expression cannot be proved, but there is no `diverges' clause in the outer specification
Warning, file "./2031_count-subarrays-with-more-ones-than-zeros/implementations/list-imperative/list-imperative.mlw", line 103, characters 12-63: termination of this expression cannot be proved, but there is no `diverges' clause in the outer specification
Warning, file "./2031_count-subarrays-with-more-ones-than-zeros/implementations/list-imperative/list-imperative.mlw", line 108, characters 12-63: termination of this expression cannot be proved, but there is no `diverges' clause in the outer specification
Warning, file "./2031_count-subarrays-with-more-ones-than-zeros/implementations/list-imperative/list-imperative.mlw", line 113, characters 12-63: termination of this expression cannot be proved, but there is no `diverges' clause in the outer specification
Warning, file "./2031_count-subarrays-with-more-ones-than-zeros/implementations/list-imperative/list-imperative.mlw", line 118, characters 12-63: termination of this expression cannot be proved, but there is no `diverges' clause in the outer specification
Warning, file "./2031_count-subarrays-with-more-ones-than-zeros/implementations/list-imperative/list-imperative.mlw", line 123, characters 12-63: termination of this expression cannot be proved, but there is no `diverges' clause in the outer specification
Warning, file "./2031_count-subarrays-with-more-ones-than-zeros/implementations/list-imperative/list-imperative.mlw", line 128, characters 12-63: termination of this expression cannot be proved, but there is no `diverges' clause in the outer specification
Warning, file "./2031_count-subarrays-with-more-ones-than-zeros/implementations/list-imperative/list-imperative.mlw", line 152, characters 12-63: termination of this expression cannot be proved, but there is no `diverges' clause in the outer specification
Warning, file "./2031_count-subarrays-with-more-ones-than-zeros/implementations/list-imperative/list-imperative.mlw", line 157, characters 12-63: termination of this expression cannot be proved, but there is no `diverges' clause in the outer specification
Warning, file "./2031_count-subarrays-with-more-ones-than-zeros/implementations/list-imperative/list-imperative.mlw", line 180, characters 7-18: termination of this expression cannot be proved, but there is no `diverges' clause in the outer specification
Warning, file "./2031_count-subarrays-with-more-ones-than-zeros/implementations/list-imperative/list-imperative.mlw", line 179, characters 7-18: termination of this expression cannot be proved, but there is no `diverges' clause in the outer specification
Warning, file "./2031_count-subarrays-with-more-ones-than-zeros/implementations/list-imperative/list-imperative.mlw", line 178, characters 7-18: termination of this expression cannot be proved, but there is no `diverges' clause in the outer specification
Warning, file "./2031_count-subarrays-with-more-ones-than-zeros/implementations/list-imperative/list-imperative.mlw", line 177, characters 7-18: termination of this expression cannot be proved, but there is no `diverges' clause in the outer specification
Warning, file "./2031_count-subarrays-with-more-ones-than-zeros/implementations/list-imperative/list-imperative.mlw", line 176, characters 7-18: termination of this expression cannot be proved, but there is no `diverges' clause in the outer specification
Warning, file "./2031_count-subarrays-with-more-ones-than-zeros/implementations/list-imperative/list-imperative.mlw", line 175, characters 7-18: termination of this expression cannot be proved, but there is no `diverges' clause in the outer specification
Warning, file "./2031_count-subarrays-with-more-ones-than-zeros/implementations/list-imperative/list-imperative.mlw", line 174, characters 7-18: termination of this expression cannot be proved, but there is no `diverges' clause in the outer specification
Warning, file "./2031_count-subarrays-with-more-ones-than-zeros/implementations/list-imperative/list-imperative.mlw", line 173, characters 7-18: termination of this expression cannot be proved, but there is no `diverges' clause in the outer specification
Warning, file "./2031_count-subarrays-with-more-ones-than-zeros/implementations/list-imperative/list-imperative.mlw", line 172, characters 7-18: termination of this expression cannot be proved, but there is no `diverges' clause in the outer specification
Warning, file "./2031_count-subarrays-with-more-ones-than-zeros/implementations/list-imperative/list-imperative.mlw", line 171, characters 7-18: termination of this expression cannot be proved, but there is no `diverges' clause in the outer specification
Warning, file "./2031_count-subarrays-with-more-ones-than-zeros/implementations/list-imperative/list-imperative.mlw", line 170, characters 7-18: termination of this expression cannot be proved, but there is no `diverges' clause in the outer specification
Warning, file "./2031_count-subarrays-with-more-ones-than-zeros/implementations/list-imperative/list-imperative.mlw", line 169, characters 7-18: termination of this expression cannot be proved, but there is no `diverges' clause in the outer specification
Warning, file "./2031_count-subarrays-with-more-ones-than-zeros/implementations/list-imperative/list-imperative.mlw", line 168, characters 7-18: termination of this expression cannot be proved, but there is no `diverges' clause in the outer specification
Warning, file "./2031_count-subarrays-with-more-ones-than-zeros/implementations/list-imperative/list-imperative.mlw", line 167, characters 7-18: termination of this expression cannot be proved, but there is no `diverges' clause in the outer specification
Warning, file "./2031_count-subarrays-with-more-ones-than-zeros/implementations/list-imperative/list-imperative.mlw", line 166, characters 7-18: termination of this expression cannot be proved, but there is no `diverges' clause in the outer specification
Warning, file "./2031_count-subarrays-with-more-ones-than-zeros/implementations/list-imperative/list-imperative.mlw", line 165, characters 7-18: termination of this expression cannot be proved, but there is no `diverges' clause in the outer specification
Warning, file "./2031_count-subarrays-with-more-ones-than-zeros/implementations/list-imperative/list-imperative.mlw", line 164, characters 7-18: termination of this expression cannot be proved, but there is no `diverges' clause in the outer specification
Warning, file "./2031_count-subarrays-with-more-ones-than-zeros/implementations/list-imperative/list-imperative.mlw", line 163, characters 7-18: termination of this expression cannot be proved, but there is no `diverges' clause in the outer specification
Warning, file "./2031_count-subarrays-with-more-ones-than-zeros/implementations/list-imperative/list-imperative.mlw", line 162, characters 7-18: termination of this expression cannot be proved, but there is no `diverges' clause in the outer specification
Warning, file "./2031_count-subarrays-with-more-ones-than-zeros/implementations/list-imperative/list-imperative.mlw", line 161, characters 7-18: termination of this expression cannot be proved, but there is no `diverges' clause in the outer specification
result: bool = true
globals: <none>

EXECUTE_EXIT_CODE: 0
