FILE: ./2448_minimum-cost-to-make-array-equal/implementations/list-imperative/list-imperative.mlw
MODULE: MinimumCostToMakeArrayEqual_List_Imperative
COMMAND: why3 execute --use MinimumCostToMakeArrayEqual_List_Imperative ./2448_minimum-cost-to-make-array-equal/implementations/list-imperative/list-imperative.mlw 'run_tests ()'

Warning, file "./2448_minimum-cost-to-make-array-equal/implementations/list-imperative/list-imperative.mlw", line 12, character 4 to line 33, character 8: termination of this expression cannot be proved, but there is no `diverges' clause in the outer specification
Warning, file "./2448_minimum-cost-to-make-array-equal/implementations/list-imperative/list-imperative.mlw", line 46, characters 28-61: termination of this expression cannot be proved, but there is no `diverges' clause in the outer specification
Warning, file "./2448_minimum-cost-to-make-array-equal/implementations/list-imperative/list-imperative.mlw", line 42, character 8 to line 50, character 12: termination of this expression cannot be proved, but there is no `diverges' clause in the outer specification
Warning, file "./2448_minimum-cost-to-make-array-equal/implementations/list-imperative/list-imperative.mlw", line 40, characters 23-57: termination of this expression cannot be proved, but there is no `diverges' clause in the outer specification
Warning, file "./2448_minimum-cost-to-make-array-equal/implementations/list-imperative/list-imperative.mlw", line 57, characters 12-59: termination of this expression cannot be proved, but there is no `diverges' clause in the outer specification
Warning, file "./2448_minimum-cost-to-make-array-equal/implementations/list-imperative/list-imperative.mlw", line 63, characters 12-59: termination of this expression cannot be proved, but there is no `diverges' clause in the outer specification
Warning, file "./2448_minimum-cost-to-make-array-equal/implementations/list-imperative/list-imperative.mlw", line 69, characters 12-59: termination of this expression cannot be proved, but there is no `diverges' clause in the outer specification
Warning, file "./2448_minimum-cost-to-make-array-equal/implementations/list-imperative/list-imperative.mlw", line 75, characters 12-59: termination of this expression cannot be proved, but there is no `diverges' clause in the outer specification
Warning, file "./2448_minimum-cost-to-make-array-equal/implementations/list-imperative/list-imperative.mlw", line 81, characters 12-59: termination of this expression cannot be proved, but there is no `diverges' clause in the outer specification
Warning, file "./2448_minimum-cost-to-make-array-equal/implementations/list-imperative/list-imperative.mlw", line 87, characters 12-59: termination of this expression cannot be proved, but there is no `diverges' clause in the outer specification
Warning, file "./2448_minimum-cost-to-make-array-equal/implementations/list-imperative/list-imperative.mlw", line 93, characters 12-59: termination of this expression cannot be proved, but there is no `diverges' clause in the outer specification
Warning, file "./2448_minimum-cost-to-make-array-equal/implementations/list-imperative/list-imperative.mlw", line 99, characters 12-59: termination of this expression cannot be proved, but there is no `diverges' clause in the outer specification
Warning, file "./2448_minimum-cost-to-make-array-equal/implementations/list-imperative/list-imperative.mlw", line 105, characters 12-59: termination of this expression cannot be proved, but there is no `diverges' clause in the outer specification
Warning, file "./2448_minimum-cost-to-make-array-equal/implementations/list-imperative/list-imperative.mlw", line 111, characters 12-59: termination of this expression cannot be proved, but there is no `diverges' clause in the outer specification
Warning, file "./2448_minimum-cost-to-make-array-equal/implementations/list-imperative/list-imperative.mlw", line 117, characters 12-59: termination of this expression cannot be proved, but there is no `diverges' clause in the outer specification
Warning, file "./2448_minimum-cost-to-make-array-equal/implementations/list-imperative/list-imperative.mlw", line 123, characters 12-59: termination of this expression cannot be proved, but there is no `diverges' clause in the outer specification
Warning, file "./2448_minimum-cost-to-make-array-equal/implementations/list-imperative/list-imperative.mlw", line 129, characters 12-59: termination of this expression cannot be proved, but there is no `diverges' clause in the outer specification
Warning, file "./2448_minimum-cost-to-make-array-equal/implementations/list-imperative/list-imperative.mlw", line 135, characters 12-59: termination of this expression cannot be proved, but there is no `diverges' clause in the outer specification
Warning, file "./2448_minimum-cost-to-make-array-equal/implementations/list-imperative/list-imperative.mlw", line 141, characters 12-59: termination of this expression cannot be proved, but there is no `diverges' clause in the outer specification
Warning, file "./2448_minimum-cost-to-make-array-equal/implementations/list-imperative/list-imperative.mlw", line 147, characters 12-59: termination of this expression cannot be proved, but there is no `diverges' clause in the outer specification
Warning, file "./2448_minimum-cost-to-make-array-equal/implementations/list-imperative/list-imperative.mlw", line 153, characters 12-59: termination of this expression cannot be proved, but there is no `diverges' clause in the outer specification
Warning, file "./2448_minimum-cost-to-make-array-equal/implementations/list-imperative/list-imperative.mlw", line 159, characters 12-59: termination of this expression cannot be proved, but there is no `diverges' clause in the outer specification
Warning, file "./2448_minimum-cost-to-make-array-equal/implementations/list-imperative/list-imperative.mlw", line 165, characters 12-59: termination of this expression cannot be proved, but there is no `diverges' clause in the outer specification
Warning, file "./2448_minimum-cost-to-make-array-equal/implementations/list-imperative/list-imperative.mlw", line 171, characters 12-59: termination of this expression cannot be proved, but there is no `diverges' clause in the outer specification
Warning, file "./2448_minimum-cost-to-make-array-equal/implementations/list-imperative/list-imperative.mlw", line 194, characters 7-18: termination of this expression cannot be proved, but there is no `diverges' clause in the outer specification
Warning, file "./2448_minimum-cost-to-make-array-equal/implementations/list-imperative/list-imperative.mlw", line 193, characters 7-18: termination of this expression cannot be proved, but there is no `diverges' clause in the outer specification
Warning, file "./2448_minimum-cost-to-make-array-equal/implementations/list-imperative/list-imperative.mlw", line 192, characters 7-18: termination of this expression cannot be proved, but there is no `diverges' clause in the outer specification
Warning, file "./2448_minimum-cost-to-make-array-equal/implementations/list-imperative/list-imperative.mlw", line 191, characters 7-18: termination of this expression cannot be proved, but there is no `diverges' clause in the outer specification
Warning, file "./2448_minimum-cost-to-make-array-equal/implementations/list-imperative/list-imperative.mlw", line 190, characters 7-18: termination of this expression cannot be proved, but there is no `diverges' clause in the outer specification
Warning, file "./2448_minimum-cost-to-make-array-equal/implementations/list-imperative/list-imperative.mlw", line 189, characters 7-18: termination of this expression cannot be proved, but there is no `diverges' clause in the outer specification
Warning, file "./2448_minimum-cost-to-make-array-equal/implementations/list-imperative/list-imperative.mlw", line 188, characters 7-18: termination of this expression cannot be proved, but there is no `diverges' clause in the outer specification
Warning, file "./2448_minimum-cost-to-make-array-equal/implementations/list-imperative/list-imperative.mlw", line 187, characters 7-18: termination of this expression cannot be proved, but there is no `diverges' clause in the outer specification
Warning, file "./2448_minimum-cost-to-make-array-equal/implementations/list-imperative/list-imperative.mlw", line 186, characters 7-18: termination of this expression cannot be proved, but there is no `diverges' clause in the outer specification
Warning, file "./2448_minimum-cost-to-make-array-equal/implementations/list-imperative/list-imperative.mlw", line 185, characters 7-18: termination of this expression cannot be proved, but there is no `diverges' clause in the outer specification
Warning, file "./2448_minimum-cost-to-make-array-equal/implementations/list-imperative/list-imperative.mlw", line 184, characters 7-18: termination of this expression cannot be proved, but there is no `diverges' clause in the outer specification
Warning, file "./2448_minimum-cost-to-make-array-equal/implementations/list-imperative/list-imperative.mlw", line 183, characters 7-18: termination of this expression cannot be proved, but there is no `diverges' clause in the outer specification
Warning, file "./2448_minimum-cost-to-make-array-equal/implementations/list-imperative/list-imperative.mlw", line 182, characters 7-18: termination of this expression cannot be proved, but there is no `diverges' clause in the outer specification
Warning, file "./2448_minimum-cost-to-make-array-equal/implementations/list-imperative/list-imperative.mlw", line 181, characters 7-18: termination of this expression cannot be proved, but there is no `diverges' clause in the outer specification
Warning, file "./2448_minimum-cost-to-make-array-equal/implementations/list-imperative/list-imperative.mlw", line 180, characters 7-18: termination of this expression cannot be proved, but there is no `diverges' clause in the outer specification
Warning, file "./2448_minimum-cost-to-make-array-equal/implementations/list-imperative/list-imperative.mlw", line 179, characters 7-18: termination of this expression cannot be proved, but there is no `diverges' clause in the outer specification
Warning, file "./2448_minimum-cost-to-make-array-equal/implementations/list-imperative/list-imperative.mlw", line 178, characters 7-18: termination of this expression cannot be proved, but there is no `diverges' clause in the outer specification
Warning, file "./2448_minimum-cost-to-make-array-equal/implementations/list-imperative/list-imperative.mlw", line 177, characters 7-18: termination of this expression cannot be proved, but there is no `diverges' clause in the outer specification
Warning, file "./2448_minimum-cost-to-make-array-equal/implementations/list-imperative/list-imperative.mlw", line 176, characters 7-18: termination of this expression cannot be proved, but there is no `diverges' clause in the outer specification
Warning, file "./2448_minimum-cost-to-make-array-equal/implementations/list-imperative/list-imperative.mlw", line 175, characters 7-18: termination of this expression cannot be proved, but there is no `diverges' clause in the outer specification
result: bool = true
globals: <none>

EXECUTE_EXIT_CODE: 0
