FILE: ./2540_minimum-common-value/implementations/list-imperative/list-imperative.mlw
MODULE: MinimumCommonValue_List_Imperative
COMMAND: why3 execute --use MinimumCommonValue_List_Imperative ./2540_minimum-common-value/implementations/list-imperative/list-imperative.mlw 'run_tests ()'

Warning, file "./2540_minimum-common-value/implementations/list-imperative/list-imperative.mlw", line 12, character 4 to line 30, character 8: termination of this expression cannot be proved, but there is no `diverges' clause in the outer specification
Warning, file "./2540_minimum-common-value/implementations/list-imperative/list-imperative.mlw", line 34, characters 12-49: termination of this expression cannot be proved, but there is no `diverges' clause in the outer specification
Warning, file "./2540_minimum-common-value/implementations/list-imperative/list-imperative.mlw", line 40, characters 4-28: termination of this expression cannot be proved, but there is no `diverges' clause in the outer specification
Warning, file "./2540_minimum-common-value/implementations/list-imperative/list-imperative.mlw", line 45, characters 4-31: termination of this expression cannot be proved, but there is no `diverges' clause in the outer specification
Warning, file "./2540_minimum-common-value/implementations/list-imperative/list-imperative.mlw", line 50, characters 4-28: termination of this expression cannot be proved, but there is no `diverges' clause in the outer specification
Warning, file "./2540_minimum-common-value/implementations/list-imperative/list-imperative.mlw", line 55, characters 4-31: termination of this expression cannot be proved, but there is no `diverges' clause in the outer specification
Warning, file "./2540_minimum-common-value/implementations/list-imperative/list-imperative.mlw", line 60, characters 4-31: termination of this expression cannot be proved, but there is no `diverges' clause in the outer specification
Warning, file "./2540_minimum-common-value/implementations/list-imperative/list-imperative.mlw", line 65, characters 4-31: termination of this expression cannot be proved, but there is no `diverges' clause in the outer specification
Warning, file "./2540_minimum-common-value/implementations/list-imperative/list-imperative.mlw", line 70, characters 4-28: termination of this expression cannot be proved, but there is no `diverges' clause in the outer specification
Warning, file "./2540_minimum-common-value/implementations/list-imperative/list-imperative.mlw", line 75, characters 4-31: termination of this expression cannot be proved, but there is no `diverges' clause in the outer specification
Warning, file "./2540_minimum-common-value/implementations/list-imperative/list-imperative.mlw", line 80, characters 4-28: termination of this expression cannot be proved, but there is no `diverges' clause in the outer specification
Warning, file "./2540_minimum-common-value/implementations/list-imperative/list-imperative.mlw", line 85, characters 4-31: termination of this expression cannot be proved, but there is no `diverges' clause in the outer specification
Warning, file "./2540_minimum-common-value/implementations/list-imperative/list-imperative.mlw", line 90, characters 4-37: termination of this expression cannot be proved, but there is no `diverges' clause in the outer specification
Warning, file "./2540_minimum-common-value/implementations/list-imperative/list-imperative.mlw", line 95, characters 4-28: termination of this expression cannot be proved, but there is no `diverges' clause in the outer specification
Warning, file "./2540_minimum-common-value/implementations/list-imperative/list-imperative.mlw", line 100, characters 4-31: termination of this expression cannot be proved, but there is no `diverges' clause in the outer specification
Warning, file "./2540_minimum-common-value/implementations/list-imperative/list-imperative.mlw", line 105, characters 4-31: termination of this expression cannot be proved, but there is no `diverges' clause in the outer specification
Warning, file "./2540_minimum-common-value/implementations/list-imperative/list-imperative.mlw", line 110, characters 4-31: termination of this expression cannot be proved, but there is no `diverges' clause in the outer specification
Warning, file "./2540_minimum-common-value/implementations/list-imperative/list-imperative.mlw", line 115, characters 4-29: termination of this expression cannot be proved, but there is no `diverges' clause in the outer specification
Warning, file "./2540_minimum-common-value/implementations/list-imperative/list-imperative.mlw", line 120, characters 4-31: termination of this expression cannot be proved, but there is no `diverges' clause in the outer specification
Warning, file "./2540_minimum-common-value/implementations/list-imperative/list-imperative.mlw", line 125, characters 4-28: termination of this expression cannot be proved, but there is no `diverges' clause in the outer specification
Warning, file "./2540_minimum-common-value/implementations/list-imperative/list-imperative.mlw", line 130, characters 4-31: termination of this expression cannot be proved, but there is no `diverges' clause in the outer specification
Warning, file "./2540_minimum-common-value/implementations/list-imperative/list-imperative.mlw", line 135, characters 4-28: termination of this expression cannot be proved, but there is no `diverges' clause in the outer specification
Warning, file "./2540_minimum-common-value/implementations/list-imperative/list-imperative.mlw", line 157, characters 7-18: termination of this expression cannot be proved, but there is no `diverges' clause in the outer specification
Warning, file "./2540_minimum-common-value/implementations/list-imperative/list-imperative.mlw", line 156, characters 7-18: termination of this expression cannot be proved, but there is no `diverges' clause in the outer specification
Warning, file "./2540_minimum-common-value/implementations/list-imperative/list-imperative.mlw", line 155, characters 7-18: termination of this expression cannot be proved, but there is no `diverges' clause in the outer specification
Warning, file "./2540_minimum-common-value/implementations/list-imperative/list-imperative.mlw", line 154, characters 7-18: termination of this expression cannot be proved, but there is no `diverges' clause in the outer specification
Warning, file "./2540_minimum-common-value/implementations/list-imperative/list-imperative.mlw", line 153, characters 7-18: termination of this expression cannot be proved, but there is no `diverges' clause in the outer specification
Warning, file "./2540_minimum-common-value/implementations/list-imperative/list-imperative.mlw", line 152, characters 7-18: termination of this expression cannot be proved, but there is no `diverges' clause in the outer specification
Warning, file "./2540_minimum-common-value/implementations/list-imperative/list-imperative.mlw", line 151, characters 7-18: termination of this expression cannot be proved, but there is no `diverges' clause in the outer specification
Warning, file "./2540_minimum-common-value/implementations/list-imperative/list-imperative.mlw", line 150, characters 7-18: termination of this expression cannot be proved, but there is no `diverges' clause in the outer specification
Warning, file "./2540_minimum-common-value/implementations/list-imperative/list-imperative.mlw", line 149, characters 7-18: termination of this expression cannot be proved, but there is no `diverges' clause in the outer specification
Warning, file "./2540_minimum-common-value/implementations/list-imperative/list-imperative.mlw", line 148, characters 7-18: termination of this expression cannot be proved, but there is no `diverges' clause in the outer specification
Warning, file "./2540_minimum-common-value/implementations/list-imperative/list-imperative.mlw", line 147, characters 7-18: termination of this expression cannot be proved, but there is no `diverges' clause in the outer specification
Warning, file "./2540_minimum-common-value/implementations/list-imperative/list-imperative.mlw", line 146, characters 7-18: termination of this expression cannot be proved, but there is no `diverges' clause in the outer specification
Warning, file "./2540_minimum-common-value/implementations/list-imperative/list-imperative.mlw", line 145, characters 7-18: termination of this expression cannot be proved, but there is no `diverges' clause in the outer specification
Warning, file "./2540_minimum-common-value/implementations/list-imperative/list-imperative.mlw", line 144, characters 7-18: termination of this expression cannot be proved, but there is no `diverges' clause in the outer specification
Warning, file "./2540_minimum-common-value/implementations/list-imperative/list-imperative.mlw", line 143, characters 7-18: termination of this expression cannot be proved, but there is no `diverges' clause in the outer specification
Warning, file "./2540_minimum-common-value/implementations/list-imperative/list-imperative.mlw", line 142, characters 7-18: termination of this expression cannot be proved, but there is no `diverges' clause in the outer specification
Warning, file "./2540_minimum-common-value/implementations/list-imperative/list-imperative.mlw", line 141, characters 7-18: termination of this expression cannot be proved, but there is no `diverges' clause in the outer specification
Warning, file "./2540_minimum-common-value/implementations/list-imperative/list-imperative.mlw", line 140, characters 7-18: termination of this expression cannot be proved, but there is no `diverges' clause in the outer specification
Warning, file "./2540_minimum-common-value/implementations/list-imperative/list-imperative.mlw", line 139, characters 7-18: termination of this expression cannot be proved, but there is no `diverges' clause in the outer specification
Warning, file "./2540_minimum-common-value/implementations/list-imperative/list-imperative.mlw", line 138, characters 7-18: termination of this expression cannot be proved, but there is no `diverges' clause in the outer specification
result: bool = true
globals: <none>

EXECUTE_EXIT_CODE: 0
