FILE: ./1423_maximum-points-you-can-obtain-from-cards/implementations/list-imperative/list-imperative.mlw
MODULE: MaximumPointsYouCanObtainFromCards_List_Imperative
COMMAND: why3 execute --use MaximumPointsYouCanObtainFromCards_List_Imperative ./1423_maximum-points-you-can-obtain-from-cards/implementations/list-imperative/list-imperative.mlw 'run_tests ()'

Warning, file "./1423_maximum-points-you-can-obtain-from-cards/implementations/list-imperative/list-imperative.mlw", line 11, character 4 to line 18, character 8: termination of this expression cannot be proved, but there is no `diverges' clause in the outer specification
Warning, file "./1423_maximum-points-you-can-obtain-from-cards/implementations/list-imperative/list-imperative.mlw", line 43, character 4 to line 54, character 8: termination of this expression cannot be proved, but there is no `diverges' clause in the outer specification
Warning, file "./1423_maximum-points-you-can-obtain-from-cards/implementations/list-imperative/list-imperative.mlw", line 41, characters 24-49: termination of this expression cannot be proved, but there is no `diverges' clause in the outer specification
Warning, file "./1423_maximum-points-you-can-obtain-from-cards/implementations/list-imperative/list-imperative.mlw", line 28, character 4 to line 37, character 8: termination of this expression cannot be proved, but there is no `diverges' clause in the outer specification
Warning, file "./1423_maximum-points-you-can-obtain-from-cards/implementations/list-imperative/list-imperative.mlw", line 59, characters 12-61: termination of this expression cannot be proved, but there is no `diverges' clause in the outer specification
Warning, file "./1423_maximum-points-you-can-obtain-from-cards/implementations/list-imperative/list-imperative.mlw", line 64, characters 12-61: termination of this expression cannot be proved, but there is no `diverges' clause in the outer specification
Warning, file "./1423_maximum-points-you-can-obtain-from-cards/implementations/list-imperative/list-imperative.mlw", line 69, characters 12-61: termination of this expression cannot be proved, but there is no `diverges' clause in the outer specification
Warning, file "./1423_maximum-points-you-can-obtain-from-cards/implementations/list-imperative/list-imperative.mlw", line 74, characters 12-61: termination of this expression cannot be proved, but there is no `diverges' clause in the outer specification
Warning, file "./1423_maximum-points-you-can-obtain-from-cards/implementations/list-imperative/list-imperative.mlw", line 79, characters 12-61: termination of this expression cannot be proved, but there is no `diverges' clause in the outer specification
Warning, file "./1423_maximum-points-you-can-obtain-from-cards/implementations/list-imperative/list-imperative.mlw", line 84, characters 12-61: termination of this expression cannot be proved, but there is no `diverges' clause in the outer specification
Warning, file "./1423_maximum-points-you-can-obtain-from-cards/implementations/list-imperative/list-imperative.mlw", line 89, characters 12-61: termination of this expression cannot be proved, but there is no `diverges' clause in the outer specification
Warning, file "./1423_maximum-points-you-can-obtain-from-cards/implementations/list-imperative/list-imperative.mlw", line 94, characters 12-61: termination of this expression cannot be proved, but there is no `diverges' clause in the outer specification
Warning, file "./1423_maximum-points-you-can-obtain-from-cards/implementations/list-imperative/list-imperative.mlw", line 99, characters 12-61: termination of this expression cannot be proved, but there is no `diverges' clause in the outer specification
Warning, file "./1423_maximum-points-you-can-obtain-from-cards/implementations/list-imperative/list-imperative.mlw", line 104, characters 12-61: termination of this expression cannot be proved, but there is no `diverges' clause in the outer specification
Warning, file "./1423_maximum-points-you-can-obtain-from-cards/implementations/list-imperative/list-imperative.mlw", line 109, characters 12-62: termination of this expression cannot be proved, but there is no `diverges' clause in the outer specification
Warning, file "./1423_maximum-points-you-can-obtain-from-cards/implementations/list-imperative/list-imperative.mlw", line 114, characters 12-62: termination of this expression cannot be proved, but there is no `diverges' clause in the outer specification
Warning, file "./1423_maximum-points-you-can-obtain-from-cards/implementations/list-imperative/list-imperative.mlw", line 119, characters 12-61: termination of this expression cannot be proved, but there is no `diverges' clause in the outer specification
Warning, file "./1423_maximum-points-you-can-obtain-from-cards/implementations/list-imperative/list-imperative.mlw", line 124, characters 12-62: termination of this expression cannot be proved, but there is no `diverges' clause in the outer specification
Warning, file "./1423_maximum-points-you-can-obtain-from-cards/implementations/list-imperative/list-imperative.mlw", line 129, characters 12-62: termination of this expression cannot be proved, but there is no `diverges' clause in the outer specification
Warning, file "./1423_maximum-points-you-can-obtain-from-cards/implementations/list-imperative/list-imperative.mlw", line 134, characters 12-61: termination of this expression cannot be proved, but there is no `diverges' clause in the outer specification
Warning, file "./1423_maximum-points-you-can-obtain-from-cards/implementations/list-imperative/list-imperative.mlw", line 139, characters 12-62: termination of this expression cannot be proved, but there is no `diverges' clause in the outer specification
Warning, file "./1423_maximum-points-you-can-obtain-from-cards/implementations/list-imperative/list-imperative.mlw", line 144, characters 12-61: termination of this expression cannot be proved, but there is no `diverges' clause in the outer specification
Warning, file "./1423_maximum-points-you-can-obtain-from-cards/implementations/list-imperative/list-imperative.mlw", line 149, characters 12-61: termination of this expression cannot be proved, but there is no `diverges' clause in the outer specification
Warning, file "./1423_maximum-points-you-can-obtain-from-cards/implementations/list-imperative/list-imperative.mlw", line 154, characters 12-61: termination of this expression cannot be proved, but there is no `diverges' clause in the outer specification
Warning, file "./1423_maximum-points-you-can-obtain-from-cards/implementations/list-imperative/list-imperative.mlw", line 177, characters 7-18: termination of this expression cannot be proved, but there is no `diverges' clause in the outer specification
Warning, file "./1423_maximum-points-you-can-obtain-from-cards/implementations/list-imperative/list-imperative.mlw", line 176, characters 7-18: termination of this expression cannot be proved, but there is no `diverges' clause in the outer specification
Warning, file "./1423_maximum-points-you-can-obtain-from-cards/implementations/list-imperative/list-imperative.mlw", line 175, characters 7-18: termination of this expression cannot be proved, but there is no `diverges' clause in the outer specification
Warning, file "./1423_maximum-points-you-can-obtain-from-cards/implementations/list-imperative/list-imperative.mlw", line 174, characters 7-18: termination of this expression cannot be proved, but there is no `diverges' clause in the outer specification
Warning, file "./1423_maximum-points-you-can-obtain-from-cards/implementations/list-imperative/list-imperative.mlw", line 173, characters 7-18: termination of this expression cannot be proved, but there is no `diverges' clause in the outer specification
Warning, file "./1423_maximum-points-you-can-obtain-from-cards/implementations/list-imperative/list-imperative.mlw", line 172, characters 7-18: termination of this expression cannot be proved, but there is no `diverges' clause in the outer specification
Warning, file "./1423_maximum-points-you-can-obtain-from-cards/implementations/list-imperative/list-imperative.mlw", line 171, characters 7-18: termination of this expression cannot be proved, but there is no `diverges' clause in the outer specification
Warning, file "./1423_maximum-points-you-can-obtain-from-cards/implementations/list-imperative/list-imperative.mlw", line 170, characters 7-18: termination of this expression cannot be proved, but there is no `diverges' clause in the outer specification
Warning, file "./1423_maximum-points-you-can-obtain-from-cards/implementations/list-imperative/list-imperative.mlw", line 169, characters 7-18: termination of this expression cannot be proved, but there is no `diverges' clause in the outer specification
Warning, file "./1423_maximum-points-you-can-obtain-from-cards/implementations/list-imperative/list-imperative.mlw", line 168, characters 7-18: termination of this expression cannot be proved, but there is no `diverges' clause in the outer specification
Warning, file "./1423_maximum-points-you-can-obtain-from-cards/implementations/list-imperative/list-imperative.mlw", line 167, characters 7-18: termination of this expression cannot be proved, but there is no `diverges' clause in the outer specification
Warning, file "./1423_maximum-points-you-can-obtain-from-cards/implementations/list-imperative/list-imperative.mlw", line 166, characters 7-18: termination of this expression cannot be proved, but there is no `diverges' clause in the outer specification
Warning, file "./1423_maximum-points-you-can-obtain-from-cards/implementations/list-imperative/list-imperative.mlw", line 165, characters 7-18: termination of this expression cannot be proved, but there is no `diverges' clause in the outer specification
Warning, file "./1423_maximum-points-you-can-obtain-from-cards/implementations/list-imperative/list-imperative.mlw", line 164, characters 7-18: termination of this expression cannot be proved, but there is no `diverges' clause in the outer specification
Warning, file "./1423_maximum-points-you-can-obtain-from-cards/implementations/list-imperative/list-imperative.mlw", line 163, characters 7-18: termination of this expression cannot be proved, but there is no `diverges' clause in the outer specification
Warning, file "./1423_maximum-points-you-can-obtain-from-cards/implementations/list-imperative/list-imperative.mlw", line 162, characters 7-18: termination of this expression cannot be proved, but there is no `diverges' clause in the outer specification
Warning, file "./1423_maximum-points-you-can-obtain-from-cards/implementations/list-imperative/list-imperative.mlw", line 161, characters 7-18: termination of this expression cannot be proved, but there is no `diverges' clause in the outer specification
Warning, file "./1423_maximum-points-you-can-obtain-from-cards/implementations/list-imperative/list-imperative.mlw", line 160, characters 7-18: termination of this expression cannot be proved, but there is no `diverges' clause in the outer specification
Warning, file "./1423_maximum-points-you-can-obtain-from-cards/implementations/list-imperative/list-imperative.mlw", line 159, characters 7-18: termination of this expression cannot be proved, but there is no `diverges' clause in the outer specification
Warning, file "./1423_maximum-points-you-can-obtain-from-cards/implementations/list-imperative/list-imperative.mlw", line 158, characters 7-18: termination of this expression cannot be proved, but there is no `diverges' clause in the outer specification
result: bool = true
globals: <none>

EXECUTE_EXIT_CODE: 0
