FILE: ./169_majority-element/implementations/list-imperative/list-imperative.mlw
MODULE: MajorityElement_List_Imperative_Implementation
COMMAND: why3 execute --use MajorityElement_List_Imperative_Implementation ./169_majority-element/implementations/list-imperative/list-imperative.mlw 'run_tests ()'

Warning, file "./169_majority-element/implementations/list-imperative/list-imperative.mlw", line 14, character 8 to line 27, character 12: termination of this expression cannot be proved, but there is no `diverges' clause in the outer specification
Warning, file "./169_majority-element/implementations/list-imperative/list-imperative.mlw", line 33, characters 12-35: termination of this expression cannot be proved, but there is no `diverges' clause in the outer specification
Warning, file "./169_majority-element/implementations/list-imperative/list-imperative.mlw", line 38, characters 12-35: termination of this expression cannot be proved, but there is no `diverges' clause in the outer specification
Warning, file "./169_majority-element/implementations/list-imperative/list-imperative.mlw", line 43, characters 12-35: termination of this expression cannot be proved, but there is no `diverges' clause in the outer specification
Warning, file "./169_majority-element/implementations/list-imperative/list-imperative.mlw", line 49, characters 12-35: termination of this expression cannot be proved, but there is no `diverges' clause in the outer specification
Warning, file "./169_majority-element/implementations/list-imperative/list-imperative.mlw", line 55, characters 12-35: termination of this expression cannot be proved, but there is no `diverges' clause in the outer specification
Warning, file "./169_majority-element/implementations/list-imperative/list-imperative.mlw", line 60, characters 12-35: termination of this expression cannot be proved, but there is no `diverges' clause in the outer specification
Warning, file "./169_majority-element/implementations/list-imperative/list-imperative.mlw", line 67, characters 12-35: termination of this expression cannot be proved, but there is no `diverges' clause in the outer specification
Warning, file "./169_majority-element/implementations/list-imperative/list-imperative.mlw", line 73, characters 12-35: termination of this expression cannot be proved, but there is no `diverges' clause in the outer specification
Warning, file "./169_majority-element/implementations/list-imperative/list-imperative.mlw", line 79, characters 12-35: termination of this expression cannot be proved, but there is no `diverges' clause in the outer specification
Warning, file "./169_majority-element/implementations/list-imperative/list-imperative.mlw", line 85, characters 12-35: termination of this expression cannot be proved, but there is no `diverges' clause in the outer specification
Warning, file "./169_majority-element/implementations/list-imperative/list-imperative.mlw", line 91, characters 12-35: termination of this expression cannot be proved, but there is no `diverges' clause in the outer specification
Warning, file "./169_majority-element/implementations/list-imperative/list-imperative.mlw", line 98, characters 12-35: termination of this expression cannot be proved, but there is no `diverges' clause in the outer specification
Warning, file "./169_majority-element/implementations/list-imperative/list-imperative.mlw", line 104, characters 12-35: termination of this expression cannot be proved, but there is no `diverges' clause in the outer specification
Warning, file "./169_majority-element/implementations/list-imperative/list-imperative.mlw", line 111, characters 12-35: termination of this expression cannot be proved, but there is no `diverges' clause in the outer specification
Warning, file "./169_majority-element/implementations/list-imperative/list-imperative.mlw", line 116, characters 12-35: termination of this expression cannot be proved, but there is no `diverges' clause in the outer specification
Warning, file "./169_majority-element/implementations/list-imperative/list-imperative.mlw", line 122, characters 12-35: termination of this expression cannot be proved, but there is no `diverges' clause in the outer specification
Warning, file "./169_majority-element/implementations/list-imperative/list-imperative.mlw", line 129, characters 12-35: termination of this expression cannot be proved, but there is no `diverges' clause in the outer specification
Warning, file "./169_majority-element/implementations/list-imperative/list-imperative.mlw", line 135, characters 12-35: termination of this expression cannot be proved, but there is no `diverges' clause in the outer specification
Warning, file "./169_majority-element/implementations/list-imperative/list-imperative.mlw", line 140, characters 12-35: termination of this expression cannot be proved, but there is no `diverges' clause in the outer specification
Warning, file "./169_majority-element/implementations/list-imperative/list-imperative.mlw", line 146, characters 12-35: termination of this expression cannot be proved, but there is no `diverges' clause in the outer specification
Warning, file "./169_majority-element/implementations/list-imperative/list-imperative.mlw", line 169, characters 7-23: termination of this expression cannot be proved, but there is no `diverges' clause in the outer specification
Warning, file "./169_majority-element/implementations/list-imperative/list-imperative.mlw", line 168, characters 7-23: termination of this expression cannot be proved, but there is no `diverges' clause in the outer specification
Warning, file "./169_majority-element/implementations/list-imperative/list-imperative.mlw", line 167, characters 7-23: termination of this expression cannot be proved, but there is no `diverges' clause in the outer specification
Warning, file "./169_majority-element/implementations/list-imperative/list-imperative.mlw", line 166, characters 7-23: termination of this expression cannot be proved, but there is no `diverges' clause in the outer specification
Warning, file "./169_majority-element/implementations/list-imperative/list-imperative.mlw", line 165, characters 7-23: termination of this expression cannot be proved, but there is no `diverges' clause in the outer specification
Warning, file "./169_majority-element/implementations/list-imperative/list-imperative.mlw", line 164, characters 7-23: termination of this expression cannot be proved, but there is no `diverges' clause in the outer specification
Warning, file "./169_majority-element/implementations/list-imperative/list-imperative.mlw", line 163, characters 7-23: termination of this expression cannot be proved, but there is no `diverges' clause in the outer specification
Warning, file "./169_majority-element/implementations/list-imperative/list-imperative.mlw", line 162, characters 7-23: termination of this expression cannot be proved, but there is no `diverges' clause in the outer specification
Warning, file "./169_majority-element/implementations/list-imperative/list-imperative.mlw", line 161, characters 7-23: termination of this expression cannot be proved, but there is no `diverges' clause in the outer specification
Warning, file "./169_majority-element/implementations/list-imperative/list-imperative.mlw", line 160, characters 7-23: termination of this expression cannot be proved, but there is no `diverges' clause in the outer specification
Warning, file "./169_majority-element/implementations/list-imperative/list-imperative.mlw", line 159, characters 7-23: termination of this expression cannot be proved, but there is no `diverges' clause in the outer specification
Warning, file "./169_majority-element/implementations/list-imperative/list-imperative.mlw", line 158, characters 7-23: termination of this expression cannot be proved, but there is no `diverges' clause in the outer specification
Warning, file "./169_majority-element/implementations/list-imperative/list-imperative.mlw", line 157, characters 7-23: termination of this expression cannot be proved, but there is no `diverges' clause in the outer specification
Warning, file "./169_majority-element/implementations/list-imperative/list-imperative.mlw", line 156, characters 7-23: termination of this expression cannot be proved, but there is no `diverges' clause in the outer specification
Warning, file "./169_majority-element/implementations/list-imperative/list-imperative.mlw", line 155, characters 7-23: termination of this expression cannot be proved, but there is no `diverges' clause in the outer specification
Warning, file "./169_majority-element/implementations/list-imperative/list-imperative.mlw", line 154, characters 7-23: termination of this expression cannot be proved, but there is no `diverges' clause in the outer specification
Warning, file "./169_majority-element/implementations/list-imperative/list-imperative.mlw", line 153, characters 7-23: termination of this expression cannot be proved, but there is no `diverges' clause in the outer specification
Warning, file "./169_majority-element/implementations/list-imperative/list-imperative.mlw", line 152, characters 7-23: termination of this expression cannot be proved, but there is no `diverges' clause in the outer specification
Warning, file "./169_majority-element/implementations/list-imperative/list-imperative.mlw", line 151, characters 7-23: termination of this expression cannot be proved, but there is no `diverges' clause in the outer specification
Warning, file "./169_majority-element/implementations/list-imperative/list-imperative.mlw", line 150, characters 7-23: termination of this expression cannot be proved, but there is no `diverges' clause in the outer specification
result: bool = true
globals: <none>

EXECUTE_EXIT_CODE: 0
