FILE: ./1187_make-array-strictly-increasing/implementations/array-imperative/array-imperative.mlw
MODULE: MakeArrayStrictlyIncreasing_Array_Imperative
COMMAND: why3 execute --use MakeArrayStrictlyIncreasing_Array_Imperative ./1187_make-array-strictly-increasing/implementations/array-imperative/array-imperative.mlw 'run_tests ()'

Warning, file "./1187_make-array-strictly-increasing/implementations/array-imperative/array-imperative.mlw", line 88, character 4 to line 111, character 8: termination of this expression cannot be proved, but there is no `diverges' clause in the outer specification
Warning, file "./1187_make-array-strictly-increasing/implementations/array-imperative/array-imperative.mlw", line 119, characters 12-58: termination of this expression cannot be proved, but there is no `diverges' clause in the outer specification
Warning, file "./1187_make-array-strictly-increasing/implementations/array-imperative/array-imperative.mlw", line 125, characters 12-58: termination of this expression cannot be proved, but there is no `diverges' clause in the outer specification
Warning, file "./1187_make-array-strictly-increasing/implementations/array-imperative/array-imperative.mlw", line 131, characters 12-58: termination of this expression cannot be proved, but there is no `diverges' clause in the outer specification
Warning, file "./1187_make-array-strictly-increasing/implementations/array-imperative/array-imperative.mlw", line 137, characters 12-58: termination of this expression cannot be proved, but there is no `diverges' clause in the outer specification
Warning, file "./1187_make-array-strictly-increasing/implementations/array-imperative/array-imperative.mlw", line 143, characters 12-58: termination of this expression cannot be proved, but there is no `diverges' clause in the outer specification
Warning, file "./1187_make-array-strictly-increasing/implementations/array-imperative/array-imperative.mlw", line 149, characters 12-58: termination of this expression cannot be proved, but there is no `diverges' clause in the outer specification
Warning, file "./1187_make-array-strictly-increasing/implementations/array-imperative/array-imperative.mlw", line 155, characters 12-58: termination of this expression cannot be proved, but there is no `diverges' clause in the outer specification
Warning, file "./1187_make-array-strictly-increasing/implementations/array-imperative/array-imperative.mlw", line 161, characters 12-58: termination of this expression cannot be proved, but there is no `diverges' clause in the outer specification
Warning, file "./1187_make-array-strictly-increasing/implementations/array-imperative/array-imperative.mlw", line 167, characters 12-58: termination of this expression cannot be proved, but there is no `diverges' clause in the outer specification
Warning, file "./1187_make-array-strictly-increasing/implementations/array-imperative/array-imperative.mlw", line 173, characters 12-58: termination of this expression cannot be proved, but there is no `diverges' clause in the outer specification
Warning, file "./1187_make-array-strictly-increasing/implementations/array-imperative/array-imperative.mlw", line 179, characters 12-58: termination of this expression cannot be proved, but there is no `diverges' clause in the outer specification
Warning, file "./1187_make-array-strictly-increasing/implementations/array-imperative/array-imperative.mlw", line 185, characters 12-58: termination of this expression cannot be proved, but there is no `diverges' clause in the outer specification
Warning, file "./1187_make-array-strictly-increasing/implementations/array-imperative/array-imperative.mlw", line 191, characters 12-58: termination of this expression cannot be proved, but there is no `diverges' clause in the outer specification
Warning, file "./1187_make-array-strictly-increasing/implementations/array-imperative/array-imperative.mlw", line 197, characters 12-58: termination of this expression cannot be proved, but there is no `diverges' clause in the outer specification
Warning, file "./1187_make-array-strictly-increasing/implementations/array-imperative/array-imperative.mlw", line 203, characters 12-58: termination of this expression cannot be proved, but there is no `diverges' clause in the outer specification
Warning, file "./1187_make-array-strictly-increasing/implementations/array-imperative/array-imperative.mlw", line 209, characters 12-58: termination of this expression cannot be proved, but there is no `diverges' clause in the outer specification
Warning, file "./1187_make-array-strictly-increasing/implementations/array-imperative/array-imperative.mlw", line 215, characters 12-58: termination of this expression cannot be proved, but there is no `diverges' clause in the outer specification
Warning, file "./1187_make-array-strictly-increasing/implementations/array-imperative/array-imperative.mlw", line 221, characters 12-58: termination of this expression cannot be proved, but there is no `diverges' clause in the outer specification
Warning, file "./1187_make-array-strictly-increasing/implementations/array-imperative/array-imperative.mlw", line 227, characters 12-58: termination of this expression cannot be proved, but there is no `diverges' clause in the outer specification
Warning, file "./1187_make-array-strictly-increasing/implementations/array-imperative/array-imperative.mlw", line 233, characters 12-58: termination of this expression cannot be proved, but there is no `diverges' clause in the outer specification
Warning, file "./1187_make-array-strictly-increasing/implementations/array-imperative/array-imperative.mlw", line 256, characters 7-18: termination of this expression cannot be proved, but there is no `diverges' clause in the outer specification
Warning, file "./1187_make-array-strictly-increasing/implementations/array-imperative/array-imperative.mlw", line 255, characters 7-18: termination of this expression cannot be proved, but there is no `diverges' clause in the outer specification
Warning, file "./1187_make-array-strictly-increasing/implementations/array-imperative/array-imperative.mlw", line 254, characters 7-18: termination of this expression cannot be proved, but there is no `diverges' clause in the outer specification
Warning, file "./1187_make-array-strictly-increasing/implementations/array-imperative/array-imperative.mlw", line 253, characters 7-18: termination of this expression cannot be proved, but there is no `diverges' clause in the outer specification
Warning, file "./1187_make-array-strictly-increasing/implementations/array-imperative/array-imperative.mlw", line 252, characters 7-18: termination of this expression cannot be proved, but there is no `diverges' clause in the outer specification
Warning, file "./1187_make-array-strictly-increasing/implementations/array-imperative/array-imperative.mlw", line 251, characters 7-18: termination of this expression cannot be proved, but there is no `diverges' clause in the outer specification
Warning, file "./1187_make-array-strictly-increasing/implementations/array-imperative/array-imperative.mlw", line 250, characters 7-18: termination of this expression cannot be proved, but there is no `diverges' clause in the outer specification
Warning, file "./1187_make-array-strictly-increasing/implementations/array-imperative/array-imperative.mlw", line 249, characters 7-18: termination of this expression cannot be proved, but there is no `diverges' clause in the outer specification
Warning, file "./1187_make-array-strictly-increasing/implementations/array-imperative/array-imperative.mlw", line 248, characters 7-18: termination of this expression cannot be proved, but there is no `diverges' clause in the outer specification
Warning, file "./1187_make-array-strictly-increasing/implementations/array-imperative/array-imperative.mlw", line 247, characters 7-18: termination of this expression cannot be proved, but there is no `diverges' clause in the outer specification
Warning, file "./1187_make-array-strictly-increasing/implementations/array-imperative/array-imperative.mlw", line 246, characters 7-18: termination of this expression cannot be proved, but there is no `diverges' clause in the outer specification
Warning, file "./1187_make-array-strictly-increasing/implementations/array-imperative/array-imperative.mlw", line 245, characters 7-18: termination of this expression cannot be proved, but there is no `diverges' clause in the outer specification
Warning, file "./1187_make-array-strictly-increasing/implementations/array-imperative/array-imperative.mlw", line 244, characters 7-18: termination of this expression cannot be proved, but there is no `diverges' clause in the outer specification
Warning, file "./1187_make-array-strictly-increasing/implementations/array-imperative/array-imperative.mlw", line 243, characters 7-18: termination of this expression cannot be proved, but there is no `diverges' clause in the outer specification
Warning, file "./1187_make-array-strictly-increasing/implementations/array-imperative/array-imperative.mlw", line 242, characters 7-18: termination of this expression cannot be proved, but there is no `diverges' clause in the outer specification
Warning, file "./1187_make-array-strictly-increasing/implementations/array-imperative/array-imperative.mlw", line 241, characters 7-18: termination of this expression cannot be proved, but there is no `diverges' clause in the outer specification
Warning, file "./1187_make-array-strictly-increasing/implementations/array-imperative/array-imperative.mlw", line 240, characters 7-18: termination of this expression cannot be proved, but there is no `diverges' clause in the outer specification
Warning, file "./1187_make-array-strictly-increasing/implementations/array-imperative/array-imperative.mlw", line 239, characters 7-18: termination of this expression cannot be proved, but there is no `diverges' clause in the outer specification
Warning, file "./1187_make-array-strictly-increasing/implementations/array-imperative/array-imperative.mlw", line 238, characters 7-18: termination of this expression cannot be proved, but there is no `diverges' clause in the outer specification
Warning, file "./1187_make-array-strictly-increasing/implementations/array-imperative/array-imperative.mlw", line 237, characters 7-18: termination of this expression cannot be proved, but there is no `diverges' clause in the outer specification
result: bool = true
globals: <none>

EXECUTE_EXIT_CODE: 0
