FILE: ./315_count-of-smaller-numbers-after-self/implementations/list-imperative/list-imperative.mlw
MODULE: CountOfSmallerNumbersAfterSelf_List_Imperative
COMMAND: why3 execute --use CountOfSmallerNumbersAfterSelf_List_Imperative ./315_count-of-smaller-numbers-after-self/implementations/list-imperative/list-imperative.mlw 'run_tests ()'

Warning, file "./315_count-of-smaller-numbers-after-self/implementations/list-imperative/list-imperative.mlw", line 10, character 4 to line 17, character 8: termination of this expression cannot be proved, but there is no `diverges' clause in the outer specification
Warning, file "./315_count-of-smaller-numbers-after-self/implementations/list-imperative/list-imperative.mlw", line 23, character 4 to line 30, character 8: termination of this expression cannot be proved, but there is no `diverges' clause in the outer specification
Warning, file "./315_count-of-smaller-numbers-after-self/implementations/list-imperative/list-imperative.mlw", line 54, characters 4-28: termination of this expression cannot be proved, but there is no `diverges' clause in the outer specification
Warning, file "./315_count-of-smaller-numbers-after-self/implementations/list-imperative/list-imperative.mlw", line 49, characters 22-50: termination of this expression cannot be proved, but there is no `diverges' clause in the outer specification
Warning, file "./315_count-of-smaller-numbers-after-self/implementations/list-imperative/list-imperative.mlw", line 45, character 4 to line 53, character 8: termination of this expression cannot be proved, but there is no `diverges' clause in the outer specification
Warning, file "./315_count-of-smaller-numbers-after-self/implementations/list-imperative/list-imperative.mlw", line 59, characters 12-57: termination of this expression cannot be proved, but there is no `diverges' clause in the outer specification
Warning, file "./315_count-of-smaller-numbers-after-self/implementations/list-imperative/list-imperative.mlw", line 67, characters 12-57: termination of this expression cannot be proved, but there is no `diverges' clause in the outer specification
Warning, file "./315_count-of-smaller-numbers-after-self/implementations/list-imperative/list-imperative.mlw", line 73, characters 12-57: termination of this expression cannot be proved, but there is no `diverges' clause in the outer specification
Warning, file "./315_count-of-smaller-numbers-after-self/implementations/list-imperative/list-imperative.mlw", line 79, characters 12-57: termination of this expression cannot be proved, but there is no `diverges' clause in the outer specification
Warning, file "./315_count-of-smaller-numbers-after-self/implementations/list-imperative/list-imperative.mlw", line 85, characters 12-57: termination of this expression cannot be proved, but there is no `diverges' clause in the outer specification
Warning, file "./315_count-of-smaller-numbers-after-self/implementations/list-imperative/list-imperative.mlw", line 91, characters 12-57: termination of this expression cannot be proved, but there is no `diverges' clause in the outer specification
Warning, file "./315_count-of-smaller-numbers-after-self/implementations/list-imperative/list-imperative.mlw", line 97, characters 12-57: termination of this expression cannot be proved, but there is no `diverges' clause in the outer specification
Warning, file "./315_count-of-smaller-numbers-after-self/implementations/list-imperative/list-imperative.mlw", line 103, characters 12-57: termination of this expression cannot be proved, but there is no `diverges' clause in the outer specification
Warning, file "./315_count-of-smaller-numbers-after-self/implementations/list-imperative/list-imperative.mlw", line 111, characters 12-57: termination of this expression cannot be proved, but there is no `diverges' clause in the outer specification
Warning, file "./315_count-of-smaller-numbers-after-self/implementations/list-imperative/list-imperative.mlw", line 117, characters 12-57: termination of this expression cannot be proved, but there is no `diverges' clause in the outer specification
Warning, file "./315_count-of-smaller-numbers-after-self/implementations/list-imperative/list-imperative.mlw", line 133, characters 12-57: termination of this expression cannot be proved, but there is no `diverges' clause in the outer specification
Warning, file "./315_count-of-smaller-numbers-after-self/implementations/list-imperative/list-imperative.mlw", line 149, characters 12-57: termination of this expression cannot be proved, but there is no `diverges' clause in the outer specification
Warning, file "./315_count-of-smaller-numbers-after-self/implementations/list-imperative/list-imperative.mlw", line 155, characters 12-57: termination of this expression cannot be proved, but there is no `diverges' clause in the outer specification
Warning, file "./315_count-of-smaller-numbers-after-self/implementations/list-imperative/list-imperative.mlw", line 161, characters 12-57: termination of this expression cannot be proved, but there is no `diverges' clause in the outer specification
Warning, file "./315_count-of-smaller-numbers-after-self/implementations/list-imperative/list-imperative.mlw", line 167, characters 12-57: termination of this expression cannot be proved, but there is no `diverges' clause in the outer specification
Warning, file "./315_count-of-smaller-numbers-after-self/implementations/list-imperative/list-imperative.mlw", line 173, characters 12-57: termination of this expression cannot be proved, but there is no `diverges' clause in the outer specification
Warning, file "./315_count-of-smaller-numbers-after-self/implementations/list-imperative/list-imperative.mlw", line 189, characters 12-57: termination of this expression cannot be proved, but there is no `diverges' clause in the outer specification
Warning, file "./315_count-of-smaller-numbers-after-self/implementations/list-imperative/list-imperative.mlw", line 195, characters 12-57: termination of this expression cannot be proved, but there is no `diverges' clause in the outer specification
Warning, file "./315_count-of-smaller-numbers-after-self/implementations/list-imperative/list-imperative.mlw", line 201, characters 12-57: termination of this expression cannot be proved, but there is no `diverges' clause in the outer specification
Warning, file "./315_count-of-smaller-numbers-after-self/implementations/list-imperative/list-imperative.mlw", line 207, characters 12-57: termination of this expression cannot be proved, but there is no `diverges' clause in the outer specification
Warning, file "./315_count-of-smaller-numbers-after-self/implementations/list-imperative/list-imperative.mlw", line 230, characters 7-18: termination of this expression cannot be proved, but there is no `diverges' clause in the outer specification
Warning, file "./315_count-of-smaller-numbers-after-self/implementations/list-imperative/list-imperative.mlw", line 229, characters 7-18: termination of this expression cannot be proved, but there is no `diverges' clause in the outer specification
Warning, file "./315_count-of-smaller-numbers-after-self/implementations/list-imperative/list-imperative.mlw", line 228, characters 7-18: termination of this expression cannot be proved, but there is no `diverges' clause in the outer specification
Warning, file "./315_count-of-smaller-numbers-after-self/implementations/list-imperative/list-imperative.mlw", line 227, characters 7-18: termination of this expression cannot be proved, but there is no `diverges' clause in the outer specification
Warning, file "./315_count-of-smaller-numbers-after-self/implementations/list-imperative/list-imperative.mlw", line 226, characters 7-18: termination of this expression cannot be proved, but there is no `diverges' clause in the outer specification
Warning, file "./315_count-of-smaller-numbers-after-self/implementations/list-imperative/list-imperative.mlw", line 225, characters 7-18: termination of this expression cannot be proved, but there is no `diverges' clause in the outer specification
Warning, file "./315_count-of-smaller-numbers-after-self/implementations/list-imperative/list-imperative.mlw", line 224, characters 7-18: termination of this expression cannot be proved, but there is no `diverges' clause in the outer specification
Warning, file "./315_count-of-smaller-numbers-after-self/implementations/list-imperative/list-imperative.mlw", line 223, characters 7-18: termination of this expression cannot be proved, but there is no `diverges' clause in the outer specification
Warning, file "./315_count-of-smaller-numbers-after-self/implementations/list-imperative/list-imperative.mlw", line 222, characters 7-18: termination of this expression cannot be proved, but there is no `diverges' clause in the outer specification
Warning, file "./315_count-of-smaller-numbers-after-self/implementations/list-imperative/list-imperative.mlw", line 221, characters 7-18: termination of this expression cannot be proved, but there is no `diverges' clause in the outer specification
Warning, file "./315_count-of-smaller-numbers-after-self/implementations/list-imperative/list-imperative.mlw", line 220, characters 7-18: termination of this expression cannot be proved, but there is no `diverges' clause in the outer specification
Warning, file "./315_count-of-smaller-numbers-after-self/implementations/list-imperative/list-imperative.mlw", line 219, characters 7-18: termination of this expression cannot be proved, but there is no `diverges' clause in the outer specification
Warning, file "./315_count-of-smaller-numbers-after-self/implementations/list-imperative/list-imperative.mlw", line 218, characters 7-18: termination of this expression cannot be proved, but there is no `diverges' clause in the outer specification
Warning, file "./315_count-of-smaller-numbers-after-self/implementations/list-imperative/list-imperative.mlw", line 217, characters 7-18: termination of this expression cannot be proved, but there is no `diverges' clause in the outer specification
Warning, file "./315_count-of-smaller-numbers-after-self/implementations/list-imperative/list-imperative.mlw", line 216, characters 7-18: termination of this expression cannot be proved, but there is no `diverges' clause in the outer specification
Warning, file "./315_count-of-smaller-numbers-after-self/implementations/list-imperative/list-imperative.mlw", line 215, characters 7-18: termination of this expression cannot be proved, but there is no `diverges' clause in the outer specification
Warning, file "./315_count-of-smaller-numbers-after-self/implementations/list-imperative/list-imperative.mlw", line 214, characters 7-18: termination of this expression cannot be proved, but there is no `diverges' clause in the outer specification
Warning, file "./315_count-of-smaller-numbers-after-self/implementations/list-imperative/list-imperative.mlw", line 213, characters 7-18: termination of this expression cannot be proved, but there is no `diverges' clause in the outer specification
Warning, file "./315_count-of-smaller-numbers-after-self/implementations/list-imperative/list-imperative.mlw", line 212, characters 7-18: termination of this expression cannot be proved, but there is no `diverges' clause in the outer specification
Warning, file "./315_count-of-smaller-numbers-after-self/implementations/list-imperative/list-imperative.mlw", line 211, characters 7-18: termination of this expression cannot be proved, but there is no `diverges' clause in the outer specification
result: bool = true
globals: <none>

EXECUTE_EXIT_CODE: 0
