FILE: ./1477_find-two-non-overlapping-sub-arrays-each-with-target-sum/implementations/list-imperative/list-imperative.mlw
MODULE: FindTwoNonOverlappingSubArraysEachWithTargetSum_List_Imperative
COMMAND: why3 execute --use FindTwoNonOverlappingSubArraysEachWithTargetSum_List_Imperative ./1477_find-two-non-overlapping-sub-arrays-each-with-target-sum/implementations/list-imperative/list-imperative.mlw 'run_tests ()'

Warning, file "./1477_find-two-non-overlapping-sub-arrays-each-with-target-sum/implementations/list-imperative/list-imperative.mlw", line 35, character 18 to line 57, character 22: termination of this expression cannot be proved, but there is no `diverges' clause in the outer specification
Warning, file "./1477_find-two-non-overlapping-sub-arrays-each-with-target-sum/implementations/list-imperative/list-imperative.mlw", line 31, character 16 to line 62, character 20: termination of this expression cannot be proved, but there is no `diverges' clause in the outer specification
Warning, file "./1477_find-two-non-overlapping-sub-arrays-each-with-target-sum/implementations/list-imperative/list-imperative.mlw", line 22, character 6 to line 67, character 10: termination of this expression cannot be proved, but there is no `diverges' clause in the outer specification
Warning, file "./1477_find-two-non-overlapping-sub-arrays-each-with-target-sum/implementations/list-imperative/list-imperative.mlw", line 18, character 4 to line 72, character 8: termination of this expression cannot be proved, but there is no `diverges' clause in the outer specification
Warning, file "./1477_find-two-non-overlapping-sub-arrays-each-with-target-sum/implementations/list-imperative/list-imperative.mlw", line 76, characters 12-84: termination of this expression cannot be proved, but there is no `diverges' clause in the outer specification
Warning, file "./1477_find-two-non-overlapping-sub-arrays-each-with-target-sum/implementations/list-imperative/list-imperative.mlw", line 81, characters 4-23: termination of this expression cannot be proved, but there is no `diverges' clause in the outer specification
Warning, file "./1477_find-two-non-overlapping-sub-arrays-each-with-target-sum/implementations/list-imperative/list-imperative.mlw", line 85, characters 4-23: termination of this expression cannot be proved, but there is no `diverges' clause in the outer specification
Warning, file "./1477_find-two-non-overlapping-sub-arrays-each-with-target-sum/implementations/list-imperative/list-imperative.mlw", line 89, characters 4-22: termination of this expression cannot be proved, but there is no `diverges' clause in the outer specification
Warning, file "./1477_find-two-non-overlapping-sub-arrays-each-with-target-sum/implementations/list-imperative/list-imperative.mlw", line 93, characters 4-22: termination of this expression cannot be proved, but there is no `diverges' clause in the outer specification
Warning, file "./1477_find-two-non-overlapping-sub-arrays-each-with-target-sum/implementations/list-imperative/list-imperative.mlw", line 97, characters 4-25: termination of this expression cannot be proved, but there is no `diverges' clause in the outer specification
Warning, file "./1477_find-two-non-overlapping-sub-arrays-each-with-target-sum/implementations/list-imperative/list-imperative.mlw", line 101, characters 4-22: termination of this expression cannot be proved, but there is no `diverges' clause in the outer specification
Warning, file "./1477_find-two-non-overlapping-sub-arrays-each-with-target-sum/implementations/list-imperative/list-imperative.mlw", line 105, characters 4-22: termination of this expression cannot be proved, but there is no `diverges' clause in the outer specification
Warning, file "./1477_find-two-non-overlapping-sub-arrays-each-with-target-sum/implementations/list-imperative/list-imperative.mlw", line 109, characters 4-22: termination of this expression cannot be proved, but there is no `diverges' clause in the outer specification
Warning, file "./1477_find-two-non-overlapping-sub-arrays-each-with-target-sum/implementations/list-imperative/list-imperative.mlw", line 113, characters 4-28: termination of this expression cannot be proved, but there is no `diverges' clause in the outer specification
Warning, file "./1477_find-two-non-overlapping-sub-arrays-each-with-target-sum/implementations/list-imperative/list-imperative.mlw", line 117, characters 4-22: termination of this expression cannot be proved, but there is no `diverges' clause in the outer specification
Warning, file "./1477_find-two-non-overlapping-sub-arrays-each-with-target-sum/implementations/list-imperative/list-imperative.mlw", line 121, characters 4-25: termination of this expression cannot be proved, but there is no `diverges' clause in the outer specification
Warning, file "./1477_find-two-non-overlapping-sub-arrays-each-with-target-sum/implementations/list-imperative/list-imperative.mlw", line 125, characters 4-22: termination of this expression cannot be proved, but there is no `diverges' clause in the outer specification
Warning, file "./1477_find-two-non-overlapping-sub-arrays-each-with-target-sum/implementations/list-imperative/list-imperative.mlw", line 129, characters 4-22: termination of this expression cannot be proved, but there is no `diverges' clause in the outer specification
Warning, file "./1477_find-two-non-overlapping-sub-arrays-each-with-target-sum/implementations/list-imperative/list-imperative.mlw", line 133, characters 4-28: termination of this expression cannot be proved, but there is no `diverges' clause in the outer specification
Warning, file "./1477_find-two-non-overlapping-sub-arrays-each-with-target-sum/implementations/list-imperative/list-imperative.mlw", line 137, characters 4-22: termination of this expression cannot be proved, but there is no `diverges' clause in the outer specification
Warning, file "./1477_find-two-non-overlapping-sub-arrays-each-with-target-sum/implementations/list-imperative/list-imperative.mlw", line 141, characters 4-23: termination of this expression cannot be proved, but there is no `diverges' clause in the outer specification
Warning, file "./1477_find-two-non-overlapping-sub-arrays-each-with-target-sum/implementations/list-imperative/list-imperative.mlw", line 145, characters 4-26: termination of this expression cannot be proved, but there is no `diverges' clause in the outer specification
Warning, file "./1477_find-two-non-overlapping-sub-arrays-each-with-target-sum/implementations/list-imperative/list-imperative.mlw", line 149, characters 4-26: termination of this expression cannot be proved, but there is no `diverges' clause in the outer specification
Warning, file "./1477_find-two-non-overlapping-sub-arrays-each-with-target-sum/implementations/list-imperative/list-imperative.mlw", line 153, characters 4-22: termination of this expression cannot be proved, but there is no `diverges' clause in the outer specification
Warning, file "./1477_find-two-non-overlapping-sub-arrays-each-with-target-sum/implementations/list-imperative/list-imperative.mlw", line 157, characters 4-23: termination of this expression cannot be proved, but there is no `diverges' clause in the outer specification
Warning, file "./1477_find-two-non-overlapping-sub-arrays-each-with-target-sum/implementations/list-imperative/list-imperative.mlw", line 179, characters 7-18: termination of this expression cannot be proved, but there is no `diverges' clause in the outer specification
Warning, file "./1477_find-two-non-overlapping-sub-arrays-each-with-target-sum/implementations/list-imperative/list-imperative.mlw", line 178, characters 7-18: termination of this expression cannot be proved, but there is no `diverges' clause in the outer specification
Warning, file "./1477_find-two-non-overlapping-sub-arrays-each-with-target-sum/implementations/list-imperative/list-imperative.mlw", line 177, characters 7-18: termination of this expression cannot be proved, but there is no `diverges' clause in the outer specification
Warning, file "./1477_find-two-non-overlapping-sub-arrays-each-with-target-sum/implementations/list-imperative/list-imperative.mlw", line 176, characters 7-18: termination of this expression cannot be proved, but there is no `diverges' clause in the outer specification
Warning, file "./1477_find-two-non-overlapping-sub-arrays-each-with-target-sum/implementations/list-imperative/list-imperative.mlw", line 175, characters 7-18: termination of this expression cannot be proved, but there is no `diverges' clause in the outer specification
Warning, file "./1477_find-two-non-overlapping-sub-arrays-each-with-target-sum/implementations/list-imperative/list-imperative.mlw", line 174, characters 7-18: termination of this expression cannot be proved, but there is no `diverges' clause in the outer specification
Warning, file "./1477_find-two-non-overlapping-sub-arrays-each-with-target-sum/implementations/list-imperative/list-imperative.mlw", line 173, characters 7-18: termination of this expression cannot be proved, but there is no `diverges' clause in the outer specification
Warning, file "./1477_find-two-non-overlapping-sub-arrays-each-with-target-sum/implementations/list-imperative/list-imperative.mlw", line 172, characters 7-18: termination of this expression cannot be proved, but there is no `diverges' clause in the outer specification
Warning, file "./1477_find-two-non-overlapping-sub-arrays-each-with-target-sum/implementations/list-imperative/list-imperative.mlw", line 171, characters 7-18: termination of this expression cannot be proved, but there is no `diverges' clause in the outer specification
Warning, file "./1477_find-two-non-overlapping-sub-arrays-each-with-target-sum/implementations/list-imperative/list-imperative.mlw", line 170, characters 7-18: termination of this expression cannot be proved, but there is no `diverges' clause in the outer specification
Warning, file "./1477_find-two-non-overlapping-sub-arrays-each-with-target-sum/implementations/list-imperative/list-imperative.mlw", line 169, characters 7-18: termination of this expression cannot be proved, but there is no `diverges' clause in the outer specification
Warning, file "./1477_find-two-non-overlapping-sub-arrays-each-with-target-sum/implementations/list-imperative/list-imperative.mlw", line 168, characters 7-18: termination of this expression cannot be proved, but there is no `diverges' clause in the outer specification
Warning, file "./1477_find-two-non-overlapping-sub-arrays-each-with-target-sum/implementations/list-imperative/list-imperative.mlw", line 167, characters 7-18: termination of this expression cannot be proved, but there is no `diverges' clause in the outer specification
Warning, file "./1477_find-two-non-overlapping-sub-arrays-each-with-target-sum/implementations/list-imperative/list-imperative.mlw", line 166, characters 7-18: termination of this expression cannot be proved, but there is no `diverges' clause in the outer specification
Warning, file "./1477_find-two-non-overlapping-sub-arrays-each-with-target-sum/implementations/list-imperative/list-imperative.mlw", line 165, characters 7-18: termination of this expression cannot be proved, but there is no `diverges' clause in the outer specification
Warning, file "./1477_find-two-non-overlapping-sub-arrays-each-with-target-sum/implementations/list-imperative/list-imperative.mlw", line 164, characters 7-18: termination of this expression cannot be proved, but there is no `diverges' clause in the outer specification
Warning, file "./1477_find-two-non-overlapping-sub-arrays-each-with-target-sum/implementations/list-imperative/list-imperative.mlw", line 163, characters 7-18: termination of this expression cannot be proved, but there is no `diverges' clause in the outer specification
Warning, file "./1477_find-two-non-overlapping-sub-arrays-each-with-target-sum/implementations/list-imperative/list-imperative.mlw", line 162, characters 7-18: termination of this expression cannot be proved, but there is no `diverges' clause in the outer specification
Warning, file "./1477_find-two-non-overlapping-sub-arrays-each-with-target-sum/implementations/list-imperative/list-imperative.mlw", line 161, characters 7-18: termination of this expression cannot be proved, but there is no `diverges' clause in the outer specification
Warning, file "./1477_find-two-non-overlapping-sub-arrays-each-with-target-sum/implementations/list-imperative/list-imperative.mlw", line 160, characters 7-18: termination of this expression cannot be proved, but there is no `diverges' clause in the outer specification
result: bool = true
globals: <none>

EXECUTE_EXIT_CODE: 0
