FILE: ./1793_maximum-score-of-a-good-subarray/implementations/list-imperative/list-imperative.mlw
MODULE: MaximumScoreOfAGoodSubarray_List_Imperative
COMMAND: why3 execute --use MaximumScoreOfAGoodSubarray_List_Imperative ./1793_maximum-score-of-a-good-subarray/implementations/list-imperative/list-imperative.mlw 'run_tests ()'

Warning, file "./1793_maximum-score-of-a-good-subarray/implementations/list-imperative/list-imperative.mlw", line 66, character 10 to line 76, character 14: termination of this expression cannot be proved, but there is no `diverges' clause in the outer specification
Warning, file "./1793_maximum-score-of-a-good-subarray/implementations/list-imperative/list-imperative.mlw", line 55, character 4 to line 79, character 8: termination of this expression cannot be proved, but there is no `diverges' clause in the outer specification
Warning, file "./1793_maximum-score-of-a-good-subarray/implementations/list-imperative/list-imperative.mlw", line 40, character 4 to line 50, character 8: termination of this expression cannot be proved, but there is no `diverges' clause in the outer specification
Warning, file "./1793_maximum-score-of-a-good-subarray/implementations/list-imperative/list-imperative.mlw", line 18, character 4 to line 33, character 8: termination of this expression cannot be proved, but there is no `diverges' clause in the outer specification
Warning, file "./1793_maximum-score-of-a-good-subarray/implementations/list-imperative/list-imperative.mlw", line 85, characters 12-56: termination of this expression cannot be proved, but there is no `diverges' clause in the outer specification
Warning, file "./1793_maximum-score-of-a-good-subarray/implementations/list-imperative/list-imperative.mlw", line 90, characters 12-56: termination of this expression cannot be proved, but there is no `diverges' clause in the outer specification
Warning, file "./1793_maximum-score-of-a-good-subarray/implementations/list-imperative/list-imperative.mlw", line 95, characters 12-56: termination of this expression cannot be proved, but there is no `diverges' clause in the outer specification
Warning, file "./1793_maximum-score-of-a-good-subarray/implementations/list-imperative/list-imperative.mlw", line 100, characters 12-56: termination of this expression cannot be proved, but there is no `diverges' clause in the outer specification
Warning, file "./1793_maximum-score-of-a-good-subarray/implementations/list-imperative/list-imperative.mlw", line 105, characters 12-56: termination of this expression cannot be proved, but there is no `diverges' clause in the outer specification
Warning, file "./1793_maximum-score-of-a-good-subarray/implementations/list-imperative/list-imperative.mlw", line 110, characters 12-56: termination of this expression cannot be proved, but there is no `diverges' clause in the outer specification
Warning, file "./1793_maximum-score-of-a-good-subarray/implementations/list-imperative/list-imperative.mlw", line 115, characters 12-56: termination of this expression cannot be proved, but there is no `diverges' clause in the outer specification
Warning, file "./1793_maximum-score-of-a-good-subarray/implementations/list-imperative/list-imperative.mlw", line 120, characters 12-56: termination of this expression cannot be proved, but there is no `diverges' clause in the outer specification
Warning, file "./1793_maximum-score-of-a-good-subarray/implementations/list-imperative/list-imperative.mlw", line 125, characters 12-56: termination of this expression cannot be proved, but there is no `diverges' clause in the outer specification
Warning, file "./1793_maximum-score-of-a-good-subarray/implementations/list-imperative/list-imperative.mlw", line 130, characters 12-56: termination of this expression cannot be proved, but there is no `diverges' clause in the outer specification
Warning, file "./1793_maximum-score-of-a-good-subarray/implementations/list-imperative/list-imperative.mlw", line 135, characters 12-56: termination of this expression cannot be proved, but there is no `diverges' clause in the outer specification
Warning, file "./1793_maximum-score-of-a-good-subarray/implementations/list-imperative/list-imperative.mlw", line 140, characters 12-56: termination of this expression cannot be proved, but there is no `diverges' clause in the outer specification
Warning, file "./1793_maximum-score-of-a-good-subarray/implementations/list-imperative/list-imperative.mlw", line 145, characters 12-56: termination of this expression cannot be proved, but there is no `diverges' clause in the outer specification
Warning, file "./1793_maximum-score-of-a-good-subarray/implementations/list-imperative/list-imperative.mlw", line 150, characters 12-56: termination of this expression cannot be proved, but there is no `diverges' clause in the outer specification
Warning, file "./1793_maximum-score-of-a-good-subarray/implementations/list-imperative/list-imperative.mlw", line 155, characters 12-56: termination of this expression cannot be proved, but there is no `diverges' clause in the outer specification
Warning, file "./1793_maximum-score-of-a-good-subarray/implementations/list-imperative/list-imperative.mlw", line 160, characters 12-56: termination of this expression cannot be proved, but there is no `diverges' clause in the outer specification
Warning, file "./1793_maximum-score-of-a-good-subarray/implementations/list-imperative/list-imperative.mlw", line 165, characters 12-56: termination of this expression cannot be proved, but there is no `diverges' clause in the outer specification
Warning, file "./1793_maximum-score-of-a-good-subarray/implementations/list-imperative/list-imperative.mlw", line 170, characters 12-56: termination of this expression cannot be proved, but there is no `diverges' clause in the outer specification
Warning, file "./1793_maximum-score-of-a-good-subarray/implementations/list-imperative/list-imperative.mlw", line 175, characters 12-56: termination of this expression cannot be proved, but there is no `diverges' clause in the outer specification
Warning, file "./1793_maximum-score-of-a-good-subarray/implementations/list-imperative/list-imperative.mlw", line 180, characters 12-56: termination of this expression cannot be proved, but there is no `diverges' clause in the outer specification
Warning, file "./1793_maximum-score-of-a-good-subarray/implementations/list-imperative/list-imperative.mlw", line 203, characters 7-18: termination of this expression cannot be proved, but there is no `diverges' clause in the outer specification
Warning, file "./1793_maximum-score-of-a-good-subarray/implementations/list-imperative/list-imperative.mlw", line 202, characters 7-18: termination of this expression cannot be proved, but there is no `diverges' clause in the outer specification
Warning, file "./1793_maximum-score-of-a-good-subarray/implementations/list-imperative/list-imperative.mlw", line 201, characters 7-18: termination of this expression cannot be proved, but there is no `diverges' clause in the outer specification
Warning, file "./1793_maximum-score-of-a-good-subarray/implementations/list-imperative/list-imperative.mlw", line 200, characters 7-18: termination of this expression cannot be proved, but there is no `diverges' clause in the outer specification
Warning, file "./1793_maximum-score-of-a-good-subarray/implementations/list-imperative/list-imperative.mlw", line 199, characters 7-18: termination of this expression cannot be proved, but there is no `diverges' clause in the outer specification
Warning, file "./1793_maximum-score-of-a-good-subarray/implementations/list-imperative/list-imperative.mlw", line 198, characters 7-18: termination of this expression cannot be proved, but there is no `diverges' clause in the outer specification
Warning, file "./1793_maximum-score-of-a-good-subarray/implementations/list-imperative/list-imperative.mlw", line 197, characters 7-18: termination of this expression cannot be proved, but there is no `diverges' clause in the outer specification
Warning, file "./1793_maximum-score-of-a-good-subarray/implementations/list-imperative/list-imperative.mlw", line 196, characters 7-18: termination of this expression cannot be proved, but there is no `diverges' clause in the outer specification
Warning, file "./1793_maximum-score-of-a-good-subarray/implementations/list-imperative/list-imperative.mlw", line 195, characters 7-18: termination of this expression cannot be proved, but there is no `diverges' clause in the outer specification
Warning, file "./1793_maximum-score-of-a-good-subarray/implementations/list-imperative/list-imperative.mlw", line 194, characters 7-18: termination of this expression cannot be proved, but there is no `diverges' clause in the outer specification
Warning, file "./1793_maximum-score-of-a-good-subarray/implementations/list-imperative/list-imperative.mlw", line 193, characters 7-18: termination of this expression cannot be proved, but there is no `diverges' clause in the outer specification
Warning, file "./1793_maximum-score-of-a-good-subarray/implementations/list-imperative/list-imperative.mlw", line 192, characters 7-18: termination of this expression cannot be proved, but there is no `diverges' clause in the outer specification
Warning, file "./1793_maximum-score-of-a-good-subarray/implementations/list-imperative/list-imperative.mlw", line 191, characters 7-18: termination of this expression cannot be proved, but there is no `diverges' clause in the outer specification
Warning, file "./1793_maximum-score-of-a-good-subarray/implementations/list-imperative/list-imperative.mlw", line 190, characters 7-18: termination of this expression cannot be proved, but there is no `diverges' clause in the outer specification
Warning, file "./1793_maximum-score-of-a-good-subarray/implementations/list-imperative/list-imperative.mlw", line 189, characters 7-18: termination of this expression cannot be proved, but there is no `diverges' clause in the outer specification
Warning, file "./1793_maximum-score-of-a-good-subarray/implementations/list-imperative/list-imperative.mlw", line 188, characters 7-18: termination of this expression cannot be proved, but there is no `diverges' clause in the outer specification
Warning, file "./1793_maximum-score-of-a-good-subarray/implementations/list-imperative/list-imperative.mlw", line 187, characters 7-18: termination of this expression cannot be proved, but there is no `diverges' clause in the outer specification
Warning, file "./1793_maximum-score-of-a-good-subarray/implementations/list-imperative/list-imperative.mlw", line 186, characters 7-18: termination of this expression cannot be proved, but there is no `diverges' clause in the outer specification
Warning, file "./1793_maximum-score-of-a-good-subarray/implementations/list-imperative/list-imperative.mlw", line 185, characters 7-18: termination of this expression cannot be proved, but there is no `diverges' clause in the outer specification
Warning, file "./1793_maximum-score-of-a-good-subarray/implementations/list-imperative/list-imperative.mlw", line 184, characters 7-18: termination of this expression cannot be proved, but there is no `diverges' clause in the outer specification
result: bool = true
globals: <none>

EXECUTE_EXIT_CODE: 0
