FILE: ./2602_minimum-operations-to-make-all-array-elements-equal/implementations/list-imperative/list-imperative.mlw
MODULE: MinimumOperationsToMakeAllArrayElementsEqual_List_Imperative
COMMAND: why3 execute --use MinimumOperationsToMakeAllArrayElementsEqual_List_Imperative ./2602_minimum-operations-to-make-all-array-elements-equal/implementations/list-imperative/list-imperative.mlw 'run_tests ()'

Warning, file "./2602_minimum-operations-to-make-all-array-elements-equal/implementations/list-imperative/list-imperative.mlw", line 13, character 4 to line 20, character 8: termination of this expression cannot be proved, but there is no `diverges' clause in the outer specification
Warning, file "./2602_minimum-operations-to-make-all-array-elements-equal/implementations/list-imperative/list-imperative.mlw", line 26, character 4 to line 33, character 8: termination of this expression cannot be proved, but there is no `diverges' clause in the outer specification
Warning, file "./2602_minimum-operations-to-make-all-array-elements-equal/implementations/list-imperative/list-imperative.mlw", line 48, characters 4-29: termination of this expression cannot be proved, but there is no `diverges' clause in the outer specification
Warning, file "./2602_minimum-operations-to-make-all-array-elements-equal/implementations/list-imperative/list-imperative.mlw", line 43, characters 22-53: termination of this expression cannot be proved, but there is no `diverges' clause in the outer specification
Warning, file "./2602_minimum-operations-to-make-all-array-elements-equal/implementations/list-imperative/list-imperative.mlw", line 39, character 4 to line 47, character 8: termination of this expression cannot be proved, but there is no `diverges' clause in the outer specification
Warning, file "./2602_minimum-operations-to-make-all-array-elements-equal/implementations/list-imperative/list-imperative.mlw", line 54, character 6 to line 64, character 10: termination of this expression cannot be proved, but there is no `diverges' clause in the outer specification
Warning, file "./2602_minimum-operations-to-make-all-array-elements-equal/implementations/list-imperative/list-imperative.mlw", line 78, characters 4-26: termination of this expression cannot be proved, but there is no `diverges' clause in the outer specification
Warning, file "./2602_minimum-operations-to-make-all-array-elements-equal/implementations/list-imperative/list-imperative.mlw", line 77, characters 12-81: termination of this expression cannot be proved, but there is no `diverges' clause in the outer specification
Warning, file "./2602_minimum-operations-to-make-all-array-elements-equal/implementations/list-imperative/list-imperative.mlw", line 85, characters 4-26: termination of this expression cannot be proved, but there is no `diverges' clause in the outer specification
Warning, file "./2602_minimum-operations-to-make-all-array-elements-equal/implementations/list-imperative/list-imperative.mlw", line 84, characters 12-81: termination of this expression cannot be proved, but there is no `diverges' clause in the outer specification
Warning, file "./2602_minimum-operations-to-make-all-array-elements-equal/implementations/list-imperative/list-imperative.mlw", line 92, characters 4-26: termination of this expression cannot be proved, but there is no `diverges' clause in the outer specification
Warning, file "./2602_minimum-operations-to-make-all-array-elements-equal/implementations/list-imperative/list-imperative.mlw", line 91, characters 12-81: termination of this expression cannot be proved, but there is no `diverges' clause in the outer specification
Warning, file "./2602_minimum-operations-to-make-all-array-elements-equal/implementations/list-imperative/list-imperative.mlw", line 99, characters 4-26: termination of this expression cannot be proved, but there is no `diverges' clause in the outer specification
Warning, file "./2602_minimum-operations-to-make-all-array-elements-equal/implementations/list-imperative/list-imperative.mlw", line 98, characters 12-81: termination of this expression cannot be proved, but there is no `diverges' clause in the outer specification
Warning, file "./2602_minimum-operations-to-make-all-array-elements-equal/implementations/list-imperative/list-imperative.mlw", line 106, characters 4-26: termination of this expression cannot be proved, but there is no `diverges' clause in the outer specification
Warning, file "./2602_minimum-operations-to-make-all-array-elements-equal/implementations/list-imperative/list-imperative.mlw", line 105, characters 12-81: termination of this expression cannot be proved, but there is no `diverges' clause in the outer specification
Warning, file "./2602_minimum-operations-to-make-all-array-elements-equal/implementations/list-imperative/list-imperative.mlw", line 113, characters 4-26: termination of this expression cannot be proved, but there is no `diverges' clause in the outer specification
Warning, file "./2602_minimum-operations-to-make-all-array-elements-equal/implementations/list-imperative/list-imperative.mlw", line 112, characters 12-81: termination of this expression cannot be proved, but there is no `diverges' clause in the outer specification
Warning, file "./2602_minimum-operations-to-make-all-array-elements-equal/implementations/list-imperative/list-imperative.mlw", line 120, characters 4-26: termination of this expression cannot be proved, but there is no `diverges' clause in the outer specification
Warning, file "./2602_minimum-operations-to-make-all-array-elements-equal/implementations/list-imperative/list-imperative.mlw", line 119, characters 12-81: termination of this expression cannot be proved, but there is no `diverges' clause in the outer specification
Warning, file "./2602_minimum-operations-to-make-all-array-elements-equal/implementations/list-imperative/list-imperative.mlw", line 127, characters 4-26: termination of this expression cannot be proved, but there is no `diverges' clause in the outer specification
Warning, file "./2602_minimum-operations-to-make-all-array-elements-equal/implementations/list-imperative/list-imperative.mlw", line 126, characters 12-81: termination of this expression cannot be proved, but there is no `diverges' clause in the outer specification
Warning, file "./2602_minimum-operations-to-make-all-array-elements-equal/implementations/list-imperative/list-imperative.mlw", line 134, characters 4-26: termination of this expression cannot be proved, but there is no `diverges' clause in the outer specification
Warning, file "./2602_minimum-operations-to-make-all-array-elements-equal/implementations/list-imperative/list-imperative.mlw", line 133, characters 12-81: termination of this expression cannot be proved, but there is no `diverges' clause in the outer specification
Warning, file "./2602_minimum-operations-to-make-all-array-elements-equal/implementations/list-imperative/list-imperative.mlw", line 141, characters 4-26: termination of this expression cannot be proved, but there is no `diverges' clause in the outer specification
Warning, file "./2602_minimum-operations-to-make-all-array-elements-equal/implementations/list-imperative/list-imperative.mlw", line 140, characters 12-81: termination of this expression cannot be proved, but there is no `diverges' clause in the outer specification
Warning, file "./2602_minimum-operations-to-make-all-array-elements-equal/implementations/list-imperative/list-imperative.mlw", line 148, characters 4-26: termination of this expression cannot be proved, but there is no `diverges' clause in the outer specification
Warning, file "./2602_minimum-operations-to-make-all-array-elements-equal/implementations/list-imperative/list-imperative.mlw", line 147, characters 12-81: termination of this expression cannot be proved, but there is no `diverges' clause in the outer specification
Warning, file "./2602_minimum-operations-to-make-all-array-elements-equal/implementations/list-imperative/list-imperative.mlw", line 155, characters 4-26: termination of this expression cannot be proved, but there is no `diverges' clause in the outer specification
Warning, file "./2602_minimum-operations-to-make-all-array-elements-equal/implementations/list-imperative/list-imperative.mlw", line 154, characters 12-81: termination of this expression cannot be proved, but there is no `diverges' clause in the outer specification
Warning, file "./2602_minimum-operations-to-make-all-array-elements-equal/implementations/list-imperative/list-imperative.mlw", line 162, characters 4-26: termination of this expression cannot be proved, but there is no `diverges' clause in the outer specification
Warning, file "./2602_minimum-operations-to-make-all-array-elements-equal/implementations/list-imperative/list-imperative.mlw", line 161, characters 12-81: termination of this expression cannot be proved, but there is no `diverges' clause in the outer specification
Warning, file "./2602_minimum-operations-to-make-all-array-elements-equal/implementations/list-imperative/list-imperative.mlw", line 169, characters 4-26: termination of this expression cannot be proved, but there is no `diverges' clause in the outer specification
Warning, file "./2602_minimum-operations-to-make-all-array-elements-equal/implementations/list-imperative/list-imperative.mlw", line 168, characters 12-81: termination of this expression cannot be proved, but there is no `diverges' clause in the outer specification
Warning, file "./2602_minimum-operations-to-make-all-array-elements-equal/implementations/list-imperative/list-imperative.mlw", line 176, characters 4-26: termination of this expression cannot be proved, but there is no `diverges' clause in the outer specification
Warning, file "./2602_minimum-operations-to-make-all-array-elements-equal/implementations/list-imperative/list-imperative.mlw", line 175, characters 12-81: termination of this expression cannot be proved, but there is no `diverges' clause in the outer specification
Warning, file "./2602_minimum-operations-to-make-all-array-elements-equal/implementations/list-imperative/list-imperative.mlw", line 183, characters 4-26: termination of this expression cannot be proved, but there is no `diverges' clause in the outer specification
Warning, file "./2602_minimum-operations-to-make-all-array-elements-equal/implementations/list-imperative/list-imperative.mlw", line 182, characters 12-81: termination of this expression cannot be proved, but there is no `diverges' clause in the outer specification
Warning, file "./2602_minimum-operations-to-make-all-array-elements-equal/implementations/list-imperative/list-imperative.mlw", line 190, characters 4-26: termination of this expression cannot be proved, but there is no `diverges' clause in the outer specification
Warning, file "./2602_minimum-operations-to-make-all-array-elements-equal/implementations/list-imperative/list-imperative.mlw", line 189, characters 12-81: termination of this expression cannot be proved, but there is no `diverges' clause in the outer specification
Warning, file "./2602_minimum-operations-to-make-all-array-elements-equal/implementations/list-imperative/list-imperative.mlw", line 197, characters 4-26: termination of this expression cannot be proved, but there is no `diverges' clause in the outer specification
Warning, file "./2602_minimum-operations-to-make-all-array-elements-equal/implementations/list-imperative/list-imperative.mlw", line 196, characters 12-81: termination of this expression cannot be proved, but there is no `diverges' clause in the outer specification
Warning, file "./2602_minimum-operations-to-make-all-array-elements-equal/implementations/list-imperative/list-imperative.mlw", line 204, characters 4-26: termination of this expression cannot be proved, but there is no `diverges' clause in the outer specification
Warning, file "./2602_minimum-operations-to-make-all-array-elements-equal/implementations/list-imperative/list-imperative.mlw", line 203, characters 12-81: termination of this expression cannot be proved, but there is no `diverges' clause in the outer specification
Warning, file "./2602_minimum-operations-to-make-all-array-elements-equal/implementations/list-imperative/list-imperative.mlw", line 211, characters 4-26: termination of this expression cannot be proved, but there is no `diverges' clause in the outer specification
Warning, file "./2602_minimum-operations-to-make-all-array-elements-equal/implementations/list-imperative/list-imperative.mlw", line 210, characters 12-81: termination of this expression cannot be proved, but there is no `diverges' clause in the outer specification
Warning, file "./2602_minimum-operations-to-make-all-array-elements-equal/implementations/list-imperative/list-imperative.mlw", line 233, characters 7-18: termination of this expression cannot be proved, but there is no `diverges' clause in the outer specification
Warning, file "./2602_minimum-operations-to-make-all-array-elements-equal/implementations/list-imperative/list-imperative.mlw", line 232, characters 7-18: termination of this expression cannot be proved, but there is no `diverges' clause in the outer specification
Warning, file "./2602_minimum-operations-to-make-all-array-elements-equal/implementations/list-imperative/list-imperative.mlw", line 231, characters 7-18: termination of this expression cannot be proved, but there is no `diverges' clause in the outer specification
Warning, file "./2602_minimum-operations-to-make-all-array-elements-equal/implementations/list-imperative/list-imperative.mlw", line 230, characters 7-18: termination of this expression cannot be proved, but there is no `diverges' clause in the outer specification
Warning, file "./2602_minimum-operations-to-make-all-array-elements-equal/implementations/list-imperative/list-imperative.mlw", line 229, characters 7-18: termination of this expression cannot be proved, but there is no `diverges' clause in the outer specification
Warning, file "./2602_minimum-operations-to-make-all-array-elements-equal/implementations/list-imperative/list-imperative.mlw", line 228, characters 7-18: termination of this expression cannot be proved, but there is no `diverges' clause in the outer specification
Warning, file "./2602_minimum-operations-to-make-all-array-elements-equal/implementations/list-imperative/list-imperative.mlw", line 227, characters 7-18: termination of this expression cannot be proved, but there is no `diverges' clause in the outer specification
Warning, file "./2602_minimum-operations-to-make-all-array-elements-equal/implementations/list-imperative/list-imperative.mlw", line 226, characters 7-18: termination of this expression cannot be proved, but there is no `diverges' clause in the outer specification
Warning, file "./2602_minimum-operations-to-make-all-array-elements-equal/implementations/list-imperative/list-imperative.mlw", line 225, characters 7-18: termination of this expression cannot be proved, but there is no `diverges' clause in the outer specification
Warning, file "./2602_minimum-operations-to-make-all-array-elements-equal/implementations/list-imperative/list-imperative.mlw", line 224, characters 7-18: termination of this expression cannot be proved, but there is no `diverges' clause in the outer specification
Warning, file "./2602_minimum-operations-to-make-all-array-elements-equal/implementations/list-imperative/list-imperative.mlw", line 223, characters 7-18: termination of this expression cannot be proved, but there is no `diverges' clause in the outer specification
Warning, file "./2602_minimum-operations-to-make-all-array-elements-equal/implementations/list-imperative/list-imperative.mlw", line 222, characters 7-18: termination of this expression cannot be proved, but there is no `diverges' clause in the outer specification
Warning, file "./2602_minimum-operations-to-make-all-array-elements-equal/implementations/list-imperative/list-imperative.mlw", line 221, characters 7-18: termination of this expression cannot be proved, but there is no `diverges' clause in the outer specification
Warning, file "./2602_minimum-operations-to-make-all-array-elements-equal/implementations/list-imperative/list-imperative.mlw", line 220, characters 7-18: termination of this expression cannot be proved, but there is no `diverges' clause in the outer specification
Warning, file "./2602_minimum-operations-to-make-all-array-elements-equal/implementations/list-imperative/list-imperative.mlw", line 219, characters 7-18: termination of this expression cannot be proved, but there is no `diverges' clause in the outer specification
Warning, file "./2602_minimum-operations-to-make-all-array-elements-equal/implementations/list-imperative/list-imperative.mlw", line 218, characters 7-18: termination of this expression cannot be proved, but there is no `diverges' clause in the outer specification
Warning, file "./2602_minimum-operations-to-make-all-array-elements-equal/implementations/list-imperative/list-imperative.mlw", line 217, characters 7-18: termination of this expression cannot be proved, but there is no `diverges' clause in the outer specification
Warning, file "./2602_minimum-operations-to-make-all-array-elements-equal/implementations/list-imperative/list-imperative.mlw", line 216, characters 7-18: termination of this expression cannot be proved, but there is no `diverges' clause in the outer specification
Warning, file "./2602_minimum-operations-to-make-all-array-elements-equal/implementations/list-imperative/list-imperative.mlw", line 215, characters 7-18: termination of this expression cannot be proved, but there is no `diverges' clause in the outer specification
Warning, file "./2602_minimum-operations-to-make-all-array-elements-equal/implementations/list-imperative/list-imperative.mlw", line 214, characters 7-18: termination of this expression cannot be proved, but there is no `diverges' clause in the outer specification
result: bool = true
globals: <none>

EXECUTE_EXIT_CODE: 0
