FILE: ./2361_minimum-costs-using-the-train-line/implementations/list-imperative/list-imperative.mlw
MODULE: MinimumCostsUsingTheTrainLine_List_Imperative
COMMAND: why3 execute --use MinimumCostsUsingTheTrainLine_List_Imperative ./2361_minimum-costs-using-the-train-line/implementations/list-imperative/list-imperative.mlw 'run_tests ()'

Warning, file "./2361_minimum-costs-using-the-train-line/implementations/list-imperative/list-imperative.mlw", line 38, character 4 to line 51, character 8: termination of this expression cannot be proved, but there is no `diverges' clause in the outer specification
Warning, file "./2361_minimum-costs-using-the-train-line/implementations/list-imperative/list-imperative.mlw", line 56, characters 12-79: termination of this expression cannot be proved, but there is no `diverges' clause in the outer specification
Warning, file "./2361_minimum-costs-using-the-train-line/implementations/list-imperative/list-imperative.mlw", line 63, characters 4-41: termination of this expression cannot be proved, but there is no `diverges' clause in the outer specification
Warning, file "./2361_minimum-costs-using-the-train-line/implementations/list-imperative/list-imperative.mlw", line 69, characters 4-41: termination of this expression cannot be proved, but there is no `diverges' clause in the outer specification
Warning, file "./2361_minimum-costs-using-the-train-line/implementations/list-imperative/list-imperative.mlw", line 75, characters 4-42: termination of this expression cannot be proved, but there is no `diverges' clause in the outer specification
Warning, file "./2361_minimum-costs-using-the-train-line/implementations/list-imperative/list-imperative.mlw", line 81, characters 4-42: termination of this expression cannot be proved, but there is no `diverges' clause in the outer specification
Warning, file "./2361_minimum-costs-using-the-train-line/implementations/list-imperative/list-imperative.mlw", line 87, characters 4-41: termination of this expression cannot be proved, but there is no `diverges' clause in the outer specification
Warning, file "./2361_minimum-costs-using-the-train-line/implementations/list-imperative/list-imperative.mlw", line 93, characters 4-41: termination of this expression cannot be proved, but there is no `diverges' clause in the outer specification
Warning, file "./2361_minimum-costs-using-the-train-line/implementations/list-imperative/list-imperative.mlw", line 99, characters 4-41: termination of this expression cannot be proved, but there is no `diverges' clause in the outer specification
Warning, file "./2361_minimum-costs-using-the-train-line/implementations/list-imperative/list-imperative.mlw", line 105, characters 4-42: termination of this expression cannot be proved, but there is no `diverges' clause in the outer specification
Warning, file "./2361_minimum-costs-using-the-train-line/implementations/list-imperative/list-imperative.mlw", line 111, characters 4-42: termination of this expression cannot be proved, but there is no `diverges' clause in the outer specification
Warning, file "./2361_minimum-costs-using-the-train-line/implementations/list-imperative/list-imperative.mlw", line 117, characters 4-41: termination of this expression cannot be proved, but there is no `diverges' clause in the outer specification
Warning, file "./2361_minimum-costs-using-the-train-line/implementations/list-imperative/list-imperative.mlw", line 123, characters 4-41: termination of this expression cannot be proved, but there is no `diverges' clause in the outer specification
Warning, file "./2361_minimum-costs-using-the-train-line/implementations/list-imperative/list-imperative.mlw", line 129, characters 4-41: termination of this expression cannot be proved, but there is no `diverges' clause in the outer specification
Warning, file "./2361_minimum-costs-using-the-train-line/implementations/list-imperative/list-imperative.mlw", line 135, characters 4-42: termination of this expression cannot be proved, but there is no `diverges' clause in the outer specification
Warning, file "./2361_minimum-costs-using-the-train-line/implementations/list-imperative/list-imperative.mlw", line 141, characters 4-41: termination of this expression cannot be proved, but there is no `diverges' clause in the outer specification
Warning, file "./2361_minimum-costs-using-the-train-line/implementations/list-imperative/list-imperative.mlw", line 147, characters 4-41: termination of this expression cannot be proved, but there is no `diverges' clause in the outer specification
Warning, file "./2361_minimum-costs-using-the-train-line/implementations/list-imperative/list-imperative.mlw", line 153, characters 4-42: termination of this expression cannot be proved, but there is no `diverges' clause in the outer specification
Warning, file "./2361_minimum-costs-using-the-train-line/implementations/list-imperative/list-imperative.mlw", line 159, characters 4-43: termination of this expression cannot be proved, but there is no `diverges' clause in the outer specification
Warning, file "./2361_minimum-costs-using-the-train-line/implementations/list-imperative/list-imperative.mlw", line 165, characters 4-41: termination of this expression cannot be proved, but there is no `diverges' clause in the outer specification
Warning, file "./2361_minimum-costs-using-the-train-line/implementations/list-imperative/list-imperative.mlw", line 171, characters 4-43: termination of this expression cannot be proved, but there is no `diverges' clause in the outer specification
Warning, file "./2361_minimum-costs-using-the-train-line/implementations/list-imperative/list-imperative.mlw", line 177, characters 4-42: termination of this expression cannot be proved, but there is no `diverges' clause in the outer specification
Warning, file "./2361_minimum-costs-using-the-train-line/implementations/list-imperative/list-imperative.mlw", line 199, characters 7-18: termination of this expression cannot be proved, but there is no `diverges' clause in the outer specification
Warning, file "./2361_minimum-costs-using-the-train-line/implementations/list-imperative/list-imperative.mlw", line 198, characters 7-18: termination of this expression cannot be proved, but there is no `diverges' clause in the outer specification
Warning, file "./2361_minimum-costs-using-the-train-line/implementations/list-imperative/list-imperative.mlw", line 197, characters 7-18: termination of this expression cannot be proved, but there is no `diverges' clause in the outer specification
Warning, file "./2361_minimum-costs-using-the-train-line/implementations/list-imperative/list-imperative.mlw", line 196, characters 7-18: termination of this expression cannot be proved, but there is no `diverges' clause in the outer specification
Warning, file "./2361_minimum-costs-using-the-train-line/implementations/list-imperative/list-imperative.mlw", line 195, characters 7-18: termination of this expression cannot be proved, but there is no `diverges' clause in the outer specification
Warning, file "./2361_minimum-costs-using-the-train-line/implementations/list-imperative/list-imperative.mlw", line 194, characters 7-18: termination of this expression cannot be proved, but there is no `diverges' clause in the outer specification
Warning, file "./2361_minimum-costs-using-the-train-line/implementations/list-imperative/list-imperative.mlw", line 193, characters 7-18: termination of this expression cannot be proved, but there is no `diverges' clause in the outer specification
Warning, file "./2361_minimum-costs-using-the-train-line/implementations/list-imperative/list-imperative.mlw", line 192, characters 7-18: termination of this expression cannot be proved, but there is no `diverges' clause in the outer specification
Warning, file "./2361_minimum-costs-using-the-train-line/implementations/list-imperative/list-imperative.mlw", line 191, characters 7-18: termination of this expression cannot be proved, but there is no `diverges' clause in the outer specification
Warning, file "./2361_minimum-costs-using-the-train-line/implementations/list-imperative/list-imperative.mlw", line 190, characters 7-18: termination of this expression cannot be proved, but there is no `diverges' clause in the outer specification
Warning, file "./2361_minimum-costs-using-the-train-line/implementations/list-imperative/list-imperative.mlw", line 189, characters 7-18: termination of this expression cannot be proved, but there is no `diverges' clause in the outer specification
Warning, file "./2361_minimum-costs-using-the-train-line/implementations/list-imperative/list-imperative.mlw", line 188, characters 7-18: termination of this expression cannot be proved, but there is no `diverges' clause in the outer specification
Warning, file "./2361_minimum-costs-using-the-train-line/implementations/list-imperative/list-imperative.mlw", line 187, characters 7-18: termination of this expression cannot be proved, but there is no `diverges' clause in the outer specification
Warning, file "./2361_minimum-costs-using-the-train-line/implementations/list-imperative/list-imperative.mlw", line 186, characters 7-18: termination of this expression cannot be proved, but there is no `diverges' clause in the outer specification
Warning, file "./2361_minimum-costs-using-the-train-line/implementations/list-imperative/list-imperative.mlw", line 185, characters 7-18: termination of this expression cannot be proved, but there is no `diverges' clause in the outer specification
Warning, file "./2361_minimum-costs-using-the-train-line/implementations/list-imperative/list-imperative.mlw", line 184, characters 7-18: termination of this expression cannot be proved, but there is no `diverges' clause in the outer specification
Warning, file "./2361_minimum-costs-using-the-train-line/implementations/list-imperative/list-imperative.mlw", line 183, characters 7-18: termination of this expression cannot be proved, but there is no `diverges' clause in the outer specification
Warning, file "./2361_minimum-costs-using-the-train-line/implementations/list-imperative/list-imperative.mlw", line 182, characters 7-18: termination of this expression cannot be proved, but there is no `diverges' clause in the outer specification
Warning, file "./2361_minimum-costs-using-the-train-line/implementations/list-imperative/list-imperative.mlw", line 181, characters 7-18: termination of this expression cannot be proved, but there is no `diverges' clause in the outer specification
Warning, file "./2361_minimum-costs-using-the-train-line/implementations/list-imperative/list-imperative.mlw", line 180, characters 7-18: termination of this expression cannot be proved, but there is no `diverges' clause in the outer specification
result: bool = true
globals: <none>

EXECUTE_EXIT_CODE: 0
