FILE: ./2574_left-and-right-sum-differences/implementations/list-imperative/list-imperative.mlw
MODULE: LeftAndRightSumDifferences_List_Imperative
COMMAND: why3 execute --use LeftAndRightSumDifferences_List_Imperative ./2574_left-and-right-sum-differences/implementations/list-imperative/list-imperative.mlw 'run_tests ()'

Warning, file "./2574_left-and-right-sum-differences/implementations/list-imperative/list-imperative.mlw", line 13, character 4 to line 20, character 8: termination of this expression cannot be proved, but there is no `diverges' clause in the outer specification
Warning, file "./2574_left-and-right-sum-differences/implementations/list-imperative/list-imperative.mlw", line 26, character 4 to line 33, character 8: termination of this expression cannot be proved, but there is no `diverges' clause in the outer specification
Warning, file "./2574_left-and-right-sum-differences/implementations/list-imperative/list-imperative.mlw", line 40, character 6 to line 48, character 10: termination of this expression cannot be proved, but there is no `diverges' clause in the outer specification
Warning, file "./2574_left-and-right-sum-differences/implementations/list-imperative/list-imperative.mlw", line 73, characters 4-25: termination of this expression cannot be proved, but there is no `diverges' clause in the outer specification
Warning, file "./2574_left-and-right-sum-differences/implementations/list-imperative/list-imperative.mlw", line 63, character 4 to line 72, character 8: termination of this expression cannot be proved, but there is no `diverges' clause in the outer specification
Warning, file "./2574_left-and-right-sum-differences/implementations/list-imperative/list-imperative.mlw", line 58, characters 16-29: termination of this expression cannot be proved, but there is no `diverges' clause in the outer specification
Warning, file "./2574_left-and-right-sum-differences/implementations/list-imperative/list-imperative.mlw", line 79, characters 4-31: termination of this expression cannot be proved, but there is no `diverges' clause in the outer specification
Warning, file "./2574_left-and-right-sum-differences/implementations/list-imperative/list-imperative.mlw", line 78, characters 17-57: termination of this expression cannot be proved, but there is no `diverges' clause in the outer specification
Warning, file "./2574_left-and-right-sum-differences/implementations/list-imperative/list-imperative.mlw", line 85, characters 4-31: termination of this expression cannot be proved, but there is no `diverges' clause in the outer specification
Warning, file "./2574_left-and-right-sum-differences/implementations/list-imperative/list-imperative.mlw", line 84, characters 17-57: termination of this expression cannot be proved, but there is no `diverges' clause in the outer specification
Warning, file "./2574_left-and-right-sum-differences/implementations/list-imperative/list-imperative.mlw", line 91, characters 4-31: termination of this expression cannot be proved, but there is no `diverges' clause in the outer specification
Warning, file "./2574_left-and-right-sum-differences/implementations/list-imperative/list-imperative.mlw", line 90, characters 17-57: termination of this expression cannot be proved, but there is no `diverges' clause in the outer specification
Warning, file "./2574_left-and-right-sum-differences/implementations/list-imperative/list-imperative.mlw", line 97, characters 4-31: termination of this expression cannot be proved, but there is no `diverges' clause in the outer specification
Warning, file "./2574_left-and-right-sum-differences/implementations/list-imperative/list-imperative.mlw", line 96, characters 17-57: termination of this expression cannot be proved, but there is no `diverges' clause in the outer specification
Warning, file "./2574_left-and-right-sum-differences/implementations/list-imperative/list-imperative.mlw", line 103, characters 4-31: termination of this expression cannot be proved, but there is no `diverges' clause in the outer specification
Warning, file "./2574_left-and-right-sum-differences/implementations/list-imperative/list-imperative.mlw", line 102, characters 17-57: termination of this expression cannot be proved, but there is no `diverges' clause in the outer specification
Warning, file "./2574_left-and-right-sum-differences/implementations/list-imperative/list-imperative.mlw", line 109, characters 4-31: termination of this expression cannot be proved, but there is no `diverges' clause in the outer specification
Warning, file "./2574_left-and-right-sum-differences/implementations/list-imperative/list-imperative.mlw", line 108, characters 17-57: termination of this expression cannot be proved, but there is no `diverges' clause in the outer specification
Warning, file "./2574_left-and-right-sum-differences/implementations/list-imperative/list-imperative.mlw", line 115, characters 4-31: termination of this expression cannot be proved, but there is no `diverges' clause in the outer specification
Warning, file "./2574_left-and-right-sum-differences/implementations/list-imperative/list-imperative.mlw", line 114, characters 17-57: termination of this expression cannot be proved, but there is no `diverges' clause in the outer specification
Warning, file "./2574_left-and-right-sum-differences/implementations/list-imperative/list-imperative.mlw", line 121, characters 4-31: termination of this expression cannot be proved, but there is no `diverges' clause in the outer specification
Warning, file "./2574_left-and-right-sum-differences/implementations/list-imperative/list-imperative.mlw", line 120, characters 17-57: termination of this expression cannot be proved, but there is no `diverges' clause in the outer specification
Warning, file "./2574_left-and-right-sum-differences/implementations/list-imperative/list-imperative.mlw", line 127, characters 4-31: termination of this expression cannot be proved, but there is no `diverges' clause in the outer specification
Warning, file "./2574_left-and-right-sum-differences/implementations/list-imperative/list-imperative.mlw", line 126, characters 17-57: termination of this expression cannot be proved, but there is no `diverges' clause in the outer specification
Warning, file "./2574_left-and-right-sum-differences/implementations/list-imperative/list-imperative.mlw", line 133, characters 4-31: termination of this expression cannot be proved, but there is no `diverges' clause in the outer specification
Warning, file "./2574_left-and-right-sum-differences/implementations/list-imperative/list-imperative.mlw", line 132, characters 17-57: termination of this expression cannot be proved, but there is no `diverges' clause in the outer specification
Warning, file "./2574_left-and-right-sum-differences/implementations/list-imperative/list-imperative.mlw", line 139, characters 4-31: termination of this expression cannot be proved, but there is no `diverges' clause in the outer specification
Warning, file "./2574_left-and-right-sum-differences/implementations/list-imperative/list-imperative.mlw", line 138, characters 17-57: termination of this expression cannot be proved, but there is no `diverges' clause in the outer specification
Warning, file "./2574_left-and-right-sum-differences/implementations/list-imperative/list-imperative.mlw", line 145, characters 4-31: termination of this expression cannot be proved, but there is no `diverges' clause in the outer specification
Warning, file "./2574_left-and-right-sum-differences/implementations/list-imperative/list-imperative.mlw", line 144, characters 17-57: termination of this expression cannot be proved, but there is no `diverges' clause in the outer specification
Warning, file "./2574_left-and-right-sum-differences/implementations/list-imperative/list-imperative.mlw", line 151, characters 4-31: termination of this expression cannot be proved, but there is no `diverges' clause in the outer specification
Warning, file "./2574_left-and-right-sum-differences/implementations/list-imperative/list-imperative.mlw", line 150, characters 17-57: termination of this expression cannot be proved, but there is no `diverges' clause in the outer specification
Warning, file "./2574_left-and-right-sum-differences/implementations/list-imperative/list-imperative.mlw", line 157, characters 4-31: termination of this expression cannot be proved, but there is no `diverges' clause in the outer specification
Warning, file "./2574_left-and-right-sum-differences/implementations/list-imperative/list-imperative.mlw", line 156, characters 17-57: termination of this expression cannot be proved, but there is no `diverges' clause in the outer specification
Warning, file "./2574_left-and-right-sum-differences/implementations/list-imperative/list-imperative.mlw", line 163, characters 4-31: termination of this expression cannot be proved, but there is no `diverges' clause in the outer specification
Warning, file "./2574_left-and-right-sum-differences/implementations/list-imperative/list-imperative.mlw", line 162, characters 17-57: termination of this expression cannot be proved, but there is no `diverges' clause in the outer specification
Warning, file "./2574_left-and-right-sum-differences/implementations/list-imperative/list-imperative.mlw", line 169, characters 4-31: termination of this expression cannot be proved, but there is no `diverges' clause in the outer specification
Warning, file "./2574_left-and-right-sum-differences/implementations/list-imperative/list-imperative.mlw", line 168, characters 17-57: termination of this expression cannot be proved, but there is no `diverges' clause in the outer specification
Warning, file "./2574_left-and-right-sum-differences/implementations/list-imperative/list-imperative.mlw", line 175, characters 4-31: termination of this expression cannot be proved, but there is no `diverges' clause in the outer specification
Warning, file "./2574_left-and-right-sum-differences/implementations/list-imperative/list-imperative.mlw", line 174, characters 17-57: termination of this expression cannot be proved, but there is no `diverges' clause in the outer specification
Warning, file "./2574_left-and-right-sum-differences/implementations/list-imperative/list-imperative.mlw", line 181, characters 4-31: termination of this expression cannot be proved, but there is no `diverges' clause in the outer specification
Warning, file "./2574_left-and-right-sum-differences/implementations/list-imperative/list-imperative.mlw", line 180, characters 17-57: termination of this expression cannot be proved, but there is no `diverges' clause in the outer specification
Warning, file "./2574_left-and-right-sum-differences/implementations/list-imperative/list-imperative.mlw", line 187, characters 4-31: termination of this expression cannot be proved, but there is no `diverges' clause in the outer specification
Warning, file "./2574_left-and-right-sum-differences/implementations/list-imperative/list-imperative.mlw", line 186, characters 17-57: termination of this expression cannot be proved, but there is no `diverges' clause in the outer specification
Warning, file "./2574_left-and-right-sum-differences/implementations/list-imperative/list-imperative.mlw", line 193, characters 4-31: termination of this expression cannot be proved, but there is no `diverges' clause in the outer specification
Warning, file "./2574_left-and-right-sum-differences/implementations/list-imperative/list-imperative.mlw", line 192, characters 17-57: termination of this expression cannot be proved, but there is no `diverges' clause in the outer specification
Warning, file "./2574_left-and-right-sum-differences/implementations/list-imperative/list-imperative.mlw", line 215, characters 7-18: termination of this expression cannot be proved, but there is no `diverges' clause in the outer specification
Warning, file "./2574_left-and-right-sum-differences/implementations/list-imperative/list-imperative.mlw", line 214, characters 7-18: termination of this expression cannot be proved, but there is no `diverges' clause in the outer specification
Warning, file "./2574_left-and-right-sum-differences/implementations/list-imperative/list-imperative.mlw", line 213, characters 7-18: termination of this expression cannot be proved, but there is no `diverges' clause in the outer specification
Warning, file "./2574_left-and-right-sum-differences/implementations/list-imperative/list-imperative.mlw", line 212, characters 7-18: termination of this expression cannot be proved, but there is no `diverges' clause in the outer specification
Warning, file "./2574_left-and-right-sum-differences/implementations/list-imperative/list-imperative.mlw", line 211, characters 7-18: termination of this expression cannot be proved, but there is no `diverges' clause in the outer specification
Warning, file "./2574_left-and-right-sum-differences/implementations/list-imperative/list-imperative.mlw", line 210, characters 7-18: termination of this expression cannot be proved, but there is no `diverges' clause in the outer specification
Warning, file "./2574_left-and-right-sum-differences/implementations/list-imperative/list-imperative.mlw", line 209, characters 7-18: termination of this expression cannot be proved, but there is no `diverges' clause in the outer specification
Warning, file "./2574_left-and-right-sum-differences/implementations/list-imperative/list-imperative.mlw", line 208, characters 7-18: termination of this expression cannot be proved, but there is no `diverges' clause in the outer specification
Warning, file "./2574_left-and-right-sum-differences/implementations/list-imperative/list-imperative.mlw", line 207, characters 7-18: termination of this expression cannot be proved, but there is no `diverges' clause in the outer specification
Warning, file "./2574_left-and-right-sum-differences/implementations/list-imperative/list-imperative.mlw", line 206, characters 7-18: termination of this expression cannot be proved, but there is no `diverges' clause in the outer specification
Warning, file "./2574_left-and-right-sum-differences/implementations/list-imperative/list-imperative.mlw", line 205, characters 7-18: termination of this expression cannot be proved, but there is no `diverges' clause in the outer specification
Warning, file "./2574_left-and-right-sum-differences/implementations/list-imperative/list-imperative.mlw", line 204, characters 7-18: termination of this expression cannot be proved, but there is no `diverges' clause in the outer specification
Warning, file "./2574_left-and-right-sum-differences/implementations/list-imperative/list-imperative.mlw", line 203, characters 7-18: termination of this expression cannot be proved, but there is no `diverges' clause in the outer specification
Warning, file "./2574_left-and-right-sum-differences/implementations/list-imperative/list-imperative.mlw", line 202, characters 7-18: termination of this expression cannot be proved, but there is no `diverges' clause in the outer specification
Warning, file "./2574_left-and-right-sum-differences/implementations/list-imperative/list-imperative.mlw", line 201, characters 7-18: termination of this expression cannot be proved, but there is no `diverges' clause in the outer specification
Warning, file "./2574_left-and-right-sum-differences/implementations/list-imperative/list-imperative.mlw", line 200, characters 7-18: termination of this expression cannot be proved, but there is no `diverges' clause in the outer specification
Warning, file "./2574_left-and-right-sum-differences/implementations/list-imperative/list-imperative.mlw", line 199, characters 7-18: termination of this expression cannot be proved, but there is no `diverges' clause in the outer specification
Warning, file "./2574_left-and-right-sum-differences/implementations/list-imperative/list-imperative.mlw", line 198, characters 7-18: termination of this expression cannot be proved, but there is no `diverges' clause in the outer specification
Warning, file "./2574_left-and-right-sum-differences/implementations/list-imperative/list-imperative.mlw", line 197, characters 7-18: termination of this expression cannot be proved, but there is no `diverges' clause in the outer specification
Warning, file "./2574_left-and-right-sum-differences/implementations/list-imperative/list-imperative.mlw", line 196, characters 7-18: termination of this expression cannot be proved, but there is no `diverges' clause in the outer specification
result: bool = true
globals: <none>

EXECUTE_EXIT_CODE: 0
