FILE: ./870_advantage-shuffle/implementations/list-imperative/list-imperative.mlw
MODULE: AdvantageShuffle_List_Imperative_Implementation
COMMAND: why3 execute --use AdvantageShuffle_List_Imperative_Implementation ./870_advantage-shuffle/implementations/list-imperative/list-imperative.mlw 'run_tests ()'

Warning, file "./870_advantage-shuffle/implementations/list-imperative/list-imperative.mlw", line 34, character 4 to line 41, character 8: termination of this expression cannot be proved, but there is no `diverges' clause in the outer specification
Warning, file "./870_advantage-shuffle/implementations/list-imperative/list-imperative.mlw", line 47, character 4 to line 54, character 8: termination of this expression cannot be proved, but there is no `diverges' clause in the outer specification
Warning, file "./870_advantage-shuffle/implementations/list-imperative/list-imperative.mlw", line 135, characters 4-21: termination of this expression cannot be proved, but there is no `diverges' clause in the outer specification
Warning, file "./870_advantage-shuffle/implementations/list-imperative/list-imperative.mlw", line 131, character 4 to line 134, character 8: termination of this expression cannot be proved, but there is no `diverges' clause in the outer specification
Warning, file "./870_advantage-shuffle/implementations/list-imperative/list-imperative.mlw", line 141, character 4 to line 153, character 8: termination of this expression cannot be proved, but there is no `diverges' clause in the outer specification
Warning, file "./870_advantage-shuffle/implementations/list-imperative/list-imperative.mlw", line 191, characters 6-34: termination of this expression cannot be proved, but there is no `diverges' clause in the outer specification
Warning, file "./870_advantage-shuffle/implementations/list-imperative/list-imperative.mlw", line 170, character 6 to line 190, character 10: termination of this expression cannot be proved, but there is no `diverges' clause in the outer specification
Warning, file "./870_advantage-shuffle/implementations/list-imperative/list-imperative.mlw", line 162, characters 13-30: termination of this expression cannot be proved, but there is no `diverges' clause in the outer specification
Warning, file "./870_advantage-shuffle/implementations/list-imperative/list-imperative.mlw", line 161, characters 13-30: termination of this expression cannot be proved, but there is no `diverges' clause in the outer specification
Warning, file "./870_advantage-shuffle/implementations/list-imperative/list-imperative.mlw", line 198, characters 4-33: termination of this expression cannot be proved, but there is no `diverges' clause in the outer specification
Warning, file "./870_advantage-shuffle/implementations/list-imperative/list-imperative.mlw", line 197, characters 17-51: termination of this expression cannot be proved, but there is no `diverges' clause in the outer specification
Warning, file "./870_advantage-shuffle/implementations/list-imperative/list-imperative.mlw", line 205, characters 4-33: termination of this expression cannot be proved, but there is no `diverges' clause in the outer specification
Warning, file "./870_advantage-shuffle/implementations/list-imperative/list-imperative.mlw", line 204, characters 17-51: termination of this expression cannot be proved, but there is no `diverges' clause in the outer specification
Warning, file "./870_advantage-shuffle/implementations/list-imperative/list-imperative.mlw", line 212, characters 4-33: termination of this expression cannot be proved, but there is no `diverges' clause in the outer specification
Warning, file "./870_advantage-shuffle/implementations/list-imperative/list-imperative.mlw", line 211, characters 17-51: termination of this expression cannot be proved, but there is no `diverges' clause in the outer specification
Warning, file "./870_advantage-shuffle/implementations/list-imperative/list-imperative.mlw", line 219, characters 4-33: termination of this expression cannot be proved, but there is no `diverges' clause in the outer specification
Warning, file "./870_advantage-shuffle/implementations/list-imperative/list-imperative.mlw", line 218, characters 17-51: termination of this expression cannot be proved, but there is no `diverges' clause in the outer specification
Warning, file "./870_advantage-shuffle/implementations/list-imperative/list-imperative.mlw", line 226, characters 4-33: termination of this expression cannot be proved, but there is no `diverges' clause in the outer specification
Warning, file "./870_advantage-shuffle/implementations/list-imperative/list-imperative.mlw", line 225, characters 17-51: termination of this expression cannot be proved, but there is no `diverges' clause in the outer specification
Warning, file "./870_advantage-shuffle/implementations/list-imperative/list-imperative.mlw", line 233, characters 4-33: termination of this expression cannot be proved, but there is no `diverges' clause in the outer specification
Warning, file "./870_advantage-shuffle/implementations/list-imperative/list-imperative.mlw", line 232, characters 17-51: termination of this expression cannot be proved, but there is no `diverges' clause in the outer specification
Warning, file "./870_advantage-shuffle/implementations/list-imperative/list-imperative.mlw", line 240, characters 4-33: termination of this expression cannot be proved, but there is no `diverges' clause in the outer specification
Warning, file "./870_advantage-shuffle/implementations/list-imperative/list-imperative.mlw", line 239, characters 17-51: termination of this expression cannot be proved, but there is no `diverges' clause in the outer specification
Warning, file "./870_advantage-shuffle/implementations/list-imperative/list-imperative.mlw", line 247, characters 4-33: termination of this expression cannot be proved, but there is no `diverges' clause in the outer specification
Warning, file "./870_advantage-shuffle/implementations/list-imperative/list-imperative.mlw", line 246, characters 17-51: termination of this expression cannot be proved, but there is no `diverges' clause in the outer specification
Warning, file "./870_advantage-shuffle/implementations/list-imperative/list-imperative.mlw", line 254, characters 4-33: termination of this expression cannot be proved, but there is no `diverges' clause in the outer specification
Warning, file "./870_advantage-shuffle/implementations/list-imperative/list-imperative.mlw", line 253, characters 17-51: termination of this expression cannot be proved, but there is no `diverges' clause in the outer specification
Warning, file "./870_advantage-shuffle/implementations/list-imperative/list-imperative.mlw", line 261, characters 4-33: termination of this expression cannot be proved, but there is no `diverges' clause in the outer specification
Warning, file "./870_advantage-shuffle/implementations/list-imperative/list-imperative.mlw", line 260, characters 17-51: termination of this expression cannot be proved, but there is no `diverges' clause in the outer specification
Warning, file "./870_advantage-shuffle/implementations/list-imperative/list-imperative.mlw", line 268, characters 4-33: termination of this expression cannot be proved, but there is no `diverges' clause in the outer specification
Warning, file "./870_advantage-shuffle/implementations/list-imperative/list-imperative.mlw", line 267, characters 17-51: termination of this expression cannot be proved, but there is no `diverges' clause in the outer specification
Warning, file "./870_advantage-shuffle/implementations/list-imperative/list-imperative.mlw", line 275, characters 4-33: termination of this expression cannot be proved, but there is no `diverges' clause in the outer specification
Warning, file "./870_advantage-shuffle/implementations/list-imperative/list-imperative.mlw", line 274, characters 17-51: termination of this expression cannot be proved, but there is no `diverges' clause in the outer specification
Warning, file "./870_advantage-shuffle/implementations/list-imperative/list-imperative.mlw", line 282, characters 4-33: termination of this expression cannot be proved, but there is no `diverges' clause in the outer specification
Warning, file "./870_advantage-shuffle/implementations/list-imperative/list-imperative.mlw", line 281, characters 17-51: termination of this expression cannot be proved, but there is no `diverges' clause in the outer specification
Warning, file "./870_advantage-shuffle/implementations/list-imperative/list-imperative.mlw", line 289, characters 4-33: termination of this expression cannot be proved, but there is no `diverges' clause in the outer specification
Warning, file "./870_advantage-shuffle/implementations/list-imperative/list-imperative.mlw", line 288, characters 17-51: termination of this expression cannot be proved, but there is no `diverges' clause in the outer specification
Warning, file "./870_advantage-shuffle/implementations/list-imperative/list-imperative.mlw", line 296, characters 4-33: termination of this expression cannot be proved, but there is no `diverges' clause in the outer specification
Warning, file "./870_advantage-shuffle/implementations/list-imperative/list-imperative.mlw", line 295, characters 17-51: termination of this expression cannot be proved, but there is no `diverges' clause in the outer specification
Warning, file "./870_advantage-shuffle/implementations/list-imperative/list-imperative.mlw", line 303, characters 4-33: termination of this expression cannot be proved, but there is no `diverges' clause in the outer specification
Warning, file "./870_advantage-shuffle/implementations/list-imperative/list-imperative.mlw", line 302, characters 17-51: termination of this expression cannot be proved, but there is no `diverges' clause in the outer specification
Warning, file "./870_advantage-shuffle/implementations/list-imperative/list-imperative.mlw", line 310, characters 4-33: termination of this expression cannot be proved, but there is no `diverges' clause in the outer specification
Warning, file "./870_advantage-shuffle/implementations/list-imperative/list-imperative.mlw", line 309, characters 17-51: termination of this expression cannot be proved, but there is no `diverges' clause in the outer specification
Warning, file "./870_advantage-shuffle/implementations/list-imperative/list-imperative.mlw", line 317, characters 4-33: termination of this expression cannot be proved, but there is no `diverges' clause in the outer specification
Warning, file "./870_advantage-shuffle/implementations/list-imperative/list-imperative.mlw", line 316, characters 17-51: termination of this expression cannot be proved, but there is no `diverges' clause in the outer specification
Warning, file "./870_advantage-shuffle/implementations/list-imperative/list-imperative.mlw", line 324, characters 4-33: termination of this expression cannot be proved, but there is no `diverges' clause in the outer specification
Warning, file "./870_advantage-shuffle/implementations/list-imperative/list-imperative.mlw", line 323, characters 17-51: termination of this expression cannot be proved, but there is no `diverges' clause in the outer specification
Warning, file "./870_advantage-shuffle/implementations/list-imperative/list-imperative.mlw", line 331, characters 4-33: termination of this expression cannot be proved, but there is no `diverges' clause in the outer specification
Warning, file "./870_advantage-shuffle/implementations/list-imperative/list-imperative.mlw", line 330, characters 17-51: termination of this expression cannot be proved, but there is no `diverges' clause in the outer specification
Warning, file "./870_advantage-shuffle/implementations/list-imperative/list-imperative.mlw", line 353, characters 7-18: termination of this expression cannot be proved, but there is no `diverges' clause in the outer specification
Warning, file "./870_advantage-shuffle/implementations/list-imperative/list-imperative.mlw", line 352, characters 7-18: termination of this expression cannot be proved, but there is no `diverges' clause in the outer specification
Warning, file "./870_advantage-shuffle/implementations/list-imperative/list-imperative.mlw", line 351, characters 7-18: termination of this expression cannot be proved, but there is no `diverges' clause in the outer specification
Warning, file "./870_advantage-shuffle/implementations/list-imperative/list-imperative.mlw", line 350, characters 7-18: termination of this expression cannot be proved, but there is no `diverges' clause in the outer specification
Warning, file "./870_advantage-shuffle/implementations/list-imperative/list-imperative.mlw", line 349, characters 7-18: termination of this expression cannot be proved, but there is no `diverges' clause in the outer specification
Warning, file "./870_advantage-shuffle/implementations/list-imperative/list-imperative.mlw", line 348, characters 7-18: termination of this expression cannot be proved, but there is no `diverges' clause in the outer specification
Warning, file "./870_advantage-shuffle/implementations/list-imperative/list-imperative.mlw", line 347, characters 7-18: termination of this expression cannot be proved, but there is no `diverges' clause in the outer specification
Warning, file "./870_advantage-shuffle/implementations/list-imperative/list-imperative.mlw", line 346, characters 7-18: termination of this expression cannot be proved, but there is no `diverges' clause in the outer specification
Warning, file "./870_advantage-shuffle/implementations/list-imperative/list-imperative.mlw", line 345, characters 7-18: termination of this expression cannot be proved, but there is no `diverges' clause in the outer specification
Warning, file "./870_advantage-shuffle/implementations/list-imperative/list-imperative.mlw", line 344, characters 7-18: termination of this expression cannot be proved, but there is no `diverges' clause in the outer specification
Warning, file "./870_advantage-shuffle/implementations/list-imperative/list-imperative.mlw", line 343, characters 7-18: termination of this expression cannot be proved, but there is no `diverges' clause in the outer specification
Warning, file "./870_advantage-shuffle/implementations/list-imperative/list-imperative.mlw", line 342, characters 7-18: termination of this expression cannot be proved, but there is no `diverges' clause in the outer specification
Warning, file "./870_advantage-shuffle/implementations/list-imperative/list-imperative.mlw", line 341, characters 7-18: termination of this expression cannot be proved, but there is no `diverges' clause in the outer specification
Warning, file "./870_advantage-shuffle/implementations/list-imperative/list-imperative.mlw", line 340, characters 7-18: termination of this expression cannot be proved, but there is no `diverges' clause in the outer specification
Warning, file "./870_advantage-shuffle/implementations/list-imperative/list-imperative.mlw", line 339, characters 7-18: termination of this expression cannot be proved, but there is no `diverges' clause in the outer specification
Warning, file "./870_advantage-shuffle/implementations/list-imperative/list-imperative.mlw", line 338, characters 7-18: termination of this expression cannot be proved, but there is no `diverges' clause in the outer specification
Warning, file "./870_advantage-shuffle/implementations/list-imperative/list-imperative.mlw", line 337, characters 7-18: termination of this expression cannot be proved, but there is no `diverges' clause in the outer specification
Warning, file "./870_advantage-shuffle/implementations/list-imperative/list-imperative.mlw", line 336, characters 7-18: termination of this expression cannot be proved, but there is no `diverges' clause in the outer specification
Warning, file "./870_advantage-shuffle/implementations/list-imperative/list-imperative.mlw", line 335, characters 7-18: termination of this expression cannot be proved, but there is no `diverges' clause in the outer specification
Warning, file "./870_advantage-shuffle/implementations/list-imperative/list-imperative.mlw", line 334, characters 7-18: termination of this expression cannot be proved, but there is no `diverges' clause in the outer specification
result: bool = true
globals: <none>

EXECUTE_EXIT_CODE: 0
