FILE: ./2200_find-all-k-distant-indices-in-an-array/implementations/list-imperative/list-imperative.mlw
MODULE: FindAllKDistantIndicesInAnArray_List_Imperative
COMMAND: why3 execute --use FindAllKDistantIndicesInAnArray_List_Imperative ./2200_find-all-k-distant-indices-in-an-array/implementations/list-imperative/list-imperative.mlw 'run_tests ()'

Warning, file "./2200_find-all-k-distant-indices-in-an-array/implementations/list-imperative/list-imperative.mlw", line 11, character 4 to line 18, character 8: termination of this expression cannot be proved, but there is no `diverges' clause in the outer specification
Warning, file "./2200_find-all-k-distant-indices-in-an-array/implementations/list-imperative/list-imperative.mlw", line 25, character 4 to line 36, character 8: termination of this expression cannot be proved, but there is no `diverges' clause in the outer specification
Warning, file "./2200_find-all-k-distant-indices-in-an-array/implementations/list-imperative/list-imperative.mlw", line 46, character 4 to line 53, character 8: termination of this expression cannot be proved, but there is no `diverges' clause in the outer specification
Warning, file "./2200_find-all-k-distant-indices-in-an-array/implementations/list-imperative/list-imperative.mlw", line 84, characters 4-28: termination of this expression cannot be proved, but there is no `diverges' clause in the outer specification
Warning, file "./2200_find-all-k-distant-indices-in-an-array/implementations/list-imperative/list-imperative.mlw", line 78, characters 13-56: termination of this expression cannot be proved, but there is no `diverges' clause in the outer specification
Warning, file "./2200_find-all-k-distant-indices-in-an-array/implementations/list-imperative/list-imperative.mlw", line 74, character 4 to line 83, character 8: termination of this expression cannot be proved, but there is no `diverges' clause in the outer specification
Warning, file "./2200_find-all-k-distant-indices-in-an-array/implementations/list-imperative/list-imperative.mlw", line 70, characters 24-55: termination of this expression cannot be proved, but there is no `diverges' clause in the outer specification
Warning, file "./2200_find-all-k-distant-indices-in-an-array/implementations/list-imperative/list-imperative.mlw", line 61, character 4 to line 69, character 8: termination of this expression cannot be proved, but there is no `diverges' clause in the outer specification
Warning, file "./2200_find-all-k-distant-indices-in-an-array/implementations/list-imperative/list-imperative.mlw", line 90, characters 4-24: termination of this expression cannot be proved, but there is no `diverges' clause in the outer specification
Warning, file "./2200_find-all-k-distant-indices-in-an-array/implementations/list-imperative/list-imperative.mlw", line 89, characters 12-64: termination of this expression cannot be proved, but there is no `diverges' clause in the outer specification
Warning, file "./2200_find-all-k-distant-indices-in-an-array/implementations/list-imperative/list-imperative.mlw", line 96, characters 4-24: termination of this expression cannot be proved, but there is no `diverges' clause in the outer specification
Warning, file "./2200_find-all-k-distant-indices-in-an-array/implementations/list-imperative/list-imperative.mlw", line 95, characters 12-64: termination of this expression cannot be proved, but there is no `diverges' clause in the outer specification
Warning, file "./2200_find-all-k-distant-indices-in-an-array/implementations/list-imperative/list-imperative.mlw", line 102, characters 4-24: termination of this expression cannot be proved, but there is no `diverges' clause in the outer specification
Warning, file "./2200_find-all-k-distant-indices-in-an-array/implementations/list-imperative/list-imperative.mlw", line 101, characters 12-64: termination of this expression cannot be proved, but there is no `diverges' clause in the outer specification
Warning, file "./2200_find-all-k-distant-indices-in-an-array/implementations/list-imperative/list-imperative.mlw", line 108, characters 4-24: termination of this expression cannot be proved, but there is no `diverges' clause in the outer specification
Warning, file "./2200_find-all-k-distant-indices-in-an-array/implementations/list-imperative/list-imperative.mlw", line 107, characters 12-64: termination of this expression cannot be proved, but there is no `diverges' clause in the outer specification
Warning, file "./2200_find-all-k-distant-indices-in-an-array/implementations/list-imperative/list-imperative.mlw", line 114, characters 4-24: termination of this expression cannot be proved, but there is no `diverges' clause in the outer specification
Warning, file "./2200_find-all-k-distant-indices-in-an-array/implementations/list-imperative/list-imperative.mlw", line 113, characters 12-65: termination of this expression cannot be proved, but there is no `diverges' clause in the outer specification
Warning, file "./2200_find-all-k-distant-indices-in-an-array/implementations/list-imperative/list-imperative.mlw", line 120, characters 4-24: termination of this expression cannot be proved, but there is no `diverges' clause in the outer specification
Warning, file "./2200_find-all-k-distant-indices-in-an-array/implementations/list-imperative/list-imperative.mlw", line 119, characters 12-64: termination of this expression cannot be proved, but there is no `diverges' clause in the outer specification
Warning, file "./2200_find-all-k-distant-indices-in-an-array/implementations/list-imperative/list-imperative.mlw", line 126, characters 4-24: termination of this expression cannot be proved, but there is no `diverges' clause in the outer specification
Warning, file "./2200_find-all-k-distant-indices-in-an-array/implementations/list-imperative/list-imperative.mlw", line 125, characters 12-64: termination of this expression cannot be proved, but there is no `diverges' clause in the outer specification
Warning, file "./2200_find-all-k-distant-indices-in-an-array/implementations/list-imperative/list-imperative.mlw", line 132, characters 4-24: termination of this expression cannot be proved, but there is no `diverges' clause in the outer specification
Warning, file "./2200_find-all-k-distant-indices-in-an-array/implementations/list-imperative/list-imperative.mlw", line 131, characters 12-64: termination of this expression cannot be proved, but there is no `diverges' clause in the outer specification
Warning, file "./2200_find-all-k-distant-indices-in-an-array/implementations/list-imperative/list-imperative.mlw", line 138, characters 4-24: termination of this expression cannot be proved, but there is no `diverges' clause in the outer specification
Warning, file "./2200_find-all-k-distant-indices-in-an-array/implementations/list-imperative/list-imperative.mlw", line 137, characters 12-65: termination of this expression cannot be proved, but there is no `diverges' clause in the outer specification
Warning, file "./2200_find-all-k-distant-indices-in-an-array/implementations/list-imperative/list-imperative.mlw", line 144, characters 4-24: termination of this expression cannot be proved, but there is no `diverges' clause in the outer specification
Warning, file "./2200_find-all-k-distant-indices-in-an-array/implementations/list-imperative/list-imperative.mlw", line 143, characters 12-64: termination of this expression cannot be proved, but there is no `diverges' clause in the outer specification
Warning, file "./2200_find-all-k-distant-indices-in-an-array/implementations/list-imperative/list-imperative.mlw", line 150, characters 4-24: termination of this expression cannot be proved, but there is no `diverges' clause in the outer specification
Warning, file "./2200_find-all-k-distant-indices-in-an-array/implementations/list-imperative/list-imperative.mlw", line 149, characters 12-64: termination of this expression cannot be proved, but there is no `diverges' clause in the outer specification
Warning, file "./2200_find-all-k-distant-indices-in-an-array/implementations/list-imperative/list-imperative.mlw", line 156, characters 4-24: termination of this expression cannot be proved, but there is no `diverges' clause in the outer specification
Warning, file "./2200_find-all-k-distant-indices-in-an-array/implementations/list-imperative/list-imperative.mlw", line 155, characters 12-64: termination of this expression cannot be proved, but there is no `diverges' clause in the outer specification
Warning, file "./2200_find-all-k-distant-indices-in-an-array/implementations/list-imperative/list-imperative.mlw", line 162, characters 4-24: termination of this expression cannot be proved, but there is no `diverges' clause in the outer specification
Warning, file "./2200_find-all-k-distant-indices-in-an-array/implementations/list-imperative/list-imperative.mlw", line 161, characters 12-65: termination of this expression cannot be proved, but there is no `diverges' clause in the outer specification
Warning, file "./2200_find-all-k-distant-indices-in-an-array/implementations/list-imperative/list-imperative.mlw", line 168, characters 4-24: termination of this expression cannot be proved, but there is no `diverges' clause in the outer specification
Warning, file "./2200_find-all-k-distant-indices-in-an-array/implementations/list-imperative/list-imperative.mlw", line 167, characters 12-65: termination of this expression cannot be proved, but there is no `diverges' clause in the outer specification
Warning, file "./2200_find-all-k-distant-indices-in-an-array/implementations/list-imperative/list-imperative.mlw", line 174, characters 4-24: termination of this expression cannot be proved, but there is no `diverges' clause in the outer specification
Warning, file "./2200_find-all-k-distant-indices-in-an-array/implementations/list-imperative/list-imperative.mlw", line 173, characters 12-65: termination of this expression cannot be proved, but there is no `diverges' clause in the outer specification
Warning, file "./2200_find-all-k-distant-indices-in-an-array/implementations/list-imperative/list-imperative.mlw", line 180, characters 4-24: termination of this expression cannot be proved, but there is no `diverges' clause in the outer specification
Warning, file "./2200_find-all-k-distant-indices-in-an-array/implementations/list-imperative/list-imperative.mlw", line 179, characters 12-64: termination of this expression cannot be proved, but there is no `diverges' clause in the outer specification
Warning, file "./2200_find-all-k-distant-indices-in-an-array/implementations/list-imperative/list-imperative.mlw", line 186, characters 4-24: termination of this expression cannot be proved, but there is no `diverges' clause in the outer specification
Warning, file "./2200_find-all-k-distant-indices-in-an-array/implementations/list-imperative/list-imperative.mlw", line 185, characters 12-66: termination of this expression cannot be proved, but there is no `diverges' clause in the outer specification
Warning, file "./2200_find-all-k-distant-indices-in-an-array/implementations/list-imperative/list-imperative.mlw", line 192, characters 4-24: termination of this expression cannot be proved, but there is no `diverges' clause in the outer specification
Warning, file "./2200_find-all-k-distant-indices-in-an-array/implementations/list-imperative/list-imperative.mlw", line 191, characters 12-64: termination of this expression cannot be proved, but there is no `diverges' clause in the outer specification
Warning, file "./2200_find-all-k-distant-indices-in-an-array/implementations/list-imperative/list-imperative.mlw", line 198, characters 4-24: termination of this expression cannot be proved, but there is no `diverges' clause in the outer specification
Warning, file "./2200_find-all-k-distant-indices-in-an-array/implementations/list-imperative/list-imperative.mlw", line 197, characters 12-64: termination of this expression cannot be proved, but there is no `diverges' clause in the outer specification
Warning, file "./2200_find-all-k-distant-indices-in-an-array/implementations/list-imperative/list-imperative.mlw", line 204, characters 4-24: termination of this expression cannot be proved, but there is no `diverges' clause in the outer specification
Warning, file "./2200_find-all-k-distant-indices-in-an-array/implementations/list-imperative/list-imperative.mlw", line 203, characters 12-65: termination of this expression cannot be proved, but there is no `diverges' clause in the outer specification
Warning, file "./2200_find-all-k-distant-indices-in-an-array/implementations/list-imperative/list-imperative.mlw", line 226, characters 7-18: termination of this expression cannot be proved, but there is no `diverges' clause in the outer specification
Warning, file "./2200_find-all-k-distant-indices-in-an-array/implementations/list-imperative/list-imperative.mlw", line 225, characters 7-18: termination of this expression cannot be proved, but there is no `diverges' clause in the outer specification
Warning, file "./2200_find-all-k-distant-indices-in-an-array/implementations/list-imperative/list-imperative.mlw", line 224, characters 7-18: termination of this expression cannot be proved, but there is no `diverges' clause in the outer specification
Warning, file "./2200_find-all-k-distant-indices-in-an-array/implementations/list-imperative/list-imperative.mlw", line 223, characters 7-18: termination of this expression cannot be proved, but there is no `diverges' clause in the outer specification
Warning, file "./2200_find-all-k-distant-indices-in-an-array/implementations/list-imperative/list-imperative.mlw", line 222, characters 7-18: termination of this expression cannot be proved, but there is no `diverges' clause in the outer specification
Warning, file "./2200_find-all-k-distant-indices-in-an-array/implementations/list-imperative/list-imperative.mlw", line 221, characters 7-18: termination of this expression cannot be proved, but there is no `diverges' clause in the outer specification
Warning, file "./2200_find-all-k-distant-indices-in-an-array/implementations/list-imperative/list-imperative.mlw", line 220, characters 7-18: termination of this expression cannot be proved, but there is no `diverges' clause in the outer specification
Warning, file "./2200_find-all-k-distant-indices-in-an-array/implementations/list-imperative/list-imperative.mlw", line 219, characters 7-18: termination of this expression cannot be proved, but there is no `diverges' clause in the outer specification
Warning, file "./2200_find-all-k-distant-indices-in-an-array/implementations/list-imperative/list-imperative.mlw", line 218, characters 7-18: termination of this expression cannot be proved, but there is no `diverges' clause in the outer specification
Warning, file "./2200_find-all-k-distant-indices-in-an-array/implementations/list-imperative/list-imperative.mlw", line 217, characters 7-18: termination of this expression cannot be proved, but there is no `diverges' clause in the outer specification
Warning, file "./2200_find-all-k-distant-indices-in-an-array/implementations/list-imperative/list-imperative.mlw", line 216, characters 7-18: termination of this expression cannot be proved, but there is no `diverges' clause in the outer specification
Warning, file "./2200_find-all-k-distant-indices-in-an-array/implementations/list-imperative/list-imperative.mlw", line 215, characters 7-18: termination of this expression cannot be proved, but there is no `diverges' clause in the outer specification
Warning, file "./2200_find-all-k-distant-indices-in-an-array/implementations/list-imperative/list-imperative.mlw", line 214, characters 7-18: termination of this expression cannot be proved, but there is no `diverges' clause in the outer specification
Warning, file "./2200_find-all-k-distant-indices-in-an-array/implementations/list-imperative/list-imperative.mlw", line 213, characters 7-18: termination of this expression cannot be proved, but there is no `diverges' clause in the outer specification
Warning, file "./2200_find-all-k-distant-indices-in-an-array/implementations/list-imperative/list-imperative.mlw", line 212, characters 7-18: termination of this expression cannot be proved, but there is no `diverges' clause in the outer specification
Warning, file "./2200_find-all-k-distant-indices-in-an-array/implementations/list-imperative/list-imperative.mlw", line 211, characters 7-18: termination of this expression cannot be proved, but there is no `diverges' clause in the outer specification
Warning, file "./2200_find-all-k-distant-indices-in-an-array/implementations/list-imperative/list-imperative.mlw", line 210, characters 7-18: termination of this expression cannot be proved, but there is no `diverges' clause in the outer specification
Warning, file "./2200_find-all-k-distant-indices-in-an-array/implementations/list-imperative/list-imperative.mlw", line 209, characters 7-18: termination of this expression cannot be proved, but there is no `diverges' clause in the outer specification
Warning, file "./2200_find-all-k-distant-indices-in-an-array/implementations/list-imperative/list-imperative.mlw", line 208, characters 7-18: termination of this expression cannot be proved, but there is no `diverges' clause in the outer specification
Warning, file "./2200_find-all-k-distant-indices-in-an-array/implementations/list-imperative/list-imperative.mlw", line 207, characters 7-18: termination of this expression cannot be proved, but there is no `diverges' clause in the outer specification
result: bool = true
globals: <none>

EXECUTE_EXIT_CODE: 0
