FILE: ./2996_smallest-missing-integer-greater-than-sequential-prefix-sum/implementations/list-imperative/list-imperative.mlw
MODULE: SmallestMissingIntegerGreaterThanSequentialPrefixSum_List_Imperative
COMMAND: why3 execute --use SmallestMissingIntegerGreaterThanSequentialPrefixSum_List_Imperative ./2996_smallest-missing-integer-greater-than-sequential-prefix-sum/implementations/list-imperative/list-imperative.mlw 'run_tests ()'

Warning, file "./2996_smallest-missing-integer-greater-than-sequential-prefix-sum/implementations/list-imperative/list-imperative.mlw", line 12, character 6 to line 19, character 10: termination of this expression cannot be proved, but there is no `diverges' clause in the outer specification
Warning, file "./2996_smallest-missing-integer-greater-than-sequential-prefix-sum/implementations/list-imperative/list-imperative.mlw", line 32, character 8 to line 43, character 12: termination of this expression cannot be proved, but there is no `diverges' clause in the outer specification
Warning, file "./2996_smallest-missing-integer-greater-than-sequential-prefix-sum/implementations/list-imperative/list-imperative.mlw", line 50, characters 10-39: termination of this expression cannot be proved, but there is no `diverges' clause in the outer specification
Warning, file "./2996_smallest-missing-integer-greater-than-sequential-prefix-sum/implementations/list-imperative/list-imperative.mlw", line 50, character 4 to line 52, character 8: termination of this expression cannot be proved, but there is no `diverges' clause in the outer specification
Warning, file "./2996_smallest-missing-integer-greater-than-sequential-prefix-sum/implementations/list-imperative/list-imperative.mlw", line 49, characters 24-52: termination of this expression cannot be proved, but there is no `diverges' clause in the outer specification
Warning, file "./2996_smallest-missing-integer-greater-than-sequential-prefix-sum/implementations/list-imperative/list-imperative.mlw", line 56, characters 17-86: termination of this expression cannot be proved, but there is no `diverges' clause in the outer specification
Warning, file "./2996_smallest-missing-integer-greater-than-sequential-prefix-sum/implementations/list-imperative/list-imperative.mlw", line 61, characters 4-21: termination of this expression cannot be proved, but there is no `diverges' clause in the outer specification
Warning, file "./2996_smallest-missing-integer-greater-than-sequential-prefix-sum/implementations/list-imperative/list-imperative.mlw", line 65, characters 4-22: termination of this expression cannot be proved, but there is no `diverges' clause in the outer specification
Warning, file "./2996_smallest-missing-integer-greater-than-sequential-prefix-sum/implementations/list-imperative/list-imperative.mlw", line 69, characters 4-22: termination of this expression cannot be proved, but there is no `diverges' clause in the outer specification
Warning, file "./2996_smallest-missing-integer-greater-than-sequential-prefix-sum/implementations/list-imperative/list-imperative.mlw", line 73, characters 4-21: termination of this expression cannot be proved, but there is no `diverges' clause in the outer specification
Warning, file "./2996_smallest-missing-integer-greater-than-sequential-prefix-sum/implementations/list-imperative/list-imperative.mlw", line 79, characters 4-22: termination of this expression cannot be proved, but there is no `diverges' clause in the outer specification
Warning, file "./2996_smallest-missing-integer-greater-than-sequential-prefix-sum/implementations/list-imperative/list-imperative.mlw", line 83, characters 4-22: termination of this expression cannot be proved, but there is no `diverges' clause in the outer specification
Warning, file "./2996_smallest-missing-integer-greater-than-sequential-prefix-sum/implementations/list-imperative/list-imperative.mlw", line 89, characters 4-22: termination of this expression cannot be proved, but there is no `diverges' clause in the outer specification
Warning, file "./2996_smallest-missing-integer-greater-than-sequential-prefix-sum/implementations/list-imperative/list-imperative.mlw", line 93, characters 4-22: termination of this expression cannot be proved, but there is no `diverges' clause in the outer specification
Warning, file "./2996_smallest-missing-integer-greater-than-sequential-prefix-sum/implementations/list-imperative/list-imperative.mlw", line 97, characters 4-21: termination of this expression cannot be proved, but there is no `diverges' clause in the outer specification
Warning, file "./2996_smallest-missing-integer-greater-than-sequential-prefix-sum/implementations/list-imperative/list-imperative.mlw", line 101, characters 4-22: termination of this expression cannot be proved, but there is no `diverges' clause in the outer specification
Warning, file "./2996_smallest-missing-integer-greater-than-sequential-prefix-sum/implementations/list-imperative/list-imperative.mlw", line 107, characters 4-23: termination of this expression cannot be proved, but there is no `diverges' clause in the outer specification
Warning, file "./2996_smallest-missing-integer-greater-than-sequential-prefix-sum/implementations/list-imperative/list-imperative.mlw", line 111, characters 4-22: termination of this expression cannot be proved, but there is no `diverges' clause in the outer specification
Warning, file "./2996_smallest-missing-integer-greater-than-sequential-prefix-sum/implementations/list-imperative/list-imperative.mlw", line 117, characters 4-22: termination of this expression cannot be proved, but there is no `diverges' clause in the outer specification
Warning, file "./2996_smallest-missing-integer-greater-than-sequential-prefix-sum/implementations/list-imperative/list-imperative.mlw", line 121, characters 4-21: termination of this expression cannot be proved, but there is no `diverges' clause in the outer specification
Warning, file "./2996_smallest-missing-integer-greater-than-sequential-prefix-sum/implementations/list-imperative/list-imperative.mlw", line 125, characters 4-21: termination of this expression cannot be proved, but there is no `diverges' clause in the outer specification
Warning, file "./2996_smallest-missing-integer-greater-than-sequential-prefix-sum/implementations/list-imperative/list-imperative.mlw", line 129, characters 4-22: termination of this expression cannot be proved, but there is no `diverges' clause in the outer specification
Warning, file "./2996_smallest-missing-integer-greater-than-sequential-prefix-sum/implementations/list-imperative/list-imperative.mlw", line 133, characters 4-21: termination of this expression cannot be proved, but there is no `diverges' clause in the outer specification
Warning, file "./2996_smallest-missing-integer-greater-than-sequential-prefix-sum/implementations/list-imperative/list-imperative.mlw", line 137, characters 4-21: termination of this expression cannot be proved, but there is no `diverges' clause in the outer specification
Warning, file "./2996_smallest-missing-integer-greater-than-sequential-prefix-sum/implementations/list-imperative/list-imperative.mlw", line 157, characters 4-23: termination of this expression cannot be proved, but there is no `diverges' clause in the outer specification
Warning, file "./2996_smallest-missing-integer-greater-than-sequential-prefix-sum/implementations/list-imperative/list-imperative.mlw", line 161, characters 4-21: termination of this expression cannot be proved, but there is no `diverges' clause in the outer specification
Warning, file "./2996_smallest-missing-integer-greater-than-sequential-prefix-sum/implementations/list-imperative/list-imperative.mlw", line 183, characters 7-18: termination of this expression cannot be proved, but there is no `diverges' clause in the outer specification
Warning, file "./2996_smallest-missing-integer-greater-than-sequential-prefix-sum/implementations/list-imperative/list-imperative.mlw", line 182, characters 7-18: termination of this expression cannot be proved, but there is no `diverges' clause in the outer specification
Warning, file "./2996_smallest-missing-integer-greater-than-sequential-prefix-sum/implementations/list-imperative/list-imperative.mlw", line 181, characters 7-18: termination of this expression cannot be proved, but there is no `diverges' clause in the outer specification
Warning, file "./2996_smallest-missing-integer-greater-than-sequential-prefix-sum/implementations/list-imperative/list-imperative.mlw", line 180, characters 7-18: termination of this expression cannot be proved, but there is no `diverges' clause in the outer specification
Warning, file "./2996_smallest-missing-integer-greater-than-sequential-prefix-sum/implementations/list-imperative/list-imperative.mlw", line 179, characters 7-18: termination of this expression cannot be proved, but there is no `diverges' clause in the outer specification
Warning, file "./2996_smallest-missing-integer-greater-than-sequential-prefix-sum/implementations/list-imperative/list-imperative.mlw", line 178, characters 7-18: termination of this expression cannot be proved, but there is no `diverges' clause in the outer specification
Warning, file "./2996_smallest-missing-integer-greater-than-sequential-prefix-sum/implementations/list-imperative/list-imperative.mlw", line 177, characters 7-18: termination of this expression cannot be proved, but there is no `diverges' clause in the outer specification
Warning, file "./2996_smallest-missing-integer-greater-than-sequential-prefix-sum/implementations/list-imperative/list-imperative.mlw", line 176, characters 7-18: termination of this expression cannot be proved, but there is no `diverges' clause in the outer specification
Warning, file "./2996_smallest-missing-integer-greater-than-sequential-prefix-sum/implementations/list-imperative/list-imperative.mlw", line 175, characters 7-18: termination of this expression cannot be proved, but there is no `diverges' clause in the outer specification
Warning, file "./2996_smallest-missing-integer-greater-than-sequential-prefix-sum/implementations/list-imperative/list-imperative.mlw", line 174, characters 7-18: termination of this expression cannot be proved, but there is no `diverges' clause in the outer specification
Warning, file "./2996_smallest-missing-integer-greater-than-sequential-prefix-sum/implementations/list-imperative/list-imperative.mlw", line 173, characters 7-18: termination of this expression cannot be proved, but there is no `diverges' clause in the outer specification
Warning, file "./2996_smallest-missing-integer-greater-than-sequential-prefix-sum/implementations/list-imperative/list-imperative.mlw", line 172, characters 7-18: termination of this expression cannot be proved, but there is no `diverges' clause in the outer specification
Warning, file "./2996_smallest-missing-integer-greater-than-sequential-prefix-sum/implementations/list-imperative/list-imperative.mlw", line 171, characters 7-18: termination of this expression cannot be proved, but there is no `diverges' clause in the outer specification
Warning, file "./2996_smallest-missing-integer-greater-than-sequential-prefix-sum/implementations/list-imperative/list-imperative.mlw", line 170, characters 7-18: termination of this expression cannot be proved, but there is no `diverges' clause in the outer specification
Warning, file "./2996_smallest-missing-integer-greater-than-sequential-prefix-sum/implementations/list-imperative/list-imperative.mlw", line 169, characters 7-18: termination of this expression cannot be proved, but there is no `diverges' clause in the outer specification
Warning, file "./2996_smallest-missing-integer-greater-than-sequential-prefix-sum/implementations/list-imperative/list-imperative.mlw", line 168, characters 7-18: termination of this expression cannot be proved, but there is no `diverges' clause in the outer specification
Warning, file "./2996_smallest-missing-integer-greater-than-sequential-prefix-sum/implementations/list-imperative/list-imperative.mlw", line 167, characters 7-18: termination of this expression cannot be proved, but there is no `diverges' clause in the outer specification
Warning, file "./2996_smallest-missing-integer-greater-than-sequential-prefix-sum/implementations/list-imperative/list-imperative.mlw", line 166, characters 7-18: termination of this expression cannot be proved, but there is no `diverges' clause in the outer specification
Warning, file "./2996_smallest-missing-integer-greater-than-sequential-prefix-sum/implementations/list-imperative/list-imperative.mlw", line 165, characters 7-18: termination of this expression cannot be proved, but there is no `diverges' clause in the outer specification
Warning, file "./2996_smallest-missing-integer-greater-than-sequential-prefix-sum/implementations/list-imperative/list-imperative.mlw", line 164, characters 7-18: termination of this expression cannot be proved, but there is no `diverges' clause in the outer specification
result: bool = true
globals: <none>

EXECUTE_EXIT_CODE: 0
