FILE: ./3155_maximum-number-of-upgradable-servers/implementations/list-imperative/list-imperative.mlw
MODULE: MaximumNumberOfUpgradableServers_List_Imperative_Implementation
COMMAND: why3 execute --use MaximumNumberOfUpgradableServers_List_Imperative_Implementation ./3155_maximum-number-of-upgradable-servers/implementations/list-imperative/list-imperative.mlw 'run_tests ()'

Warning, file "./3155_maximum-number-of-upgradable-servers/implementations/list-imperative/list-imperative.mlw", line 15, character 4 to line 22, character 8: termination of this expression cannot be proved, but there is no `diverges' clause in the outer specification
Warning, file "./3155_maximum-number-of-upgradable-servers/implementations/list-imperative/list-imperative.mlw", line 29, character 4 to line 41, character 8: termination of this expression cannot be proved, but there is no `diverges' clause in the outer specification
Warning, file "./3155_maximum-number-of-upgradable-servers/implementations/list-imperative/list-imperative.mlw", line 70, characters 4-28: termination of this expression cannot be proved, but there is no `diverges' clause in the outer specification
Warning, file "./3155_maximum-number-of-upgradable-servers/implementations/list-imperative/list-imperative.mlw", line 55, character 4 to line 69, character 8: termination of this expression cannot be proved, but there is no `diverges' clause in the outer specification
Warning, file "./3155_maximum-number-of-upgradable-servers/implementations/list-imperative/list-imperative.mlw", line 79, characters 4-27: termination of this expression cannot be proved, but there is no `diverges' clause in the outer specification
Warning, file "./3155_maximum-number-of-upgradable-servers/implementations/list-imperative/list-imperative.mlw", line 78, characters 17-83: termination of this expression cannot be proved, but there is no `diverges' clause in the outer specification
Warning, file "./3155_maximum-number-of-upgradable-servers/implementations/list-imperative/list-imperative.mlw", line 88, characters 4-27: termination of this expression cannot be proved, but there is no `diverges' clause in the outer specification
Warning, file "./3155_maximum-number-of-upgradable-servers/implementations/list-imperative/list-imperative.mlw", line 87, characters 17-83: termination of this expression cannot be proved, but there is no `diverges' clause in the outer specification
Warning, file "./3155_maximum-number-of-upgradable-servers/implementations/list-imperative/list-imperative.mlw", line 97, characters 4-27: termination of this expression cannot be proved, but there is no `diverges' clause in the outer specification
Warning, file "./3155_maximum-number-of-upgradable-servers/implementations/list-imperative/list-imperative.mlw", line 96, characters 17-83: termination of this expression cannot be proved, but there is no `diverges' clause in the outer specification
Warning, file "./3155_maximum-number-of-upgradable-servers/implementations/list-imperative/list-imperative.mlw", line 106, characters 4-27: termination of this expression cannot be proved, but there is no `diverges' clause in the outer specification
Warning, file "./3155_maximum-number-of-upgradable-servers/implementations/list-imperative/list-imperative.mlw", line 105, characters 17-83: termination of this expression cannot be proved, but there is no `diverges' clause in the outer specification
Warning, file "./3155_maximum-number-of-upgradable-servers/implementations/list-imperative/list-imperative.mlw", line 115, characters 4-27: termination of this expression cannot be proved, but there is no `diverges' clause in the outer specification
Warning, file "./3155_maximum-number-of-upgradable-servers/implementations/list-imperative/list-imperative.mlw", line 114, characters 17-83: termination of this expression cannot be proved, but there is no `diverges' clause in the outer specification
Warning, file "./3155_maximum-number-of-upgradable-servers/implementations/list-imperative/list-imperative.mlw", line 124, characters 4-27: termination of this expression cannot be proved, but there is no `diverges' clause in the outer specification
Warning, file "./3155_maximum-number-of-upgradable-servers/implementations/list-imperative/list-imperative.mlw", line 123, characters 17-83: termination of this expression cannot be proved, but there is no `diverges' clause in the outer specification
Warning, file "./3155_maximum-number-of-upgradable-servers/implementations/list-imperative/list-imperative.mlw", line 133, characters 4-27: termination of this expression cannot be proved, but there is no `diverges' clause in the outer specification
Warning, file "./3155_maximum-number-of-upgradable-servers/implementations/list-imperative/list-imperative.mlw", line 132, characters 17-83: termination of this expression cannot be proved, but there is no `diverges' clause in the outer specification
Warning, file "./3155_maximum-number-of-upgradable-servers/implementations/list-imperative/list-imperative.mlw", line 142, characters 4-27: termination of this expression cannot be proved, but there is no `diverges' clause in the outer specification
Warning, file "./3155_maximum-number-of-upgradable-servers/implementations/list-imperative/list-imperative.mlw", line 141, characters 17-83: termination of this expression cannot be proved, but there is no `diverges' clause in the outer specification
Warning, file "./3155_maximum-number-of-upgradable-servers/implementations/list-imperative/list-imperative.mlw", line 151, characters 4-27: termination of this expression cannot be proved, but there is no `diverges' clause in the outer specification
Warning, file "./3155_maximum-number-of-upgradable-servers/implementations/list-imperative/list-imperative.mlw", line 150, characters 17-83: termination of this expression cannot be proved, but there is no `diverges' clause in the outer specification
Warning, file "./3155_maximum-number-of-upgradable-servers/implementations/list-imperative/list-imperative.mlw", line 160, characters 4-27: termination of this expression cannot be proved, but there is no `diverges' clause in the outer specification
Warning, file "./3155_maximum-number-of-upgradable-servers/implementations/list-imperative/list-imperative.mlw", line 159, characters 17-83: termination of this expression cannot be proved, but there is no `diverges' clause in the outer specification
Warning, file "./3155_maximum-number-of-upgradable-servers/implementations/list-imperative/list-imperative.mlw", line 169, characters 4-27: termination of this expression cannot be proved, but there is no `diverges' clause in the outer specification
Warning, file "./3155_maximum-number-of-upgradable-servers/implementations/list-imperative/list-imperative.mlw", line 168, characters 17-83: termination of this expression cannot be proved, but there is no `diverges' clause in the outer specification
Warning, file "./3155_maximum-number-of-upgradable-servers/implementations/list-imperative/list-imperative.mlw", line 178, characters 4-27: termination of this expression cannot be proved, but there is no `diverges' clause in the outer specification
Warning, file "./3155_maximum-number-of-upgradable-servers/implementations/list-imperative/list-imperative.mlw", line 177, characters 17-83: termination of this expression cannot be proved, but there is no `diverges' clause in the outer specification
Warning, file "./3155_maximum-number-of-upgradable-servers/implementations/list-imperative/list-imperative.mlw", line 187, characters 4-27: termination of this expression cannot be proved, but there is no `diverges' clause in the outer specification
Warning, file "./3155_maximum-number-of-upgradable-servers/implementations/list-imperative/list-imperative.mlw", line 186, characters 17-83: termination of this expression cannot be proved, but there is no `diverges' clause in the outer specification
Warning, file "./3155_maximum-number-of-upgradable-servers/implementations/list-imperative/list-imperative.mlw", line 196, characters 4-27: termination of this expression cannot be proved, but there is no `diverges' clause in the outer specification
Warning, file "./3155_maximum-number-of-upgradable-servers/implementations/list-imperative/list-imperative.mlw", line 195, characters 17-83: termination of this expression cannot be proved, but there is no `diverges' clause in the outer specification
Warning, file "./3155_maximum-number-of-upgradable-servers/implementations/list-imperative/list-imperative.mlw", line 205, characters 4-27: termination of this expression cannot be proved, but there is no `diverges' clause in the outer specification
Warning, file "./3155_maximum-number-of-upgradable-servers/implementations/list-imperative/list-imperative.mlw", line 204, characters 17-83: termination of this expression cannot be proved, but there is no `diverges' clause in the outer specification
Warning, file "./3155_maximum-number-of-upgradable-servers/implementations/list-imperative/list-imperative.mlw", line 214, characters 4-27: termination of this expression cannot be proved, but there is no `diverges' clause in the outer specification
Warning, file "./3155_maximum-number-of-upgradable-servers/implementations/list-imperative/list-imperative.mlw", line 213, characters 17-83: termination of this expression cannot be proved, but there is no `diverges' clause in the outer specification
Warning, file "./3155_maximum-number-of-upgradable-servers/implementations/list-imperative/list-imperative.mlw", line 223, characters 4-27: termination of this expression cannot be proved, but there is no `diverges' clause in the outer specification
Warning, file "./3155_maximum-number-of-upgradable-servers/implementations/list-imperative/list-imperative.mlw", line 222, characters 17-83: termination of this expression cannot be proved, but there is no `diverges' clause in the outer specification
Warning, file "./3155_maximum-number-of-upgradable-servers/implementations/list-imperative/list-imperative.mlw", line 232, characters 4-27: termination of this expression cannot be proved, but there is no `diverges' clause in the outer specification
Warning, file "./3155_maximum-number-of-upgradable-servers/implementations/list-imperative/list-imperative.mlw", line 231, characters 17-83: termination of this expression cannot be proved, but there is no `diverges' clause in the outer specification
Warning, file "./3155_maximum-number-of-upgradable-servers/implementations/list-imperative/list-imperative.mlw", line 241, characters 4-27: termination of this expression cannot be proved, but there is no `diverges' clause in the outer specification
Warning, file "./3155_maximum-number-of-upgradable-servers/implementations/list-imperative/list-imperative.mlw", line 240, characters 17-83: termination of this expression cannot be proved, but there is no `diverges' clause in the outer specification
Warning, file "./3155_maximum-number-of-upgradable-servers/implementations/list-imperative/list-imperative.mlw", line 250, characters 4-27: termination of this expression cannot be proved, but there is no `diverges' clause in the outer specification
Warning, file "./3155_maximum-number-of-upgradable-servers/implementations/list-imperative/list-imperative.mlw", line 249, characters 17-83: termination of this expression cannot be proved, but there is no `diverges' clause in the outer specification
Warning, file "./3155_maximum-number-of-upgradable-servers/implementations/list-imperative/list-imperative.mlw", line 272, characters 7-18: termination of this expression cannot be proved, but there is no `diverges' clause in the outer specification
Warning, file "./3155_maximum-number-of-upgradable-servers/implementations/list-imperative/list-imperative.mlw", line 271, characters 7-18: termination of this expression cannot be proved, but there is no `diverges' clause in the outer specification
Warning, file "./3155_maximum-number-of-upgradable-servers/implementations/list-imperative/list-imperative.mlw", line 270, characters 7-18: termination of this expression cannot be proved, but there is no `diverges' clause in the outer specification
Warning, file "./3155_maximum-number-of-upgradable-servers/implementations/list-imperative/list-imperative.mlw", line 269, characters 7-18: termination of this expression cannot be proved, but there is no `diverges' clause in the outer specification
Warning, file "./3155_maximum-number-of-upgradable-servers/implementations/list-imperative/list-imperative.mlw", line 268, characters 7-18: termination of this expression cannot be proved, but there is no `diverges' clause in the outer specification
Warning, file "./3155_maximum-number-of-upgradable-servers/implementations/list-imperative/list-imperative.mlw", line 267, characters 7-18: termination of this expression cannot be proved, but there is no `diverges' clause in the outer specification
Warning, file "./3155_maximum-number-of-upgradable-servers/implementations/list-imperative/list-imperative.mlw", line 266, characters 7-18: termination of this expression cannot be proved, but there is no `diverges' clause in the outer specification
Warning, file "./3155_maximum-number-of-upgradable-servers/implementations/list-imperative/list-imperative.mlw", line 265, characters 7-18: termination of this expression cannot be proved, but there is no `diverges' clause in the outer specification
Warning, file "./3155_maximum-number-of-upgradable-servers/implementations/list-imperative/list-imperative.mlw", line 264, characters 7-18: termination of this expression cannot be proved, but there is no `diverges' clause in the outer specification
Warning, file "./3155_maximum-number-of-upgradable-servers/implementations/list-imperative/list-imperative.mlw", line 263, characters 7-18: termination of this expression cannot be proved, but there is no `diverges' clause in the outer specification
Warning, file "./3155_maximum-number-of-upgradable-servers/implementations/list-imperative/list-imperative.mlw", line 262, characters 7-18: termination of this expression cannot be proved, but there is no `diverges' clause in the outer specification
Warning, file "./3155_maximum-number-of-upgradable-servers/implementations/list-imperative/list-imperative.mlw", line 261, characters 7-18: termination of this expression cannot be proved, but there is no `diverges' clause in the outer specification
Warning, file "./3155_maximum-number-of-upgradable-servers/implementations/list-imperative/list-imperative.mlw", line 260, characters 7-18: termination of this expression cannot be proved, but there is no `diverges' clause in the outer specification
Warning, file "./3155_maximum-number-of-upgradable-servers/implementations/list-imperative/list-imperative.mlw", line 259, characters 7-18: termination of this expression cannot be proved, but there is no `diverges' clause in the outer specification
Warning, file "./3155_maximum-number-of-upgradable-servers/implementations/list-imperative/list-imperative.mlw", line 258, characters 7-18: termination of this expression cannot be proved, but there is no `diverges' clause in the outer specification
Warning, file "./3155_maximum-number-of-upgradable-servers/implementations/list-imperative/list-imperative.mlw", line 257, characters 7-18: termination of this expression cannot be proved, but there is no `diverges' clause in the outer specification
Warning, file "./3155_maximum-number-of-upgradable-servers/implementations/list-imperative/list-imperative.mlw", line 256, characters 7-18: termination of this expression cannot be proved, but there is no `diverges' clause in the outer specification
Warning, file "./3155_maximum-number-of-upgradable-servers/implementations/list-imperative/list-imperative.mlw", line 255, characters 7-18: termination of this expression cannot be proved, but there is no `diverges' clause in the outer specification
Warning, file "./3155_maximum-number-of-upgradable-servers/implementations/list-imperative/list-imperative.mlw", line 254, characters 7-18: termination of this expression cannot be proved, but there is no `diverges' clause in the outer specification
Warning, file "./3155_maximum-number-of-upgradable-servers/implementations/list-imperative/list-imperative.mlw", line 253, characters 7-18: termination of this expression cannot be proved, but there is no `diverges' clause in the outer specification
result: bool = true
globals: <none>

EXECUTE_EXIT_CODE: 0
