FILE: ./1712_ways-to-split-array-into-three-subarrays/implementations/list-imperative/list-imperative.mlw
MODULE: WaysToSplitArrayIntoThreeSubarrays_List_Imperative_Implementation
COMMAND: why3 execute --use WaysToSplitArrayIntoThreeSubarrays_List_Imperative_Implementation ./1712_ways-to-split-array-into-three-subarrays/implementations/list-imperative/list-imperative.mlw 'run_tests ()'

Warning, file "./1712_ways-to-split-array-into-three-subarrays/implementations/list-imperative/list-imperative.mlw", line 43, character 10 to line 53, character 14: termination of this expression cannot be proved, but there is no `diverges' clause in the outer specification
Warning, file "./1712_ways-to-split-array-into-three-subarrays/implementations/list-imperative/list-imperative.mlw", line 35, character 4 to line 56, character 8: termination of this expression cannot be proved, but there is no `diverges' clause in the outer specification
Warning, file "./1712_ways-to-split-array-into-three-subarrays/implementations/list-imperative/list-imperative.mlw", line 24, character 4 to line 31, character 8: termination of this expression cannot be proved, but there is no `diverges' clause in the outer specification
Warning, file "./1712_ways-to-split-array-into-three-subarrays/implementations/list-imperative/list-imperative.mlw", line 60, characters 12-62: termination of this expression cannot be proved, but there is no `diverges' clause in the outer specification
Warning, file "./1712_ways-to-split-array-into-three-subarrays/implementations/list-imperative/list-imperative.mlw", line 65, characters 4-21: termination of this expression cannot be proved, but there is no `diverges' clause in the outer specification
Warning, file "./1712_ways-to-split-array-into-three-subarrays/implementations/list-imperative/list-imperative.mlw", line 71, characters 4-22: termination of this expression cannot be proved, but there is no `diverges' clause in the outer specification
Warning, file "./1712_ways-to-split-array-into-three-subarrays/implementations/list-imperative/list-imperative.mlw", line 77, characters 4-21: termination of this expression cannot be proved, but there is no `diverges' clause in the outer specification
Warning, file "./1712_ways-to-split-array-into-three-subarrays/implementations/list-imperative/list-imperative.mlw", line 81, characters 4-21: termination of this expression cannot be proved, but there is no `diverges' clause in the outer specification
Warning, file "./1712_ways-to-split-array-into-three-subarrays/implementations/list-imperative/list-imperative.mlw", line 87, characters 4-21: termination of this expression cannot be proved, but there is no `diverges' clause in the outer specification
Warning, file "./1712_ways-to-split-array-into-three-subarrays/implementations/list-imperative/list-imperative.mlw", line 93, characters 4-22: termination of this expression cannot be proved, but there is no `diverges' clause in the outer specification
Warning, file "./1712_ways-to-split-array-into-three-subarrays/implementations/list-imperative/list-imperative.mlw", line 99, characters 4-21: termination of this expression cannot be proved, but there is no `diverges' clause in the outer specification
Warning, file "./1712_ways-to-split-array-into-three-subarrays/implementations/list-imperative/list-imperative.mlw", line 103, characters 4-21: termination of this expression cannot be proved, but there is no `diverges' clause in the outer specification
Warning, file "./1712_ways-to-split-array-into-three-subarrays/implementations/list-imperative/list-imperative.mlw", line 109, characters 4-21: termination of this expression cannot be proved, but there is no `diverges' clause in the outer specification
Warning, file "./1712_ways-to-split-array-into-three-subarrays/implementations/list-imperative/list-imperative.mlw", line 113, characters 4-21: termination of this expression cannot be proved, but there is no `diverges' clause in the outer specification
Warning, file "./1712_ways-to-split-array-into-three-subarrays/implementations/list-imperative/list-imperative.mlw", line 117, characters 4-21: termination of this expression cannot be proved, but there is no `diverges' clause in the outer specification
Warning, file "./1712_ways-to-split-array-into-three-subarrays/implementations/list-imperative/list-imperative.mlw", line 121, characters 4-21: termination of this expression cannot be proved, but there is no `diverges' clause in the outer specification
Warning, file "./1712_ways-to-split-array-into-three-subarrays/implementations/list-imperative/list-imperative.mlw", line 125, characters 4-21: termination of this expression cannot be proved, but there is no `diverges' clause in the outer specification
Warning, file "./1712_ways-to-split-array-into-three-subarrays/implementations/list-imperative/list-imperative.mlw", line 129, characters 4-21: termination of this expression cannot be proved, but there is no `diverges' clause in the outer specification
Warning, file "./1712_ways-to-split-array-into-three-subarrays/implementations/list-imperative/list-imperative.mlw", line 135, characters 4-21: termination of this expression cannot be proved, but there is no `diverges' clause in the outer specification
Warning, file "./1712_ways-to-split-array-into-three-subarrays/implementations/list-imperative/list-imperative.mlw", line 141, characters 4-21: termination of this expression cannot be proved, but there is no `diverges' clause in the outer specification
Warning, file "./1712_ways-to-split-array-into-three-subarrays/implementations/list-imperative/list-imperative.mlw", line 145, characters 4-21: termination of this expression cannot be proved, but there is no `diverges' clause in the outer specification
Warning, file "./1712_ways-to-split-array-into-three-subarrays/implementations/list-imperative/list-imperative.mlw", line 155, characters 4-23: termination of this expression cannot be proved, but there is no `diverges' clause in the outer specification
Warning, file "./1712_ways-to-split-array-into-three-subarrays/implementations/list-imperative/list-imperative.mlw", line 165, characters 4-22: termination of this expression cannot be proved, but there is no `diverges' clause in the outer specification
Warning, file "./1712_ways-to-split-array-into-three-subarrays/implementations/list-imperative/list-imperative.mlw", line 174, characters 4-22: termination of this expression cannot be proved, but there is no `diverges' clause in the outer specification
Warning, file "./1712_ways-to-split-array-into-three-subarrays/implementations/list-imperative/list-imperative.mlw", line 196, characters 7-18: termination of this expression cannot be proved, but there is no `diverges' clause in the outer specification
Warning, file "./1712_ways-to-split-array-into-three-subarrays/implementations/list-imperative/list-imperative.mlw", line 195, characters 7-18: termination of this expression cannot be proved, but there is no `diverges' clause in the outer specification
Warning, file "./1712_ways-to-split-array-into-three-subarrays/implementations/list-imperative/list-imperative.mlw", line 194, characters 7-18: termination of this expression cannot be proved, but there is no `diverges' clause in the outer specification
Warning, file "./1712_ways-to-split-array-into-three-subarrays/implementations/list-imperative/list-imperative.mlw", line 193, characters 7-18: termination of this expression cannot be proved, but there is no `diverges' clause in the outer specification
Warning, file "./1712_ways-to-split-array-into-three-subarrays/implementations/list-imperative/list-imperative.mlw", line 192, characters 7-18: termination of this expression cannot be proved, but there is no `diverges' clause in the outer specification
Warning, file "./1712_ways-to-split-array-into-three-subarrays/implementations/list-imperative/list-imperative.mlw", line 191, characters 7-18: termination of this expression cannot be proved, but there is no `diverges' clause in the outer specification
Warning, file "./1712_ways-to-split-array-into-three-subarrays/implementations/list-imperative/list-imperative.mlw", line 190, characters 7-18: termination of this expression cannot be proved, but there is no `diverges' clause in the outer specification
Warning, file "./1712_ways-to-split-array-into-three-subarrays/implementations/list-imperative/list-imperative.mlw", line 189, characters 7-18: termination of this expression cannot be proved, but there is no `diverges' clause in the outer specification
Warning, file "./1712_ways-to-split-array-into-three-subarrays/implementations/list-imperative/list-imperative.mlw", line 188, characters 7-18: termination of this expression cannot be proved, but there is no `diverges' clause in the outer specification
Warning, file "./1712_ways-to-split-array-into-three-subarrays/implementations/list-imperative/list-imperative.mlw", line 187, characters 7-18: termination of this expression cannot be proved, but there is no `diverges' clause in the outer specification
Warning, file "./1712_ways-to-split-array-into-three-subarrays/implementations/list-imperative/list-imperative.mlw", line 186, characters 7-18: termination of this expression cannot be proved, but there is no `diverges' clause in the outer specification
Warning, file "./1712_ways-to-split-array-into-three-subarrays/implementations/list-imperative/list-imperative.mlw", line 185, characters 7-18: termination of this expression cannot be proved, but there is no `diverges' clause in the outer specification
Warning, file "./1712_ways-to-split-array-into-three-subarrays/implementations/list-imperative/list-imperative.mlw", line 184, characters 7-18: termination of this expression cannot be proved, but there is no `diverges' clause in the outer specification
Warning, file "./1712_ways-to-split-array-into-three-subarrays/implementations/list-imperative/list-imperative.mlw", line 183, characters 7-18: termination of this expression cannot be proved, but there is no `diverges' clause in the outer specification
Warning, file "./1712_ways-to-split-array-into-three-subarrays/implementations/list-imperative/list-imperative.mlw", line 182, characters 7-18: termination of this expression cannot be proved, but there is no `diverges' clause in the outer specification
Warning, file "./1712_ways-to-split-array-into-three-subarrays/implementations/list-imperative/list-imperative.mlw", line 181, characters 7-18: termination of this expression cannot be proved, but there is no `diverges' clause in the outer specification
Warning, file "./1712_ways-to-split-array-into-three-subarrays/implementations/list-imperative/list-imperative.mlw", line 180, characters 7-18: termination of this expression cannot be proved, but there is no `diverges' clause in the outer specification
Warning, file "./1712_ways-to-split-array-into-three-subarrays/implementations/list-imperative/list-imperative.mlw", line 179, characters 7-18: termination of this expression cannot be proved, but there is no `diverges' clause in the outer specification
Warning, file "./1712_ways-to-split-array-into-three-subarrays/implementations/list-imperative/list-imperative.mlw", line 178, characters 7-18: termination of this expression cannot be proved, but there is no `diverges' clause in the outer specification
Warning, file "./1712_ways-to-split-array-into-three-subarrays/implementations/list-imperative/list-imperative.mlw", line 177, characters 7-18: termination of this expression cannot be proved, but there is no `diverges' clause in the outer specification
result: bool = true
globals: <none>

EXECUTE_EXIT_CODE: 0
