FILE: ./2333_minimum-sum-of-squared-difference/implementations/list-imperative/list-imperative.mlw
MODULE: MinimumSumOfSquaredDifference_List_Imperative_Implementation
COMMAND: why3 execute --use MinimumSumOfSquaredDifference_List_Imperative_Implementation ./2333_minimum-sum-of-squared-difference/implementations/list-imperative/list-imperative.mlw 'run_tests ()'

Warning, file "./2333_minimum-sum-of-squared-difference/implementations/list-imperative/list-imperative.mlw", line 45, character 4 to line 67, character 8: termination of this expression cannot be proved, but there is no `diverges' clause in the outer specification
Warning, file "./2333_minimum-sum-of-squared-difference/implementations/list-imperative/list-imperative.mlw", line 96, characters 31-57: termination of this expression cannot be proved, but there is no `diverges' clause in the outer specification
Warning, file "./2333_minimum-sum-of-squared-difference/implementations/list-imperative/list-imperative.mlw", line 101, characters 12-70: termination of this expression cannot be proved, but there is no `diverges' clause in the outer specification
Warning, file "./2333_minimum-sum-of-squared-difference/implementations/list-imperative/list-imperative.mlw", line 107, characters 12-68: termination of this expression cannot be proved, but there is no `diverges' clause in the outer specification
Warning, file "./2333_minimum-sum-of-squared-difference/implementations/list-imperative/list-imperative.mlw", line 113, characters 12-76: termination of this expression cannot be proved, but there is no `diverges' clause in the outer specification
Warning, file "./2333_minimum-sum-of-squared-difference/implementations/list-imperative/list-imperative.mlw", line 119, characters 12-66: termination of this expression cannot be proved, but there is no `diverges' clause in the outer specification
Warning, file "./2333_minimum-sum-of-squared-difference/implementations/list-imperative/list-imperative.mlw", line 125, characters 12-66: termination of this expression cannot be proved, but there is no `diverges' clause in the outer specification
Warning, file "./2333_minimum-sum-of-squared-difference/implementations/list-imperative/list-imperative.mlw", line 131, characters 12-70: termination of this expression cannot be proved, but there is no `diverges' clause in the outer specification
Warning, file "./2333_minimum-sum-of-squared-difference/implementations/list-imperative/list-imperative.mlw", line 137, characters 12-68: termination of this expression cannot be proved, but there is no `diverges' clause in the outer specification
Warning, file "./2333_minimum-sum-of-squared-difference/implementations/list-imperative/list-imperative.mlw", line 143, characters 12-66: termination of this expression cannot be proved, but there is no `diverges' clause in the outer specification
Warning, file "./2333_minimum-sum-of-squared-difference/implementations/list-imperative/list-imperative.mlw", line 149, characters 12-66: termination of this expression cannot be proved, but there is no `diverges' clause in the outer specification
Warning, file "./2333_minimum-sum-of-squared-difference/implementations/list-imperative/list-imperative.mlw", line 155, characters 12-66: termination of this expression cannot be proved, but there is no `diverges' clause in the outer specification
Warning, file "./2333_minimum-sum-of-squared-difference/implementations/list-imperative/list-imperative.mlw", line 161, characters 12-66: termination of this expression cannot be proved, but there is no `diverges' clause in the outer specification
Warning, file "./2333_minimum-sum-of-squared-difference/implementations/list-imperative/list-imperative.mlw", line 167, characters 12-66: termination of this expression cannot be proved, but there is no `diverges' clause in the outer specification
Warning, file "./2333_minimum-sum-of-squared-difference/implementations/list-imperative/list-imperative.mlw", line 173, characters 12-66: termination of this expression cannot be proved, but there is no `diverges' clause in the outer specification
Warning, file "./2333_minimum-sum-of-squared-difference/implementations/list-imperative/list-imperative.mlw", line 191, characters 12-68: termination of this expression cannot be proved, but there is no `diverges' clause in the outer specification
Warning, file "./2333_minimum-sum-of-squared-difference/implementations/list-imperative/list-imperative.mlw", line 197, characters 12-68: termination of this expression cannot be proved, but there is no `diverges' clause in the outer specification
Warning, file "./2333_minimum-sum-of-squared-difference/implementations/list-imperative/list-imperative.mlw", line 203, characters 12-66: termination of this expression cannot be proved, but there is no `diverges' clause in the outer specification
Warning, file "./2333_minimum-sum-of-squared-difference/implementations/list-imperative/list-imperative.mlw", line 209, characters 12-70: termination of this expression cannot be proved, but there is no `diverges' clause in the outer specification
Warning, file "./2333_minimum-sum-of-squared-difference/implementations/list-imperative/list-imperative.mlw", line 215, characters 12-68: termination of this expression cannot be proved, but there is no `diverges' clause in the outer specification
Warning, file "./2333_minimum-sum-of-squared-difference/implementations/list-imperative/list-imperative.mlw", line 221, characters 12-66: termination of this expression cannot be proved, but there is no `diverges' clause in the outer specification
Warning, file "./2333_minimum-sum-of-squared-difference/implementations/list-imperative/list-imperative.mlw", line 227, characters 12-66: termination of this expression cannot be proved, but there is no `diverges' clause in the outer specification
Warning, file "./2333_minimum-sum-of-squared-difference/implementations/list-imperative/list-imperative.mlw", line 250, characters 7-18: termination of this expression cannot be proved, but there is no `diverges' clause in the outer specification
Warning, file "./2333_minimum-sum-of-squared-difference/implementations/list-imperative/list-imperative.mlw", line 249, characters 7-18: termination of this expression cannot be proved, but there is no `diverges' clause in the outer specification
Warning, file "./2333_minimum-sum-of-squared-difference/implementations/list-imperative/list-imperative.mlw", line 248, characters 7-18: termination of this expression cannot be proved, but there is no `diverges' clause in the outer specification
Warning, file "./2333_minimum-sum-of-squared-difference/implementations/list-imperative/list-imperative.mlw", line 247, characters 7-18: termination of this expression cannot be proved, but there is no `diverges' clause in the outer specification
Warning, file "./2333_minimum-sum-of-squared-difference/implementations/list-imperative/list-imperative.mlw", line 246, characters 7-18: termination of this expression cannot be proved, but there is no `diverges' clause in the outer specification
Warning, file "./2333_minimum-sum-of-squared-difference/implementations/list-imperative/list-imperative.mlw", line 245, characters 7-18: termination of this expression cannot be proved, but there is no `diverges' clause in the outer specification
Warning, file "./2333_minimum-sum-of-squared-difference/implementations/list-imperative/list-imperative.mlw", line 244, characters 7-18: termination of this expression cannot be proved, but there is no `diverges' clause in the outer specification
Warning, file "./2333_minimum-sum-of-squared-difference/implementations/list-imperative/list-imperative.mlw", line 243, characters 7-18: termination of this expression cannot be proved, but there is no `diverges' clause in the outer specification
Warning, file "./2333_minimum-sum-of-squared-difference/implementations/list-imperative/list-imperative.mlw", line 242, characters 7-18: termination of this expression cannot be proved, but there is no `diverges' clause in the outer specification
Warning, file "./2333_minimum-sum-of-squared-difference/implementations/list-imperative/list-imperative.mlw", line 241, characters 7-18: termination of this expression cannot be proved, but there is no `diverges' clause in the outer specification
Warning, file "./2333_minimum-sum-of-squared-difference/implementations/list-imperative/list-imperative.mlw", line 240, characters 7-18: termination of this expression cannot be proved, but there is no `diverges' clause in the outer specification
Warning, file "./2333_minimum-sum-of-squared-difference/implementations/list-imperative/list-imperative.mlw", line 239, characters 7-18: termination of this expression cannot be proved, but there is no `diverges' clause in the outer specification
Warning, file "./2333_minimum-sum-of-squared-difference/implementations/list-imperative/list-imperative.mlw", line 238, characters 7-18: termination of this expression cannot be proved, but there is no `diverges' clause in the outer specification
Warning, file "./2333_minimum-sum-of-squared-difference/implementations/list-imperative/list-imperative.mlw", line 237, characters 7-18: termination of this expression cannot be proved, but there is no `diverges' clause in the outer specification
Warning, file "./2333_minimum-sum-of-squared-difference/implementations/list-imperative/list-imperative.mlw", line 236, characters 7-18: termination of this expression cannot be proved, but there is no `diverges' clause in the outer specification
Warning, file "./2333_minimum-sum-of-squared-difference/implementations/list-imperative/list-imperative.mlw", line 235, characters 7-18: termination of this expression cannot be proved, but there is no `diverges' clause in the outer specification
Warning, file "./2333_minimum-sum-of-squared-difference/implementations/list-imperative/list-imperative.mlw", line 234, characters 7-18: termination of this expression cannot be proved, but there is no `diverges' clause in the outer specification
Warning, file "./2333_minimum-sum-of-squared-difference/implementations/list-imperative/list-imperative.mlw", line 233, characters 7-18: termination of this expression cannot be proved, but there is no `diverges' clause in the outer specification
Warning, file "./2333_minimum-sum-of-squared-difference/implementations/list-imperative/list-imperative.mlw", line 232, characters 7-18: termination of this expression cannot be proved, but there is no `diverges' clause in the outer specification
Warning, file "./2333_minimum-sum-of-squared-difference/implementations/list-imperative/list-imperative.mlw", line 231, characters 7-18: termination of this expression cannot be proved, but there is no `diverges' clause in the outer specification
result: bool = true
globals: <none>

EXECUTE_EXIT_CODE: 0
