FILE: ./532_k-diff-pairs-in-an-array/implementations/list-imperative/list-imperative.mlw
MODULE: KDiffPairsInAnArray_List_Imperative_Implementation
COMMAND: why3 execute --use KDiffPairsInAnArray_List_Imperative_Implementation ./532_k-diff-pairs-in-an-array/implementations/list-imperative/list-imperative.mlw 'run_tests ()'

Warning, file "./532_k-diff-pairs-in-an-array/implementations/list-imperative/list-imperative.mlw", line 12, character 6 to line 19, character 10: termination of this expression cannot be proved, but there is no `diverges' clause in the outer specification
Warning, file "./532_k-diff-pairs-in-an-array/implementations/list-imperative/list-imperative.mlw", line 28, character 4 to line 35, character 8: termination of this expression cannot be proved, but there is no `diverges' clause in the outer specification
Warning, file "./532_k-diff-pairs-in-an-array/implementations/list-imperative/list-imperative.mlw", line 50, characters 17-41: termination of this expression cannot be proved, but there is no `diverges' clause in the outer specification
Warning, file "./532_k-diff-pairs-in-an-array/implementations/list-imperative/list-imperative.mlw", line 52, characters 17-38: termination of this expression cannot be proved, but there is no `diverges' clause in the outer specification
Warning, file "./532_k-diff-pairs-in-an-array/implementations/list-imperative/list-imperative.mlw", line 48, characters 17-35: termination of this expression cannot be proved, but there is no `diverges' clause in the outer specification
Warning, file "./532_k-diff-pairs-in-an-array/implementations/list-imperative/list-imperative.mlw", line 44, character 4 to line 58, character 8: termination of this expression cannot be proved, but there is no `diverges' clause in the outer specification
Warning, file "./532_k-diff-pairs-in-an-array/implementations/list-imperative/list-imperative.mlw", line 63, characters 12-48: termination of this expression cannot be proved, but there is no `diverges' clause in the outer specification
Warning, file "./532_k-diff-pairs-in-an-array/implementations/list-imperative/list-imperative.mlw", line 68, characters 12-48: termination of this expression cannot be proved, but there is no `diverges' clause in the outer specification
Warning, file "./532_k-diff-pairs-in-an-array/implementations/list-imperative/list-imperative.mlw", line 73, characters 12-49: termination of this expression cannot be proved, but there is no `diverges' clause in the outer specification
Warning, file "./532_k-diff-pairs-in-an-array/implementations/list-imperative/list-imperative.mlw", line 78, characters 12-48: termination of this expression cannot be proved, but there is no `diverges' clause in the outer specification
Warning, file "./532_k-diff-pairs-in-an-array/implementations/list-imperative/list-imperative.mlw", line 83, characters 12-48: termination of this expression cannot be proved, but there is no `diverges' clause in the outer specification
Warning, file "./532_k-diff-pairs-in-an-array/implementations/list-imperative/list-imperative.mlw", line 88, characters 12-48: termination of this expression cannot be proved, but there is no `diverges' clause in the outer specification
Warning, file "./532_k-diff-pairs-in-an-array/implementations/list-imperative/list-imperative.mlw", line 93, characters 12-48: termination of this expression cannot be proved, but there is no `diverges' clause in the outer specification
Warning, file "./532_k-diff-pairs-in-an-array/implementations/list-imperative/list-imperative.mlw", line 98, characters 12-48: termination of this expression cannot be proved, but there is no `diverges' clause in the outer specification
Warning, file "./532_k-diff-pairs-in-an-array/implementations/list-imperative/list-imperative.mlw", line 103, characters 12-48: termination of this expression cannot be proved, but there is no `diverges' clause in the outer specification
Warning, file "./532_k-diff-pairs-in-an-array/implementations/list-imperative/list-imperative.mlw", line 108, characters 12-48: termination of this expression cannot be proved, but there is no `diverges' clause in the outer specification
Warning, file "./532_k-diff-pairs-in-an-array/implementations/list-imperative/list-imperative.mlw", line 113, characters 12-48: termination of this expression cannot be proved, but there is no `diverges' clause in the outer specification
Warning, file "./532_k-diff-pairs-in-an-array/implementations/list-imperative/list-imperative.mlw", line 118, characters 12-48: termination of this expression cannot be proved, but there is no `diverges' clause in the outer specification
Warning, file "./532_k-diff-pairs-in-an-array/implementations/list-imperative/list-imperative.mlw", line 123, characters 12-48: termination of this expression cannot be proved, but there is no `diverges' clause in the outer specification
Warning, file "./532_k-diff-pairs-in-an-array/implementations/list-imperative/list-imperative.mlw", line 128, characters 12-48: termination of this expression cannot be proved, but there is no `diverges' clause in the outer specification
Warning, file "./532_k-diff-pairs-in-an-array/implementations/list-imperative/list-imperative.mlw", line 133, characters 12-48: termination of this expression cannot be proved, but there is no `diverges' clause in the outer specification
Warning, file "./532_k-diff-pairs-in-an-array/implementations/list-imperative/list-imperative.mlw", line 138, characters 12-48: termination of this expression cannot be proved, but there is no `diverges' clause in the outer specification
Warning, file "./532_k-diff-pairs-in-an-array/implementations/list-imperative/list-imperative.mlw", line 143, characters 12-48: termination of this expression cannot be proved, but there is no `diverges' clause in the outer specification
Warning, file "./532_k-diff-pairs-in-an-array/implementations/list-imperative/list-imperative.mlw", line 148, characters 12-48: termination of this expression cannot be proved, but there is no `diverges' clause in the outer specification
Warning, file "./532_k-diff-pairs-in-an-array/implementations/list-imperative/list-imperative.mlw", line 153, characters 12-49: termination of this expression cannot be proved, but there is no `diverges' clause in the outer specification
Warning, file "./532_k-diff-pairs-in-an-array/implementations/list-imperative/list-imperative.mlw", line 158, characters 12-48: termination of this expression cannot be proved, but there is no `diverges' clause in the outer specification
Warning, file "./532_k-diff-pairs-in-an-array/implementations/list-imperative/list-imperative.mlw", line 181, characters 7-18: termination of this expression cannot be proved, but there is no `diverges' clause in the outer specification
Warning, file "./532_k-diff-pairs-in-an-array/implementations/list-imperative/list-imperative.mlw", line 180, characters 7-18: termination of this expression cannot be proved, but there is no `diverges' clause in the outer specification
Warning, file "./532_k-diff-pairs-in-an-array/implementations/list-imperative/list-imperative.mlw", line 179, characters 7-18: termination of this expression cannot be proved, but there is no `diverges' clause in the outer specification
Warning, file "./532_k-diff-pairs-in-an-array/implementations/list-imperative/list-imperative.mlw", line 178, characters 7-18: termination of this expression cannot be proved, but there is no `diverges' clause in the outer specification
Warning, file "./532_k-diff-pairs-in-an-array/implementations/list-imperative/list-imperative.mlw", line 177, characters 7-18: termination of this expression cannot be proved, but there is no `diverges' clause in the outer specification
Warning, file "./532_k-diff-pairs-in-an-array/implementations/list-imperative/list-imperative.mlw", line 176, characters 7-18: termination of this expression cannot be proved, but there is no `diverges' clause in the outer specification
Warning, file "./532_k-diff-pairs-in-an-array/implementations/list-imperative/list-imperative.mlw", line 175, characters 7-18: termination of this expression cannot be proved, but there is no `diverges' clause in the outer specification
Warning, file "./532_k-diff-pairs-in-an-array/implementations/list-imperative/list-imperative.mlw", line 174, characters 7-18: termination of this expression cannot be proved, but there is no `diverges' clause in the outer specification
Warning, file "./532_k-diff-pairs-in-an-array/implementations/list-imperative/list-imperative.mlw", line 173, characters 7-18: termination of this expression cannot be proved, but there is no `diverges' clause in the outer specification
Warning, file "./532_k-diff-pairs-in-an-array/implementations/list-imperative/list-imperative.mlw", line 172, characters 7-18: termination of this expression cannot be proved, but there is no `diverges' clause in the outer specification
Warning, file "./532_k-diff-pairs-in-an-array/implementations/list-imperative/list-imperative.mlw", line 171, characters 7-18: termination of this expression cannot be proved, but there is no `diverges' clause in the outer specification
Warning, file "./532_k-diff-pairs-in-an-array/implementations/list-imperative/list-imperative.mlw", line 170, characters 7-18: termination of this expression cannot be proved, but there is no `diverges' clause in the outer specification
Warning, file "./532_k-diff-pairs-in-an-array/implementations/list-imperative/list-imperative.mlw", line 169, characters 7-18: termination of this expression cannot be proved, but there is no `diverges' clause in the outer specification
Warning, file "./532_k-diff-pairs-in-an-array/implementations/list-imperative/list-imperative.mlw", line 168, characters 7-18: termination of this expression cannot be proved, but there is no `diverges' clause in the outer specification
Warning, file "./532_k-diff-pairs-in-an-array/implementations/list-imperative/list-imperative.mlw", line 167, characters 7-18: termination of this expression cannot be proved, but there is no `diverges' clause in the outer specification
Warning, file "./532_k-diff-pairs-in-an-array/implementations/list-imperative/list-imperative.mlw", line 166, characters 7-18: termination of this expression cannot be proved, but there is no `diverges' clause in the outer specification
Warning, file "./532_k-diff-pairs-in-an-array/implementations/list-imperative/list-imperative.mlw", line 165, characters 7-18: termination of this expression cannot be proved, but there is no `diverges' clause in the outer specification
Warning, file "./532_k-diff-pairs-in-an-array/implementations/list-imperative/list-imperative.mlw", line 164, characters 7-18: termination of this expression cannot be proved, but there is no `diverges' clause in the outer specification
Warning, file "./532_k-diff-pairs-in-an-array/implementations/list-imperative/list-imperative.mlw", line 163, characters 7-18: termination of this expression cannot be proved, but there is no `diverges' clause in the outer specification
Warning, file "./532_k-diff-pairs-in-an-array/implementations/list-imperative/list-imperative.mlw", line 162, characters 7-18: termination of this expression cannot be proved, but there is no `diverges' clause in the outer specification
result: bool = true
globals: <none>

EXECUTE_EXIT_CODE: 0
