FILE: ./2845_count-of-interesting-subarrays/implementations/list-imperative/list-imperative.mlw
MODULE: CountOfInterestingSubarrays_List_Imperative
COMMAND: why3 execute --use CountOfInterestingSubarrays_List_Imperative ./2845_count-of-interesting-subarrays/implementations/list-imperative/list-imperative.mlw 'run_tests ()'

Warning, file "./2845_count-of-interesting-subarrays/implementations/list-imperative/list-imperative.mlw", line 18, character 6 to line 26, character 10: termination of this expression cannot be proved, but there is no `diverges' clause in the outer specification
Warning, file "./2845_count-of-interesting-subarrays/implementations/list-imperative/list-imperative.mlw", line 15, character 4 to line 31, character 8: termination of this expression cannot be proved, but there is no `diverges' clause in the outer specification
Warning, file "./2845_count-of-interesting-subarrays/implementations/list-imperative/list-imperative.mlw", line 36, characters 12-56: termination of this expression cannot be proved, but there is no `diverges' clause in the outer specification
Warning, file "./2845_count-of-interesting-subarrays/implementations/list-imperative/list-imperative.mlw", line 41, characters 12-56: termination of this expression cannot be proved, but there is no `diverges' clause in the outer specification
Warning, file "./2845_count-of-interesting-subarrays/implementations/list-imperative/list-imperative.mlw", line 46, characters 12-56: termination of this expression cannot be proved, but there is no `diverges' clause in the outer specification
Warning, file "./2845_count-of-interesting-subarrays/implementations/list-imperative/list-imperative.mlw", line 51, characters 12-56: termination of this expression cannot be proved, but there is no `diverges' clause in the outer specification
Warning, file "./2845_count-of-interesting-subarrays/implementations/list-imperative/list-imperative.mlw", line 56, characters 12-56: termination of this expression cannot be proved, but there is no `diverges' clause in the outer specification
Warning, file "./2845_count-of-interesting-subarrays/implementations/list-imperative/list-imperative.mlw", line 61, characters 12-56: termination of this expression cannot be proved, but there is no `diverges' clause in the outer specification
Warning, file "./2845_count-of-interesting-subarrays/implementations/list-imperative/list-imperative.mlw", line 66, characters 12-56: termination of this expression cannot be proved, but there is no `diverges' clause in the outer specification
Warning, file "./2845_count-of-interesting-subarrays/implementations/list-imperative/list-imperative.mlw", line 71, characters 12-57: termination of this expression cannot be proved, but there is no `diverges' clause in the outer specification
Warning, file "./2845_count-of-interesting-subarrays/implementations/list-imperative/list-imperative.mlw", line 76, characters 12-56: termination of this expression cannot be proved, but there is no `diverges' clause in the outer specification
Warning, file "./2845_count-of-interesting-subarrays/implementations/list-imperative/list-imperative.mlw", line 81, characters 12-56: termination of this expression cannot be proved, but there is no `diverges' clause in the outer specification
Warning, file "./2845_count-of-interesting-subarrays/implementations/list-imperative/list-imperative.mlw", line 86, characters 12-56: termination of this expression cannot be proved, but there is no `diverges' clause in the outer specification
Warning, file "./2845_count-of-interesting-subarrays/implementations/list-imperative/list-imperative.mlw", line 91, characters 12-56: termination of this expression cannot be proved, but there is no `diverges' clause in the outer specification
Warning, file "./2845_count-of-interesting-subarrays/implementations/list-imperative/list-imperative.mlw", line 96, characters 12-56: termination of this expression cannot be proved, but there is no `diverges' clause in the outer specification
Warning, file "./2845_count-of-interesting-subarrays/implementations/list-imperative/list-imperative.mlw", line 101, characters 12-56: termination of this expression cannot be proved, but there is no `diverges' clause in the outer specification
Warning, file "./2845_count-of-interesting-subarrays/implementations/list-imperative/list-imperative.mlw", line 106, characters 12-56: termination of this expression cannot be proved, but there is no `diverges' clause in the outer specification
Warning, file "./2845_count-of-interesting-subarrays/implementations/list-imperative/list-imperative.mlw", line 111, characters 12-57: termination of this expression cannot be proved, but there is no `diverges' clause in the outer specification
Warning, file "./2845_count-of-interesting-subarrays/implementations/list-imperative/list-imperative.mlw", line 116, characters 12-56: termination of this expression cannot be proved, but there is no `diverges' clause in the outer specification
Warning, file "./2845_count-of-interesting-subarrays/implementations/list-imperative/list-imperative.mlw", line 134, characters 12-57: termination of this expression cannot be proved, but there is no `diverges' clause in the outer specification
Warning, file "./2845_count-of-interesting-subarrays/implementations/list-imperative/list-imperative.mlw", line 145, characters 12-56: termination of this expression cannot be proved, but there is no `diverges' clause in the outer specification
Warning, file "./2845_count-of-interesting-subarrays/implementations/list-imperative/list-imperative.mlw", line 163, characters 12-56: termination of this expression cannot be proved, but there is no `diverges' clause in the outer specification
Warning, file "./2845_count-of-interesting-subarrays/implementations/list-imperative/list-imperative.mlw", line 186, characters 7-18: termination of this expression cannot be proved, but there is no `diverges' clause in the outer specification
Warning, file "./2845_count-of-interesting-subarrays/implementations/list-imperative/list-imperative.mlw", line 185, characters 7-18: termination of this expression cannot be proved, but there is no `diverges' clause in the outer specification
Warning, file "./2845_count-of-interesting-subarrays/implementations/list-imperative/list-imperative.mlw", line 184, characters 7-18: termination of this expression cannot be proved, but there is no `diverges' clause in the outer specification
Warning, file "./2845_count-of-interesting-subarrays/implementations/list-imperative/list-imperative.mlw", line 183, characters 7-18: termination of this expression cannot be proved, but there is no `diverges' clause in the outer specification
Warning, file "./2845_count-of-interesting-subarrays/implementations/list-imperative/list-imperative.mlw", line 182, characters 7-18: termination of this expression cannot be proved, but there is no `diverges' clause in the outer specification
Warning, file "./2845_count-of-interesting-subarrays/implementations/list-imperative/list-imperative.mlw", line 181, characters 7-18: termination of this expression cannot be proved, but there is no `diverges' clause in the outer specification
Warning, file "./2845_count-of-interesting-subarrays/implementations/list-imperative/list-imperative.mlw", line 180, characters 7-18: termination of this expression cannot be proved, but there is no `diverges' clause in the outer specification
Warning, file "./2845_count-of-interesting-subarrays/implementations/list-imperative/list-imperative.mlw", line 179, characters 7-18: termination of this expression cannot be proved, but there is no `diverges' clause in the outer specification
Warning, file "./2845_count-of-interesting-subarrays/implementations/list-imperative/list-imperative.mlw", line 178, characters 7-18: termination of this expression cannot be proved, but there is no `diverges' clause in the outer specification
Warning, file "./2845_count-of-interesting-subarrays/implementations/list-imperative/list-imperative.mlw", line 177, characters 7-18: termination of this expression cannot be proved, but there is no `diverges' clause in the outer specification
Warning, file "./2845_count-of-interesting-subarrays/implementations/list-imperative/list-imperative.mlw", line 176, characters 7-18: termination of this expression cannot be proved, but there is no `diverges' clause in the outer specification
Warning, file "./2845_count-of-interesting-subarrays/implementations/list-imperative/list-imperative.mlw", line 175, characters 7-18: termination of this expression cannot be proved, but there is no `diverges' clause in the outer specification
Warning, file "./2845_count-of-interesting-subarrays/implementations/list-imperative/list-imperative.mlw", line 174, characters 7-18: termination of this expression cannot be proved, but there is no `diverges' clause in the outer specification
Warning, file "./2845_count-of-interesting-subarrays/implementations/list-imperative/list-imperative.mlw", line 173, characters 7-18: termination of this expression cannot be proved, but there is no `diverges' clause in the outer specification
Warning, file "./2845_count-of-interesting-subarrays/implementations/list-imperative/list-imperative.mlw", line 172, characters 7-18: termination of this expression cannot be proved, but there is no `diverges' clause in the outer specification
Warning, file "./2845_count-of-interesting-subarrays/implementations/list-imperative/list-imperative.mlw", line 171, characters 7-18: termination of this expression cannot be proved, but there is no `diverges' clause in the outer specification
Warning, file "./2845_count-of-interesting-subarrays/implementations/list-imperative/list-imperative.mlw", line 170, characters 7-18: termination of this expression cannot be proved, but there is no `diverges' clause in the outer specification
Warning, file "./2845_count-of-interesting-subarrays/implementations/list-imperative/list-imperative.mlw", line 169, characters 7-18: termination of this expression cannot be proved, but there is no `diverges' clause in the outer specification
Warning, file "./2845_count-of-interesting-subarrays/implementations/list-imperative/list-imperative.mlw", line 168, characters 7-18: termination of this expression cannot be proved, but there is no `diverges' clause in the outer specification
Warning, file "./2845_count-of-interesting-subarrays/implementations/list-imperative/list-imperative.mlw", line 167, characters 7-18: termination of this expression cannot be proved, but there is no `diverges' clause in the outer specification
result: bool = true
globals: <none>

EXECUTE_EXIT_CODE: 0
