FILE: ./11_container-with-most-water/implementations/list-imperative/list-imperative.mlw
MODULE: ContainerWithMostWater_List_Imperative
COMMAND: why3 execute --use ContainerWithMostWater_List_Imperative ./11_container-with-most-water/implementations/list-imperative/list-imperative.mlw 'run_tests ()'

Warning, file "./11_container-with-most-water/implementations/list-imperative/list-imperative.mlw", line 20, character 10 to line 29, character 14: termination of this expression cannot be proved, but there is no `diverges' clause in the outer specification
Warning, file "./11_container-with-most-water/implementations/list-imperative/list-imperative.mlw", line 14, character 4 to line 33, character 8: termination of this expression cannot be proved, but there is no `diverges' clause in the outer specification
Warning, file "./11_container-with-most-water/implementations/list-imperative/list-imperative.mlw", line 44, characters 12-49: termination of this expression cannot be proved, but there is no `diverges' clause in the outer specification
Warning, file "./11_container-with-most-water/implementations/list-imperative/list-imperative.mlw", line 61, characters 12-49: termination of this expression cannot be proved, but there is no `diverges' clause in the outer specification
Warning, file "./11_container-with-most-water/implementations/list-imperative/list-imperative.mlw", line 88, characters 12-49: termination of this expression cannot be proved, but there is no `diverges' clause in the outer specification
Warning, file "./11_container-with-most-water/implementations/list-imperative/list-imperative.mlw", line 113, characters 12-49: termination of this expression cannot be proved, but there is no `diverges' clause in the outer specification
Warning, file "./11_container-with-most-water/implementations/list-imperative/list-imperative.mlw", line 164, characters 12-49: termination of this expression cannot be proved, but there is no `diverges' clause in the outer specification
Warning, file "./11_container-with-most-water/implementations/list-imperative/list-imperative.mlw", line 185, characters 12-49: termination of this expression cannot be proved, but there is no `diverges' clause in the outer specification
Warning, file "./11_container-with-most-water/implementations/list-imperative/list-imperative.mlw", line 212, characters 12-49: termination of this expression cannot be proved, but there is no `diverges' clause in the outer specification
Warning, file "./11_container-with-most-water/implementations/list-imperative/list-imperative.mlw", line 227, characters 12-49: termination of this expression cannot be proved, but there is no `diverges' clause in the outer specification
Warning, file "./11_container-with-most-water/implementations/list-imperative/list-imperative.mlw", line 244, characters 12-49: termination of this expression cannot be proved, but there is no `diverges' clause in the outer specification
Warning, file "./11_container-with-most-water/implementations/list-imperative/list-imperative.mlw", line 265, characters 12-49: termination of this expression cannot be proved, but there is no `diverges' clause in the outer specification
Warning, file "./11_container-with-most-water/implementations/list-imperative/list-imperative.mlw", line 278, characters 12-49: termination of this expression cannot be proved, but there is no `diverges' clause in the outer specification
Warning, file "./11_container-with-most-water/implementations/list-imperative/list-imperative.mlw", line 305, characters 12-49: termination of this expression cannot be proved, but there is no `diverges' clause in the outer specification
Warning, file "./11_container-with-most-water/implementations/list-imperative/list-imperative.mlw", line 362, characters 12-49: termination of this expression cannot be proved, but there is no `diverges' clause in the outer specification
Warning, file "./11_container-with-most-water/implementations/list-imperative/list-imperative.mlw", line 429, characters 12-49: termination of this expression cannot be proved, but there is no `diverges' clause in the outer specification
Warning, file "./11_container-with-most-water/implementations/list-imperative/list-imperative.mlw", line 456, characters 12-49: termination of this expression cannot be proved, but there is no `diverges' clause in the outer specification
Warning, file "./11_container-with-most-water/implementations/list-imperative/list-imperative.mlw", line 503, characters 12-49: termination of this expression cannot be proved, but there is no `diverges' clause in the outer specification
Warning, file "./11_container-with-most-water/implementations/list-imperative/list-imperative.mlw", line 558, characters 12-49: termination of this expression cannot be proved, but there is no `diverges' clause in the outer specification
Warning, file "./11_container-with-most-water/implementations/list-imperative/list-imperative.mlw", line 625, characters 12-49: termination of this expression cannot be proved, but there is no `diverges' clause in the outer specification
Warning, file "./11_container-with-most-water/implementations/list-imperative/list-imperative.mlw", line 692, characters 12-49: termination of this expression cannot be proved, but there is no `diverges' clause in the outer specification
Warning, file "./11_container-with-most-water/implementations/list-imperative/list-imperative.mlw", line 729, characters 12-49: termination of this expression cannot be proved, but there is no `diverges' clause in the outer specification
Warning, file "./11_container-with-most-water/implementations/list-imperative/list-imperative.mlw", line 752, characters 7-18: termination of this expression cannot be proved, but there is no `diverges' clause in the outer specification
Warning, file "./11_container-with-most-water/implementations/list-imperative/list-imperative.mlw", line 751, characters 7-18: termination of this expression cannot be proved, but there is no `diverges' clause in the outer specification
Warning, file "./11_container-with-most-water/implementations/list-imperative/list-imperative.mlw", line 750, characters 7-18: termination of this expression cannot be proved, but there is no `diverges' clause in the outer specification
Warning, file "./11_container-with-most-water/implementations/list-imperative/list-imperative.mlw", line 749, characters 7-18: termination of this expression cannot be proved, but there is no `diverges' clause in the outer specification
Warning, file "./11_container-with-most-water/implementations/list-imperative/list-imperative.mlw", line 748, characters 7-18: termination of this expression cannot be proved, but there is no `diverges' clause in the outer specification
Warning, file "./11_container-with-most-water/implementations/list-imperative/list-imperative.mlw", line 747, characters 7-18: termination of this expression cannot be proved, but there is no `diverges' clause in the outer specification
Warning, file "./11_container-with-most-water/implementations/list-imperative/list-imperative.mlw", line 746, characters 7-18: termination of this expression cannot be proved, but there is no `diverges' clause in the outer specification
Warning, file "./11_container-with-most-water/implementations/list-imperative/list-imperative.mlw", line 745, characters 7-18: termination of this expression cannot be proved, but there is no `diverges' clause in the outer specification
Warning, file "./11_container-with-most-water/implementations/list-imperative/list-imperative.mlw", line 744, characters 7-18: termination of this expression cannot be proved, but there is no `diverges' clause in the outer specification
Warning, file "./11_container-with-most-water/implementations/list-imperative/list-imperative.mlw", line 743, characters 7-18: termination of this expression cannot be proved, but there is no `diverges' clause in the outer specification
Warning, file "./11_container-with-most-water/implementations/list-imperative/list-imperative.mlw", line 742, characters 7-18: termination of this expression cannot be proved, but there is no `diverges' clause in the outer specification
Warning, file "./11_container-with-most-water/implementations/list-imperative/list-imperative.mlw", line 741, characters 7-18: termination of this expression cannot be proved, but there is no `diverges' clause in the outer specification
Warning, file "./11_container-with-most-water/implementations/list-imperative/list-imperative.mlw", line 740, characters 7-18: termination of this expression cannot be proved, but there is no `diverges' clause in the outer specification
Warning, file "./11_container-with-most-water/implementations/list-imperative/list-imperative.mlw", line 739, characters 7-18: termination of this expression cannot be proved, but there is no `diverges' clause in the outer specification
Warning, file "./11_container-with-most-water/implementations/list-imperative/list-imperative.mlw", line 738, characters 7-18: termination of this expression cannot be proved, but there is no `diverges' clause in the outer specification
Warning, file "./11_container-with-most-water/implementations/list-imperative/list-imperative.mlw", line 737, characters 7-18: termination of this expression cannot be proved, but there is no `diverges' clause in the outer specification
Warning, file "./11_container-with-most-water/implementations/list-imperative/list-imperative.mlw", line 736, characters 7-18: termination of this expression cannot be proved, but there is no `diverges' clause in the outer specification
Warning, file "./11_container-with-most-water/implementations/list-imperative/list-imperative.mlw", line 735, characters 7-18: termination of this expression cannot be proved, but there is no `diverges' clause in the outer specification
Warning, file "./11_container-with-most-water/implementations/list-imperative/list-imperative.mlw", line 734, characters 7-18: termination of this expression cannot be proved, but there is no `diverges' clause in the outer specification
Warning, file "./11_container-with-most-water/implementations/list-imperative/list-imperative.mlw", line 733, characters 7-18: termination of this expression cannot be proved, but there is no `diverges' clause in the outer specification
result: bool = true
globals: <none>

EXECUTE_EXIT_CODE: 0
