FILE: ./2517_maximum-tastiness-of-candy-basket/implementations/list-imperative/list-imperative.mlw
MODULE: MaximumTastinessOfCandyBasket_List_Imperative_Implementation
COMMAND: why3 execute --use MaximumTastinessOfCandyBasket_List_Imperative_Implementation ./2517_maximum-tastiness-of-candy-basket/implementations/list-imperative/list-imperative.mlw 'run_tests ()'

Warning, file "./2517_maximum-tastiness-of-candy-basket/implementations/list-imperative/list-imperative.mlw", line 20, character 4 to line 27, character 8: termination of this expression cannot be proved, but there is no `diverges' clause in the outer specification
Warning, file "./2517_maximum-tastiness-of-candy-basket/implementations/list-imperative/list-imperative.mlw", line 36, character 8 to line 43, character 12: termination of this expression cannot be proved, but there is no `diverges' clause in the outer specification
Warning, file "./2517_maximum-tastiness-of-candy-basket/implementations/list-imperative/list-imperative.mlw", line 55, character 8 to line 65, character 12: termination of this expression cannot be proved, but there is no `diverges' clause in the outer specification
Warning, file "./2517_maximum-tastiness-of-candy-basket/implementations/list-imperative/list-imperative.mlw", line 78, characters 13-56: termination of this expression cannot be proved, but there is no `diverges' clause in the outer specification
Warning, file "./2517_maximum-tastiness-of-candy-basket/implementations/list-imperative/list-imperative.mlw", line 76, character 8 to line 82, character 12: termination of this expression cannot be proved, but there is no `diverges' clause in the outer specification
Warning, file "./2517_maximum-tastiness-of-candy-basket/implementations/list-imperative/list-imperative.mlw", line 75, characters 24-48: termination of this expression cannot be proved, but there is no `diverges' clause in the outer specification
Warning, file "./2517_maximum-tastiness-of-candy-basket/implementations/list-imperative/list-imperative.mlw", line 70, characters 24-39: termination of this expression cannot be proved, but there is no `diverges' clause in the outer specification
Warning, file "./2517_maximum-tastiness-of-candy-basket/implementations/list-imperative/list-imperative.mlw", line 88, characters 12-58: termination of this expression cannot be proved, but there is no `diverges' clause in the outer specification
Warning, file "./2517_maximum-tastiness-of-candy-basket/implementations/list-imperative/list-imperative.mlw", line 93, characters 12-58: termination of this expression cannot be proved, but there is no `diverges' clause in the outer specification
Warning, file "./2517_maximum-tastiness-of-candy-basket/implementations/list-imperative/list-imperative.mlw", line 98, characters 12-58: termination of this expression cannot be proved, but there is no `diverges' clause in the outer specification
Warning, file "./2517_maximum-tastiness-of-candy-basket/implementations/list-imperative/list-imperative.mlw", line 103, characters 12-58: termination of this expression cannot be proved, but there is no `diverges' clause in the outer specification
Warning, file "./2517_maximum-tastiness-of-candy-basket/implementations/list-imperative/list-imperative.mlw", line 108, characters 12-58: termination of this expression cannot be proved, but there is no `diverges' clause in the outer specification
Warning, file "./2517_maximum-tastiness-of-candy-basket/implementations/list-imperative/list-imperative.mlw", line 113, characters 12-58: termination of this expression cannot be proved, but there is no `diverges' clause in the outer specification
Warning, file "./2517_maximum-tastiness-of-candy-basket/implementations/list-imperative/list-imperative.mlw", line 118, characters 12-58: termination of this expression cannot be proved, but there is no `diverges' clause in the outer specification
Warning, file "./2517_maximum-tastiness-of-candy-basket/implementations/list-imperative/list-imperative.mlw", line 123, characters 12-58: termination of this expression cannot be proved, but there is no `diverges' clause in the outer specification
Warning, file "./2517_maximum-tastiness-of-candy-basket/implementations/list-imperative/list-imperative.mlw", line 128, characters 12-58: termination of this expression cannot be proved, but there is no `diverges' clause in the outer specification
Warning, file "./2517_maximum-tastiness-of-candy-basket/implementations/list-imperative/list-imperative.mlw", line 135, characters 12-58: termination of this expression cannot be proved, but there is no `diverges' clause in the outer specification
Warning, file "./2517_maximum-tastiness-of-candy-basket/implementations/list-imperative/list-imperative.mlw", line 143, characters 12-58: termination of this expression cannot be proved, but there is no `diverges' clause in the outer specification
Warning, file "./2517_maximum-tastiness-of-candy-basket/implementations/list-imperative/list-imperative.mlw", line 150, characters 12-58: termination of this expression cannot be proved, but there is no `diverges' clause in the outer specification
Warning, file "./2517_maximum-tastiness-of-candy-basket/implementations/list-imperative/list-imperative.mlw", line 157, characters 12-58: termination of this expression cannot be proved, but there is no `diverges' clause in the outer specification
Warning, file "./2517_maximum-tastiness-of-candy-basket/implementations/list-imperative/list-imperative.mlw", line 164, characters 12-58: termination of this expression cannot be proved, but there is no `diverges' clause in the outer specification
Warning, file "./2517_maximum-tastiness-of-candy-basket/implementations/list-imperative/list-imperative.mlw", line 172, characters 12-58: termination of this expression cannot be proved, but there is no `diverges' clause in the outer specification
Warning, file "./2517_maximum-tastiness-of-candy-basket/implementations/list-imperative/list-imperative.mlw", line 179, characters 12-58: termination of this expression cannot be proved, but there is no `diverges' clause in the outer specification
Warning, file "./2517_maximum-tastiness-of-candy-basket/implementations/list-imperative/list-imperative.mlw", line 186, characters 12-58: termination of this expression cannot be proved, but there is no `diverges' clause in the outer specification
Warning, file "./2517_maximum-tastiness-of-candy-basket/implementations/list-imperative/list-imperative.mlw", line 193, characters 12-58: termination of this expression cannot be proved, but there is no `diverges' clause in the outer specification
Warning, file "./2517_maximum-tastiness-of-candy-basket/implementations/list-imperative/list-imperative.mlw", line 201, characters 12-59: termination of this expression cannot be proved, but there is no `diverges' clause in the outer specification
Warning, file "./2517_maximum-tastiness-of-candy-basket/implementations/list-imperative/list-imperative.mlw", line 208, characters 12-58: termination of this expression cannot be proved, but there is no `diverges' clause in the outer specification
Warning, file "./2517_maximum-tastiness-of-candy-basket/implementations/list-imperative/list-imperative.mlw", line 231, characters 7-18: termination of this expression cannot be proved, but there is no `diverges' clause in the outer specification
Warning, file "./2517_maximum-tastiness-of-candy-basket/implementations/list-imperative/list-imperative.mlw", line 230, characters 7-18: termination of this expression cannot be proved, but there is no `diverges' clause in the outer specification
Warning, file "./2517_maximum-tastiness-of-candy-basket/implementations/list-imperative/list-imperative.mlw", line 229, characters 7-18: termination of this expression cannot be proved, but there is no `diverges' clause in the outer specification
Warning, file "./2517_maximum-tastiness-of-candy-basket/implementations/list-imperative/list-imperative.mlw", line 228, characters 7-18: termination of this expression cannot be proved, but there is no `diverges' clause in the outer specification
Warning, file "./2517_maximum-tastiness-of-candy-basket/implementations/list-imperative/list-imperative.mlw", line 227, characters 7-18: termination of this expression cannot be proved, but there is no `diverges' clause in the outer specification
Warning, file "./2517_maximum-tastiness-of-candy-basket/implementations/list-imperative/list-imperative.mlw", line 226, characters 7-18: termination of this expression cannot be proved, but there is no `diverges' clause in the outer specification
Warning, file "./2517_maximum-tastiness-of-candy-basket/implementations/list-imperative/list-imperative.mlw", line 225, characters 7-18: termination of this expression cannot be proved, but there is no `diverges' clause in the outer specification
Warning, file "./2517_maximum-tastiness-of-candy-basket/implementations/list-imperative/list-imperative.mlw", line 224, characters 7-18: termination of this expression cannot be proved, but there is no `diverges' clause in the outer specification
Warning, file "./2517_maximum-tastiness-of-candy-basket/implementations/list-imperative/list-imperative.mlw", line 223, characters 7-18: termination of this expression cannot be proved, but there is no `diverges' clause in the outer specification
Warning, file "./2517_maximum-tastiness-of-candy-basket/implementations/list-imperative/list-imperative.mlw", line 222, characters 7-18: termination of this expression cannot be proved, but there is no `diverges' clause in the outer specification
Warning, file "./2517_maximum-tastiness-of-candy-basket/implementations/list-imperative/list-imperative.mlw", line 221, characters 7-18: termination of this expression cannot be proved, but there is no `diverges' clause in the outer specification
Warning, file "./2517_maximum-tastiness-of-candy-basket/implementations/list-imperative/list-imperative.mlw", line 220, characters 7-18: termination of this expression cannot be proved, but there is no `diverges' clause in the outer specification
Warning, file "./2517_maximum-tastiness-of-candy-basket/implementations/list-imperative/list-imperative.mlw", line 219, characters 7-18: termination of this expression cannot be proved, but there is no `diverges' clause in the outer specification
Warning, file "./2517_maximum-tastiness-of-candy-basket/implementations/list-imperative/list-imperative.mlw", line 218, characters 7-18: termination of this expression cannot be proved, but there is no `diverges' clause in the outer specification
Warning, file "./2517_maximum-tastiness-of-candy-basket/implementations/list-imperative/list-imperative.mlw", line 217, characters 7-18: termination of this expression cannot be proved, but there is no `diverges' clause in the outer specification
Warning, file "./2517_maximum-tastiness-of-candy-basket/implementations/list-imperative/list-imperative.mlw", line 216, characters 7-18: termination of this expression cannot be proved, but there is no `diverges' clause in the outer specification
Warning, file "./2517_maximum-tastiness-of-candy-basket/implementations/list-imperative/list-imperative.mlw", line 215, characters 7-18: termination of this expression cannot be proved, but there is no `diverges' clause in the outer specification
Warning, file "./2517_maximum-tastiness-of-candy-basket/implementations/list-imperative/list-imperative.mlw", line 214, characters 7-18: termination of this expression cannot be proved, but there is no `diverges' clause in the outer specification
Warning, file "./2517_maximum-tastiness-of-candy-basket/implementations/list-imperative/list-imperative.mlw", line 213, characters 7-18: termination of this expression cannot be proved, but there is no `diverges' clause in the outer specification
Warning, file "./2517_maximum-tastiness-of-candy-basket/implementations/list-imperative/list-imperative.mlw", line 212, characters 7-18: termination of this expression cannot be proved, but there is no `diverges' clause in the outer specification
result: bool = true
globals: <none>

EXECUTE_EXIT_CODE: 0
