FILE: ./719_find-k-th-smallest-pair-distance/implementations/list-imperative/list-imperative.mlw
MODULE: FindKThSmallestPairDistance_List_Imperative
COMMAND: why3 execute --use FindKThSmallestPairDistance_List_Imperative ./719_find-k-th-smallest-pair-distance/implementations/list-imperative/list-imperative.mlw 'run_tests ()'

Warning, file "./719_find-k-th-smallest-pair-distance/implementations/list-imperative/list-imperative.mlw", line 11, character 4 to line 18, character 8: termination of this expression cannot be proved, but there is no `diverges' clause in the outer specification
Warning, file "./719_find-k-th-smallest-pair-distance/implementations/list-imperative/list-imperative.mlw", line 28, characters 28-54: termination of this expression cannot be proved, but there is no `diverges' clause in the outer specification
Warning, file "./719_find-k-th-smallest-pair-distance/implementations/list-imperative/list-imperative.mlw", line 24, character 4 to line 31, character 8: termination of this expression cannot be proved, but there is no `diverges' clause in the outer specification
Warning, file "./719_find-k-th-smallest-pair-distance/implementations/list-imperative/list-imperative.mlw", line 41, character 8 to line 49, character 12: termination of this expression cannot be proved, but there is no `diverges' clause in the outer specification
Warning, file "./719_find-k-th-smallest-pair-distance/implementations/list-imperative/list-imperative.mlw", line 61, characters 28-49: termination of this expression cannot be proved, but there is no `diverges' clause in the outer specification
Warning, file "./719_find-k-th-smallest-pair-distance/implementations/list-imperative/list-imperative.mlw", line 61, character 8 to line 63, character 12: termination of this expression cannot be proved, but there is no `diverges' clause in the outer specification
Warning, file "./719_find-k-th-smallest-pair-distance/implementations/list-imperative/list-imperative.mlw", line 58, characters 20-43: termination of this expression cannot be proved, but there is no `diverges' clause in the outer specification
Warning, file "./719_find-k-th-smallest-pair-distance/implementations/list-imperative/list-imperative.mlw", line 69, characters 12-57: termination of this expression cannot be proved, but there is no `diverges' clause in the outer specification
Warning, file "./719_find-k-th-smallest-pair-distance/implementations/list-imperative/list-imperative.mlw", line 74, characters 12-57: termination of this expression cannot be proved, but there is no `diverges' clause in the outer specification
Warning, file "./719_find-k-th-smallest-pair-distance/implementations/list-imperative/list-imperative.mlw", line 79, characters 12-56: termination of this expression cannot be proved, but there is no `diverges' clause in the outer specification
Warning, file "./719_find-k-th-smallest-pair-distance/implementations/list-imperative/list-imperative.mlw", line 84, characters 12-56: termination of this expression cannot be proved, but there is no `diverges' clause in the outer specification
Warning, file "./719_find-k-th-smallest-pair-distance/implementations/list-imperative/list-imperative.mlw", line 89, characters 12-56: termination of this expression cannot be proved, but there is no `diverges' clause in the outer specification
Warning, file "./719_find-k-th-smallest-pair-distance/implementations/list-imperative/list-imperative.mlw", line 94, characters 12-56: termination of this expression cannot be proved, but there is no `diverges' clause in the outer specification
Warning, file "./719_find-k-th-smallest-pair-distance/implementations/list-imperative/list-imperative.mlw", line 99, characters 12-56: termination of this expression cannot be proved, but there is no `diverges' clause in the outer specification
Warning, file "./719_find-k-th-smallest-pair-distance/implementations/list-imperative/list-imperative.mlw", line 104, characters 12-56: termination of this expression cannot be proved, but there is no `diverges' clause in the outer specification
Warning, file "./719_find-k-th-smallest-pair-distance/implementations/list-imperative/list-imperative.mlw", line 109, characters 12-56: termination of this expression cannot be proved, but there is no `diverges' clause in the outer specification
Warning, file "./719_find-k-th-smallest-pair-distance/implementations/list-imperative/list-imperative.mlw", line 114, characters 12-56: termination of this expression cannot be proved, but there is no `diverges' clause in the outer specification
Warning, file "./719_find-k-th-smallest-pair-distance/implementations/list-imperative/list-imperative.mlw", line 119, characters 12-57: termination of this expression cannot be proved, but there is no `diverges' clause in the outer specification
Warning, file "./719_find-k-th-smallest-pair-distance/implementations/list-imperative/list-imperative.mlw", line 124, characters 12-56: termination of this expression cannot be proved, but there is no `diverges' clause in the outer specification
Warning, file "./719_find-k-th-smallest-pair-distance/implementations/list-imperative/list-imperative.mlw", line 129, characters 12-57: termination of this expression cannot be proved, but there is no `diverges' clause in the outer specification
Warning, file "./719_find-k-th-smallest-pair-distance/implementations/list-imperative/list-imperative.mlw", line 134, characters 12-58: termination of this expression cannot be proved, but there is no `diverges' clause in the outer specification
Warning, file "./719_find-k-th-smallest-pair-distance/implementations/list-imperative/list-imperative.mlw", line 139, characters 12-58: termination of this expression cannot be proved, but there is no `diverges' clause in the outer specification
Warning, file "./719_find-k-th-smallest-pair-distance/implementations/list-imperative/list-imperative.mlw", line 144, characters 12-58: termination of this expression cannot be proved, but there is no `diverges' clause in the outer specification
Warning, file "./719_find-k-th-smallest-pair-distance/implementations/list-imperative/list-imperative.mlw", line 149, characters 12-58: termination of this expression cannot be proved, but there is no `diverges' clause in the outer specification
Warning, file "./719_find-k-th-smallest-pair-distance/implementations/list-imperative/list-imperative.mlw", line 154, characters 12-58: termination of this expression cannot be proved, but there is no `diverges' clause in the outer specification
Warning, file "./719_find-k-th-smallest-pair-distance/implementations/list-imperative/list-imperative.mlw", line 159, characters 12-57: termination of this expression cannot be proved, but there is no `diverges' clause in the outer specification
Warning, file "./719_find-k-th-smallest-pair-distance/implementations/list-imperative/list-imperative.mlw", line 164, characters 12-58: termination of this expression cannot be proved, but there is no `diverges' clause in the outer specification
Warning, file "./719_find-k-th-smallest-pair-distance/implementations/list-imperative/list-imperative.mlw", line 187, characters 7-18: termination of this expression cannot be proved, but there is no `diverges' clause in the outer specification
Warning, file "./719_find-k-th-smallest-pair-distance/implementations/list-imperative/list-imperative.mlw", line 186, characters 7-18: termination of this expression cannot be proved, but there is no `diverges' clause in the outer specification
Warning, file "./719_find-k-th-smallest-pair-distance/implementations/list-imperative/list-imperative.mlw", line 185, characters 7-18: termination of this expression cannot be proved, but there is no `diverges' clause in the outer specification
Warning, file "./719_find-k-th-smallest-pair-distance/implementations/list-imperative/list-imperative.mlw", line 184, characters 7-18: termination of this expression cannot be proved, but there is no `diverges' clause in the outer specification
Warning, file "./719_find-k-th-smallest-pair-distance/implementations/list-imperative/list-imperative.mlw", line 183, characters 7-18: termination of this expression cannot be proved, but there is no `diverges' clause in the outer specification
Warning, file "./719_find-k-th-smallest-pair-distance/implementations/list-imperative/list-imperative.mlw", line 182, characters 7-18: termination of this expression cannot be proved, but there is no `diverges' clause in the outer specification
Warning, file "./719_find-k-th-smallest-pair-distance/implementations/list-imperative/list-imperative.mlw", line 181, characters 7-18: termination of this expression cannot be proved, but there is no `diverges' clause in the outer specification
Warning, file "./719_find-k-th-smallest-pair-distance/implementations/list-imperative/list-imperative.mlw", line 180, characters 7-18: termination of this expression cannot be proved, but there is no `diverges' clause in the outer specification
Warning, file "./719_find-k-th-smallest-pair-distance/implementations/list-imperative/list-imperative.mlw", line 179, characters 7-18: termination of this expression cannot be proved, but there is no `diverges' clause in the outer specification
Warning, file "./719_find-k-th-smallest-pair-distance/implementations/list-imperative/list-imperative.mlw", line 178, characters 7-18: termination of this expression cannot be proved, but there is no `diverges' clause in the outer specification
Warning, file "./719_find-k-th-smallest-pair-distance/implementations/list-imperative/list-imperative.mlw", line 177, characters 7-18: termination of this expression cannot be proved, but there is no `diverges' clause in the outer specification
Warning, file "./719_find-k-th-smallest-pair-distance/implementations/list-imperative/list-imperative.mlw", line 176, characters 7-18: termination of this expression cannot be proved, but there is no `diverges' clause in the outer specification
Warning, file "./719_find-k-th-smallest-pair-distance/implementations/list-imperative/list-imperative.mlw", line 175, characters 7-18: termination of this expression cannot be proved, but there is no `diverges' clause in the outer specification
Warning, file "./719_find-k-th-smallest-pair-distance/implementations/list-imperative/list-imperative.mlw", line 174, characters 7-18: termination of this expression cannot be proved, but there is no `diverges' clause in the outer specification
Warning, file "./719_find-k-th-smallest-pair-distance/implementations/list-imperative/list-imperative.mlw", line 173, characters 7-18: termination of this expression cannot be proved, but there is no `diverges' clause in the outer specification
Warning, file "./719_find-k-th-smallest-pair-distance/implementations/list-imperative/list-imperative.mlw", line 172, characters 7-18: termination of this expression cannot be proved, but there is no `diverges' clause in the outer specification
Warning, file "./719_find-k-th-smallest-pair-distance/implementations/list-imperative/list-imperative.mlw", line 171, characters 7-18: termination of this expression cannot be proved, but there is no `diverges' clause in the outer specification
Warning, file "./719_find-k-th-smallest-pair-distance/implementations/list-imperative/list-imperative.mlw", line 170, characters 7-18: termination of this expression cannot be proved, but there is no `diverges' clause in the outer specification
Warning, file "./719_find-k-th-smallest-pair-distance/implementations/list-imperative/list-imperative.mlw", line 169, characters 7-18: termination of this expression cannot be proved, but there is no `diverges' clause in the outer specification
Warning, file "./719_find-k-th-smallest-pair-distance/implementations/list-imperative/list-imperative.mlw", line 168, characters 7-18: termination of this expression cannot be proved, but there is no `diverges' clause in the outer specification
result: bool = true
globals: <none>

EXECUTE_EXIT_CODE: 0
