FILE: ./2640_find-the-score-of-all-prefixes-of-an-array/implementations/list-imperative/list-imperative.mlw
MODULE: FindTheScoreOfAllPrefixesOfAnArray_List_Imperative_Implementation
COMMAND: why3 execute --use FindTheScoreOfAllPrefixesOfAnArray_List_Imperative_Implementation ./2640_find-the-score-of-all-prefixes-of-an-array/implementations/list-imperative/list-imperative.mlw 'run_tests ()'

Warning, file "./2640_find-the-score-of-all-prefixes-of-an-array/implementations/list-imperative/list-imperative.mlw", line 10, character 4 to line 17, character 8: termination of this expression cannot be proved, but there is no `diverges' clause in the outer specification
Warning, file "./2640_find-the-score-of-all-prefixes-of-an-array/implementations/list-imperative/list-imperative.mlw", line 38, characters 8-32: termination of this expression cannot be proved, but there is no `diverges' clause in the outer specification
Warning, file "./2640_find-the-score-of-all-prefixes-of-an-array/implementations/list-imperative/list-imperative.mlw", line 28, character 8 to line 37, character 12: termination of this expression cannot be proved, but there is no `diverges' clause in the outer specification
Warning, file "./2640_find-the-score-of-all-prefixes-of-an-array/implementations/list-imperative/list-imperative.mlw", line 45, character 4 to line 59, character 8: termination of this expression cannot be proved, but there is no `diverges' clause in the outer specification
Warning, file "./2640_find-the-score-of-all-prefixes-of-an-array/implementations/list-imperative/list-imperative.mlw", line 72, characters 4-26: termination of this expression cannot be proved, but there is no `diverges' clause in the outer specification
Warning, file "./2640_find-the-score-of-all-prefixes-of-an-array/implementations/list-imperative/list-imperative.mlw", line 71, characters 12-64: termination of this expression cannot be proved, but there is no `diverges' clause in the outer specification
Warning, file "./2640_find-the-score-of-all-prefixes-of-an-array/implementations/list-imperative/list-imperative.mlw", line 78, characters 4-26: termination of this expression cannot be proved, but there is no `diverges' clause in the outer specification
Warning, file "./2640_find-the-score-of-all-prefixes-of-an-array/implementations/list-imperative/list-imperative.mlw", line 77, characters 12-64: termination of this expression cannot be proved, but there is no `diverges' clause in the outer specification
Warning, file "./2640_find-the-score-of-all-prefixes-of-an-array/implementations/list-imperative/list-imperative.mlw", line 84, characters 4-26: termination of this expression cannot be proved, but there is no `diverges' clause in the outer specification
Warning, file "./2640_find-the-score-of-all-prefixes-of-an-array/implementations/list-imperative/list-imperative.mlw", line 83, characters 12-64: termination of this expression cannot be proved, but there is no `diverges' clause in the outer specification
Warning, file "./2640_find-the-score-of-all-prefixes-of-an-array/implementations/list-imperative/list-imperative.mlw", line 90, characters 4-26: termination of this expression cannot be proved, but there is no `diverges' clause in the outer specification
Warning, file "./2640_find-the-score-of-all-prefixes-of-an-array/implementations/list-imperative/list-imperative.mlw", line 89, characters 12-64: termination of this expression cannot be proved, but there is no `diverges' clause in the outer specification
Warning, file "./2640_find-the-score-of-all-prefixes-of-an-array/implementations/list-imperative/list-imperative.mlw", line 96, characters 4-26: termination of this expression cannot be proved, but there is no `diverges' clause in the outer specification
Warning, file "./2640_find-the-score-of-all-prefixes-of-an-array/implementations/list-imperative/list-imperative.mlw", line 95, characters 12-64: termination of this expression cannot be proved, but there is no `diverges' clause in the outer specification
Warning, file "./2640_find-the-score-of-all-prefixes-of-an-array/implementations/list-imperative/list-imperative.mlw", line 102, characters 4-26: termination of this expression cannot be proved, but there is no `diverges' clause in the outer specification
Warning, file "./2640_find-the-score-of-all-prefixes-of-an-array/implementations/list-imperative/list-imperative.mlw", line 101, characters 12-64: termination of this expression cannot be proved, but there is no `diverges' clause in the outer specification
Warning, file "./2640_find-the-score-of-all-prefixes-of-an-array/implementations/list-imperative/list-imperative.mlw", line 108, characters 4-26: termination of this expression cannot be proved, but there is no `diverges' clause in the outer specification
Warning, file "./2640_find-the-score-of-all-prefixes-of-an-array/implementations/list-imperative/list-imperative.mlw", line 107, characters 12-64: termination of this expression cannot be proved, but there is no `diverges' clause in the outer specification
Warning, file "./2640_find-the-score-of-all-prefixes-of-an-array/implementations/list-imperative/list-imperative.mlw", line 114, characters 4-26: termination of this expression cannot be proved, but there is no `diverges' clause in the outer specification
Warning, file "./2640_find-the-score-of-all-prefixes-of-an-array/implementations/list-imperative/list-imperative.mlw", line 113, characters 12-64: termination of this expression cannot be proved, but there is no `diverges' clause in the outer specification
Warning, file "./2640_find-the-score-of-all-prefixes-of-an-array/implementations/list-imperative/list-imperative.mlw", line 120, characters 4-26: termination of this expression cannot be proved, but there is no `diverges' clause in the outer specification
Warning, file "./2640_find-the-score-of-all-prefixes-of-an-array/implementations/list-imperative/list-imperative.mlw", line 119, characters 12-64: termination of this expression cannot be proved, but there is no `diverges' clause in the outer specification
Warning, file "./2640_find-the-score-of-all-prefixes-of-an-array/implementations/list-imperative/list-imperative.mlw", line 126, characters 4-26: termination of this expression cannot be proved, but there is no `diverges' clause in the outer specification
Warning, file "./2640_find-the-score-of-all-prefixes-of-an-array/implementations/list-imperative/list-imperative.mlw", line 125, characters 12-64: termination of this expression cannot be proved, but there is no `diverges' clause in the outer specification
Warning, file "./2640_find-the-score-of-all-prefixes-of-an-array/implementations/list-imperative/list-imperative.mlw", line 132, characters 4-26: termination of this expression cannot be proved, but there is no `diverges' clause in the outer specification
Warning, file "./2640_find-the-score-of-all-prefixes-of-an-array/implementations/list-imperative/list-imperative.mlw", line 131, characters 12-64: termination of this expression cannot be proved, but there is no `diverges' clause in the outer specification
Warning, file "./2640_find-the-score-of-all-prefixes-of-an-array/implementations/list-imperative/list-imperative.mlw", line 138, characters 4-26: termination of this expression cannot be proved, but there is no `diverges' clause in the outer specification
Warning, file "./2640_find-the-score-of-all-prefixes-of-an-array/implementations/list-imperative/list-imperative.mlw", line 137, characters 12-64: termination of this expression cannot be proved, but there is no `diverges' clause in the outer specification
Warning, file "./2640_find-the-score-of-all-prefixes-of-an-array/implementations/list-imperative/list-imperative.mlw", line 144, characters 4-26: termination of this expression cannot be proved, but there is no `diverges' clause in the outer specification
Warning, file "./2640_find-the-score-of-all-prefixes-of-an-array/implementations/list-imperative/list-imperative.mlw", line 143, characters 12-64: termination of this expression cannot be proved, but there is no `diverges' clause in the outer specification
Warning, file "./2640_find-the-score-of-all-prefixes-of-an-array/implementations/list-imperative/list-imperative.mlw", line 150, characters 4-26: termination of this expression cannot be proved, but there is no `diverges' clause in the outer specification
Warning, file "./2640_find-the-score-of-all-prefixes-of-an-array/implementations/list-imperative/list-imperative.mlw", line 149, characters 12-64: termination of this expression cannot be proved, but there is no `diverges' clause in the outer specification
Warning, file "./2640_find-the-score-of-all-prefixes-of-an-array/implementations/list-imperative/list-imperative.mlw", line 156, characters 4-26: termination of this expression cannot be proved, but there is no `diverges' clause in the outer specification
Warning, file "./2640_find-the-score-of-all-prefixes-of-an-array/implementations/list-imperative/list-imperative.mlw", line 155, characters 12-64: termination of this expression cannot be proved, but there is no `diverges' clause in the outer specification
Warning, file "./2640_find-the-score-of-all-prefixes-of-an-array/implementations/list-imperative/list-imperative.mlw", line 162, characters 4-26: termination of this expression cannot be proved, but there is no `diverges' clause in the outer specification
Warning, file "./2640_find-the-score-of-all-prefixes-of-an-array/implementations/list-imperative/list-imperative.mlw", line 161, characters 12-64: termination of this expression cannot be proved, but there is no `diverges' clause in the outer specification
Warning, file "./2640_find-the-score-of-all-prefixes-of-an-array/implementations/list-imperative/list-imperative.mlw", line 168, characters 4-26: termination of this expression cannot be proved, but there is no `diverges' clause in the outer specification
Warning, file "./2640_find-the-score-of-all-prefixes-of-an-array/implementations/list-imperative/list-imperative.mlw", line 167, characters 12-64: termination of this expression cannot be proved, but there is no `diverges' clause in the outer specification
Warning, file "./2640_find-the-score-of-all-prefixes-of-an-array/implementations/list-imperative/list-imperative.mlw", line 174, characters 4-26: termination of this expression cannot be proved, but there is no `diverges' clause in the outer specification
Warning, file "./2640_find-the-score-of-all-prefixes-of-an-array/implementations/list-imperative/list-imperative.mlw", line 173, characters 12-64: termination of this expression cannot be proved, but there is no `diverges' clause in the outer specification
Warning, file "./2640_find-the-score-of-all-prefixes-of-an-array/implementations/list-imperative/list-imperative.mlw", line 180, characters 4-26: termination of this expression cannot be proved, but there is no `diverges' clause in the outer specification
Warning, file "./2640_find-the-score-of-all-prefixes-of-an-array/implementations/list-imperative/list-imperative.mlw", line 179, characters 12-64: termination of this expression cannot be proved, but there is no `diverges' clause in the outer specification
Warning, file "./2640_find-the-score-of-all-prefixes-of-an-array/implementations/list-imperative/list-imperative.mlw", line 186, characters 4-26: termination of this expression cannot be proved, but there is no `diverges' clause in the outer specification
Warning, file "./2640_find-the-score-of-all-prefixes-of-an-array/implementations/list-imperative/list-imperative.mlw", line 185, characters 12-64: termination of this expression cannot be proved, but there is no `diverges' clause in the outer specification
Warning, file "./2640_find-the-score-of-all-prefixes-of-an-array/implementations/list-imperative/list-imperative.mlw", line 208, characters 7-18: termination of this expression cannot be proved, but there is no `diverges' clause in the outer specification
Warning, file "./2640_find-the-score-of-all-prefixes-of-an-array/implementations/list-imperative/list-imperative.mlw", line 207, characters 7-18: termination of this expression cannot be proved, but there is no `diverges' clause in the outer specification
Warning, file "./2640_find-the-score-of-all-prefixes-of-an-array/implementations/list-imperative/list-imperative.mlw", line 206, characters 7-18: termination of this expression cannot be proved, but there is no `diverges' clause in the outer specification
Warning, file "./2640_find-the-score-of-all-prefixes-of-an-array/implementations/list-imperative/list-imperative.mlw", line 205, characters 7-18: termination of this expression cannot be proved, but there is no `diverges' clause in the outer specification
Warning, file "./2640_find-the-score-of-all-prefixes-of-an-array/implementations/list-imperative/list-imperative.mlw", line 204, characters 7-18: termination of this expression cannot be proved, but there is no `diverges' clause in the outer specification
Warning, file "./2640_find-the-score-of-all-prefixes-of-an-array/implementations/list-imperative/list-imperative.mlw", line 203, characters 7-18: termination of this expression cannot be proved, but there is no `diverges' clause in the outer specification
Warning, file "./2640_find-the-score-of-all-prefixes-of-an-array/implementations/list-imperative/list-imperative.mlw", line 202, characters 7-18: termination of this expression cannot be proved, but there is no `diverges' clause in the outer specification
Warning, file "./2640_find-the-score-of-all-prefixes-of-an-array/implementations/list-imperative/list-imperative.mlw", line 201, characters 7-18: termination of this expression cannot be proved, but there is no `diverges' clause in the outer specification
Warning, file "./2640_find-the-score-of-all-prefixes-of-an-array/implementations/list-imperative/list-imperative.mlw", line 200, characters 7-18: termination of this expression cannot be proved, but there is no `diverges' clause in the outer specification
Warning, file "./2640_find-the-score-of-all-prefixes-of-an-array/implementations/list-imperative/list-imperative.mlw", line 199, characters 7-18: termination of this expression cannot be proved, but there is no `diverges' clause in the outer specification
Warning, file "./2640_find-the-score-of-all-prefixes-of-an-array/implementations/list-imperative/list-imperative.mlw", line 198, characters 7-18: termination of this expression cannot be proved, but there is no `diverges' clause in the outer specification
Warning, file "./2640_find-the-score-of-all-prefixes-of-an-array/implementations/list-imperative/list-imperative.mlw", line 197, characters 7-18: termination of this expression cannot be proved, but there is no `diverges' clause in the outer specification
Warning, file "./2640_find-the-score-of-all-prefixes-of-an-array/implementations/list-imperative/list-imperative.mlw", line 196, characters 7-18: termination of this expression cannot be proved, but there is no `diverges' clause in the outer specification
Warning, file "./2640_find-the-score-of-all-prefixes-of-an-array/implementations/list-imperative/list-imperative.mlw", line 195, characters 7-18: termination of this expression cannot be proved, but there is no `diverges' clause in the outer specification
Warning, file "./2640_find-the-score-of-all-prefixes-of-an-array/implementations/list-imperative/list-imperative.mlw", line 194, characters 7-18: termination of this expression cannot be proved, but there is no `diverges' clause in the outer specification
Warning, file "./2640_find-the-score-of-all-prefixes-of-an-array/implementations/list-imperative/list-imperative.mlw", line 193, characters 7-18: termination of this expression cannot be proved, but there is no `diverges' clause in the outer specification
Warning, file "./2640_find-the-score-of-all-prefixes-of-an-array/implementations/list-imperative/list-imperative.mlw", line 192, characters 7-18: termination of this expression cannot be proved, but there is no `diverges' clause in the outer specification
Warning, file "./2640_find-the-score-of-all-prefixes-of-an-array/implementations/list-imperative/list-imperative.mlw", line 191, characters 7-18: termination of this expression cannot be proved, but there is no `diverges' clause in the outer specification
Warning, file "./2640_find-the-score-of-all-prefixes-of-an-array/implementations/list-imperative/list-imperative.mlw", line 190, characters 7-18: termination of this expression cannot be proved, but there is no `diverges' clause in the outer specification
Warning, file "./2640_find-the-score-of-all-prefixes-of-an-array/implementations/list-imperative/list-imperative.mlw", line 189, characters 7-18: termination of this expression cannot be proved, but there is no `diverges' clause in the outer specification
result: bool = true
globals: <none>

EXECUTE_EXIT_CODE: 0
