FILE: ./1509_minimum-difference-between-largest-and-smallest-value-in-three-moves/implementations/array-imperative/array-imperative.mlw
MODULE: MinimumDifferenceBetweenLargestAndSmallestValueInThreeMoves_Array_Imperative_Implementation
COMMAND: why3 execute --use MinimumDifferenceBetweenLargestAndSmallestValueInThreeMoves_Array_Imperative_Implementation ./1509_minimum-difference-between-largest-and-smallest-value-in-three-moves/implementations/array-imperative/array-imperative.mlw 'run_tests ()'

Warning, file "./1509_minimum-difference-between-largest-and-smallest-value-in-three-moves/implementations/array-imperative/array-imperative.mlw", line 22, character 6 to line 31, character 10: termination of this expression cannot be proved, but there is no `diverges' clause in the outer specification
Warning, file "./1509_minimum-difference-between-largest-and-smallest-value-in-three-moves/implementations/array-imperative/array-imperative.mlw", line 18, character 4 to line 33, character 8: termination of this expression cannot be proved, but there is no `diverges' clause in the outer specification
Warning, file "./1509_minimum-difference-between-largest-and-smallest-value-in-three-moves/implementations/array-imperative/array-imperative.mlw", line 46, characters 6-27: termination of this expression cannot be proved, but there is no `diverges' clause in the outer specification
Warning, file "./1509_minimum-difference-between-largest-and-smallest-value-in-three-moves/implementations/array-imperative/array-imperative.mlw", line 55, characters 12-91: termination of this expression cannot be proved, but there is no `diverges' clause in the outer specification
Warning, file "./1509_minimum-difference-between-largest-and-smallest-value-in-three-moves/implementations/array-imperative/array-imperative.mlw", line 60, characters 12-91: termination of this expression cannot be proved, but there is no `diverges' clause in the outer specification
Warning, file "./1509_minimum-difference-between-largest-and-smallest-value-in-three-moves/implementations/array-imperative/array-imperative.mlw", line 65, characters 12-91: termination of this expression cannot be proved, but there is no `diverges' clause in the outer specification
Warning, file "./1509_minimum-difference-between-largest-and-smallest-value-in-three-moves/implementations/array-imperative/array-imperative.mlw", line 70, characters 12-91: termination of this expression cannot be proved, but there is no `diverges' clause in the outer specification
Warning, file "./1509_minimum-difference-between-largest-and-smallest-value-in-three-moves/implementations/array-imperative/array-imperative.mlw", line 75, characters 12-91: termination of this expression cannot be proved, but there is no `diverges' clause in the outer specification
Warning, file "./1509_minimum-difference-between-largest-and-smallest-value-in-three-moves/implementations/array-imperative/array-imperative.mlw", line 80, characters 12-91: termination of this expression cannot be proved, but there is no `diverges' clause in the outer specification
Warning, file "./1509_minimum-difference-between-largest-and-smallest-value-in-three-moves/implementations/array-imperative/array-imperative.mlw", line 85, characters 12-91: termination of this expression cannot be proved, but there is no `diverges' clause in the outer specification
Warning, file "./1509_minimum-difference-between-largest-and-smallest-value-in-three-moves/implementations/array-imperative/array-imperative.mlw", line 90, characters 12-91: termination of this expression cannot be proved, but there is no `diverges' clause in the outer specification
Warning, file "./1509_minimum-difference-between-largest-and-smallest-value-in-three-moves/implementations/array-imperative/array-imperative.mlw", line 95, characters 12-91: termination of this expression cannot be proved, but there is no `diverges' clause in the outer specification
Warning, file "./1509_minimum-difference-between-largest-and-smallest-value-in-three-moves/implementations/array-imperative/array-imperative.mlw", line 100, characters 12-91: termination of this expression cannot be proved, but there is no `diverges' clause in the outer specification
Warning, file "./1509_minimum-difference-between-largest-and-smallest-value-in-three-moves/implementations/array-imperative/array-imperative.mlw", line 105, characters 12-91: termination of this expression cannot be proved, but there is no `diverges' clause in the outer specification
Warning, file "./1509_minimum-difference-between-largest-and-smallest-value-in-three-moves/implementations/array-imperative/array-imperative.mlw", line 110, characters 12-91: termination of this expression cannot be proved, but there is no `diverges' clause in the outer specification
Warning, file "./1509_minimum-difference-between-largest-and-smallest-value-in-three-moves/implementations/array-imperative/array-imperative.mlw", line 115, characters 12-91: termination of this expression cannot be proved, but there is no `diverges' clause in the outer specification
Warning, file "./1509_minimum-difference-between-largest-and-smallest-value-in-three-moves/implementations/array-imperative/array-imperative.mlw", line 120, characters 12-91: termination of this expression cannot be proved, but there is no `diverges' clause in the outer specification
Warning, file "./1509_minimum-difference-between-largest-and-smallest-value-in-three-moves/implementations/array-imperative/array-imperative.mlw", line 125, characters 12-91: termination of this expression cannot be proved, but there is no `diverges' clause in the outer specification
Warning, file "./1509_minimum-difference-between-largest-and-smallest-value-in-three-moves/implementations/array-imperative/array-imperative.mlw", line 130, characters 12-91: termination of this expression cannot be proved, but there is no `diverges' clause in the outer specification
Warning, file "./1509_minimum-difference-between-largest-and-smallest-value-in-three-moves/implementations/array-imperative/array-imperative.mlw", line 135, characters 12-91: termination of this expression cannot be proved, but there is no `diverges' clause in the outer specification
Warning, file "./1509_minimum-difference-between-largest-and-smallest-value-in-three-moves/implementations/array-imperative/array-imperative.mlw", line 140, characters 12-91: termination of this expression cannot be proved, but there is no `diverges' clause in the outer specification
Warning, file "./1509_minimum-difference-between-largest-and-smallest-value-in-three-moves/implementations/array-imperative/array-imperative.mlw", line 145, characters 12-91: termination of this expression cannot be proved, but there is no `diverges' clause in the outer specification
Warning, file "./1509_minimum-difference-between-largest-and-smallest-value-in-three-moves/implementations/array-imperative/array-imperative.mlw", line 150, characters 12-91: termination of this expression cannot be proved, but there is no `diverges' clause in the outer specification
Warning, file "./1509_minimum-difference-between-largest-and-smallest-value-in-three-moves/implementations/array-imperative/array-imperative.mlw", line 173, characters 7-18: termination of this expression cannot be proved, but there is no `diverges' clause in the outer specification
Warning, file "./1509_minimum-difference-between-largest-and-smallest-value-in-three-moves/implementations/array-imperative/array-imperative.mlw", line 172, characters 7-18: termination of this expression cannot be proved, but there is no `diverges' clause in the outer specification
Warning, file "./1509_minimum-difference-between-largest-and-smallest-value-in-three-moves/implementations/array-imperative/array-imperative.mlw", line 171, characters 7-18: termination of this expression cannot be proved, but there is no `diverges' clause in the outer specification
Warning, file "./1509_minimum-difference-between-largest-and-smallest-value-in-three-moves/implementations/array-imperative/array-imperative.mlw", line 170, characters 7-18: termination of this expression cannot be proved, but there is no `diverges' clause in the outer specification
Warning, file "./1509_minimum-difference-between-largest-and-smallest-value-in-three-moves/implementations/array-imperative/array-imperative.mlw", line 169, characters 7-18: termination of this expression cannot be proved, but there is no `diverges' clause in the outer specification
Warning, file "./1509_minimum-difference-between-largest-and-smallest-value-in-three-moves/implementations/array-imperative/array-imperative.mlw", line 168, characters 7-18: termination of this expression cannot be proved, but there is no `diverges' clause in the outer specification
Warning, file "./1509_minimum-difference-between-largest-and-smallest-value-in-three-moves/implementations/array-imperative/array-imperative.mlw", line 167, characters 7-18: termination of this expression cannot be proved, but there is no `diverges' clause in the outer specification
Warning, file "./1509_minimum-difference-between-largest-and-smallest-value-in-three-moves/implementations/array-imperative/array-imperative.mlw", line 166, characters 7-18: termination of this expression cannot be proved, but there is no `diverges' clause in the outer specification
Warning, file "./1509_minimum-difference-between-largest-and-smallest-value-in-three-moves/implementations/array-imperative/array-imperative.mlw", line 165, characters 7-18: termination of this expression cannot be proved, but there is no `diverges' clause in the outer specification
Warning, file "./1509_minimum-difference-between-largest-and-smallest-value-in-three-moves/implementations/array-imperative/array-imperative.mlw", line 164, characters 7-18: termination of this expression cannot be proved, but there is no `diverges' clause in the outer specification
Warning, file "./1509_minimum-difference-between-largest-and-smallest-value-in-three-moves/implementations/array-imperative/array-imperative.mlw", line 163, characters 7-18: termination of this expression cannot be proved, but there is no `diverges' clause in the outer specification
Warning, file "./1509_minimum-difference-between-largest-and-smallest-value-in-three-moves/implementations/array-imperative/array-imperative.mlw", line 162, characters 7-18: termination of this expression cannot be proved, but there is no `diverges' clause in the outer specification
Warning, file "./1509_minimum-difference-between-largest-and-smallest-value-in-three-moves/implementations/array-imperative/array-imperative.mlw", line 161, characters 7-18: termination of this expression cannot be proved, but there is no `diverges' clause in the outer specification
Warning, file "./1509_minimum-difference-between-largest-and-smallest-value-in-three-moves/implementations/array-imperative/array-imperative.mlw", line 160, characters 7-18: termination of this expression cannot be proved, but there is no `diverges' clause in the outer specification
Warning, file "./1509_minimum-difference-between-largest-and-smallest-value-in-three-moves/implementations/array-imperative/array-imperative.mlw", line 159, characters 7-18: termination of this expression cannot be proved, but there is no `diverges' clause in the outer specification
Warning, file "./1509_minimum-difference-between-largest-and-smallest-value-in-three-moves/implementations/array-imperative/array-imperative.mlw", line 158, characters 7-18: termination of this expression cannot be proved, but there is no `diverges' clause in the outer specification
Warning, file "./1509_minimum-difference-between-largest-and-smallest-value-in-three-moves/implementations/array-imperative/array-imperative.mlw", line 157, characters 7-18: termination of this expression cannot be proved, but there is no `diverges' clause in the outer specification
Warning, file "./1509_minimum-difference-between-largest-and-smallest-value-in-three-moves/implementations/array-imperative/array-imperative.mlw", line 156, characters 7-18: termination of this expression cannot be proved, but there is no `diverges' clause in the outer specification
Warning, file "./1509_minimum-difference-between-largest-and-smallest-value-in-three-moves/implementations/array-imperative/array-imperative.mlw", line 155, characters 7-18: termination of this expression cannot be proved, but there is no `diverges' clause in the outer specification
Warning, file "./1509_minimum-difference-between-largest-and-smallest-value-in-three-moves/implementations/array-imperative/array-imperative.mlw", line 154, characters 7-18: termination of this expression cannot be proved, but there is no `diverges' clause in the outer specification
result: bool = true
globals: <none>

EXECUTE_EXIT_CODE: 0
