FILE: ./1921_eliminate-maximum-number-of-monsters/implementations/list-imperative/list-imperative.mlw
MODULE: EliminateMaximumNumberOfMonsters_List_Imperative
COMMAND: why3 execute --use EliminateMaximumNumberOfMonsters_List_Imperative ./1921_eliminate-maximum-number-of-monsters/implementations/list-imperative/list-imperative.mlw 'run_tests ()'

Warning, file "./1921_eliminate-maximum-number-of-monsters/implementations/list-imperative/list-imperative.mlw", line 16, character 6 to line 37, character 10: termination of this expression cannot be proved, but there is no `diverges' clause in the outer specification
Warning, file "./1921_eliminate-maximum-number-of-monsters/implementations/list-imperative/list-imperative.mlw", line 12, character 4 to line 43, character 8: termination of this expression cannot be proved, but there is no `diverges' clause in the outer specification
Warning, file "./1921_eliminate-maximum-number-of-monsters/implementations/list-imperative/list-imperative.mlw", line 49, characters 12-64: termination of this expression cannot be proved, but there is no `diverges' clause in the outer specification
Warning, file "./1921_eliminate-maximum-number-of-monsters/implementations/list-imperative/list-imperative.mlw", line 55, characters 12-64: termination of this expression cannot be proved, but there is no `diverges' clause in the outer specification
Warning, file "./1921_eliminate-maximum-number-of-monsters/implementations/list-imperative/list-imperative.mlw", line 61, characters 12-64: termination of this expression cannot be proved, but there is no `diverges' clause in the outer specification
Warning, file "./1921_eliminate-maximum-number-of-monsters/implementations/list-imperative/list-imperative.mlw", line 67, characters 12-64: termination of this expression cannot be proved, but there is no `diverges' clause in the outer specification
Warning, file "./1921_eliminate-maximum-number-of-monsters/implementations/list-imperative/list-imperative.mlw", line 93, characters 12-64: termination of this expression cannot be proved, but there is no `diverges' clause in the outer specification
Warning, file "./1921_eliminate-maximum-number-of-monsters/implementations/list-imperative/list-imperative.mlw", line 99, characters 12-64: termination of this expression cannot be proved, but there is no `diverges' clause in the outer specification
Warning, file "./1921_eliminate-maximum-number-of-monsters/implementations/list-imperative/list-imperative.mlw", line 105, characters 12-64: termination of this expression cannot be proved, but there is no `diverges' clause in the outer specification
Warning, file "./1921_eliminate-maximum-number-of-monsters/implementations/list-imperative/list-imperative.mlw", line 111, characters 12-64: termination of this expression cannot be proved, but there is no `diverges' clause in the outer specification
Warning, file "./1921_eliminate-maximum-number-of-monsters/implementations/list-imperative/list-imperative.mlw", line 117, characters 12-64: termination of this expression cannot be proved, but there is no `diverges' clause in the outer specification
Warning, file "./1921_eliminate-maximum-number-of-monsters/implementations/list-imperative/list-imperative.mlw", line 123, characters 12-64: termination of this expression cannot be proved, but there is no `diverges' clause in the outer specification
Warning, file "./1921_eliminate-maximum-number-of-monsters/implementations/list-imperative/list-imperative.mlw", line 149, characters 12-64: termination of this expression cannot be proved, but there is no `diverges' clause in the outer specification
Warning, file "./1921_eliminate-maximum-number-of-monsters/implementations/list-imperative/list-imperative.mlw", line 155, characters 12-64: termination of this expression cannot be proved, but there is no `diverges' clause in the outer specification
Warning, file "./1921_eliminate-maximum-number-of-monsters/implementations/list-imperative/list-imperative.mlw", line 161, characters 12-64: termination of this expression cannot be proved, but there is no `diverges' clause in the outer specification
Warning, file "./1921_eliminate-maximum-number-of-monsters/implementations/list-imperative/list-imperative.mlw", line 167, characters 12-64: termination of this expression cannot be proved, but there is no `diverges' clause in the outer specification
Warning, file "./1921_eliminate-maximum-number-of-monsters/implementations/list-imperative/list-imperative.mlw", line 173, characters 12-64: termination of this expression cannot be proved, but there is no `diverges' clause in the outer specification
Warning, file "./1921_eliminate-maximum-number-of-monsters/implementations/list-imperative/list-imperative.mlw", line 179, characters 12-64: termination of this expression cannot be proved, but there is no `diverges' clause in the outer specification
Warning, file "./1921_eliminate-maximum-number-of-monsters/implementations/list-imperative/list-imperative.mlw", line 185, characters 12-64: termination of this expression cannot be proved, but there is no `diverges' clause in the outer specification
Warning, file "./1921_eliminate-maximum-number-of-monsters/implementations/list-imperative/list-imperative.mlw", line 191, characters 12-64: termination of this expression cannot be proved, but there is no `diverges' clause in the outer specification
Warning, file "./1921_eliminate-maximum-number-of-monsters/implementations/list-imperative/list-imperative.mlw", line 197, characters 12-64: termination of this expression cannot be proved, but there is no `diverges' clause in the outer specification
Warning, file "./1921_eliminate-maximum-number-of-monsters/implementations/list-imperative/list-imperative.mlw", line 203, characters 12-64: termination of this expression cannot be proved, but there is no `diverges' clause in the outer specification
Warning, file "./1921_eliminate-maximum-number-of-monsters/implementations/list-imperative/list-imperative.mlw", line 226, characters 7-23: termination of this expression cannot be proved, but there is no `diverges' clause in the outer specification
Warning, file "./1921_eliminate-maximum-number-of-monsters/implementations/list-imperative/list-imperative.mlw", line 225, characters 7-23: termination of this expression cannot be proved, but there is no `diverges' clause in the outer specification
Warning, file "./1921_eliminate-maximum-number-of-monsters/implementations/list-imperative/list-imperative.mlw", line 224, characters 7-23: termination of this expression cannot be proved, but there is no `diverges' clause in the outer specification
Warning, file "./1921_eliminate-maximum-number-of-monsters/implementations/list-imperative/list-imperative.mlw", line 223, characters 7-23: termination of this expression cannot be proved, but there is no `diverges' clause in the outer specification
Warning, file "./1921_eliminate-maximum-number-of-monsters/implementations/list-imperative/list-imperative.mlw", line 222, characters 7-23: termination of this expression cannot be proved, but there is no `diverges' clause in the outer specification
Warning, file "./1921_eliminate-maximum-number-of-monsters/implementations/list-imperative/list-imperative.mlw", line 221, characters 7-23: termination of this expression cannot be proved, but there is no `diverges' clause in the outer specification
Warning, file "./1921_eliminate-maximum-number-of-monsters/implementations/list-imperative/list-imperative.mlw", line 220, characters 7-23: termination of this expression cannot be proved, but there is no `diverges' clause in the outer specification
Warning, file "./1921_eliminate-maximum-number-of-monsters/implementations/list-imperative/list-imperative.mlw", line 219, characters 7-23: termination of this expression cannot be proved, but there is no `diverges' clause in the outer specification
Warning, file "./1921_eliminate-maximum-number-of-monsters/implementations/list-imperative/list-imperative.mlw", line 218, characters 7-23: termination of this expression cannot be proved, but there is no `diverges' clause in the outer specification
Warning, file "./1921_eliminate-maximum-number-of-monsters/implementations/list-imperative/list-imperative.mlw", line 217, characters 7-23: termination of this expression cannot be proved, but there is no `diverges' clause in the outer specification
Warning, file "./1921_eliminate-maximum-number-of-monsters/implementations/list-imperative/list-imperative.mlw", line 216, characters 7-23: termination of this expression cannot be proved, but there is no `diverges' clause in the outer specification
Warning, file "./1921_eliminate-maximum-number-of-monsters/implementations/list-imperative/list-imperative.mlw", line 215, characters 7-23: termination of this expression cannot be proved, but there is no `diverges' clause in the outer specification
Warning, file "./1921_eliminate-maximum-number-of-monsters/implementations/list-imperative/list-imperative.mlw", line 214, characters 7-23: termination of this expression cannot be proved, but there is no `diverges' clause in the outer specification
Warning, file "./1921_eliminate-maximum-number-of-monsters/implementations/list-imperative/list-imperative.mlw", line 213, characters 7-23: termination of this expression cannot be proved, but there is no `diverges' clause in the outer specification
Warning, file "./1921_eliminate-maximum-number-of-monsters/implementations/list-imperative/list-imperative.mlw", line 212, characters 7-23: termination of this expression cannot be proved, but there is no `diverges' clause in the outer specification
Warning, file "./1921_eliminate-maximum-number-of-monsters/implementations/list-imperative/list-imperative.mlw", line 211, characters 7-23: termination of this expression cannot be proved, but there is no `diverges' clause in the outer specification
Warning, file "./1921_eliminate-maximum-number-of-monsters/implementations/list-imperative/list-imperative.mlw", line 210, characters 7-23: termination of this expression cannot be proved, but there is no `diverges' clause in the outer specification
Warning, file "./1921_eliminate-maximum-number-of-monsters/implementations/list-imperative/list-imperative.mlw", line 209, characters 7-23: termination of this expression cannot be proved, but there is no `diverges' clause in the outer specification
Warning, file "./1921_eliminate-maximum-number-of-monsters/implementations/list-imperative/list-imperative.mlw", line 208, characters 7-23: termination of this expression cannot be proved, but there is no `diverges' clause in the outer specification
Warning, file "./1921_eliminate-maximum-number-of-monsters/implementations/list-imperative/list-imperative.mlw", line 207, characters 7-23: termination of this expression cannot be proved, but there is no `diverges' clause in the outer specification
result: bool = true
globals: <none>

EXECUTE_EXIT_CODE: 0
