FILE: ./1983_widest-pair-of-indices-with-equal-range-sum/implementations/list-imperative/list-imperative.mlw
MODULE: WidestPairOfIndicesWithEqualRangeSum_List_Imperative
COMMAND: why3 execute --use WidestPairOfIndicesWithEqualRangeSum_List_Imperative ./1983_widest-pair-of-indices-with-equal-range-sum/implementations/list-imperative/list-imperative.mlw 'run_tests ()'

Warning, file "./1983_widest-pair-of-indices-with-equal-range-sum/implementations/list-imperative/list-imperative.mlw", line 19, character 6 to line 33, character 10: termination of this expression cannot be proved, but there is no `diverges' clause in the outer specification
Warning, file "./1983_widest-pair-of-indices-with-equal-range-sum/implementations/list-imperative/list-imperative.mlw", line 11, character 4 to line 40, character 8: termination of this expression cannot be proved, but there is no `diverges' clause in the outer specification
Warning, file "./1983_widest-pair-of-indices-with-equal-range-sum/implementations/list-imperative/list-imperative.mlw", line 46, characters 12-72: termination of this expression cannot be proved, but there is no `diverges' clause in the outer specification
Warning, file "./1983_widest-pair-of-indices-with-equal-range-sum/implementations/list-imperative/list-imperative.mlw", line 52, characters 12-72: termination of this expression cannot be proved, but there is no `diverges' clause in the outer specification
Warning, file "./1983_widest-pair-of-indices-with-equal-range-sum/implementations/list-imperative/list-imperative.mlw", line 58, characters 12-72: termination of this expression cannot be proved, but there is no `diverges' clause in the outer specification
Warning, file "./1983_widest-pair-of-indices-with-equal-range-sum/implementations/list-imperative/list-imperative.mlw", line 64, characters 12-72: termination of this expression cannot be proved, but there is no `diverges' clause in the outer specification
Warning, file "./1983_widest-pair-of-indices-with-equal-range-sum/implementations/list-imperative/list-imperative.mlw", line 70, characters 12-72: termination of this expression cannot be proved, but there is no `diverges' clause in the outer specification
Warning, file "./1983_widest-pair-of-indices-with-equal-range-sum/implementations/list-imperative/list-imperative.mlw", line 76, characters 12-72: termination of this expression cannot be proved, but there is no `diverges' clause in the outer specification
Warning, file "./1983_widest-pair-of-indices-with-equal-range-sum/implementations/list-imperative/list-imperative.mlw", line 82, characters 12-72: termination of this expression cannot be proved, but there is no `diverges' clause in the outer specification
Warning, file "./1983_widest-pair-of-indices-with-equal-range-sum/implementations/list-imperative/list-imperative.mlw", line 88, characters 12-72: termination of this expression cannot be proved, but there is no `diverges' clause in the outer specification
Warning, file "./1983_widest-pair-of-indices-with-equal-range-sum/implementations/list-imperative/list-imperative.mlw", line 94, characters 12-72: termination of this expression cannot be proved, but there is no `diverges' clause in the outer specification
Warning, file "./1983_widest-pair-of-indices-with-equal-range-sum/implementations/list-imperative/list-imperative.mlw", line 100, characters 12-72: termination of this expression cannot be proved, but there is no `diverges' clause in the outer specification
Warning, file "./1983_widest-pair-of-indices-with-equal-range-sum/implementations/list-imperative/list-imperative.mlw", line 106, characters 12-72: termination of this expression cannot be proved, but there is no `diverges' clause in the outer specification
Warning, file "./1983_widest-pair-of-indices-with-equal-range-sum/implementations/list-imperative/list-imperative.mlw", line 112, characters 12-72: termination of this expression cannot be proved, but there is no `diverges' clause in the outer specification
Warning, file "./1983_widest-pair-of-indices-with-equal-range-sum/implementations/list-imperative/list-imperative.mlw", line 118, characters 12-72: termination of this expression cannot be proved, but there is no `diverges' clause in the outer specification
Warning, file "./1983_widest-pair-of-indices-with-equal-range-sum/implementations/list-imperative/list-imperative.mlw", line 124, characters 12-72: termination of this expression cannot be proved, but there is no `diverges' clause in the outer specification
Warning, file "./1983_widest-pair-of-indices-with-equal-range-sum/implementations/list-imperative/list-imperative.mlw", line 130, characters 12-72: termination of this expression cannot be proved, but there is no `diverges' clause in the outer specification
Warning, file "./1983_widest-pair-of-indices-with-equal-range-sum/implementations/list-imperative/list-imperative.mlw", line 136, characters 12-72: termination of this expression cannot be proved, but there is no `diverges' clause in the outer specification
Warning, file "./1983_widest-pair-of-indices-with-equal-range-sum/implementations/list-imperative/list-imperative.mlw", line 142, characters 12-72: termination of this expression cannot be proved, but there is no `diverges' clause in the outer specification
Warning, file "./1983_widest-pair-of-indices-with-equal-range-sum/implementations/list-imperative/list-imperative.mlw", line 148, characters 12-72: termination of this expression cannot be proved, but there is no `diverges' clause in the outer specification
Warning, file "./1983_widest-pair-of-indices-with-equal-range-sum/implementations/list-imperative/list-imperative.mlw", line 154, characters 12-72: termination of this expression cannot be proved, but there is no `diverges' clause in the outer specification
Warning, file "./1983_widest-pair-of-indices-with-equal-range-sum/implementations/list-imperative/list-imperative.mlw", line 162, characters 12-72: termination of this expression cannot be proved, but there is no `diverges' clause in the outer specification
Warning, file "./1983_widest-pair-of-indices-with-equal-range-sum/implementations/list-imperative/list-imperative.mlw", line 185, characters 7-18: termination of this expression cannot be proved, but there is no `diverges' clause in the outer specification
Warning, file "./1983_widest-pair-of-indices-with-equal-range-sum/implementations/list-imperative/list-imperative.mlw", line 184, characters 7-18: termination of this expression cannot be proved, but there is no `diverges' clause in the outer specification
Warning, file "./1983_widest-pair-of-indices-with-equal-range-sum/implementations/list-imperative/list-imperative.mlw", line 183, characters 7-18: termination of this expression cannot be proved, but there is no `diverges' clause in the outer specification
Warning, file "./1983_widest-pair-of-indices-with-equal-range-sum/implementations/list-imperative/list-imperative.mlw", line 182, characters 7-18: termination of this expression cannot be proved, but there is no `diverges' clause in the outer specification
Warning, file "./1983_widest-pair-of-indices-with-equal-range-sum/implementations/list-imperative/list-imperative.mlw", line 181, characters 7-18: termination of this expression cannot be proved, but there is no `diverges' clause in the outer specification
Warning, file "./1983_widest-pair-of-indices-with-equal-range-sum/implementations/list-imperative/list-imperative.mlw", line 180, characters 7-18: termination of this expression cannot be proved, but there is no `diverges' clause in the outer specification
Warning, file "./1983_widest-pair-of-indices-with-equal-range-sum/implementations/list-imperative/list-imperative.mlw", line 179, characters 7-18: termination of this expression cannot be proved, but there is no `diverges' clause in the outer specification
Warning, file "./1983_widest-pair-of-indices-with-equal-range-sum/implementations/list-imperative/list-imperative.mlw", line 178, characters 7-18: termination of this expression cannot be proved, but there is no `diverges' clause in the outer specification
Warning, file "./1983_widest-pair-of-indices-with-equal-range-sum/implementations/list-imperative/list-imperative.mlw", line 177, characters 7-18: termination of this expression cannot be proved, but there is no `diverges' clause in the outer specification
Warning, file "./1983_widest-pair-of-indices-with-equal-range-sum/implementations/list-imperative/list-imperative.mlw", line 176, characters 7-18: termination of this expression cannot be proved, but there is no `diverges' clause in the outer specification
Warning, file "./1983_widest-pair-of-indices-with-equal-range-sum/implementations/list-imperative/list-imperative.mlw", line 175, characters 7-18: termination of this expression cannot be proved, but there is no `diverges' clause in the outer specification
Warning, file "./1983_widest-pair-of-indices-with-equal-range-sum/implementations/list-imperative/list-imperative.mlw", line 174, characters 7-18: termination of this expression cannot be proved, but there is no `diverges' clause in the outer specification
Warning, file "./1983_widest-pair-of-indices-with-equal-range-sum/implementations/list-imperative/list-imperative.mlw", line 173, characters 7-18: termination of this expression cannot be proved, but there is no `diverges' clause in the outer specification
Warning, file "./1983_widest-pair-of-indices-with-equal-range-sum/implementations/list-imperative/list-imperative.mlw", line 172, characters 7-18: termination of this expression cannot be proved, but there is no `diverges' clause in the outer specification
Warning, file "./1983_widest-pair-of-indices-with-equal-range-sum/implementations/list-imperative/list-imperative.mlw", line 171, characters 7-18: termination of this expression cannot be proved, but there is no `diverges' clause in the outer specification
Warning, file "./1983_widest-pair-of-indices-with-equal-range-sum/implementations/list-imperative/list-imperative.mlw", line 170, characters 7-18: termination of this expression cannot be proved, but there is no `diverges' clause in the outer specification
Warning, file "./1983_widest-pair-of-indices-with-equal-range-sum/implementations/list-imperative/list-imperative.mlw", line 169, characters 7-18: termination of this expression cannot be proved, but there is no `diverges' clause in the outer specification
Warning, file "./1983_widest-pair-of-indices-with-equal-range-sum/implementations/list-imperative/list-imperative.mlw", line 168, characters 7-18: termination of this expression cannot be proved, but there is no `diverges' clause in the outer specification
Warning, file "./1983_widest-pair-of-indices-with-equal-range-sum/implementations/list-imperative/list-imperative.mlw", line 167, characters 7-18: termination of this expression cannot be proved, but there is no `diverges' clause in the outer specification
Warning, file "./1983_widest-pair-of-indices-with-equal-range-sum/implementations/list-imperative/list-imperative.mlw", line 166, characters 7-18: termination of this expression cannot be proved, but there is no `diverges' clause in the outer specification
result: bool = true
globals: <none>

EXECUTE_EXIT_CODE: 0
