FILE: ./2563_count-the-number-of-fair-pairs/implementations/list-imperative/list-imperative.mlw
MODULE: CountTheNumberOfFairPairs_List_Imperative_Implementation
COMMAND: why3 execute --use CountTheNumberOfFairPairs_List_Imperative_Implementation ./2563_count-the-number-of-fair-pairs/implementations/list-imperative/list-imperative.mlw 'run_tests ()'

Warning, file "./2563_count-the-number-of-fair-pairs/implementations/list-imperative/list-imperative.mlw", line 15, character 10 to line 23, character 14: termination of this expression cannot be proved, but there is no `diverges' clause in the outer specification
Warning, file "./2563_count-the-number-of-fair-pairs/implementations/list-imperative/list-imperative.mlw", line 10, character 4 to line 26, character 8: termination of this expression cannot be proved, but there is no `diverges' clause in the outer specification
Warning, file "./2563_count-the-number-of-fair-pairs/implementations/list-imperative/list-imperative.mlw", line 31, characters 12-56: termination of this expression cannot be proved, but there is no `diverges' clause in the outer specification
Warning, file "./2563_count-the-number-of-fair-pairs/implementations/list-imperative/list-imperative.mlw", line 36, characters 12-56: termination of this expression cannot be proved, but there is no `diverges' clause in the outer specification
Warning, file "./2563_count-the-number-of-fair-pairs/implementations/list-imperative/list-imperative.mlw", line 41, characters 12-58: termination of this expression cannot be proved, but there is no `diverges' clause in the outer specification
Warning, file "./2563_count-the-number-of-fair-pairs/implementations/list-imperative/list-imperative.mlw", line 46, characters 12-56: termination of this expression cannot be proved, but there is no `diverges' clause in the outer specification
Warning, file "./2563_count-the-number-of-fair-pairs/implementations/list-imperative/list-imperative.mlw", line 51, characters 12-59: termination of this expression cannot be proved, but there is no `diverges' clause in the outer specification
Warning, file "./2563_count-the-number-of-fair-pairs/implementations/list-imperative/list-imperative.mlw", line 56, characters 12-58: termination of this expression cannot be proved, but there is no `diverges' clause in the outer specification
Warning, file "./2563_count-the-number-of-fair-pairs/implementations/list-imperative/list-imperative.mlw", line 61, characters 12-77: termination of this expression cannot be proved, but there is no `diverges' clause in the outer specification
Warning, file "./2563_count-the-number-of-fair-pairs/implementations/list-imperative/list-imperative.mlw", line 66, characters 12-56: termination of this expression cannot be proved, but there is no `diverges' clause in the outer specification
Warning, file "./2563_count-the-number-of-fair-pairs/implementations/list-imperative/list-imperative.mlw", line 71, characters 12-58: termination of this expression cannot be proved, but there is no `diverges' clause in the outer specification
Warning, file "./2563_count-the-number-of-fair-pairs/implementations/list-imperative/list-imperative.mlw", line 76, characters 12-57: termination of this expression cannot be proved, but there is no `diverges' clause in the outer specification
Warning, file "./2563_count-the-number-of-fair-pairs/implementations/list-imperative/list-imperative.mlw", line 81, characters 12-58: termination of this expression cannot be proved, but there is no `diverges' clause in the outer specification
Warning, file "./2563_count-the-number-of-fair-pairs/implementations/list-imperative/list-imperative.mlw", line 86, characters 12-56: termination of this expression cannot be proved, but there is no `diverges' clause in the outer specification
Warning, file "./2563_count-the-number-of-fair-pairs/implementations/list-imperative/list-imperative.mlw", line 91, characters 12-64: termination of this expression cannot be proved, but there is no `diverges' clause in the outer specification
Warning, file "./2563_count-the-number-of-fair-pairs/implementations/list-imperative/list-imperative.mlw", line 96, characters 12-56: termination of this expression cannot be proved, but there is no `diverges' clause in the outer specification
Warning, file "./2563_count-the-number-of-fair-pairs/implementations/list-imperative/list-imperative.mlw", line 101, characters 12-56: termination of this expression cannot be proved, but there is no `diverges' clause in the outer specification
Warning, file "./2563_count-the-number-of-fair-pairs/implementations/list-imperative/list-imperative.mlw", line 125, characters 12-57: termination of this expression cannot be proved, but there is no `diverges' clause in the outer specification
Warning, file "./2563_count-the-number-of-fair-pairs/implementations/list-imperative/list-imperative.mlw", line 149, characters 12-56: termination of this expression cannot be proved, but there is no `diverges' clause in the outer specification
Warning, file "./2563_count-the-number-of-fair-pairs/implementations/list-imperative/list-imperative.mlw", line 154, characters 12-59: termination of this expression cannot be proved, but there is no `diverges' clause in the outer specification
Warning, file "./2563_count-the-number-of-fair-pairs/implementations/list-imperative/list-imperative.mlw", line 159, characters 12-65: termination of this expression cannot be proved, but there is no `diverges' clause in the outer specification
Warning, file "./2563_count-the-number-of-fair-pairs/implementations/list-imperative/list-imperative.mlw", line 178, characters 12-58: termination of this expression cannot be proved, but there is no `diverges' clause in the outer specification
Warning, file "./2563_count-the-number-of-fair-pairs/implementations/list-imperative/list-imperative.mlw", line 201, characters 7-23: termination of this expression cannot be proved, but there is no `diverges' clause in the outer specification
Warning, file "./2563_count-the-number-of-fair-pairs/implementations/list-imperative/list-imperative.mlw", line 200, characters 7-23: termination of this expression cannot be proved, but there is no `diverges' clause in the outer specification
Warning, file "./2563_count-the-number-of-fair-pairs/implementations/list-imperative/list-imperative.mlw", line 199, characters 7-23: termination of this expression cannot be proved, but there is no `diverges' clause in the outer specification
Warning, file "./2563_count-the-number-of-fair-pairs/implementations/list-imperative/list-imperative.mlw", line 198, characters 7-23: termination of this expression cannot be proved, but there is no `diverges' clause in the outer specification
Warning, file "./2563_count-the-number-of-fair-pairs/implementations/list-imperative/list-imperative.mlw", line 197, characters 7-23: termination of this expression cannot be proved, but there is no `diverges' clause in the outer specification
Warning, file "./2563_count-the-number-of-fair-pairs/implementations/list-imperative/list-imperative.mlw", line 196, characters 7-23: termination of this expression cannot be proved, but there is no `diverges' clause in the outer specification
Warning, file "./2563_count-the-number-of-fair-pairs/implementations/list-imperative/list-imperative.mlw", line 195, characters 7-23: termination of this expression cannot be proved, but there is no `diverges' clause in the outer specification
Warning, file "./2563_count-the-number-of-fair-pairs/implementations/list-imperative/list-imperative.mlw", line 194, characters 7-23: termination of this expression cannot be proved, but there is no `diverges' clause in the outer specification
Warning, file "./2563_count-the-number-of-fair-pairs/implementations/list-imperative/list-imperative.mlw", line 193, characters 7-23: termination of this expression cannot be proved, but there is no `diverges' clause in the outer specification
Warning, file "./2563_count-the-number-of-fair-pairs/implementations/list-imperative/list-imperative.mlw", line 192, characters 7-23: termination of this expression cannot be proved, but there is no `diverges' clause in the outer specification
Warning, file "./2563_count-the-number-of-fair-pairs/implementations/list-imperative/list-imperative.mlw", line 191, characters 7-23: termination of this expression cannot be proved, but there is no `diverges' clause in the outer specification
Warning, file "./2563_count-the-number-of-fair-pairs/implementations/list-imperative/list-imperative.mlw", line 190, characters 7-23: termination of this expression cannot be proved, but there is no `diverges' clause in the outer specification
Warning, file "./2563_count-the-number-of-fair-pairs/implementations/list-imperative/list-imperative.mlw", line 189, characters 7-23: termination of this expression cannot be proved, but there is no `diverges' clause in the outer specification
Warning, file "./2563_count-the-number-of-fair-pairs/implementations/list-imperative/list-imperative.mlw", line 188, characters 7-23: termination of this expression cannot be proved, but there is no `diverges' clause in the outer specification
Warning, file "./2563_count-the-number-of-fair-pairs/implementations/list-imperative/list-imperative.mlw", line 187, characters 7-23: termination of this expression cannot be proved, but there is no `diverges' clause in the outer specification
Warning, file "./2563_count-the-number-of-fair-pairs/implementations/list-imperative/list-imperative.mlw", line 186, characters 7-23: termination of this expression cannot be proved, but there is no `diverges' clause in the outer specification
Warning, file "./2563_count-the-number-of-fair-pairs/implementations/list-imperative/list-imperative.mlw", line 185, characters 7-23: termination of this expression cannot be proved, but there is no `diverges' clause in the outer specification
Warning, file "./2563_count-the-number-of-fair-pairs/implementations/list-imperative/list-imperative.mlw", line 184, characters 7-23: termination of this expression cannot be proved, but there is no `diverges' clause in the outer specification
Warning, file "./2563_count-the-number-of-fair-pairs/implementations/list-imperative/list-imperative.mlw", line 183, characters 7-23: termination of this expression cannot be proved, but there is no `diverges' clause in the outer specification
Warning, file "./2563_count-the-number-of-fair-pairs/implementations/list-imperative/list-imperative.mlw", line 182, characters 7-23: termination of this expression cannot be proved, but there is no `diverges' clause in the outer specification
result: bool = true
globals: <none>

EXECUTE_EXIT_CODE: 0
