FILE: ./3026_maximum-good-subarray-sum/implementations/list-imperative/list-imperative.mlw
MODULE: MaximumGoodSubarraySum_List_Imperative_Implementation
COMMAND: why3 execute --use MaximumGoodSubarraySum_List_Imperative_Implementation ./3026_maximum-good-subarray-sum/implementations/list-imperative/list-imperative.mlw 'run_tests ()'

Warning, file "./3026_maximum-good-subarray-sum/implementations/list-imperative/list-imperative.mlw", line 19, character 10 to line 32, character 14: termination of this expression cannot be proved, but there is no `diverges' clause in the outer specification
Warning, file "./3026_maximum-good-subarray-sum/implementations/list-imperative/list-imperative.mlw", line 12, character 4 to line 35, character 8: termination of this expression cannot be proved, but there is no `diverges' clause in the outer specification
Warning, file "./3026_maximum-good-subarray-sum/implementations/list-imperative/list-imperative.mlw", line 39, characters 12-49: termination of this expression cannot be proved, but there is no `diverges' clause in the outer specification
Warning, file "./3026_maximum-good-subarray-sum/implementations/list-imperative/list-imperative.mlw", line 44, characters 4-32: termination of this expression cannot be proved, but there is no `diverges' clause in the outer specification
Warning, file "./3026_maximum-good-subarray-sum/implementations/list-imperative/list-imperative.mlw", line 48, characters 4-24: termination of this expression cannot be proved, but there is no `diverges' clause in the outer specification
Warning, file "./3026_maximum-good-subarray-sum/implementations/list-imperative/list-imperative.mlw", line 52, characters 4-26: termination of this expression cannot be proved, but there is no `diverges' clause in the outer specification
Warning, file "./3026_maximum-good-subarray-sum/implementations/list-imperative/list-imperative.mlw", line 56, characters 4-32: termination of this expression cannot be proved, but there is no `diverges' clause in the outer specification
Warning, file "./3026_maximum-good-subarray-sum/implementations/list-imperative/list-imperative.mlw", line 60, characters 4-24: termination of this expression cannot be proved, but there is no `diverges' clause in the outer specification
Warning, file "./3026_maximum-good-subarray-sum/implementations/list-imperative/list-imperative.mlw", line 64, characters 4-24: termination of this expression cannot be proved, but there is no `diverges' clause in the outer specification
Warning, file "./3026_maximum-good-subarray-sum/implementations/list-imperative/list-imperative.mlw", line 68, characters 4-26: termination of this expression cannot be proved, but there is no `diverges' clause in the outer specification
Warning, file "./3026_maximum-good-subarray-sum/implementations/list-imperative/list-imperative.mlw", line 72, characters 4-26: termination of this expression cannot be proved, but there is no `diverges' clause in the outer specification
Warning, file "./3026_maximum-good-subarray-sum/implementations/list-imperative/list-imperative.mlw", line 76, characters 4-23: termination of this expression cannot be proved, but there is no `diverges' clause in the outer specification
Warning, file "./3026_maximum-good-subarray-sum/implementations/list-imperative/list-imperative.mlw", line 80, characters 4-24: termination of this expression cannot be proved, but there is no `diverges' clause in the outer specification
Warning, file "./3026_maximum-good-subarray-sum/implementations/list-imperative/list-imperative.mlw", line 84, characters 4-24: termination of this expression cannot be proved, but there is no `diverges' clause in the outer specification
Warning, file "./3026_maximum-good-subarray-sum/implementations/list-imperative/list-imperative.mlw", line 88, characters 4-24: termination of this expression cannot be proved, but there is no `diverges' clause in the outer specification
Warning, file "./3026_maximum-good-subarray-sum/implementations/list-imperative/list-imperative.mlw", line 92, characters 4-24: termination of this expression cannot be proved, but there is no `diverges' clause in the outer specification
Warning, file "./3026_maximum-good-subarray-sum/implementations/list-imperative/list-imperative.mlw", line 96, characters 4-24: termination of this expression cannot be proved, but there is no `diverges' clause in the outer specification
Warning, file "./3026_maximum-good-subarray-sum/implementations/list-imperative/list-imperative.mlw", line 100, characters 4-25: termination of this expression cannot be proved, but there is no `diverges' clause in the outer specification
Warning, file "./3026_maximum-good-subarray-sum/implementations/list-imperative/list-imperative.mlw", line 104, characters 4-26: termination of this expression cannot be proved, but there is no `diverges' clause in the outer specification
Warning, file "./3026_maximum-good-subarray-sum/implementations/list-imperative/list-imperative.mlw", line 108, characters 4-26: termination of this expression cannot be proved, but there is no `diverges' clause in the outer specification
Warning, file "./3026_maximum-good-subarray-sum/implementations/list-imperative/list-imperative.mlw", line 112, characters 4-24: termination of this expression cannot be proved, but there is no `diverges' clause in the outer specification
Warning, file "./3026_maximum-good-subarray-sum/implementations/list-imperative/list-imperative.mlw", line 116, characters 4-26: termination of this expression cannot be proved, but there is no `diverges' clause in the outer specification
Warning, file "./3026_maximum-good-subarray-sum/implementations/list-imperative/list-imperative.mlw", line 120, characters 4-23: termination of this expression cannot be proved, but there is no `diverges' clause in the outer specification
Warning, file "./3026_maximum-good-subarray-sum/implementations/list-imperative/list-imperative.mlw", line 142, characters 7-18: termination of this expression cannot be proved, but there is no `diverges' clause in the outer specification
Warning, file "./3026_maximum-good-subarray-sum/implementations/list-imperative/list-imperative.mlw", line 141, characters 7-18: termination of this expression cannot be proved, but there is no `diverges' clause in the outer specification
Warning, file "./3026_maximum-good-subarray-sum/implementations/list-imperative/list-imperative.mlw", line 140, characters 7-18: termination of this expression cannot be proved, but there is no `diverges' clause in the outer specification
Warning, file "./3026_maximum-good-subarray-sum/implementations/list-imperative/list-imperative.mlw", line 139, characters 7-18: termination of this expression cannot be proved, but there is no `diverges' clause in the outer specification
Warning, file "./3026_maximum-good-subarray-sum/implementations/list-imperative/list-imperative.mlw", line 138, characters 7-18: termination of this expression cannot be proved, but there is no `diverges' clause in the outer specification
Warning, file "./3026_maximum-good-subarray-sum/implementations/list-imperative/list-imperative.mlw", line 137, characters 7-18: termination of this expression cannot be proved, but there is no `diverges' clause in the outer specification
Warning, file "./3026_maximum-good-subarray-sum/implementations/list-imperative/list-imperative.mlw", line 136, characters 7-18: termination of this expression cannot be proved, but there is no `diverges' clause in the outer specification
Warning, file "./3026_maximum-good-subarray-sum/implementations/list-imperative/list-imperative.mlw", line 135, characters 7-18: termination of this expression cannot be proved, but there is no `diverges' clause in the outer specification
Warning, file "./3026_maximum-good-subarray-sum/implementations/list-imperative/list-imperative.mlw", line 134, characters 7-18: termination of this expression cannot be proved, but there is no `diverges' clause in the outer specification
Warning, file "./3026_maximum-good-subarray-sum/implementations/list-imperative/list-imperative.mlw", line 133, characters 7-18: termination of this expression cannot be proved, but there is no `diverges' clause in the outer specification
Warning, file "./3026_maximum-good-subarray-sum/implementations/list-imperative/list-imperative.mlw", line 132, characters 7-18: termination of this expression cannot be proved, but there is no `diverges' clause in the outer specification
Warning, file "./3026_maximum-good-subarray-sum/implementations/list-imperative/list-imperative.mlw", line 131, characters 7-18: termination of this expression cannot be proved, but there is no `diverges' clause in the outer specification
Warning, file "./3026_maximum-good-subarray-sum/implementations/list-imperative/list-imperative.mlw", line 130, characters 7-18: termination of this expression cannot be proved, but there is no `diverges' clause in the outer specification
Warning, file "./3026_maximum-good-subarray-sum/implementations/list-imperative/list-imperative.mlw", line 129, characters 7-18: termination of this expression cannot be proved, but there is no `diverges' clause in the outer specification
Warning, file "./3026_maximum-good-subarray-sum/implementations/list-imperative/list-imperative.mlw", line 128, characters 7-18: termination of this expression cannot be proved, but there is no `diverges' clause in the outer specification
Warning, file "./3026_maximum-good-subarray-sum/implementations/list-imperative/list-imperative.mlw", line 127, characters 7-18: termination of this expression cannot be proved, but there is no `diverges' clause in the outer specification
Warning, file "./3026_maximum-good-subarray-sum/implementations/list-imperative/list-imperative.mlw", line 126, characters 7-18: termination of this expression cannot be proved, but there is no `diverges' clause in the outer specification
Warning, file "./3026_maximum-good-subarray-sum/implementations/list-imperative/list-imperative.mlw", line 125, characters 7-18: termination of this expression cannot be proved, but there is no `diverges' clause in the outer specification
Warning, file "./3026_maximum-good-subarray-sum/implementations/list-imperative/list-imperative.mlw", line 124, characters 7-18: termination of this expression cannot be proved, but there is no `diverges' clause in the outer specification
Warning, file "./3026_maximum-good-subarray-sum/implementations/list-imperative/list-imperative.mlw", line 123, characters 7-18: termination of this expression cannot be proved, but there is no `diverges' clause in the outer specification
result: bool = true
globals: <none>

EXECUTE_EXIT_CODE: 0
