FILE: ./888_fair-candy-swap/implementations/list-imperative/list-imperative.mlw
MODULE: FairCandySwap_List_Imperative_Implementation
COMMAND: why3 execute --use FairCandySwap_List_Imperative_Implementation ./888_fair-candy-swap/implementations/list-imperative/list-imperative.mlw 'run_tests ()'

Warning, file "./888_fair-candy-swap/implementations/list-imperative/list-imperative.mlw", line 12, character 4 to line 19, character 8: termination of this expression cannot be proved, but there is no `diverges' clause in the outer specification
Warning, file "./888_fair-candy-swap/implementations/list-imperative/list-imperative.mlw", line 33, character 12 to line 41, character 16: termination of this expression cannot be proved, but there is no `diverges' clause in the outer specification
Warning, file "./888_fair-candy-swap/implementations/list-imperative/list-imperative.mlw", line 28, character 6 to line 44, character 10: termination of this expression cannot be proved, but there is no `diverges' clause in the outer specification
Warning, file "./888_fair-candy-swap/implementations/list-imperative/list-imperative.mlw", line 24, characters 20-37: termination of this expression cannot be proved, but there is no `diverges' clause in the outer specification
Warning, file "./888_fair-candy-swap/implementations/list-imperative/list-imperative.mlw", line 23, characters 22-41: termination of this expression cannot be proved, but there is no `diverges' clause in the outer specification
Warning, file "./888_fair-candy-swap/implementations/list-imperative/list-imperative.mlw", line 54, character 4 to line 66, character 8: termination of this expression cannot be proved, but there is no `diverges' clause in the outer specification
Warning, file "./888_fair-candy-swap/implementations/list-imperative/list-imperative.mlw", line 78, characters 4-24: termination of this expression cannot be proved, but there is no `diverges' clause in the outer specification
Warning, file "./888_fair-candy-swap/implementations/list-imperative/list-imperative.mlw", line 77, characters 12-52: termination of this expression cannot be proved, but there is no `diverges' clause in the outer specification
Warning, file "./888_fair-candy-swap/implementations/list-imperative/list-imperative.mlw", line 84, characters 4-43: termination of this expression cannot be proved, but there is no `diverges' clause in the outer specification
Warning, file "./888_fair-candy-swap/implementations/list-imperative/list-imperative.mlw", line 90, characters 4-43: termination of this expression cannot be proved, but there is no `diverges' clause in the outer specification
Warning, file "./888_fair-candy-swap/implementations/list-imperative/list-imperative.mlw", line 96, characters 4-43: termination of this expression cannot be proved, but there is no `diverges' clause in the outer specification
Warning, file "./888_fair-candy-swap/implementations/list-imperative/list-imperative.mlw", line 102, characters 4-43: termination of this expression cannot be proved, but there is no `diverges' clause in the outer specification
Warning, file "./888_fair-candy-swap/implementations/list-imperative/list-imperative.mlw", line 108, characters 4-43: termination of this expression cannot be proved, but there is no `diverges' clause in the outer specification
Warning, file "./888_fair-candy-swap/implementations/list-imperative/list-imperative.mlw", line 114, characters 4-43: termination of this expression cannot be proved, but there is no `diverges' clause in the outer specification
Warning, file "./888_fair-candy-swap/implementations/list-imperative/list-imperative.mlw", line 120, characters 4-43: termination of this expression cannot be proved, but there is no `diverges' clause in the outer specification
Warning, file "./888_fair-candy-swap/implementations/list-imperative/list-imperative.mlw", line 130, characters 4-43: termination of this expression cannot be proved, but there is no `diverges' clause in the outer specification
Warning, file "./888_fair-candy-swap/implementations/list-imperative/list-imperative.mlw", line 136, characters 4-43: termination of this expression cannot be proved, but there is no `diverges' clause in the outer specification
Warning, file "./888_fair-candy-swap/implementations/list-imperative/list-imperative.mlw", line 146, characters 4-43: termination of this expression cannot be proved, but there is no `diverges' clause in the outer specification
Warning, file "./888_fair-candy-swap/implementations/list-imperative/list-imperative.mlw", line 156, characters 4-43: termination of this expression cannot be proved, but there is no `diverges' clause in the outer specification
Warning, file "./888_fair-candy-swap/implementations/list-imperative/list-imperative.mlw", line 164, characters 4-43: termination of this expression cannot be proved, but there is no `diverges' clause in the outer specification
Warning, file "./888_fair-candy-swap/implementations/list-imperative/list-imperative.mlw", line 174, characters 4-43: termination of this expression cannot be proved, but there is no `diverges' clause in the outer specification
Warning, file "./888_fair-candy-swap/implementations/list-imperative/list-imperative.mlw", line 184, characters 4-43: termination of this expression cannot be proved, but there is no `diverges' clause in the outer specification
Warning, file "./888_fair-candy-swap/implementations/list-imperative/list-imperative.mlw", line 190, characters 4-43: termination of this expression cannot be proved, but there is no `diverges' clause in the outer specification
Warning, file "./888_fair-candy-swap/implementations/list-imperative/list-imperative.mlw", line 196, characters 4-43: termination of this expression cannot be proved, but there is no `diverges' clause in the outer specification
Warning, file "./888_fair-candy-swap/implementations/list-imperative/list-imperative.mlw", line 202, characters 4-43: termination of this expression cannot be proved, but there is no `diverges' clause in the outer specification
Warning, file "./888_fair-candy-swap/implementations/list-imperative/list-imperative.mlw", line 212, characters 4-43: termination of this expression cannot be proved, but there is no `diverges' clause in the outer specification
Warning, file "./888_fair-candy-swap/implementations/list-imperative/list-imperative.mlw", line 218, characters 4-43: termination of this expression cannot be proved, but there is no `diverges' clause in the outer specification
Warning, file "./888_fair-candy-swap/implementations/list-imperative/list-imperative.mlw", line 228, characters 4-43: termination of this expression cannot be proved, but there is no `diverges' clause in the outer specification
Warning, file "./888_fair-candy-swap/implementations/list-imperative/list-imperative.mlw", line 240, characters 4-43: termination of this expression cannot be proved, but there is no `diverges' clause in the outer specification
Warning, file "./888_fair-candy-swap/implementations/list-imperative/list-imperative.mlw", line 250, characters 4-43: termination of this expression cannot be proved, but there is no `diverges' clause in the outer specification
Warning, file "./888_fair-candy-swap/implementations/list-imperative/list-imperative.mlw", line 274, characters 7-18: termination of this expression cannot be proved, but there is no `diverges' clause in the outer specification
Warning, file "./888_fair-candy-swap/implementations/list-imperative/list-imperative.mlw", line 273, characters 7-18: termination of this expression cannot be proved, but there is no `diverges' clause in the outer specification
Warning, file "./888_fair-candy-swap/implementations/list-imperative/list-imperative.mlw", line 272, characters 7-18: termination of this expression cannot be proved, but there is no `diverges' clause in the outer specification
Warning, file "./888_fair-candy-swap/implementations/list-imperative/list-imperative.mlw", line 271, characters 7-18: termination of this expression cannot be proved, but there is no `diverges' clause in the outer specification
Warning, file "./888_fair-candy-swap/implementations/list-imperative/list-imperative.mlw", line 270, characters 7-18: termination of this expression cannot be proved, but there is no `diverges' clause in the outer specification
Warning, file "./888_fair-candy-swap/implementations/list-imperative/list-imperative.mlw", line 269, characters 7-18: termination of this expression cannot be proved, but there is no `diverges' clause in the outer specification
Warning, file "./888_fair-candy-swap/implementations/list-imperative/list-imperative.mlw", line 268, characters 7-18: termination of this expression cannot be proved, but there is no `diverges' clause in the outer specification
Warning, file "./888_fair-candy-swap/implementations/list-imperative/list-imperative.mlw", line 267, characters 7-18: termination of this expression cannot be proved, but there is no `diverges' clause in the outer specification
Warning, file "./888_fair-candy-swap/implementations/list-imperative/list-imperative.mlw", line 266, characters 7-18: termination of this expression cannot be proved, but there is no `diverges' clause in the outer specification
Warning, file "./888_fair-candy-swap/implementations/list-imperative/list-imperative.mlw", line 265, characters 7-18: termination of this expression cannot be proved, but there is no `diverges' clause in the outer specification
Warning, file "./888_fair-candy-swap/implementations/list-imperative/list-imperative.mlw", line 264, characters 7-18: termination of this expression cannot be proved, but there is no `diverges' clause in the outer specification
Warning, file "./888_fair-candy-swap/implementations/list-imperative/list-imperative.mlw", line 263, characters 7-18: termination of this expression cannot be proved, but there is no `diverges' clause in the outer specification
Warning, file "./888_fair-candy-swap/implementations/list-imperative/list-imperative.mlw", line 262, characters 7-18: termination of this expression cannot be proved, but there is no `diverges' clause in the outer specification
Warning, file "./888_fair-candy-swap/implementations/list-imperative/list-imperative.mlw", line 261, characters 7-18: termination of this expression cannot be proved, but there is no `diverges' clause in the outer specification
Warning, file "./888_fair-candy-swap/implementations/list-imperative/list-imperative.mlw", line 260, characters 7-18: termination of this expression cannot be proved, but there is no `diverges' clause in the outer specification
Warning, file "./888_fair-candy-swap/implementations/list-imperative/list-imperative.mlw", line 259, characters 7-18: termination of this expression cannot be proved, but there is no `diverges' clause in the outer specification
Warning, file "./888_fair-candy-swap/implementations/list-imperative/list-imperative.mlw", line 258, characters 7-18: termination of this expression cannot be proved, but there is no `diverges' clause in the outer specification
Warning, file "./888_fair-candy-swap/implementations/list-imperative/list-imperative.mlw", line 257, characters 7-18: termination of this expression cannot be proved, but there is no `diverges' clause in the outer specification
Warning, file "./888_fair-candy-swap/implementations/list-imperative/list-imperative.mlw", line 256, characters 7-18: termination of this expression cannot be proved, but there is no `diverges' clause in the outer specification
Warning, file "./888_fair-candy-swap/implementations/list-imperative/list-imperative.mlw", line 255, characters 7-18: termination of this expression cannot be proved, but there is no `diverges' clause in the outer specification
Warning, file "./888_fair-candy-swap/implementations/list-imperative/list-imperative.mlw", line 254, characters 7-18: termination of this expression cannot be proved, but there is no `diverges' clause in the outer specification
Warning, file "./888_fair-candy-swap/implementations/list-imperative/list-imperative.mlw", line 253, characters 7-18: termination of this expression cannot be proved, but there is no `diverges' clause in the outer specification
result: bool = true
globals: <none>

EXECUTE_EXIT_CODE: 0
