FILE: ./2294_partition-array-such-that-maximum-difference-is-k/implementations/list-imperative/list-imperative.mlw
MODULE: PartitionArraySuchThatMaximumDifferenceIsK_List_Imperative_Implementation
COMMAND: why3 execute --use PartitionArraySuchThatMaximumDifferenceIsK_List_Imperative_Implementation ./2294_partition-array-such-that-maximum-difference-is-k/implementations/list-imperative/list-imperative.mlw 'run_tests ()'

Warning, file "./2294_partition-array-such-that-maximum-difference-is-k/implementations/list-imperative/list-imperative.mlw", line 19, character 4 to line 26, character 8: termination of this expression cannot be proved, but there is no `diverges' clause in the outer specification
Warning, file "./2294_partition-array-such-that-maximum-difference-is-k/implementations/list-imperative/list-imperative.mlw", line 37, character 8 to line 47, character 12: termination of this expression cannot be proved, but there is no `diverges' clause in the outer specification
Warning, file "./2294_partition-array-such-that-maximum-difference-is-k/implementations/list-imperative/list-imperative.mlw", line 30, characters 22-47: termination of this expression cannot be proved, but there is no `diverges' clause in the outer specification
Warning, file "./2294_partition-array-such-that-maximum-difference-is-k/implementations/list-imperative/list-imperative.mlw", line 53, characters 12-77: termination of this expression cannot be proved, but there is no `diverges' clause in the outer specification
Warning, file "./2294_partition-array-such-that-maximum-difference-is-k/implementations/list-imperative/list-imperative.mlw", line 58, characters 12-73: termination of this expression cannot be proved, but there is no `diverges' clause in the outer specification
Warning, file "./2294_partition-array-such-that-maximum-difference-is-k/implementations/list-imperative/list-imperative.mlw", line 63, characters 12-74: termination of this expression cannot be proved, but there is no `diverges' clause in the outer specification
Warning, file "./2294_partition-array-such-that-maximum-difference-is-k/implementations/list-imperative/list-imperative.mlw", line 68, characters 12-73: termination of this expression cannot be proved, but there is no `diverges' clause in the outer specification
Warning, file "./2294_partition-array-such-that-maximum-difference-is-k/implementations/list-imperative/list-imperative.mlw", line 73, characters 12-73: termination of this expression cannot be proved, but there is no `diverges' clause in the outer specification
Warning, file "./2294_partition-array-such-that-maximum-difference-is-k/implementations/list-imperative/list-imperative.mlw", line 78, characters 12-73: termination of this expression cannot be proved, but there is no `diverges' clause in the outer specification
Warning, file "./2294_partition-array-such-that-maximum-difference-is-k/implementations/list-imperative/list-imperative.mlw", line 83, characters 12-73: termination of this expression cannot be proved, but there is no `diverges' clause in the outer specification
Warning, file "./2294_partition-array-such-that-maximum-difference-is-k/implementations/list-imperative/list-imperative.mlw", line 88, characters 12-73: termination of this expression cannot be proved, but there is no `diverges' clause in the outer specification
Warning, file "./2294_partition-array-such-that-maximum-difference-is-k/implementations/list-imperative/list-imperative.mlw", line 93, characters 12-73: termination of this expression cannot be proved, but there is no `diverges' clause in the outer specification
Warning, file "./2294_partition-array-such-that-maximum-difference-is-k/implementations/list-imperative/list-imperative.mlw", line 98, characters 12-73: termination of this expression cannot be proved, but there is no `diverges' clause in the outer specification
Warning, file "./2294_partition-array-such-that-maximum-difference-is-k/implementations/list-imperative/list-imperative.mlw", line 103, characters 12-73: termination of this expression cannot be proved, but there is no `diverges' clause in the outer specification
Warning, file "./2294_partition-array-such-that-maximum-difference-is-k/implementations/list-imperative/list-imperative.mlw", line 108, characters 12-73: termination of this expression cannot be proved, but there is no `diverges' clause in the outer specification
Warning, file "./2294_partition-array-such-that-maximum-difference-is-k/implementations/list-imperative/list-imperative.mlw", line 113, characters 12-73: termination of this expression cannot be proved, but there is no `diverges' clause in the outer specification
Warning, file "./2294_partition-array-such-that-maximum-difference-is-k/implementations/list-imperative/list-imperative.mlw", line 118, characters 12-73: termination of this expression cannot be proved, but there is no `diverges' clause in the outer specification
Warning, file "./2294_partition-array-such-that-maximum-difference-is-k/implementations/list-imperative/list-imperative.mlw", line 123, characters 12-75: termination of this expression cannot be proved, but there is no `diverges' clause in the outer specification
Warning, file "./2294_partition-array-such-that-maximum-difference-is-k/implementations/list-imperative/list-imperative.mlw", line 128, characters 12-73: termination of this expression cannot be proved, but there is no `diverges' clause in the outer specification
Warning, file "./2294_partition-array-such-that-maximum-difference-is-k/implementations/list-imperative/list-imperative.mlw", line 133, characters 12-73: termination of this expression cannot be proved, but there is no `diverges' clause in the outer specification
Warning, file "./2294_partition-array-such-that-maximum-difference-is-k/implementations/list-imperative/list-imperative.mlw", line 138, characters 12-73: termination of this expression cannot be proved, but there is no `diverges' clause in the outer specification
Warning, file "./2294_partition-array-such-that-maximum-difference-is-k/implementations/list-imperative/list-imperative.mlw", line 143, characters 12-73: termination of this expression cannot be proved, but there is no `diverges' clause in the outer specification
Warning, file "./2294_partition-array-such-that-maximum-difference-is-k/implementations/list-imperative/list-imperative.mlw", line 148, characters 12-75: termination of this expression cannot be proved, but there is no `diverges' clause in the outer specification
Warning, file "./2294_partition-array-such-that-maximum-difference-is-k/implementations/list-imperative/list-imperative.mlw", line 171, characters 7-18: termination of this expression cannot be proved, but there is no `diverges' clause in the outer specification
Warning, file "./2294_partition-array-such-that-maximum-difference-is-k/implementations/list-imperative/list-imperative.mlw", line 170, characters 7-18: termination of this expression cannot be proved, but there is no `diverges' clause in the outer specification
Warning, file "./2294_partition-array-such-that-maximum-difference-is-k/implementations/list-imperative/list-imperative.mlw", line 169, characters 7-18: termination of this expression cannot be proved, but there is no `diverges' clause in the outer specification
Warning, file "./2294_partition-array-such-that-maximum-difference-is-k/implementations/list-imperative/list-imperative.mlw", line 168, characters 7-18: termination of this expression cannot be proved, but there is no `diverges' clause in the outer specification
Warning, file "./2294_partition-array-such-that-maximum-difference-is-k/implementations/list-imperative/list-imperative.mlw", line 167, characters 7-18: termination of this expression cannot be proved, but there is no `diverges' clause in the outer specification
Warning, file "./2294_partition-array-such-that-maximum-difference-is-k/implementations/list-imperative/list-imperative.mlw", line 166, characters 7-18: termination of this expression cannot be proved, but there is no `diverges' clause in the outer specification
Warning, file "./2294_partition-array-such-that-maximum-difference-is-k/implementations/list-imperative/list-imperative.mlw", line 165, characters 7-18: termination of this expression cannot be proved, but there is no `diverges' clause in the outer specification
Warning, file "./2294_partition-array-such-that-maximum-difference-is-k/implementations/list-imperative/list-imperative.mlw", line 164, characters 7-18: termination of this expression cannot be proved, but there is no `diverges' clause in the outer specification
Warning, file "./2294_partition-array-such-that-maximum-difference-is-k/implementations/list-imperative/list-imperative.mlw", line 163, characters 7-18: termination of this expression cannot be proved, but there is no `diverges' clause in the outer specification
Warning, file "./2294_partition-array-such-that-maximum-difference-is-k/implementations/list-imperative/list-imperative.mlw", line 162, characters 7-18: termination of this expression cannot be proved, but there is no `diverges' clause in the outer specification
Warning, file "./2294_partition-array-such-that-maximum-difference-is-k/implementations/list-imperative/list-imperative.mlw", line 161, characters 7-18: termination of this expression cannot be proved, but there is no `diverges' clause in the outer specification
Warning, file "./2294_partition-array-such-that-maximum-difference-is-k/implementations/list-imperative/list-imperative.mlw", line 160, characters 7-18: termination of this expression cannot be proved, but there is no `diverges' clause in the outer specification
Warning, file "./2294_partition-array-such-that-maximum-difference-is-k/implementations/list-imperative/list-imperative.mlw", line 159, characters 7-18: termination of this expression cannot be proved, but there is no `diverges' clause in the outer specification
Warning, file "./2294_partition-array-such-that-maximum-difference-is-k/implementations/list-imperative/list-imperative.mlw", line 158, characters 7-18: termination of this expression cannot be proved, but there is no `diverges' clause in the outer specification
Warning, file "./2294_partition-array-such-that-maximum-difference-is-k/implementations/list-imperative/list-imperative.mlw", line 157, characters 7-18: termination of this expression cannot be proved, but there is no `diverges' clause in the outer specification
Warning, file "./2294_partition-array-such-that-maximum-difference-is-k/implementations/list-imperative/list-imperative.mlw", line 156, characters 7-18: termination of this expression cannot be proved, but there is no `diverges' clause in the outer specification
Warning, file "./2294_partition-array-such-that-maximum-difference-is-k/implementations/list-imperative/list-imperative.mlw", line 155, characters 7-18: termination of this expression cannot be proved, but there is no `diverges' clause in the outer specification
Warning, file "./2294_partition-array-such-that-maximum-difference-is-k/implementations/list-imperative/list-imperative.mlw", line 154, characters 7-18: termination of this expression cannot be proved, but there is no `diverges' clause in the outer specification
Warning, file "./2294_partition-array-such-that-maximum-difference-is-k/implementations/list-imperative/list-imperative.mlw", line 153, characters 7-18: termination of this expression cannot be proved, but there is no `diverges' clause in the outer specification
Warning, file "./2294_partition-array-such-that-maximum-difference-is-k/implementations/list-imperative/list-imperative.mlw", line 152, characters 7-18: termination of this expression cannot be proved, but there is no `diverges' clause in the outer specification
result: bool = true
globals: <none>

EXECUTE_EXIT_CODE: 0
