FILE: ./2195_append-k-integers-with-minimal-sum/implementations/array-imperative/array-imperative.mlw
MODULE: AppendKIntegersWithMinimalSum_Array_Imperative_Implementation
COMMAND: why3 execute --use AppendKIntegersWithMinimalSum_Array_Imperative_Implementation ./2195_append-k-integers-with-minimal-sum/implementations/array-imperative/array-imperative.mlw 'run_tests ()'

Warning, file "./2195_append-k-integers-with-minimal-sum/implementations/array-imperative/array-imperative.mlw", line 23, character 6 to line 32, character 10: termination of this expression cannot be proved, but there is no `diverges' clause in the outer specification
Warning, file "./2195_append-k-integers-with-minimal-sum/implementations/array-imperative/array-imperative.mlw", line 19, character 4 to line 34, character 8: termination of this expression cannot be proved, but there is no `diverges' clause in the outer specification
Warning, file "./2195_append-k-integers-with-minimal-sum/implementations/array-imperative/array-imperative.mlw", line 43, characters 4-25: termination of this expression cannot be proved, but there is no `diverges' clause in the outer specification
Warning, file "./2195_append-k-integers-with-minimal-sum/implementations/array-imperative/array-imperative.mlw", line 67, characters 12-59: termination of this expression cannot be proved, but there is no `diverges' clause in the outer specification
Warning, file "./2195_append-k-integers-with-minimal-sum/implementations/array-imperative/array-imperative.mlw", line 72, characters 12-59: termination of this expression cannot be proved, but there is no `diverges' clause in the outer specification
Warning, file "./2195_append-k-integers-with-minimal-sum/implementations/array-imperative/array-imperative.mlw", line 77, characters 12-64: termination of this expression cannot be proved, but there is no `diverges' clause in the outer specification
Warning, file "./2195_append-k-integers-with-minimal-sum/implementations/array-imperative/array-imperative.mlw", line 82, characters 12-59: termination of this expression cannot be proved, but there is no `diverges' clause in the outer specification
Warning, file "./2195_append-k-integers-with-minimal-sum/implementations/array-imperative/array-imperative.mlw", line 87, characters 12-60: termination of this expression cannot be proved, but there is no `diverges' clause in the outer specification
Warning, file "./2195_append-k-integers-with-minimal-sum/implementations/array-imperative/array-imperative.mlw", line 92, characters 12-59: termination of this expression cannot be proved, but there is no `diverges' clause in the outer specification
Warning, file "./2195_append-k-integers-with-minimal-sum/implementations/array-imperative/array-imperative.mlw", line 97, characters 12-59: termination of this expression cannot be proved, but there is no `diverges' clause in the outer specification
Warning, file "./2195_append-k-integers-with-minimal-sum/implementations/array-imperative/array-imperative.mlw", line 102, characters 12-59: termination of this expression cannot be proved, but there is no `diverges' clause in the outer specification
Warning, file "./2195_append-k-integers-with-minimal-sum/implementations/array-imperative/array-imperative.mlw", line 107, characters 12-59: termination of this expression cannot be proved, but there is no `diverges' clause in the outer specification
Warning, file "./2195_append-k-integers-with-minimal-sum/implementations/array-imperative/array-imperative.mlw", line 112, characters 12-59: termination of this expression cannot be proved, but there is no `diverges' clause in the outer specification
Warning, file "./2195_append-k-integers-with-minimal-sum/implementations/array-imperative/array-imperative.mlw", line 117, characters 12-67: termination of this expression cannot be proved, but there is no `diverges' clause in the outer specification
Warning, file "./2195_append-k-integers-with-minimal-sum/implementations/array-imperative/array-imperative.mlw", line 122, characters 12-59: termination of this expression cannot be proved, but there is no `diverges' clause in the outer specification
Warning, file "./2195_append-k-integers-with-minimal-sum/implementations/array-imperative/array-imperative.mlw", line 127, characters 12-60: termination of this expression cannot be proved, but there is no `diverges' clause in the outer specification
Warning, file "./2195_append-k-integers-with-minimal-sum/implementations/array-imperative/array-imperative.mlw", line 132, characters 12-60: termination of this expression cannot be proved, but there is no `diverges' clause in the outer specification
Warning, file "./2195_append-k-integers-with-minimal-sum/implementations/array-imperative/array-imperative.mlw", line 137, characters 12-60: termination of this expression cannot be proved, but there is no `diverges' clause in the outer specification
Warning, file "./2195_append-k-integers-with-minimal-sum/implementations/array-imperative/array-imperative.mlw", line 142, characters 12-60: termination of this expression cannot be proved, but there is no `diverges' clause in the outer specification
Warning, file "./2195_append-k-integers-with-minimal-sum/implementations/array-imperative/array-imperative.mlw", line 147, characters 12-59: termination of this expression cannot be proved, but there is no `diverges' clause in the outer specification
Warning, file "./2195_append-k-integers-with-minimal-sum/implementations/array-imperative/array-imperative.mlw", line 152, characters 12-60: termination of this expression cannot be proved, but there is no `diverges' clause in the outer specification
Warning, file "./2195_append-k-integers-with-minimal-sum/implementations/array-imperative/array-imperative.mlw", line 157, characters 12-60: termination of this expression cannot be proved, but there is no `diverges' clause in the outer specification
Warning, file "./2195_append-k-integers-with-minimal-sum/implementations/array-imperative/array-imperative.mlw", line 162, characters 12-59: termination of this expression cannot be proved, but there is no `diverges' clause in the outer specification
Warning, file "./2195_append-k-integers-with-minimal-sum/implementations/array-imperative/array-imperative.mlw", line 185, characters 7-18: termination of this expression cannot be proved, but there is no `diverges' clause in the outer specification
Warning, file "./2195_append-k-integers-with-minimal-sum/implementations/array-imperative/array-imperative.mlw", line 184, characters 7-18: termination of this expression cannot be proved, but there is no `diverges' clause in the outer specification
Warning, file "./2195_append-k-integers-with-minimal-sum/implementations/array-imperative/array-imperative.mlw", line 183, characters 7-18: termination of this expression cannot be proved, but there is no `diverges' clause in the outer specification
Warning, file "./2195_append-k-integers-with-minimal-sum/implementations/array-imperative/array-imperative.mlw", line 182, characters 7-18: termination of this expression cannot be proved, but there is no `diverges' clause in the outer specification
Warning, file "./2195_append-k-integers-with-minimal-sum/implementations/array-imperative/array-imperative.mlw", line 181, characters 7-18: termination of this expression cannot be proved, but there is no `diverges' clause in the outer specification
Warning, file "./2195_append-k-integers-with-minimal-sum/implementations/array-imperative/array-imperative.mlw", line 180, characters 7-18: termination of this expression cannot be proved, but there is no `diverges' clause in the outer specification
Warning, file "./2195_append-k-integers-with-minimal-sum/implementations/array-imperative/array-imperative.mlw", line 179, characters 7-18: termination of this expression cannot be proved, but there is no `diverges' clause in the outer specification
Warning, file "./2195_append-k-integers-with-minimal-sum/implementations/array-imperative/array-imperative.mlw", line 178, characters 7-18: termination of this expression cannot be proved, but there is no `diverges' clause in the outer specification
Warning, file "./2195_append-k-integers-with-minimal-sum/implementations/array-imperative/array-imperative.mlw", line 177, characters 7-18: termination of this expression cannot be proved, but there is no `diverges' clause in the outer specification
Warning, file "./2195_append-k-integers-with-minimal-sum/implementations/array-imperative/array-imperative.mlw", line 176, characters 7-18: termination of this expression cannot be proved, but there is no `diverges' clause in the outer specification
Warning, file "./2195_append-k-integers-with-minimal-sum/implementations/array-imperative/array-imperative.mlw", line 175, characters 7-18: termination of this expression cannot be proved, but there is no `diverges' clause in the outer specification
Warning, file "./2195_append-k-integers-with-minimal-sum/implementations/array-imperative/array-imperative.mlw", line 174, characters 7-18: termination of this expression cannot be proved, but there is no `diverges' clause in the outer specification
Warning, file "./2195_append-k-integers-with-minimal-sum/implementations/array-imperative/array-imperative.mlw", line 173, characters 7-18: termination of this expression cannot be proved, but there is no `diverges' clause in the outer specification
Warning, file "./2195_append-k-integers-with-minimal-sum/implementations/array-imperative/array-imperative.mlw", line 172, characters 7-18: termination of this expression cannot be proved, but there is no `diverges' clause in the outer specification
Warning, file "./2195_append-k-integers-with-minimal-sum/implementations/array-imperative/array-imperative.mlw", line 171, characters 7-18: termination of this expression cannot be proved, but there is no `diverges' clause in the outer specification
Warning, file "./2195_append-k-integers-with-minimal-sum/implementations/array-imperative/array-imperative.mlw", line 170, characters 7-18: termination of this expression cannot be proved, but there is no `diverges' clause in the outer specification
Warning, file "./2195_append-k-integers-with-minimal-sum/implementations/array-imperative/array-imperative.mlw", line 169, characters 7-18: termination of this expression cannot be proved, but there is no `diverges' clause in the outer specification
Warning, file "./2195_append-k-integers-with-minimal-sum/implementations/array-imperative/array-imperative.mlw", line 168, characters 7-18: termination of this expression cannot be proved, but there is no `diverges' clause in the outer specification
Warning, file "./2195_append-k-integers-with-minimal-sum/implementations/array-imperative/array-imperative.mlw", line 167, characters 7-18: termination of this expression cannot be proved, but there is no `diverges' clause in the outer specification
Warning, file "./2195_append-k-integers-with-minimal-sum/implementations/array-imperative/array-imperative.mlw", line 166, characters 7-18: termination of this expression cannot be proved, but there is no `diverges' clause in the outer specification
result: bool = true
globals: <none>

EXECUTE_EXIT_CODE: 0
