FILE: ./918_maximum-sum-circular-subarray/implementations/list-imperative/list-imperative.mlw
MODULE: MaximumSumCircularSubarray_List_Imperative
COMMAND: why3 execute --use MaximumSumCircularSubarray_List_Imperative ./918_maximum-sum-circular-subarray/implementations/list-imperative/list-imperative.mlw 'run_tests ()'

Warning, file "./918_maximum-sum-circular-subarray/implementations/list-imperative/list-imperative.mlw", line 25, character 8 to line 38, character 12: termination of this expression cannot be proved, but there is no `diverges' clause in the outer specification
Warning, file "./918_maximum-sum-circular-subarray/implementations/list-imperative/list-imperative.mlw", line 47, characters 12-51: termination of this expression cannot be proved, but there is no `diverges' clause in the outer specification
Warning, file "./918_maximum-sum-circular-subarray/implementations/list-imperative/list-imperative.mlw", line 52, characters 12-51: termination of this expression cannot be proved, but there is no `diverges' clause in the outer specification
Warning, file "./918_maximum-sum-circular-subarray/implementations/list-imperative/list-imperative.mlw", line 57, characters 12-51: termination of this expression cannot be proved, but there is no `diverges' clause in the outer specification
Warning, file "./918_maximum-sum-circular-subarray/implementations/list-imperative/list-imperative.mlw", line 62, characters 12-51: termination of this expression cannot be proved, but there is no `diverges' clause in the outer specification
Warning, file "./918_maximum-sum-circular-subarray/implementations/list-imperative/list-imperative.mlw", line 67, characters 12-51: termination of this expression cannot be proved, but there is no `diverges' clause in the outer specification
Warning, file "./918_maximum-sum-circular-subarray/implementations/list-imperative/list-imperative.mlw", line 72, characters 12-51: termination of this expression cannot be proved, but there is no `diverges' clause in the outer specification
Warning, file "./918_maximum-sum-circular-subarray/implementations/list-imperative/list-imperative.mlw", line 77, characters 12-51: termination of this expression cannot be proved, but there is no `diverges' clause in the outer specification
Warning, file "./918_maximum-sum-circular-subarray/implementations/list-imperative/list-imperative.mlw", line 82, characters 12-51: termination of this expression cannot be proved, but there is no `diverges' clause in the outer specification
Warning, file "./918_maximum-sum-circular-subarray/implementations/list-imperative/list-imperative.mlw", line 87, characters 12-51: termination of this expression cannot be proved, but there is no `diverges' clause in the outer specification
Warning, file "./918_maximum-sum-circular-subarray/implementations/list-imperative/list-imperative.mlw", line 92, characters 12-51: termination of this expression cannot be proved, but there is no `diverges' clause in the outer specification
Warning, file "./918_maximum-sum-circular-subarray/implementations/list-imperative/list-imperative.mlw", line 97, characters 12-51: termination of this expression cannot be proved, but there is no `diverges' clause in the outer specification
Warning, file "./918_maximum-sum-circular-subarray/implementations/list-imperative/list-imperative.mlw", line 102, characters 12-51: termination of this expression cannot be proved, but there is no `diverges' clause in the outer specification
Warning, file "./918_maximum-sum-circular-subarray/implementations/list-imperative/list-imperative.mlw", line 107, characters 12-51: termination of this expression cannot be proved, but there is no `diverges' clause in the outer specification
Warning, file "./918_maximum-sum-circular-subarray/implementations/list-imperative/list-imperative.mlw", line 112, characters 12-51: termination of this expression cannot be proved, but there is no `diverges' clause in the outer specification
Warning, file "./918_maximum-sum-circular-subarray/implementations/list-imperative/list-imperative.mlw", line 117, characters 12-51: termination of this expression cannot be proved, but there is no `diverges' clause in the outer specification
Warning, file "./918_maximum-sum-circular-subarray/implementations/list-imperative/list-imperative.mlw", line 122, characters 12-51: termination of this expression cannot be proved, but there is no `diverges' clause in the outer specification
Warning, file "./918_maximum-sum-circular-subarray/implementations/list-imperative/list-imperative.mlw", line 127, characters 12-51: termination of this expression cannot be proved, but there is no `diverges' clause in the outer specification
Warning, file "./918_maximum-sum-circular-subarray/implementations/list-imperative/list-imperative.mlw", line 132, characters 12-51: termination of this expression cannot be proved, but there is no `diverges' clause in the outer specification
Warning, file "./918_maximum-sum-circular-subarray/implementations/list-imperative/list-imperative.mlw", line 137, characters 12-51: termination of this expression cannot be proved, but there is no `diverges' clause in the outer specification
Warning, file "./918_maximum-sum-circular-subarray/implementations/list-imperative/list-imperative.mlw", line 142, characters 12-51: termination of this expression cannot be proved, but there is no `diverges' clause in the outer specification
Warning, file "./918_maximum-sum-circular-subarray/implementations/list-imperative/list-imperative.mlw", line 165, characters 7-18: termination of this expression cannot be proved, but there is no `diverges' clause in the outer specification
Warning, file "./918_maximum-sum-circular-subarray/implementations/list-imperative/list-imperative.mlw", line 164, characters 7-18: termination of this expression cannot be proved, but there is no `diverges' clause in the outer specification
Warning, file "./918_maximum-sum-circular-subarray/implementations/list-imperative/list-imperative.mlw", line 163, characters 7-18: termination of this expression cannot be proved, but there is no `diverges' clause in the outer specification
Warning, file "./918_maximum-sum-circular-subarray/implementations/list-imperative/list-imperative.mlw", line 162, characters 7-18: termination of this expression cannot be proved, but there is no `diverges' clause in the outer specification
Warning, file "./918_maximum-sum-circular-subarray/implementations/list-imperative/list-imperative.mlw", line 161, characters 7-18: termination of this expression cannot be proved, but there is no `diverges' clause in the outer specification
Warning, file "./918_maximum-sum-circular-subarray/implementations/list-imperative/list-imperative.mlw", line 160, characters 7-18: termination of this expression cannot be proved, but there is no `diverges' clause in the outer specification
Warning, file "./918_maximum-sum-circular-subarray/implementations/list-imperative/list-imperative.mlw", line 159, characters 7-18: termination of this expression cannot be proved, but there is no `diverges' clause in the outer specification
Warning, file "./918_maximum-sum-circular-subarray/implementations/list-imperative/list-imperative.mlw", line 158, characters 7-18: termination of this expression cannot be proved, but there is no `diverges' clause in the outer specification
Warning, file "./918_maximum-sum-circular-subarray/implementations/list-imperative/list-imperative.mlw", line 157, characters 7-18: termination of this expression cannot be proved, but there is no `diverges' clause in the outer specification
Warning, file "./918_maximum-sum-circular-subarray/implementations/list-imperative/list-imperative.mlw", line 156, characters 7-18: termination of this expression cannot be proved, but there is no `diverges' clause in the outer specification
Warning, file "./918_maximum-sum-circular-subarray/implementations/list-imperative/list-imperative.mlw", line 155, characters 7-18: termination of this expression cannot be proved, but there is no `diverges' clause in the outer specification
Warning, file "./918_maximum-sum-circular-subarray/implementations/list-imperative/list-imperative.mlw", line 154, characters 7-18: termination of this expression cannot be proved, but there is no `diverges' clause in the outer specification
Warning, file "./918_maximum-sum-circular-subarray/implementations/list-imperative/list-imperative.mlw", line 153, characters 7-18: termination of this expression cannot be proved, but there is no `diverges' clause in the outer specification
Warning, file "./918_maximum-sum-circular-subarray/implementations/list-imperative/list-imperative.mlw", line 152, characters 7-18: termination of this expression cannot be proved, but there is no `diverges' clause in the outer specification
Warning, file "./918_maximum-sum-circular-subarray/implementations/list-imperative/list-imperative.mlw", line 151, characters 7-18: termination of this expression cannot be proved, but there is no `diverges' clause in the outer specification
Warning, file "./918_maximum-sum-circular-subarray/implementations/list-imperative/list-imperative.mlw", line 150, characters 7-18: termination of this expression cannot be proved, but there is no `diverges' clause in the outer specification
Warning, file "./918_maximum-sum-circular-subarray/implementations/list-imperative/list-imperative.mlw", line 149, characters 7-18: termination of this expression cannot be proved, but there is no `diverges' clause in the outer specification
Warning, file "./918_maximum-sum-circular-subarray/implementations/list-imperative/list-imperative.mlw", line 148, characters 7-18: termination of this expression cannot be proved, but there is no `diverges' clause in the outer specification
Warning, file "./918_maximum-sum-circular-subarray/implementations/list-imperative/list-imperative.mlw", line 147, characters 7-18: termination of this expression cannot be proved, but there is no `diverges' clause in the outer specification
Warning, file "./918_maximum-sum-circular-subarray/implementations/list-imperative/list-imperative.mlw", line 146, characters 7-18: termination of this expression cannot be proved, but there is no `diverges' clause in the outer specification
result: bool = true
globals: <none>

EXECUTE_EXIT_CODE: 0
