FILE: ./2790_maximum-number-of-groups-with-increasing-length/implementations/list-imperative/list-imperative.mlw
MODULE: MaximumNumberOfGroupsWithIncreasingLength_List_Imperative_Implementation
COMMAND: why3 execute --use MaximumNumberOfGroupsWithIncreasingLength_List_Imperative_Implementation ./2790_maximum-number-of-groups-with-increasing-length/implementations/list-imperative/list-imperative.mlw 'run_tests ()'

Warning, file "./2790_maximum-number-of-groups-with-increasing-length/implementations/list-imperative/list-imperative.mlw", line 11, character 4 to line 18, character 8: termination of this expression cannot be proved, but there is no `diverges' clause in the outer specification
Warning, file "./2790_maximum-number-of-groups-with-increasing-length/implementations/list-imperative/list-imperative.mlw", line 24, character 4 to line 31, character 8: termination of this expression cannot be proved, but there is no `diverges' clause in the outer specification
Warning, file "./2790_maximum-number-of-groups-with-increasing-length/implementations/list-imperative/list-imperative.mlw", line 37, characters 33-67: termination of this expression cannot be proved, but there is no `diverges' clause in the outer specification
Warning, file "./2790_maximum-number-of-groups-with-increasing-length/implementations/list-imperative/list-imperative.mlw", line 36, characters 14-37: termination of this expression cannot be proved, but there is no `diverges' clause in the outer specification
Warning, file "./2790_maximum-number-of-groups-with-increasing-length/implementations/list-imperative/list-imperative.mlw", line 45, characters 9-49: termination of this expression cannot be proved, but there is no `diverges' clause in the outer specification
Warning, file "./2790_maximum-number-of-groups-with-increasing-length/implementations/list-imperative/list-imperative.mlw", line 44, character 4 to line 47, character 8: termination of this expression cannot be proved, but there is no `diverges' clause in the outer specification
Warning, file "./2790_maximum-number-of-groups-with-increasing-length/implementations/list-imperative/list-imperative.mlw", line 41, characters 12-35: termination of this expression cannot be proved, but there is no `diverges' clause in the outer specification
Warning, file "./2790_maximum-number-of-groups-with-increasing-length/implementations/list-imperative/list-imperative.mlw", line 52, characters 12-76: termination of this expression cannot be proved, but there is no `diverges' clause in the outer specification
Warning, file "./2790_maximum-number-of-groups-with-increasing-length/implementations/list-imperative/list-imperative.mlw", line 57, characters 12-76: termination of this expression cannot be proved, but there is no `diverges' clause in the outer specification
Warning, file "./2790_maximum-number-of-groups-with-increasing-length/implementations/list-imperative/list-imperative.mlw", line 62, characters 12-76: termination of this expression cannot be proved, but there is no `diverges' clause in the outer specification
Warning, file "./2790_maximum-number-of-groups-with-increasing-length/implementations/list-imperative/list-imperative.mlw", line 67, characters 12-76: termination of this expression cannot be proved, but there is no `diverges' clause in the outer specification
Warning, file "./2790_maximum-number-of-groups-with-increasing-length/implementations/list-imperative/list-imperative.mlw", line 72, characters 12-76: termination of this expression cannot be proved, but there is no `diverges' clause in the outer specification
Warning, file "./2790_maximum-number-of-groups-with-increasing-length/implementations/list-imperative/list-imperative.mlw", line 77, characters 12-76: termination of this expression cannot be proved, but there is no `diverges' clause in the outer specification
Warning, file "./2790_maximum-number-of-groups-with-increasing-length/implementations/list-imperative/list-imperative.mlw", line 82, characters 12-76: termination of this expression cannot be proved, but there is no `diverges' clause in the outer specification
Warning, file "./2790_maximum-number-of-groups-with-increasing-length/implementations/list-imperative/list-imperative.mlw", line 87, characters 12-76: termination of this expression cannot be proved, but there is no `diverges' clause in the outer specification
Warning, file "./2790_maximum-number-of-groups-with-increasing-length/implementations/list-imperative/list-imperative.mlw", line 92, characters 12-76: termination of this expression cannot be proved, but there is no `diverges' clause in the outer specification
Warning, file "./2790_maximum-number-of-groups-with-increasing-length/implementations/list-imperative/list-imperative.mlw", line 97, characters 12-76: termination of this expression cannot be proved, but there is no `diverges' clause in the outer specification
Warning, file "./2790_maximum-number-of-groups-with-increasing-length/implementations/list-imperative/list-imperative.mlw", line 102, characters 12-76: termination of this expression cannot be proved, but there is no `diverges' clause in the outer specification
Warning, file "./2790_maximum-number-of-groups-with-increasing-length/implementations/list-imperative/list-imperative.mlw", line 107, characters 12-76: termination of this expression cannot be proved, but there is no `diverges' clause in the outer specification
Warning, file "./2790_maximum-number-of-groups-with-increasing-length/implementations/list-imperative/list-imperative.mlw", line 112, characters 12-76: termination of this expression cannot be proved, but there is no `diverges' clause in the outer specification
Warning, file "./2790_maximum-number-of-groups-with-increasing-length/implementations/list-imperative/list-imperative.mlw", line 117, characters 12-76: termination of this expression cannot be proved, but there is no `diverges' clause in the outer specification
Warning, file "./2790_maximum-number-of-groups-with-increasing-length/implementations/list-imperative/list-imperative.mlw", line 122, characters 12-76: termination of this expression cannot be proved, but there is no `diverges' clause in the outer specification
Warning, file "./2790_maximum-number-of-groups-with-increasing-length/implementations/list-imperative/list-imperative.mlw", line 127, characters 12-76: termination of this expression cannot be proved, but there is no `diverges' clause in the outer specification
Warning, file "./2790_maximum-number-of-groups-with-increasing-length/implementations/list-imperative/list-imperative.mlw", line 132, characters 12-76: termination of this expression cannot be proved, but there is no `diverges' clause in the outer specification
Warning, file "./2790_maximum-number-of-groups-with-increasing-length/implementations/list-imperative/list-imperative.mlw", line 137, characters 12-76: termination of this expression cannot be proved, but there is no `diverges' clause in the outer specification
Warning, file "./2790_maximum-number-of-groups-with-increasing-length/implementations/list-imperative/list-imperative.mlw", line 142, characters 12-76: termination of this expression cannot be proved, but there is no `diverges' clause in the outer specification
Warning, file "./2790_maximum-number-of-groups-with-increasing-length/implementations/list-imperative/list-imperative.mlw", line 147, characters 12-76: termination of this expression cannot be proved, but there is no `diverges' clause in the outer specification
Warning, file "./2790_maximum-number-of-groups-with-increasing-length/implementations/list-imperative/list-imperative.mlw", line 170, characters 7-18: termination of this expression cannot be proved, but there is no `diverges' clause in the outer specification
Warning, file "./2790_maximum-number-of-groups-with-increasing-length/implementations/list-imperative/list-imperative.mlw", line 169, characters 7-18: termination of this expression cannot be proved, but there is no `diverges' clause in the outer specification
Warning, file "./2790_maximum-number-of-groups-with-increasing-length/implementations/list-imperative/list-imperative.mlw", line 168, characters 7-18: termination of this expression cannot be proved, but there is no `diverges' clause in the outer specification
Warning, file "./2790_maximum-number-of-groups-with-increasing-length/implementations/list-imperative/list-imperative.mlw", line 167, characters 7-18: termination of this expression cannot be proved, but there is no `diverges' clause in the outer specification
Warning, file "./2790_maximum-number-of-groups-with-increasing-length/implementations/list-imperative/list-imperative.mlw", line 166, characters 7-18: termination of this expression cannot be proved, but there is no `diverges' clause in the outer specification
Warning, file "./2790_maximum-number-of-groups-with-increasing-length/implementations/list-imperative/list-imperative.mlw", line 165, characters 7-18: termination of this expression cannot be proved, but there is no `diverges' clause in the outer specification
Warning, file "./2790_maximum-number-of-groups-with-increasing-length/implementations/list-imperative/list-imperative.mlw", line 164, characters 7-18: termination of this expression cannot be proved, but there is no `diverges' clause in the outer specification
Warning, file "./2790_maximum-number-of-groups-with-increasing-length/implementations/list-imperative/list-imperative.mlw", line 163, characters 7-18: termination of this expression cannot be proved, but there is no `diverges' clause in the outer specification
Warning, file "./2790_maximum-number-of-groups-with-increasing-length/implementations/list-imperative/list-imperative.mlw", line 162, characters 7-18: termination of this expression cannot be proved, but there is no `diverges' clause in the outer specification
Warning, file "./2790_maximum-number-of-groups-with-increasing-length/implementations/list-imperative/list-imperative.mlw", line 161, characters 7-18: termination of this expression cannot be proved, but there is no `diverges' clause in the outer specification
Warning, file "./2790_maximum-number-of-groups-with-increasing-length/implementations/list-imperative/list-imperative.mlw", line 160, characters 7-18: termination of this expression cannot be proved, but there is no `diverges' clause in the outer specification
Warning, file "./2790_maximum-number-of-groups-with-increasing-length/implementations/list-imperative/list-imperative.mlw", line 159, characters 7-18: termination of this expression cannot be proved, but there is no `diverges' clause in the outer specification
Warning, file "./2790_maximum-number-of-groups-with-increasing-length/implementations/list-imperative/list-imperative.mlw", line 158, characters 7-18: termination of this expression cannot be proved, but there is no `diverges' clause in the outer specification
Warning, file "./2790_maximum-number-of-groups-with-increasing-length/implementations/list-imperative/list-imperative.mlw", line 157, characters 7-18: termination of this expression cannot be proved, but there is no `diverges' clause in the outer specification
Warning, file "./2790_maximum-number-of-groups-with-increasing-length/implementations/list-imperative/list-imperative.mlw", line 156, characters 7-18: termination of this expression cannot be proved, but there is no `diverges' clause in the outer specification
Warning, file "./2790_maximum-number-of-groups-with-increasing-length/implementations/list-imperative/list-imperative.mlw", line 155, characters 7-18: termination of this expression cannot be proved, but there is no `diverges' clause in the outer specification
Warning, file "./2790_maximum-number-of-groups-with-increasing-length/implementations/list-imperative/list-imperative.mlw", line 154, characters 7-18: termination of this expression cannot be proved, but there is no `diverges' clause in the outer specification
Warning, file "./2790_maximum-number-of-groups-with-increasing-length/implementations/list-imperative/list-imperative.mlw", line 153, characters 7-18: termination of this expression cannot be proved, but there is no `diverges' clause in the outer specification
Warning, file "./2790_maximum-number-of-groups-with-increasing-length/implementations/list-imperative/list-imperative.mlw", line 152, characters 7-18: termination of this expression cannot be proved, but there is no `diverges' clause in the outer specification
Warning, file "./2790_maximum-number-of-groups-with-increasing-length/implementations/list-imperative/list-imperative.mlw", line 151, characters 7-18: termination of this expression cannot be proved, but there is no `diverges' clause in the outer specification
result: bool = true
globals: <none>

EXECUTE_EXIT_CODE: 0
