FILE: ./1537_get-the-maximum-score/implementations/list-imperative/list-imperative.mlw
MODULE: GetTheMaximumScore_List_Imperative
COMMAND: why3 execute --use GetTheMaximumScore_List_Imperative ./1537_get-the-maximum-score/implementations/list-imperative/list-imperative.mlw 'run_tests ()'

Warning, file "./1537_get-the-maximum-score/implementations/list-imperative/list-imperative.mlw", line 44, character 4 to line 51, character 8: termination of this expression cannot be proved, but there is no `diverges' clause in the outer specification
Warning, file "./1537_get-the-maximum-score/implementations/list-imperative/list-imperative.mlw", line 36, character 4 to line 43, character 8: termination of this expression cannot be proved, but there is no `diverges' clause in the outer specification
Warning, file "./1537_get-the-maximum-score/implementations/list-imperative/list-imperative.mlw", line 14, character 4 to line 35, character 8: termination of this expression cannot be proved, but there is no `diverges' clause in the outer specification
Warning, file "./1537_get-the-maximum-score/implementations/list-imperative/list-imperative.mlw", line 56, characters 12-50: termination of this expression cannot be proved, but there is no `diverges' clause in the outer specification
Warning, file "./1537_get-the-maximum-score/implementations/list-imperative/list-imperative.mlw", line 62, characters 4-35: termination of this expression cannot be proved, but there is no `diverges' clause in the outer specification
Warning, file "./1537_get-the-maximum-score/implementations/list-imperative/list-imperative.mlw", line 67, characters 4-29: termination of this expression cannot be proved, but there is no `diverges' clause in the outer specification
Warning, file "./1537_get-the-maximum-score/implementations/list-imperative/list-imperative.mlw", line 72, characters 4-29: termination of this expression cannot be proved, but there is no `diverges' clause in the outer specification
Warning, file "./1537_get-the-maximum-score/implementations/list-imperative/list-imperative.mlw", line 77, characters 4-29: termination of this expression cannot be proved, but there is no `diverges' clause in the outer specification
Warning, file "./1537_get-the-maximum-score/implementations/list-imperative/list-imperative.mlw", line 86, characters 4-30: termination of this expression cannot be proved, but there is no `diverges' clause in the outer specification
Warning, file "./1537_get-the-maximum-score/implementations/list-imperative/list-imperative.mlw", line 91, characters 4-29: termination of this expression cannot be proved, but there is no `diverges' clause in the outer specification
Warning, file "./1537_get-the-maximum-score/implementations/list-imperative/list-imperative.mlw", line 100, characters 4-30: termination of this expression cannot be proved, but there is no `diverges' clause in the outer specification
Warning, file "./1537_get-the-maximum-score/implementations/list-imperative/list-imperative.mlw", line 105, characters 4-30: termination of this expression cannot be proved, but there is no `diverges' clause in the outer specification
Warning, file "./1537_get-the-maximum-score/implementations/list-imperative/list-imperative.mlw", line 110, characters 4-29: termination of this expression cannot be proved, but there is no `diverges' clause in the outer specification
Warning, file "./1537_get-the-maximum-score/implementations/list-imperative/list-imperative.mlw", line 115, characters 4-29: termination of this expression cannot be proved, but there is no `diverges' clause in the outer specification
Warning, file "./1537_get-the-maximum-score/implementations/list-imperative/list-imperative.mlw", line 120, characters 4-30: termination of this expression cannot be proved, but there is no `diverges' clause in the outer specification
Warning, file "./1537_get-the-maximum-score/implementations/list-imperative/list-imperative.mlw", line 129, characters 4-29: termination of this expression cannot be proved, but there is no `diverges' clause in the outer specification
Warning, file "./1537_get-the-maximum-score/implementations/list-imperative/list-imperative.mlw", line 134, characters 4-29: termination of this expression cannot be proved, but there is no `diverges' clause in the outer specification
Warning, file "./1537_get-the-maximum-score/implementations/list-imperative/list-imperative.mlw", line 139, characters 4-30: termination of this expression cannot be proved, but there is no `diverges' clause in the outer specification
Warning, file "./1537_get-the-maximum-score/implementations/list-imperative/list-imperative.mlw", line 144, characters 4-29: termination of this expression cannot be proved, but there is no `diverges' clause in the outer specification
Warning, file "./1537_get-the-maximum-score/implementations/list-imperative/list-imperative.mlw", line 149, characters 4-35: termination of this expression cannot be proved, but there is no `diverges' clause in the outer specification
Warning, file "./1537_get-the-maximum-score/implementations/list-imperative/list-imperative.mlw", line 154, characters 4-30: termination of this expression cannot be proved, but there is no `diverges' clause in the outer specification
Warning, file "./1537_get-the-maximum-score/implementations/list-imperative/list-imperative.mlw", line 159, characters 4-28: termination of this expression cannot be proved, but there is no `diverges' clause in the outer specification
Warning, file "./1537_get-the-maximum-score/implementations/list-imperative/list-imperative.mlw", line 164, characters 4-29: termination of this expression cannot be proved, but there is no `diverges' clause in the outer specification
Warning, file "./1537_get-the-maximum-score/implementations/list-imperative/list-imperative.mlw", line 175, characters 4-31: termination of this expression cannot be proved, but there is no `diverges' clause in the outer specification
Warning, file "./1537_get-the-maximum-score/implementations/list-imperative/list-imperative.mlw", line 197, characters 7-18: termination of this expression cannot be proved, but there is no `diverges' clause in the outer specification
Warning, file "./1537_get-the-maximum-score/implementations/list-imperative/list-imperative.mlw", line 196, characters 7-18: termination of this expression cannot be proved, but there is no `diverges' clause in the outer specification
Warning, file "./1537_get-the-maximum-score/implementations/list-imperative/list-imperative.mlw", line 195, characters 7-18: termination of this expression cannot be proved, but there is no `diverges' clause in the outer specification
Warning, file "./1537_get-the-maximum-score/implementations/list-imperative/list-imperative.mlw", line 194, characters 7-18: termination of this expression cannot be proved, but there is no `diverges' clause in the outer specification
Warning, file "./1537_get-the-maximum-score/implementations/list-imperative/list-imperative.mlw", line 193, characters 7-18: termination of this expression cannot be proved, but there is no `diverges' clause in the outer specification
Warning, file "./1537_get-the-maximum-score/implementations/list-imperative/list-imperative.mlw", line 192, characters 7-18: termination of this expression cannot be proved, but there is no `diverges' clause in the outer specification
Warning, file "./1537_get-the-maximum-score/implementations/list-imperative/list-imperative.mlw", line 191, characters 7-18: termination of this expression cannot be proved, but there is no `diverges' clause in the outer specification
Warning, file "./1537_get-the-maximum-score/implementations/list-imperative/list-imperative.mlw", line 190, characters 7-18: termination of this expression cannot be proved, but there is no `diverges' clause in the outer specification
Warning, file "./1537_get-the-maximum-score/implementations/list-imperative/list-imperative.mlw", line 189, characters 7-18: termination of this expression cannot be proved, but there is no `diverges' clause in the outer specification
Warning, file "./1537_get-the-maximum-score/implementations/list-imperative/list-imperative.mlw", line 188, characters 7-18: termination of this expression cannot be proved, but there is no `diverges' clause in the outer specification
Warning, file "./1537_get-the-maximum-score/implementations/list-imperative/list-imperative.mlw", line 187, characters 7-18: termination of this expression cannot be proved, but there is no `diverges' clause in the outer specification
Warning, file "./1537_get-the-maximum-score/implementations/list-imperative/list-imperative.mlw", line 186, characters 7-18: termination of this expression cannot be proved, but there is no `diverges' clause in the outer specification
Warning, file "./1537_get-the-maximum-score/implementations/list-imperative/list-imperative.mlw", line 185, characters 7-18: termination of this expression cannot be proved, but there is no `diverges' clause in the outer specification
Warning, file "./1537_get-the-maximum-score/implementations/list-imperative/list-imperative.mlw", line 184, characters 7-18: termination of this expression cannot be proved, but there is no `diverges' clause in the outer specification
Warning, file "./1537_get-the-maximum-score/implementations/list-imperative/list-imperative.mlw", line 183, characters 7-18: termination of this expression cannot be proved, but there is no `diverges' clause in the outer specification
Warning, file "./1537_get-the-maximum-score/implementations/list-imperative/list-imperative.mlw", line 182, characters 7-18: termination of this expression cannot be proved, but there is no `diverges' clause in the outer specification
Warning, file "./1537_get-the-maximum-score/implementations/list-imperative/list-imperative.mlw", line 181, characters 7-18: termination of this expression cannot be proved, but there is no `diverges' clause in the outer specification
Warning, file "./1537_get-the-maximum-score/implementations/list-imperative/list-imperative.mlw", line 180, characters 7-18: termination of this expression cannot be proved, but there is no `diverges' clause in the outer specification
Warning, file "./1537_get-the-maximum-score/implementations/list-imperative/list-imperative.mlw", line 179, characters 7-18: termination of this expression cannot be proved, but there is no `diverges' clause in the outer specification
Warning, file "./1537_get-the-maximum-score/implementations/list-imperative/list-imperative.mlw", line 178, characters 7-18: termination of this expression cannot be proved, but there is no `diverges' clause in the outer specification
result: bool = true
globals: <none>

EXECUTE_EXIT_CODE: 0
