FILE: ./2540_minimum-common-value/implementations/array-imperative/array-imperative.mlw
MODULE: MinimumCommonValue_Array_Imperative
COMMAND: why3 execute --use MinimumCommonValue_Array_Imperative ./2540_minimum-common-value/implementations/array-imperative/array-imperative.mlw 'run_tests ()'

Warning, file "./2540_minimum-common-value/implementations/array-imperative/array-imperative.mlw", line 12, character 4 to line 19, character 8: termination of this expression cannot be proved, but there is no `diverges' clause in the outer specification
Warning, file "./2540_minimum-common-value/implementations/array-imperative/array-imperative.mlw", line 23, characters 12-50: termination of this expression cannot be proved, but there is no `diverges' clause in the outer specification
Warning, file "./2540_minimum-common-value/implementations/array-imperative/array-imperative.mlw", line 29, characters 4-28: termination of this expression cannot be proved, but there is no `diverges' clause in the outer specification
Warning, file "./2540_minimum-common-value/implementations/array-imperative/array-imperative.mlw", line 34, characters 4-31: termination of this expression cannot be proved, but there is no `diverges' clause in the outer specification
Warning, file "./2540_minimum-common-value/implementations/array-imperative/array-imperative.mlw", line 39, characters 4-28: termination of this expression cannot be proved, but there is no `diverges' clause in the outer specification
Warning, file "./2540_minimum-common-value/implementations/array-imperative/array-imperative.mlw", line 44, characters 4-31: termination of this expression cannot be proved, but there is no `diverges' clause in the outer specification
Warning, file "./2540_minimum-common-value/implementations/array-imperative/array-imperative.mlw", line 49, characters 4-31: termination of this expression cannot be proved, but there is no `diverges' clause in the outer specification
Warning, file "./2540_minimum-common-value/implementations/array-imperative/array-imperative.mlw", line 54, characters 4-31: termination of this expression cannot be proved, but there is no `diverges' clause in the outer specification
Warning, file "./2540_minimum-common-value/implementations/array-imperative/array-imperative.mlw", line 59, characters 4-28: termination of this expression cannot be proved, but there is no `diverges' clause in the outer specification
Warning, file "./2540_minimum-common-value/implementations/array-imperative/array-imperative.mlw", line 64, characters 4-31: termination of this expression cannot be proved, but there is no `diverges' clause in the outer specification
Warning, file "./2540_minimum-common-value/implementations/array-imperative/array-imperative.mlw", line 69, characters 4-28: termination of this expression cannot be proved, but there is no `diverges' clause in the outer specification
Warning, file "./2540_minimum-common-value/implementations/array-imperative/array-imperative.mlw", line 74, characters 4-31: termination of this expression cannot be proved, but there is no `diverges' clause in the outer specification
Warning, file "./2540_minimum-common-value/implementations/array-imperative/array-imperative.mlw", line 79, characters 4-37: termination of this expression cannot be proved, but there is no `diverges' clause in the outer specification
Warning, file "./2540_minimum-common-value/implementations/array-imperative/array-imperative.mlw", line 84, characters 4-28: termination of this expression cannot be proved, but there is no `diverges' clause in the outer specification
Warning, file "./2540_minimum-common-value/implementations/array-imperative/array-imperative.mlw", line 89, characters 4-31: termination of this expression cannot be proved, but there is no `diverges' clause in the outer specification
Warning, file "./2540_minimum-common-value/implementations/array-imperative/array-imperative.mlw", line 94, characters 4-31: termination of this expression cannot be proved, but there is no `diverges' clause in the outer specification
Warning, file "./2540_minimum-common-value/implementations/array-imperative/array-imperative.mlw", line 99, characters 4-31: termination of this expression cannot be proved, but there is no `diverges' clause in the outer specification
Warning, file "./2540_minimum-common-value/implementations/array-imperative/array-imperative.mlw", line 104, characters 4-29: termination of this expression cannot be proved, but there is no `diverges' clause in the outer specification
Warning, file "./2540_minimum-common-value/implementations/array-imperative/array-imperative.mlw", line 109, characters 4-31: termination of this expression cannot be proved, but there is no `diverges' clause in the outer specification
Warning, file "./2540_minimum-common-value/implementations/array-imperative/array-imperative.mlw", line 114, characters 4-28: termination of this expression cannot be proved, but there is no `diverges' clause in the outer specification
Warning, file "./2540_minimum-common-value/implementations/array-imperative/array-imperative.mlw", line 119, characters 4-31: termination of this expression cannot be proved, but there is no `diverges' clause in the outer specification
Warning, file "./2540_minimum-common-value/implementations/array-imperative/array-imperative.mlw", line 124, characters 4-28: termination of this expression cannot be proved, but there is no `diverges' clause in the outer specification
Warning, file "./2540_minimum-common-value/implementations/array-imperative/array-imperative.mlw", line 146, characters 7-18: termination of this expression cannot be proved, but there is no `diverges' clause in the outer specification
Warning, file "./2540_minimum-common-value/implementations/array-imperative/array-imperative.mlw", line 145, characters 7-18: termination of this expression cannot be proved, but there is no `diverges' clause in the outer specification
Warning, file "./2540_minimum-common-value/implementations/array-imperative/array-imperative.mlw", line 144, characters 7-18: termination of this expression cannot be proved, but there is no `diverges' clause in the outer specification
Warning, file "./2540_minimum-common-value/implementations/array-imperative/array-imperative.mlw", line 143, characters 7-18: termination of this expression cannot be proved, but there is no `diverges' clause in the outer specification
Warning, file "./2540_minimum-common-value/implementations/array-imperative/array-imperative.mlw", line 142, characters 7-18: termination of this expression cannot be proved, but there is no `diverges' clause in the outer specification
Warning, file "./2540_minimum-common-value/implementations/array-imperative/array-imperative.mlw", line 141, characters 7-18: termination of this expression cannot be proved, but there is no `diverges' clause in the outer specification
Warning, file "./2540_minimum-common-value/implementations/array-imperative/array-imperative.mlw", line 140, characters 7-18: termination of this expression cannot be proved, but there is no `diverges' clause in the outer specification
Warning, file "./2540_minimum-common-value/implementations/array-imperative/array-imperative.mlw", line 139, characters 7-18: termination of this expression cannot be proved, but there is no `diverges' clause in the outer specification
Warning, file "./2540_minimum-common-value/implementations/array-imperative/array-imperative.mlw", line 138, characters 7-18: termination of this expression cannot be proved, but there is no `diverges' clause in the outer specification
Warning, file "./2540_minimum-common-value/implementations/array-imperative/array-imperative.mlw", line 137, characters 7-18: termination of this expression cannot be proved, but there is no `diverges' clause in the outer specification
Warning, file "./2540_minimum-common-value/implementations/array-imperative/array-imperative.mlw", line 136, characters 7-18: termination of this expression cannot be proved, but there is no `diverges' clause in the outer specification
Warning, file "./2540_minimum-common-value/implementations/array-imperative/array-imperative.mlw", line 135, characters 7-18: termination of this expression cannot be proved, but there is no `diverges' clause in the outer specification
Warning, file "./2540_minimum-common-value/implementations/array-imperative/array-imperative.mlw", line 134, characters 7-18: termination of this expression cannot be proved, but there is no `diverges' clause in the outer specification
Warning, file "./2540_minimum-common-value/implementations/array-imperative/array-imperative.mlw", line 133, characters 7-18: termination of this expression cannot be proved, but there is no `diverges' clause in the outer specification
Warning, file "./2540_minimum-common-value/implementations/array-imperative/array-imperative.mlw", line 132, characters 7-18: termination of this expression cannot be proved, but there is no `diverges' clause in the outer specification
Warning, file "./2540_minimum-common-value/implementations/array-imperative/array-imperative.mlw", line 131, characters 7-18: termination of this expression cannot be proved, but there is no `diverges' clause in the outer specification
Warning, file "./2540_minimum-common-value/implementations/array-imperative/array-imperative.mlw", line 130, characters 7-18: termination of this expression cannot be proved, but there is no `diverges' clause in the outer specification
Warning, file "./2540_minimum-common-value/implementations/array-imperative/array-imperative.mlw", line 129, characters 7-18: termination of this expression cannot be proved, but there is no `diverges' clause in the outer specification
Warning, file "./2540_minimum-common-value/implementations/array-imperative/array-imperative.mlw", line 128, characters 7-18: termination of this expression cannot be proved, but there is no `diverges' clause in the outer specification
Warning, file "./2540_minimum-common-value/implementations/array-imperative/array-imperative.mlw", line 127, characters 7-18: termination of this expression cannot be proved, but there is no `diverges' clause in the outer specification
result: bool = true
globals: <none>

EXECUTE_EXIT_CODE: 0
