FILE: ./2491_divide-players-into-teams-of-equal-skill/implementations/list-imperative/list-imperative.mlw
MODULE: DividePlayersIntoTeamsOfEqualSkill_List_Imperative_Implementation
COMMAND: why3 execute --use DividePlayersIntoTeamsOfEqualSkill_List_Imperative_Implementation ./2491_divide-players-into-teams-of-equal-skill/implementations/list-imperative/list-imperative.mlw 'run_tests ()'

Warning, file "./2491_divide-players-into-teams-of-equal-skill/implementations/list-imperative/list-imperative.mlw", line 20, character 4 to line 27, character 8: termination of this expression cannot be proved, but there is no `diverges' clause in the outer specification
Warning, file "./2491_divide-players-into-teams-of-equal-skill/implementations/list-imperative/list-imperative.mlw", line 66, character 8 to line 80, character 12: termination of this expression cannot be proved, but there is no `diverges' clause in the outer specification
Warning, file "./2491_divide-players-into-teams-of-equal-skill/implementations/list-imperative/list-imperative.mlw", line 54, characters 17-32: termination of this expression cannot be proved, but there is no `diverges' clause in the outer specification
Warning, file "./2491_divide-players-into-teams-of-equal-skill/implementations/list-imperative/list-imperative.mlw", line 88, characters 12-63: termination of this expression cannot be proved, but there is no `diverges' clause in the outer specification
Warning, file "./2491_divide-players-into-teams-of-equal-skill/implementations/list-imperative/list-imperative.mlw", line 95, characters 12-63: termination of this expression cannot be proved, but there is no `diverges' clause in the outer specification
Warning, file "./2491_divide-players-into-teams-of-equal-skill/implementations/list-imperative/list-imperative.mlw", line 100, characters 12-63: termination of this expression cannot be proved, but there is no `diverges' clause in the outer specification
Warning, file "./2491_divide-players-into-teams-of-equal-skill/implementations/list-imperative/list-imperative.mlw", line 107, characters 12-63: termination of this expression cannot be proved, but there is no `diverges' clause in the outer specification
Warning, file "./2491_divide-players-into-teams-of-equal-skill/implementations/list-imperative/list-imperative.mlw", line 112, characters 12-63: termination of this expression cannot be proved, but there is no `diverges' clause in the outer specification
Warning, file "./2491_divide-players-into-teams-of-equal-skill/implementations/list-imperative/list-imperative.mlw", line 119, characters 12-63: termination of this expression cannot be proved, but there is no `diverges' clause in the outer specification
Warning, file "./2491_divide-players-into-teams-of-equal-skill/implementations/list-imperative/list-imperative.mlw", line 124, characters 12-63: termination of this expression cannot be proved, but there is no `diverges' clause in the outer specification
Warning, file "./2491_divide-players-into-teams-of-equal-skill/implementations/list-imperative/list-imperative.mlw", line 129, characters 12-63: termination of this expression cannot be proved, but there is no `diverges' clause in the outer specification
Warning, file "./2491_divide-players-into-teams-of-equal-skill/implementations/list-imperative/list-imperative.mlw", line 134, characters 12-63: termination of this expression cannot be proved, but there is no `diverges' clause in the outer specification
Warning, file "./2491_divide-players-into-teams-of-equal-skill/implementations/list-imperative/list-imperative.mlw", line 139, characters 12-63: termination of this expression cannot be proved, but there is no `diverges' clause in the outer specification
Warning, file "./2491_divide-players-into-teams-of-equal-skill/implementations/list-imperative/list-imperative.mlw", line 144, characters 12-63: termination of this expression cannot be proved, but there is no `diverges' clause in the outer specification
Warning, file "./2491_divide-players-into-teams-of-equal-skill/implementations/list-imperative/list-imperative.mlw", line 149, characters 12-63: termination of this expression cannot be proved, but there is no `diverges' clause in the outer specification
Warning, file "./2491_divide-players-into-teams-of-equal-skill/implementations/list-imperative/list-imperative.mlw", line 154, characters 12-63: termination of this expression cannot be proved, but there is no `diverges' clause in the outer specification
Warning, file "./2491_divide-players-into-teams-of-equal-skill/implementations/list-imperative/list-imperative.mlw", line 159, characters 12-63: termination of this expression cannot be proved, but there is no `diverges' clause in the outer specification
Warning, file "./2491_divide-players-into-teams-of-equal-skill/implementations/list-imperative/list-imperative.mlw", line 166, characters 12-63: termination of this expression cannot be proved, but there is no `diverges' clause in the outer specification
Warning, file "./2491_divide-players-into-teams-of-equal-skill/implementations/list-imperative/list-imperative.mlw", line 171, characters 12-63: termination of this expression cannot be proved, but there is no `diverges' clause in the outer specification
Warning, file "./2491_divide-players-into-teams-of-equal-skill/implementations/list-imperative/list-imperative.mlw", line 178, characters 12-63: termination of this expression cannot be proved, but there is no `diverges' clause in the outer specification
Warning, file "./2491_divide-players-into-teams-of-equal-skill/implementations/list-imperative/list-imperative.mlw", line 183, characters 12-63: termination of this expression cannot be proved, but there is no `diverges' clause in the outer specification
Warning, file "./2491_divide-players-into-teams-of-equal-skill/implementations/list-imperative/list-imperative.mlw", line 188, characters 12-63: termination of this expression cannot be proved, but there is no `diverges' clause in the outer specification
Warning, file "./2491_divide-players-into-teams-of-equal-skill/implementations/list-imperative/list-imperative.mlw", line 195, characters 12-63: termination of this expression cannot be proved, but there is no `diverges' clause in the outer specification
Warning, file "./2491_divide-players-into-teams-of-equal-skill/implementations/list-imperative/list-imperative.mlw", line 218, characters 7-18: termination of this expression cannot be proved, but there is no `diverges' clause in the outer specification
Warning, file "./2491_divide-players-into-teams-of-equal-skill/implementations/list-imperative/list-imperative.mlw", line 217, characters 7-18: termination of this expression cannot be proved, but there is no `diverges' clause in the outer specification
Warning, file "./2491_divide-players-into-teams-of-equal-skill/implementations/list-imperative/list-imperative.mlw", line 216, characters 7-18: termination of this expression cannot be proved, but there is no `diverges' clause in the outer specification
Warning, file "./2491_divide-players-into-teams-of-equal-skill/implementations/list-imperative/list-imperative.mlw", line 215, characters 7-18: termination of this expression cannot be proved, but there is no `diverges' clause in the outer specification
Warning, file "./2491_divide-players-into-teams-of-equal-skill/implementations/list-imperative/list-imperative.mlw", line 214, characters 7-18: termination of this expression cannot be proved, but there is no `diverges' clause in the outer specification
Warning, file "./2491_divide-players-into-teams-of-equal-skill/implementations/list-imperative/list-imperative.mlw", line 213, characters 7-18: termination of this expression cannot be proved, but there is no `diverges' clause in the outer specification
Warning, file "./2491_divide-players-into-teams-of-equal-skill/implementations/list-imperative/list-imperative.mlw", line 212, characters 7-18: termination of this expression cannot be proved, but there is no `diverges' clause in the outer specification
Warning, file "./2491_divide-players-into-teams-of-equal-skill/implementations/list-imperative/list-imperative.mlw", line 211, characters 7-18: termination of this expression cannot be proved, but there is no `diverges' clause in the outer specification
Warning, file "./2491_divide-players-into-teams-of-equal-skill/implementations/list-imperative/list-imperative.mlw", line 210, characters 7-18: termination of this expression cannot be proved, but there is no `diverges' clause in the outer specification
Warning, file "./2491_divide-players-into-teams-of-equal-skill/implementations/list-imperative/list-imperative.mlw", line 209, characters 7-18: termination of this expression cannot be proved, but there is no `diverges' clause in the outer specification
Warning, file "./2491_divide-players-into-teams-of-equal-skill/implementations/list-imperative/list-imperative.mlw", line 208, characters 7-18: termination of this expression cannot be proved, but there is no `diverges' clause in the outer specification
Warning, file "./2491_divide-players-into-teams-of-equal-skill/implementations/list-imperative/list-imperative.mlw", line 207, characters 7-18: termination of this expression cannot be proved, but there is no `diverges' clause in the outer specification
Warning, file "./2491_divide-players-into-teams-of-equal-skill/implementations/list-imperative/list-imperative.mlw", line 206, characters 7-18: termination of this expression cannot be proved, but there is no `diverges' clause in the outer specification
Warning, file "./2491_divide-players-into-teams-of-equal-skill/implementations/list-imperative/list-imperative.mlw", line 205, characters 7-18: termination of this expression cannot be proved, but there is no `diverges' clause in the outer specification
Warning, file "./2491_divide-players-into-teams-of-equal-skill/implementations/list-imperative/list-imperative.mlw", line 204, characters 7-18: termination of this expression cannot be proved, but there is no `diverges' clause in the outer specification
Warning, file "./2491_divide-players-into-teams-of-equal-skill/implementations/list-imperative/list-imperative.mlw", line 203, characters 7-18: termination of this expression cannot be proved, but there is no `diverges' clause in the outer specification
Warning, file "./2491_divide-players-into-teams-of-equal-skill/implementations/list-imperative/list-imperative.mlw", line 202, characters 7-18: termination of this expression cannot be proved, but there is no `diverges' clause in the outer specification
Warning, file "./2491_divide-players-into-teams-of-equal-skill/implementations/list-imperative/list-imperative.mlw", line 201, characters 7-18: termination of this expression cannot be proved, but there is no `diverges' clause in the outer specification
Warning, file "./2491_divide-players-into-teams-of-equal-skill/implementations/list-imperative/list-imperative.mlw", line 200, characters 7-18: termination of this expression cannot be proved, but there is no `diverges' clause in the outer specification
Warning, file "./2491_divide-players-into-teams-of-equal-skill/implementations/list-imperative/list-imperative.mlw", line 199, characters 7-18: termination of this expression cannot be proved, but there is no `diverges' clause in the outer specification
result: bool = true
globals: <none>

EXECUTE_EXIT_CODE: 0
