FILE: ./1099_two-sum-less-than-k/implementations/list-imperative/list-imperative.mlw
MODULE: TwoSumLessThanK_List_Imperative_Implementation
COMMAND: why3 execute --use TwoSumLessThanK_List_Imperative_Implementation ./1099_two-sum-less-than-k/implementations/list-imperative/list-imperative.mlw 'run_tests ()'

Warning, file "./1099_two-sum-less-than-k/implementations/list-imperative/list-imperative.mlw", line 15, character 10 to line 23, character 14: termination of this expression cannot be proved, but there is no `diverges' clause in the outer specification
Warning, file "./1099_two-sum-less-than-k/implementations/list-imperative/list-imperative.mlw", line 10, character 4 to line 26, character 8: termination of this expression cannot be proved, but there is no `diverges' clause in the outer specification
Warning, file "./1099_two-sum-less-than-k/implementations/list-imperative/list-imperative.mlw", line 31, characters 12-46: termination of this expression cannot be proved, but there is no `diverges' clause in the outer specification
Warning, file "./1099_two-sum-less-than-k/implementations/list-imperative/list-imperative.mlw", line 36, characters 12-44: termination of this expression cannot be proved, but there is no `diverges' clause in the outer specification
Warning, file "./1099_two-sum-less-than-k/implementations/list-imperative/list-imperative.mlw", line 41, characters 12-43: termination of this expression cannot be proved, but there is no `diverges' clause in the outer specification
Warning, file "./1099_two-sum-less-than-k/implementations/list-imperative/list-imperative.mlw", line 46, characters 12-46: termination of this expression cannot be proved, but there is no `diverges' clause in the outer specification
Warning, file "./1099_two-sum-less-than-k/implementations/list-imperative/list-imperative.mlw", line 51, characters 12-44: termination of this expression cannot be proved, but there is no `diverges' clause in the outer specification
Warning, file "./1099_two-sum-less-than-k/implementations/list-imperative/list-imperative.mlw", line 56, characters 12-44: termination of this expression cannot be proved, but there is no `diverges' clause in the outer specification
Warning, file "./1099_two-sum-less-than-k/implementations/list-imperative/list-imperative.mlw", line 61, characters 12-46: termination of this expression cannot be proved, but there is no `diverges' clause in the outer specification
Warning, file "./1099_two-sum-less-than-k/implementations/list-imperative/list-imperative.mlw", line 66, characters 12-43: termination of this expression cannot be proved, but there is no `diverges' clause in the outer specification
Warning, file "./1099_two-sum-less-than-k/implementations/list-imperative/list-imperative.mlw", line 71, characters 12-46: termination of this expression cannot be proved, but there is no `diverges' clause in the outer specification
Warning, file "./1099_two-sum-less-than-k/implementations/list-imperative/list-imperative.mlw", line 76, characters 12-44: termination of this expression cannot be proved, but there is no `diverges' clause in the outer specification
Warning, file "./1099_two-sum-less-than-k/implementations/list-imperative/list-imperative.mlw", line 81, characters 12-44: termination of this expression cannot be proved, but there is no `diverges' clause in the outer specification
Warning, file "./1099_two-sum-less-than-k/implementations/list-imperative/list-imperative.mlw", line 86, characters 12-46: termination of this expression cannot be proved, but there is no `diverges' clause in the outer specification
Warning, file "./1099_two-sum-less-than-k/implementations/list-imperative/list-imperative.mlw", line 91, characters 12-44: termination of this expression cannot be proved, but there is no `diverges' clause in the outer specification
Warning, file "./1099_two-sum-less-than-k/implementations/list-imperative/list-imperative.mlw", line 96, characters 12-43: termination of this expression cannot be proved, but there is no `diverges' clause in the outer specification
Warning, file "./1099_two-sum-less-than-k/implementations/list-imperative/list-imperative.mlw", line 101, characters 12-46: termination of this expression cannot be proved, but there is no `diverges' clause in the outer specification
Warning, file "./1099_two-sum-less-than-k/implementations/list-imperative/list-imperative.mlw", line 106, characters 12-45: termination of this expression cannot be proved, but there is no `diverges' clause in the outer specification
Warning, file "./1099_two-sum-less-than-k/implementations/list-imperative/list-imperative.mlw", line 111, characters 12-45: termination of this expression cannot be proved, but there is no `diverges' clause in the outer specification
Warning, file "./1099_two-sum-less-than-k/implementations/list-imperative/list-imperative.mlw", line 116, characters 12-46: termination of this expression cannot be proved, but there is no `diverges' clause in the outer specification
Warning, file "./1099_two-sum-less-than-k/implementations/list-imperative/list-imperative.mlw", line 121, characters 12-45: termination of this expression cannot be proved, but there is no `diverges' clause in the outer specification
Warning, file "./1099_two-sum-less-than-k/implementations/list-imperative/list-imperative.mlw", line 129, characters 12-44: termination of this expression cannot be proved, but there is no `diverges' clause in the outer specification
Warning, file "./1099_two-sum-less-than-k/implementations/list-imperative/list-imperative.mlw", line 152, characters 7-23: termination of this expression cannot be proved, but there is no `diverges' clause in the outer specification
Warning, file "./1099_two-sum-less-than-k/implementations/list-imperative/list-imperative.mlw", line 151, characters 7-23: termination of this expression cannot be proved, but there is no `diverges' clause in the outer specification
Warning, file "./1099_two-sum-less-than-k/implementations/list-imperative/list-imperative.mlw", line 150, characters 7-23: termination of this expression cannot be proved, but there is no `diverges' clause in the outer specification
Warning, file "./1099_two-sum-less-than-k/implementations/list-imperative/list-imperative.mlw", line 149, characters 7-23: termination of this expression cannot be proved, but there is no `diverges' clause in the outer specification
Warning, file "./1099_two-sum-less-than-k/implementations/list-imperative/list-imperative.mlw", line 148, characters 7-23: termination of this expression cannot be proved, but there is no `diverges' clause in the outer specification
Warning, file "./1099_two-sum-less-than-k/implementations/list-imperative/list-imperative.mlw", line 147, characters 7-23: termination of this expression cannot be proved, but there is no `diverges' clause in the outer specification
Warning, file "./1099_two-sum-less-than-k/implementations/list-imperative/list-imperative.mlw", line 146, characters 7-23: termination of this expression cannot be proved, but there is no `diverges' clause in the outer specification
Warning, file "./1099_two-sum-less-than-k/implementations/list-imperative/list-imperative.mlw", line 145, characters 7-23: termination of this expression cannot be proved, but there is no `diverges' clause in the outer specification
Warning, file "./1099_two-sum-less-than-k/implementations/list-imperative/list-imperative.mlw", line 144, characters 7-23: termination of this expression cannot be proved, but there is no `diverges' clause in the outer specification
Warning, file "./1099_two-sum-less-than-k/implementations/list-imperative/list-imperative.mlw", line 143, characters 7-23: termination of this expression cannot be proved, but there is no `diverges' clause in the outer specification
Warning, file "./1099_two-sum-less-than-k/implementations/list-imperative/list-imperative.mlw", line 142, characters 7-23: termination of this expression cannot be proved, but there is no `diverges' clause in the outer specification
Warning, file "./1099_two-sum-less-than-k/implementations/list-imperative/list-imperative.mlw", line 141, characters 7-23: termination of this expression cannot be proved, but there is no `diverges' clause in the outer specification
Warning, file "./1099_two-sum-less-than-k/implementations/list-imperative/list-imperative.mlw", line 140, characters 7-23: termination of this expression cannot be proved, but there is no `diverges' clause in the outer specification
Warning, file "./1099_two-sum-less-than-k/implementations/list-imperative/list-imperative.mlw", line 139, characters 7-23: termination of this expression cannot be proved, but there is no `diverges' clause in the outer specification
Warning, file "./1099_two-sum-less-than-k/implementations/list-imperative/list-imperative.mlw", line 138, characters 7-23: termination of this expression cannot be proved, but there is no `diverges' clause in the outer specification
Warning, file "./1099_two-sum-less-than-k/implementations/list-imperative/list-imperative.mlw", line 137, characters 7-23: termination of this expression cannot be proved, but there is no `diverges' clause in the outer specification
Warning, file "./1099_two-sum-less-than-k/implementations/list-imperative/list-imperative.mlw", line 136, characters 7-23: termination of this expression cannot be proved, but there is no `diverges' clause in the outer specification
Warning, file "./1099_two-sum-less-than-k/implementations/list-imperative/list-imperative.mlw", line 135, characters 7-23: termination of this expression cannot be proved, but there is no `diverges' clause in the outer specification
Warning, file "./1099_two-sum-less-than-k/implementations/list-imperative/list-imperative.mlw", line 134, characters 7-23: termination of this expression cannot be proved, but there is no `diverges' clause in the outer specification
Warning, file "./1099_two-sum-less-than-k/implementations/list-imperative/list-imperative.mlw", line 133, characters 7-23: termination of this expression cannot be proved, but there is no `diverges' clause in the outer specification
result: bool = true
globals: <none>

EXECUTE_EXIT_CODE: 0
