FILE: ./2294_partition-array-such-that-maximum-difference-is-k/implementations/array-imperative/array-imperative.mlw
MODULE: PartitionArraySuchThatMaximumDifferenceIsK_Array_Imperative
COMMAND: why3 execute --use PartitionArraySuchThatMaximumDifferenceIsK_Array_Imperative ./2294_partition-array-such-that-maximum-difference-is-k/implementations/array-imperative/array-imperative.mlw 'run_tests ()'

Warning, file "./2294_partition-array-such-that-maximum-difference-is-k/implementations/array-imperative/array-imperative.mlw", line 17, character 10 to line 23, character 14: termination of this expression cannot be proved, but there is no `diverges' clause in the outer specification
Warning, file "./2294_partition-array-such-that-maximum-difference-is-k/implementations/array-imperative/array-imperative.mlw", line 13, character 6 to line 28, character 10: termination of this expression cannot be proved, but there is no `diverges' clause in the outer specification
Warning, file "./2294_partition-array-such-that-maximum-difference-is-k/implementations/array-imperative/array-imperative.mlw", line 35, characters 6-25: termination of this expression cannot be proved, but there is no `diverges' clause in the outer specification
Warning, file "./2294_partition-array-such-that-maximum-difference-is-k/implementations/array-imperative/array-imperative.mlw", line 49, characters 12-78: termination of this expression cannot be proved, but there is no `diverges' clause in the outer specification
Warning, file "./2294_partition-array-such-that-maximum-difference-is-k/implementations/array-imperative/array-imperative.mlw", line 54, characters 12-74: termination of this expression cannot be proved, but there is no `diverges' clause in the outer specification
Warning, file "./2294_partition-array-such-that-maximum-difference-is-k/implementations/array-imperative/array-imperative.mlw", line 59, characters 12-75: termination of this expression cannot be proved, but there is no `diverges' clause in the outer specification
Warning, file "./2294_partition-array-such-that-maximum-difference-is-k/implementations/array-imperative/array-imperative.mlw", line 64, characters 12-74: termination of this expression cannot be proved, but there is no `diverges' clause in the outer specification
Warning, file "./2294_partition-array-such-that-maximum-difference-is-k/implementations/array-imperative/array-imperative.mlw", line 69, characters 12-74: termination of this expression cannot be proved, but there is no `diverges' clause in the outer specification
Warning, file "./2294_partition-array-such-that-maximum-difference-is-k/implementations/array-imperative/array-imperative.mlw", line 74, characters 12-74: termination of this expression cannot be proved, but there is no `diverges' clause in the outer specification
Warning, file "./2294_partition-array-such-that-maximum-difference-is-k/implementations/array-imperative/array-imperative.mlw", line 79, characters 12-74: termination of this expression cannot be proved, but there is no `diverges' clause in the outer specification
Warning, file "./2294_partition-array-such-that-maximum-difference-is-k/implementations/array-imperative/array-imperative.mlw", line 84, characters 12-74: termination of this expression cannot be proved, but there is no `diverges' clause in the outer specification
Warning, file "./2294_partition-array-such-that-maximum-difference-is-k/implementations/array-imperative/array-imperative.mlw", line 89, characters 12-74: termination of this expression cannot be proved, but there is no `diverges' clause in the outer specification
Warning, file "./2294_partition-array-such-that-maximum-difference-is-k/implementations/array-imperative/array-imperative.mlw", line 94, characters 12-74: termination of this expression cannot be proved, but there is no `diverges' clause in the outer specification
Warning, file "./2294_partition-array-such-that-maximum-difference-is-k/implementations/array-imperative/array-imperative.mlw", line 99, characters 12-74: termination of this expression cannot be proved, but there is no `diverges' clause in the outer specification
Warning, file "./2294_partition-array-such-that-maximum-difference-is-k/implementations/array-imperative/array-imperative.mlw", line 104, characters 12-74: termination of this expression cannot be proved, but there is no `diverges' clause in the outer specification
Warning, file "./2294_partition-array-such-that-maximum-difference-is-k/implementations/array-imperative/array-imperative.mlw", line 109, characters 12-74: termination of this expression cannot be proved, but there is no `diverges' clause in the outer specification
Warning, file "./2294_partition-array-such-that-maximum-difference-is-k/implementations/array-imperative/array-imperative.mlw", line 114, characters 12-74: termination of this expression cannot be proved, but there is no `diverges' clause in the outer specification
Warning, file "./2294_partition-array-such-that-maximum-difference-is-k/implementations/array-imperative/array-imperative.mlw", line 119, characters 12-76: termination of this expression cannot be proved, but there is no `diverges' clause in the outer specification
Warning, file "./2294_partition-array-such-that-maximum-difference-is-k/implementations/array-imperative/array-imperative.mlw", line 124, characters 12-74: termination of this expression cannot be proved, but there is no `diverges' clause in the outer specification
Warning, file "./2294_partition-array-such-that-maximum-difference-is-k/implementations/array-imperative/array-imperative.mlw", line 129, characters 12-74: termination of this expression cannot be proved, but there is no `diverges' clause in the outer specification
Warning, file "./2294_partition-array-such-that-maximum-difference-is-k/implementations/array-imperative/array-imperative.mlw", line 134, characters 12-74: termination of this expression cannot be proved, but there is no `diverges' clause in the outer specification
Warning, file "./2294_partition-array-such-that-maximum-difference-is-k/implementations/array-imperative/array-imperative.mlw", line 139, characters 12-74: termination of this expression cannot be proved, but there is no `diverges' clause in the outer specification
Warning, file "./2294_partition-array-such-that-maximum-difference-is-k/implementations/array-imperative/array-imperative.mlw", line 144, characters 12-76: termination of this expression cannot be proved, but there is no `diverges' clause in the outer specification
Warning, file "./2294_partition-array-such-that-maximum-difference-is-k/implementations/array-imperative/array-imperative.mlw", line 167, characters 7-23: termination of this expression cannot be proved, but there is no `diverges' clause in the outer specification
Warning, file "./2294_partition-array-such-that-maximum-difference-is-k/implementations/array-imperative/array-imperative.mlw", line 166, characters 7-23: termination of this expression cannot be proved, but there is no `diverges' clause in the outer specification
Warning, file "./2294_partition-array-such-that-maximum-difference-is-k/implementations/array-imperative/array-imperative.mlw", line 165, characters 7-23: termination of this expression cannot be proved, but there is no `diverges' clause in the outer specification
Warning, file "./2294_partition-array-such-that-maximum-difference-is-k/implementations/array-imperative/array-imperative.mlw", line 164, characters 7-23: termination of this expression cannot be proved, but there is no `diverges' clause in the outer specification
Warning, file "./2294_partition-array-such-that-maximum-difference-is-k/implementations/array-imperative/array-imperative.mlw", line 163, characters 7-23: termination of this expression cannot be proved, but there is no `diverges' clause in the outer specification
Warning, file "./2294_partition-array-such-that-maximum-difference-is-k/implementations/array-imperative/array-imperative.mlw", line 162, characters 7-23: termination of this expression cannot be proved, but there is no `diverges' clause in the outer specification
Warning, file "./2294_partition-array-such-that-maximum-difference-is-k/implementations/array-imperative/array-imperative.mlw", line 161, characters 7-23: termination of this expression cannot be proved, but there is no `diverges' clause in the outer specification
Warning, file "./2294_partition-array-such-that-maximum-difference-is-k/implementations/array-imperative/array-imperative.mlw", line 160, characters 7-23: termination of this expression cannot be proved, but there is no `diverges' clause in the outer specification
Warning, file "./2294_partition-array-such-that-maximum-difference-is-k/implementations/array-imperative/array-imperative.mlw", line 159, characters 7-23: termination of this expression cannot be proved, but there is no `diverges' clause in the outer specification
Warning, file "./2294_partition-array-such-that-maximum-difference-is-k/implementations/array-imperative/array-imperative.mlw", line 158, characters 7-23: termination of this expression cannot be proved, but there is no `diverges' clause in the outer specification
Warning, file "./2294_partition-array-such-that-maximum-difference-is-k/implementations/array-imperative/array-imperative.mlw", line 157, characters 7-23: termination of this expression cannot be proved, but there is no `diverges' clause in the outer specification
Warning, file "./2294_partition-array-such-that-maximum-difference-is-k/implementations/array-imperative/array-imperative.mlw", line 156, characters 7-23: termination of this expression cannot be proved, but there is no `diverges' clause in the outer specification
Warning, file "./2294_partition-array-such-that-maximum-difference-is-k/implementations/array-imperative/array-imperative.mlw", line 155, characters 7-23: termination of this expression cannot be proved, but there is no `diverges' clause in the outer specification
Warning, file "./2294_partition-array-such-that-maximum-difference-is-k/implementations/array-imperative/array-imperative.mlw", line 154, characters 7-23: termination of this expression cannot be proved, but there is no `diverges' clause in the outer specification
Warning, file "./2294_partition-array-such-that-maximum-difference-is-k/implementations/array-imperative/array-imperative.mlw", line 153, characters 7-23: termination of this expression cannot be proved, but there is no `diverges' clause in the outer specification
Warning, file "./2294_partition-array-such-that-maximum-difference-is-k/implementations/array-imperative/array-imperative.mlw", line 152, characters 7-23: termination of this expression cannot be proved, but there is no `diverges' clause in the outer specification
Warning, file "./2294_partition-array-such-that-maximum-difference-is-k/implementations/array-imperative/array-imperative.mlw", line 151, characters 7-23: termination of this expression cannot be proved, but there is no `diverges' clause in the outer specification
Warning, file "./2294_partition-array-such-that-maximum-difference-is-k/implementations/array-imperative/array-imperative.mlw", line 150, characters 7-23: termination of this expression cannot be proved, but there is no `diverges' clause in the outer specification
Warning, file "./2294_partition-array-such-that-maximum-difference-is-k/implementations/array-imperative/array-imperative.mlw", line 149, characters 7-23: termination of this expression cannot be proved, but there is no `diverges' clause in the outer specification
Warning, file "./2294_partition-array-such-that-maximum-difference-is-k/implementations/array-imperative/array-imperative.mlw", line 148, characters 7-23: termination of this expression cannot be proved, but there is no `diverges' clause in the outer specification
result: bool = true
globals: <none>

EXECUTE_EXIT_CODE: 0
