FILE: ./910_smallest-range-ii/implementations/array-imperative/array-imperative.mlw
MODULE: SmallestRangeIi_Array_Imperative
COMMAND: why3 execute --use SmallestRangeIi_Array_Imperative ./910_smallest-range-ii/implementations/array-imperative/array-imperative.mlw 'run_tests ()'

Warning, file "./910_smallest-range-ii/implementations/array-imperative/array-imperative.mlw", line 31, character 10 to line 37, character 14: termination of this expression cannot be proved, but there is no `diverges' clause in the outer specification
Warning, file "./910_smallest-range-ii/implementations/array-imperative/array-imperative.mlw", line 27, character 6 to line 42, character 10: termination of this expression cannot be proved, but there is no `diverges' clause in the outer specification
Warning, file "./910_smallest-range-ii/implementations/array-imperative/array-imperative.mlw", line 50, characters 6-27: termination of this expression cannot be proved, but there is no `diverges' clause in the outer specification
Warning, file "./910_smallest-range-ii/implementations/array-imperative/array-imperative.mlw", line 66, characters 12-42: termination of this expression cannot be proved, but there is no `diverges' clause in the outer specification
Warning, file "./910_smallest-range-ii/implementations/array-imperative/array-imperative.mlw", line 71, characters 12-42: termination of this expression cannot be proved, but there is no `diverges' clause in the outer specification
Warning, file "./910_smallest-range-ii/implementations/array-imperative/array-imperative.mlw", line 76, characters 12-42: termination of this expression cannot be proved, but there is no `diverges' clause in the outer specification
Warning, file "./910_smallest-range-ii/implementations/array-imperative/array-imperative.mlw", line 81, characters 12-42: termination of this expression cannot be proved, but there is no `diverges' clause in the outer specification
Warning, file "./910_smallest-range-ii/implementations/array-imperative/array-imperative.mlw", line 86, characters 12-42: termination of this expression cannot be proved, but there is no `diverges' clause in the outer specification
Warning, file "./910_smallest-range-ii/implementations/array-imperative/array-imperative.mlw", line 91, characters 12-42: termination of this expression cannot be proved, but there is no `diverges' clause in the outer specification
Warning, file "./910_smallest-range-ii/implementations/array-imperative/array-imperative.mlw", line 96, characters 12-42: termination of this expression cannot be proved, but there is no `diverges' clause in the outer specification
Warning, file "./910_smallest-range-ii/implementations/array-imperative/array-imperative.mlw", line 101, characters 12-42: termination of this expression cannot be proved, but there is no `diverges' clause in the outer specification
Warning, file "./910_smallest-range-ii/implementations/array-imperative/array-imperative.mlw", line 106, characters 12-42: termination of this expression cannot be proved, but there is no `diverges' clause in the outer specification
Warning, file "./910_smallest-range-ii/implementations/array-imperative/array-imperative.mlw", line 111, characters 12-42: termination of this expression cannot be proved, but there is no `diverges' clause in the outer specification
Warning, file "./910_smallest-range-ii/implementations/array-imperative/array-imperative.mlw", line 116, characters 12-43: termination of this expression cannot be proved, but there is no `diverges' clause in the outer specification
Warning, file "./910_smallest-range-ii/implementations/array-imperative/array-imperative.mlw", line 121, characters 12-43: termination of this expression cannot be proved, but there is no `diverges' clause in the outer specification
Warning, file "./910_smallest-range-ii/implementations/array-imperative/array-imperative.mlw", line 126, characters 12-42: termination of this expression cannot be proved, but there is no `diverges' clause in the outer specification
Warning, file "./910_smallest-range-ii/implementations/array-imperative/array-imperative.mlw", line 131, characters 12-45: termination of this expression cannot be proved, but there is no `diverges' clause in the outer specification
Warning, file "./910_smallest-range-ii/implementations/array-imperative/array-imperative.mlw", line 136, characters 12-42: termination of this expression cannot be proved, but there is no `diverges' clause in the outer specification
Warning, file "./910_smallest-range-ii/implementations/array-imperative/array-imperative.mlw", line 141, characters 12-43: termination of this expression cannot be proved, but there is no `diverges' clause in the outer specification
Warning, file "./910_smallest-range-ii/implementations/array-imperative/array-imperative.mlw", line 146, characters 12-43: termination of this expression cannot be proved, but there is no `diverges' clause in the outer specification
Warning, file "./910_smallest-range-ii/implementations/array-imperative/array-imperative.mlw", line 151, characters 12-44: termination of this expression cannot be proved, but there is no `diverges' clause in the outer specification
Warning, file "./910_smallest-range-ii/implementations/array-imperative/array-imperative.mlw", line 156, characters 12-43: termination of this expression cannot be proved, but there is no `diverges' clause in the outer specification
Warning, file "./910_smallest-range-ii/implementations/array-imperative/array-imperative.mlw", line 161, characters 12-42: termination of this expression cannot be proved, but there is no `diverges' clause in the outer specification
Warning, file "./910_smallest-range-ii/implementations/array-imperative/array-imperative.mlw", line 184, characters 7-23: termination of this expression cannot be proved, but there is no `diverges' clause in the outer specification
Warning, file "./910_smallest-range-ii/implementations/array-imperative/array-imperative.mlw", line 183, characters 7-23: termination of this expression cannot be proved, but there is no `diverges' clause in the outer specification
Warning, file "./910_smallest-range-ii/implementations/array-imperative/array-imperative.mlw", line 182, characters 7-23: termination of this expression cannot be proved, but there is no `diverges' clause in the outer specification
Warning, file "./910_smallest-range-ii/implementations/array-imperative/array-imperative.mlw", line 181, characters 7-23: termination of this expression cannot be proved, but there is no `diverges' clause in the outer specification
Warning, file "./910_smallest-range-ii/implementations/array-imperative/array-imperative.mlw", line 180, characters 7-23: termination of this expression cannot be proved, but there is no `diverges' clause in the outer specification
Warning, file "./910_smallest-range-ii/implementations/array-imperative/array-imperative.mlw", line 179, characters 7-23: termination of this expression cannot be proved, but there is no `diverges' clause in the outer specification
Warning, file "./910_smallest-range-ii/implementations/array-imperative/array-imperative.mlw", line 178, characters 7-23: termination of this expression cannot be proved, but there is no `diverges' clause in the outer specification
Warning, file "./910_smallest-range-ii/implementations/array-imperative/array-imperative.mlw", line 177, characters 7-23: termination of this expression cannot be proved, but there is no `diverges' clause in the outer specification
Warning, file "./910_smallest-range-ii/implementations/array-imperative/array-imperative.mlw", line 176, characters 7-23: termination of this expression cannot be proved, but there is no `diverges' clause in the outer specification
Warning, file "./910_smallest-range-ii/implementations/array-imperative/array-imperative.mlw", line 175, characters 7-23: termination of this expression cannot be proved, but there is no `diverges' clause in the outer specification
Warning, file "./910_smallest-range-ii/implementations/array-imperative/array-imperative.mlw", line 174, characters 7-23: termination of this expression cannot be proved, but there is no `diverges' clause in the outer specification
Warning, file "./910_smallest-range-ii/implementations/array-imperative/array-imperative.mlw", line 173, characters 7-23: termination of this expression cannot be proved, but there is no `diverges' clause in the outer specification
Warning, file "./910_smallest-range-ii/implementations/array-imperative/array-imperative.mlw", line 172, characters 7-23: termination of this expression cannot be proved, but there is no `diverges' clause in the outer specification
Warning, file "./910_smallest-range-ii/implementations/array-imperative/array-imperative.mlw", line 171, characters 7-23: termination of this expression cannot be proved, but there is no `diverges' clause in the outer specification
Warning, file "./910_smallest-range-ii/implementations/array-imperative/array-imperative.mlw", line 170, characters 7-23: termination of this expression cannot be proved, but there is no `diverges' clause in the outer specification
Warning, file "./910_smallest-range-ii/implementations/array-imperative/array-imperative.mlw", line 169, characters 7-23: termination of this expression cannot be proved, but there is no `diverges' clause in the outer specification
Warning, file "./910_smallest-range-ii/implementations/array-imperative/array-imperative.mlw", line 168, characters 7-23: termination of this expression cannot be proved, but there is no `diverges' clause in the outer specification
Warning, file "./910_smallest-range-ii/implementations/array-imperative/array-imperative.mlw", line 167, characters 7-23: termination of this expression cannot be proved, but there is no `diverges' clause in the outer specification
Warning, file "./910_smallest-range-ii/implementations/array-imperative/array-imperative.mlw", line 166, characters 7-23: termination of this expression cannot be proved, but there is no `diverges' clause in the outer specification
Warning, file "./910_smallest-range-ii/implementations/array-imperative/array-imperative.mlw", line 165, characters 7-23: termination of this expression cannot be proved, but there is no `diverges' clause in the outer specification
result: bool = true
globals: <none>

EXECUTE_EXIT_CODE: 0
