FILE: ./2121_intervals-between-identical-elements/implementations/list-imperative/list-imperative.mlw
MODULE: IntervalsBetweenIdenticalElements_List_Imperative_Implementation
COMMAND: why3 execute --use IntervalsBetweenIdenticalElements_List_Imperative_Implementation ./2121_intervals-between-identical-elements/implementations/list-imperative/list-imperative.mlw 'run_tests ()'

Warning, file "./2121_intervals-between-identical-elements/implementations/list-imperative/list-imperative.mlw", line 17, character 4 to line 24, character 8: termination of this expression cannot be proved, but there is no `diverges' clause in the outer specification
Warning, file "./2121_intervals-between-identical-elements/implementations/list-imperative/list-imperative.mlw", line 30, characters 39-55: termination of this expression cannot be proved, but there is no `diverges' clause in the outer specification
Warning, file "./2121_intervals-between-identical-elements/implementations/list-imperative/list-imperative.mlw", line 38, character 4 to line 46, character 8: termination of this expression cannot be proved, but there is no `diverges' clause in the outer specification
Warning, file "./2121_intervals-between-identical-elements/implementations/list-imperative/list-imperative.mlw", line 63, characters 4-25: termination of this expression cannot be proved, but there is no `diverges' clause in the outer specification
Warning, file "./2121_intervals-between-identical-elements/implementations/list-imperative/list-imperative.mlw", line 57, characters 25-65: termination of this expression cannot be proved, but there is no `diverges' clause in the outer specification
Warning, file "./2121_intervals-between-identical-elements/implementations/list-imperative/list-imperative.mlw", line 53, character 4 to line 62, character 8: termination of this expression cannot be proved, but there is no `diverges' clause in the outer specification
Warning, file "./2121_intervals-between-identical-elements/implementations/list-imperative/list-imperative.mlw", line 71, characters 4-25: termination of this expression cannot be proved, but there is no `diverges' clause in the outer specification
Warning, file "./2121_intervals-between-identical-elements/implementations/list-imperative/list-imperative.mlw", line 70, characters 12-57: termination of this expression cannot be proved, but there is no `diverges' clause in the outer specification
Warning, file "./2121_intervals-between-identical-elements/implementations/list-imperative/list-imperative.mlw", line 79, characters 4-25: termination of this expression cannot be proved, but there is no `diverges' clause in the outer specification
Warning, file "./2121_intervals-between-identical-elements/implementations/list-imperative/list-imperative.mlw", line 78, characters 12-57: termination of this expression cannot be proved, but there is no `diverges' clause in the outer specification
Warning, file "./2121_intervals-between-identical-elements/implementations/list-imperative/list-imperative.mlw", line 87, characters 4-25: termination of this expression cannot be proved, but there is no `diverges' clause in the outer specification
Warning, file "./2121_intervals-between-identical-elements/implementations/list-imperative/list-imperative.mlw", line 86, characters 12-57: termination of this expression cannot be proved, but there is no `diverges' clause in the outer specification
Warning, file "./2121_intervals-between-identical-elements/implementations/list-imperative/list-imperative.mlw", line 95, characters 4-25: termination of this expression cannot be proved, but there is no `diverges' clause in the outer specification
Warning, file "./2121_intervals-between-identical-elements/implementations/list-imperative/list-imperative.mlw", line 94, characters 12-57: termination of this expression cannot be proved, but there is no `diverges' clause in the outer specification
Warning, file "./2121_intervals-between-identical-elements/implementations/list-imperative/list-imperative.mlw", line 103, characters 4-25: termination of this expression cannot be proved, but there is no `diverges' clause in the outer specification
Warning, file "./2121_intervals-between-identical-elements/implementations/list-imperative/list-imperative.mlw", line 102, characters 12-57: termination of this expression cannot be proved, but there is no `diverges' clause in the outer specification
Warning, file "./2121_intervals-between-identical-elements/implementations/list-imperative/list-imperative.mlw", line 111, characters 4-25: termination of this expression cannot be proved, but there is no `diverges' clause in the outer specification
Warning, file "./2121_intervals-between-identical-elements/implementations/list-imperative/list-imperative.mlw", line 110, characters 12-57: termination of this expression cannot be proved, but there is no `diverges' clause in the outer specification
Warning, file "./2121_intervals-between-identical-elements/implementations/list-imperative/list-imperative.mlw", line 119, characters 4-25: termination of this expression cannot be proved, but there is no `diverges' clause in the outer specification
Warning, file "./2121_intervals-between-identical-elements/implementations/list-imperative/list-imperative.mlw", line 118, characters 12-57: termination of this expression cannot be proved, but there is no `diverges' clause in the outer specification
Warning, file "./2121_intervals-between-identical-elements/implementations/list-imperative/list-imperative.mlw", line 127, characters 4-25: termination of this expression cannot be proved, but there is no `diverges' clause in the outer specification
Warning, file "./2121_intervals-between-identical-elements/implementations/list-imperative/list-imperative.mlw", line 126, characters 12-57: termination of this expression cannot be proved, but there is no `diverges' clause in the outer specification
Warning, file "./2121_intervals-between-identical-elements/implementations/list-imperative/list-imperative.mlw", line 135, characters 4-25: termination of this expression cannot be proved, but there is no `diverges' clause in the outer specification
Warning, file "./2121_intervals-between-identical-elements/implementations/list-imperative/list-imperative.mlw", line 134, characters 12-57: termination of this expression cannot be proved, but there is no `diverges' clause in the outer specification
Warning, file "./2121_intervals-between-identical-elements/implementations/list-imperative/list-imperative.mlw", line 143, characters 4-25: termination of this expression cannot be proved, but there is no `diverges' clause in the outer specification
Warning, file "./2121_intervals-between-identical-elements/implementations/list-imperative/list-imperative.mlw", line 142, characters 12-57: termination of this expression cannot be proved, but there is no `diverges' clause in the outer specification
Warning, file "./2121_intervals-between-identical-elements/implementations/list-imperative/list-imperative.mlw", line 151, characters 4-25: termination of this expression cannot be proved, but there is no `diverges' clause in the outer specification
Warning, file "./2121_intervals-between-identical-elements/implementations/list-imperative/list-imperative.mlw", line 150, characters 12-57: termination of this expression cannot be proved, but there is no `diverges' clause in the outer specification
Warning, file "./2121_intervals-between-identical-elements/implementations/list-imperative/list-imperative.mlw", line 159, characters 4-25: termination of this expression cannot be proved, but there is no `diverges' clause in the outer specification
Warning, file "./2121_intervals-between-identical-elements/implementations/list-imperative/list-imperative.mlw", line 158, characters 12-57: termination of this expression cannot be proved, but there is no `diverges' clause in the outer specification
Warning, file "./2121_intervals-between-identical-elements/implementations/list-imperative/list-imperative.mlw", line 167, characters 4-25: termination of this expression cannot be proved, but there is no `diverges' clause in the outer specification
Warning, file "./2121_intervals-between-identical-elements/implementations/list-imperative/list-imperative.mlw", line 166, characters 12-57: termination of this expression cannot be proved, but there is no `diverges' clause in the outer specification
Warning, file "./2121_intervals-between-identical-elements/implementations/list-imperative/list-imperative.mlw", line 175, characters 4-25: termination of this expression cannot be proved, but there is no `diverges' clause in the outer specification
Warning, file "./2121_intervals-between-identical-elements/implementations/list-imperative/list-imperative.mlw", line 174, characters 12-57: termination of this expression cannot be proved, but there is no `diverges' clause in the outer specification
Warning, file "./2121_intervals-between-identical-elements/implementations/list-imperative/list-imperative.mlw", line 183, characters 4-25: termination of this expression cannot be proved, but there is no `diverges' clause in the outer specification
Warning, file "./2121_intervals-between-identical-elements/implementations/list-imperative/list-imperative.mlw", line 182, characters 12-57: termination of this expression cannot be proved, but there is no `diverges' clause in the outer specification
Warning, file "./2121_intervals-between-identical-elements/implementations/list-imperative/list-imperative.mlw", line 191, characters 4-25: termination of this expression cannot be proved, but there is no `diverges' clause in the outer specification
Warning, file "./2121_intervals-between-identical-elements/implementations/list-imperative/list-imperative.mlw", line 190, characters 12-57: termination of this expression cannot be proved, but there is no `diverges' clause in the outer specification
Warning, file "./2121_intervals-between-identical-elements/implementations/list-imperative/list-imperative.mlw", line 199, characters 4-25: termination of this expression cannot be proved, but there is no `diverges' clause in the outer specification
Warning, file "./2121_intervals-between-identical-elements/implementations/list-imperative/list-imperative.mlw", line 198, characters 12-57: termination of this expression cannot be proved, but there is no `diverges' clause in the outer specification
Warning, file "./2121_intervals-between-identical-elements/implementations/list-imperative/list-imperative.mlw", line 207, characters 4-25: termination of this expression cannot be proved, but there is no `diverges' clause in the outer specification
Warning, file "./2121_intervals-between-identical-elements/implementations/list-imperative/list-imperative.mlw", line 206, characters 12-57: termination of this expression cannot be proved, but there is no `diverges' clause in the outer specification
Warning, file "./2121_intervals-between-identical-elements/implementations/list-imperative/list-imperative.mlw", line 215, characters 4-25: termination of this expression cannot be proved, but there is no `diverges' clause in the outer specification
Warning, file "./2121_intervals-between-identical-elements/implementations/list-imperative/list-imperative.mlw", line 214, characters 12-57: termination of this expression cannot be proved, but there is no `diverges' clause in the outer specification
Warning, file "./2121_intervals-between-identical-elements/implementations/list-imperative/list-imperative.mlw", line 223, characters 4-25: termination of this expression cannot be proved, but there is no `diverges' clause in the outer specification
Warning, file "./2121_intervals-between-identical-elements/implementations/list-imperative/list-imperative.mlw", line 222, characters 12-57: termination of this expression cannot be proved, but there is no `diverges' clause in the outer specification
Warning, file "./2121_intervals-between-identical-elements/implementations/list-imperative/list-imperative.mlw", line 245, characters 7-18: termination of this expression cannot be proved, but there is no `diverges' clause in the outer specification
Warning, file "./2121_intervals-between-identical-elements/implementations/list-imperative/list-imperative.mlw", line 244, characters 7-18: termination of this expression cannot be proved, but there is no `diverges' clause in the outer specification
Warning, file "./2121_intervals-between-identical-elements/implementations/list-imperative/list-imperative.mlw", line 243, characters 7-18: termination of this expression cannot be proved, but there is no `diverges' clause in the outer specification
Warning, file "./2121_intervals-between-identical-elements/implementations/list-imperative/list-imperative.mlw", line 242, characters 7-18: termination of this expression cannot be proved, but there is no `diverges' clause in the outer specification
Warning, file "./2121_intervals-between-identical-elements/implementations/list-imperative/list-imperative.mlw", line 241, characters 7-18: termination of this expression cannot be proved, but there is no `diverges' clause in the outer specification
Warning, file "./2121_intervals-between-identical-elements/implementations/list-imperative/list-imperative.mlw", line 240, characters 7-18: termination of this expression cannot be proved, but there is no `diverges' clause in the outer specification
Warning, file "./2121_intervals-between-identical-elements/implementations/list-imperative/list-imperative.mlw", line 239, characters 7-18: termination of this expression cannot be proved, but there is no `diverges' clause in the outer specification
Warning, file "./2121_intervals-between-identical-elements/implementations/list-imperative/list-imperative.mlw", line 238, characters 7-18: termination of this expression cannot be proved, but there is no `diverges' clause in the outer specification
Warning, file "./2121_intervals-between-identical-elements/implementations/list-imperative/list-imperative.mlw", line 237, characters 7-18: termination of this expression cannot be proved, but there is no `diverges' clause in the outer specification
Warning, file "./2121_intervals-between-identical-elements/implementations/list-imperative/list-imperative.mlw", line 236, characters 7-18: termination of this expression cannot be proved, but there is no `diverges' clause in the outer specification
Warning, file "./2121_intervals-between-identical-elements/implementations/list-imperative/list-imperative.mlw", line 235, characters 7-18: termination of this expression cannot be proved, but there is no `diverges' clause in the outer specification
Warning, file "./2121_intervals-between-identical-elements/implementations/list-imperative/list-imperative.mlw", line 234, characters 7-18: termination of this expression cannot be proved, but there is no `diverges' clause in the outer specification
Warning, file "./2121_intervals-between-identical-elements/implementations/list-imperative/list-imperative.mlw", line 233, characters 7-18: termination of this expression cannot be proved, but there is no `diverges' clause in the outer specification
Warning, file "./2121_intervals-between-identical-elements/implementations/list-imperative/list-imperative.mlw", line 232, characters 7-18: termination of this expression cannot be proved, but there is no `diverges' clause in the outer specification
Warning, file "./2121_intervals-between-identical-elements/implementations/list-imperative/list-imperative.mlw", line 231, characters 7-18: termination of this expression cannot be proved, but there is no `diverges' clause in the outer specification
Warning, file "./2121_intervals-between-identical-elements/implementations/list-imperative/list-imperative.mlw", line 230, characters 7-18: termination of this expression cannot be proved, but there is no `diverges' clause in the outer specification
Warning, file "./2121_intervals-between-identical-elements/implementations/list-imperative/list-imperative.mlw", line 229, characters 7-18: termination of this expression cannot be proved, but there is no `diverges' clause in the outer specification
Warning, file "./2121_intervals-between-identical-elements/implementations/list-imperative/list-imperative.mlw", line 228, characters 7-18: termination of this expression cannot be proved, but there is no `diverges' clause in the outer specification
Warning, file "./2121_intervals-between-identical-elements/implementations/list-imperative/list-imperative.mlw", line 227, characters 7-18: termination of this expression cannot be proved, but there is no `diverges' clause in the outer specification
Warning, file "./2121_intervals-between-identical-elements/implementations/list-imperative/list-imperative.mlw", line 226, characters 7-18: termination of this expression cannot be proved, but there is no `diverges' clause in the outer specification
result: bool = true
globals: <none>

EXECUTE_EXIT_CODE: 0
